[0.014s] Invoking command in '/home/pau24113/Documents/GitHub/IR2117/ros2_ws/build/action_tutorials_cpp': CMAKE_PREFIX_PATH=${CMAKE_PREFIX_PATH}:/opt/ros/foxy /usr/bin/cmake --build /home/pau24113/Documents/GitHub/IR2117/ros2_ws/build/action_tutorials_cpp -- -j16 -l16
[0.033s] -- Found ament_cmake: 0.9.11 (/opt/ros/foxy/share/ament_cmake/cmake)
[0.048s] -- Using PYTHON_EXECUTABLE: /usr/bin/python3
[0.198s] -- Found action_tutorials_interfaces: 0.0.0 (/home/pau24113/Documents/GitHub/IR2117/ros2_ws/install/action_tutorials_interfaces/share/action_tutorials_interfaces/cmake)
[0.213s] -- Using all available rosidl_typesupport_c: rosidl_typesupport_fastrtps_c;rosidl_typesupport_introspection_c
[0.216s] -- Found rosidl_adapter: 1.3.0 (/opt/ros/foxy/share/rosidl_adapter/cmake)
[0.298s] -- Using all available rosidl_typesupport_cpp: rosidl_typesupport_fastrtps_cpp;rosidl_typesupport_introspection_cpp
[0.391s] -- Found rclcpp: 2.4.2 (/opt/ros/foxy/share/rclcpp/cmake)
[0.417s] -- Found rmw_implementation_cmake: 1.0.4 (/opt/ros/foxy/share/rmw_implementation_cmake/cmake)
[0.418s] -- Using RMW implementation 'rmw_fastrtps_cpp' as default
[0.533s] -- Found rclcpp_action: 2.4.2 (/opt/ros/foxy/share/rclcpp_action/cmake)
[0.559s] -- Found rclcpp_components: 2.4.2 (/opt/ros/foxy/share/rclcpp_components/cmake)
[0.609s] -- Found ament_lint_auto: 0.9.8 (/opt/ros/foxy/share/ament_lint_auto/cmake)
[0.652s] -- Added test 'copyright' to check source files copyright and LICENSE
[0.653s] -- Added test 'cppcheck' to perform static code analysis on C / C++ code
[0.653s] -- Configured cppcheck include dirs: 
[0.653s] -- Configured cppcheck exclude dirs and/or files: 
[0.653s] -- Added test 'cpplint' to check C / C++ code against the Google style
[0.653s] -- Configured cpplint exclude dirs and/or files: 
[0.654s] -- Added test 'lint_cmake' to check CMake code style
[0.654s] -- Added test 'uncrustify' to check C / C++ code style
[0.655s] -- Configured uncrustify additional arguments: 
[0.655s] -- Added test 'xmllint' to check XML markup files
[0.656s] -- Configuring done
[0.665s] -- Generating done
[0.666s] -- Build files have been written to: /home/pau24113/Documents/GitHub/IR2117/ros2_ws/build/action_tutorials_cpp
[0.682s] [35m[1mScanning dependencies of target action_client[0m
[0.689s] [ 25%] [32mBuilding CXX object CMakeFiles/action_client.dir/src/action_client.cpp.o[0m
[0.696s] [ 75%] Built target action_server
[2.773s] [100%] [32m[1mLinking CXX executable action_client[0m
[2.875s] [100%] Built target action_client
[2.883s] Invoked command in '/home/pau24113/Documents/GitHub/IR2117/ros2_ws/build/action_tutorials_cpp' returned '0': CMAKE_PREFIX_PATH=${CMAKE_PREFIX_PATH}:/opt/ros/foxy /usr/bin/cmake --build /home/pau24113/Documents/GitHub/IR2117/ros2_ws/build/action_tutorials_cpp -- -j16 -l16
[2.904s] Invoking command in '/home/pau24113/Documents/GitHub/IR2117/ros2_ws/build/action_tutorials_cpp': CMAKE_PREFIX_PATH=${CMAKE_PREFIX_PATH}:/opt/ros/foxy /usr/bin/cmake --install /home/pau24113/Documents/GitHub/IR2117/ros2_ws/build/action_tutorials_cpp
[2.909s] -- Install configuration: ""
[2.909s] -- Installing: /home/pau24113/Documents/GitHub/IR2117/ros2_ws/install/action_tutorials_cpp/lib/action_tutorials_cpp/action_server
[2.910s] -- Set runtime path of "/home/pau24113/Documents/GitHub/IR2117/ros2_ws/install/action_tutorials_cpp/lib/action_tutorials_cpp/action_server" to ""
[2.910s] -- Installing: /home/pau24113/Documents/GitHub/IR2117/ros2_ws/install/action_tutorials_cpp/lib/action_tutorials_cpp/action_client
[2.910s] -- Set runtime path of "/home/pau24113/Documents/GitHub/IR2117/ros2_ws/install/action_tutorials_cpp/lib/action_tutorials_cpp/action_client" to ""
[2.910s] -- Installing: /home/pau24113/Documents/GitHub/IR2117/ros2_ws/install/action_tutorials_cpp/share/ament_index/resource_index/package_run_dependencies/action_tutorials_cpp
[2.911s] -- Installing: /home/pau24113/Documents/GitHub/IR2117/ros2_ws/install/action_tutorials_cpp/share/ament_index/resource_index/parent_prefix_path/action_tutorials_cpp
[2.911s] -- Installing: /home/pau24113/Documents/GitHub/IR2117/ros2_ws/install/action_tutorials_cpp/share/action_tutorials_cpp/environment/ament_prefix_path.sh
[2.911s] -- Installing: /home/pau24113/Documents/GitHub/IR2117/ros2_ws/install/action_tutorials_cpp/share/action_tutorials_cpp/environment/ament_prefix_path.dsv
[2.911s] -- Installing: /home/pau24113/Documents/GitHub/IR2117/ros2_ws/install/action_tutorials_cpp/share/action_tutorials_cpp/environment/path.sh
[2.911s] -- Installing: /home/pau24113/Documents/GitHub/IR2117/ros2_ws/install/action_tutorials_cpp/share/action_tutorials_cpp/environment/path.dsv
[2.911s] -- Installing: /home/pau24113/Documents/GitHub/IR2117/ros2_ws/install/action_tutorials_cpp/share/action_tutorials_cpp/local_setup.bash
[2.911s] -- Installing: /home/pau24113/Documents/GitHub/IR2117/ros2_ws/install/action_tutorials_cpp/share/action_tutorials_cpp/local_setup.sh
[2.911s] -- Installing: /home/pau24113/Documents/GitHub/IR2117/ros2_ws/install/action_tutorials_cpp/share/action_tutorials_cpp/local_setup.zsh
[2.911s] -- Installing: /home/pau24113/Documents/GitHub/IR2117/ros2_ws/install/action_tutorials_cpp/share/action_tutorials_cpp/local_setup.dsv
[2.911s] -- Installing: /home/pau24113/Documents/GitHub/IR2117/ros2_ws/install/action_tutorials_cpp/share/action_tutorials_cpp/package.dsv
[2.912s] -- Installing: /home/pau24113/Documents/GitHub/IR2117/ros2_ws/install/action_tutorials_cpp/share/ament_index/resource_index/packages/action_tutorials_cpp
[2.912s] -- Installing: /home/pau24113/Documents/GitHub/IR2117/ros2_ws/install/action_tutorials_cpp/share/action_tutorials_cpp/cmake/action_tutorials_cppConfig.cmake
[2.912s] -- Installing: /home/pau24113/Documents/GitHub/IR2117/ros2_ws/install/action_tutorials_cpp/share/action_tutorials_cpp/cmake/action_tutorials_cppConfig-version.cmake
[2.912s] -- Installing: /home/pau24113/Documents/GitHub/IR2117/ros2_ws/install/action_tutorials_cpp/share/action_tutorials_cpp/package.xml
[2.914s] Invoked command in '/home/pau24113/Documents/GitHub/IR2117/ros2_ws/build/action_tutorials_cpp' returned '0': CMAKE_PREFIX_PATH=${CMAKE_PREFIX_PATH}:/opt/ros/foxy /usr/bin/cmake --install /home/pau24113/Documents/GitHub/IR2117/ros2_ws/build/action_tutorials_cpp
