[0.023s] Invoking command in '/home/pau24113/Documents/GitHub/IR2117/tb3_ws/build/obstacles': CMAKE_PREFIX_PATH=${CMAKE_PREFIX_PATH}:/opt/ros/foxy /usr/bin/cmake --build /home/pau24113/Documents/GitHub/IR2117/tb3_ws/build/obstacles -- -j16 -l16
[0.070s] [ 50%] Built target detector
[0.077s] [100%] Built target avoidance
[0.086s] Invoked command in '/home/pau24113/Documents/GitHub/IR2117/tb3_ws/build/obstacles' returned '0': CMAKE_PREFIX_PATH=${CMAKE_PREFIX_PATH}:/opt/ros/foxy /usr/bin/cmake --build /home/pau24113/Documents/GitHub/IR2117/tb3_ws/build/obstacles -- -j16 -l16
[0.114s] Invoking command in '/home/pau24113/Documents/GitHub/IR2117/tb3_ws/build/obstacles': CMAKE_PREFIX_PATH=${CMAKE_PREFIX_PATH}:/opt/ros/foxy /usr/bin/cmake --install /home/pau24113/Documents/GitHub/IR2117/tb3_ws/build/obstacles
[0.120s] -- Install configuration: ""
[0.120s] -- Up-to-date: /home/pau24113/Documents/GitHub/IR2117/tb3_ws/install/obstacles/lib/obstacles/detector
[0.121s] -- Up-to-date: /home/pau24113/Documents/GitHub/IR2117/tb3_ws/install/obstacles/lib/obstacles/avoidance
[0.121s] -- Up-to-date: /home/pau24113/Documents/GitHub/IR2117/tb3_ws/install/obstacles/share/obstacles/launch
[0.121s] -- Up-to-date: /home/pau24113/Documents/GitHub/IR2117/tb3_ws/install/obstacles/share/obstacles/launch/triple_detector.launch.py
[0.121s] -- Up-to-date: /home/pau24113/Documents/GitHub/IR2117/tb3_ws/install/obstacles/share/ament_index/resource_index/package_run_dependencies/obstacles
[0.121s] -- Up-to-date: /home/pau24113/Documents/GitHub/IR2117/tb3_ws/install/obstacles/share/ament_index/resource_index/parent_prefix_path/obstacles
[0.121s] -- Up-to-date: /home/pau24113/Documents/GitHub/IR2117/tb3_ws/install/obstacles/share/obstacles/environment/ament_prefix_path.sh
[0.121s] -- Up-to-date: /home/pau24113/Documents/GitHub/IR2117/tb3_ws/install/obstacles/share/obstacles/environment/ament_prefix_path.dsv
[0.121s] -- Up-to-date: /home/pau24113/Documents/GitHub/IR2117/tb3_ws/install/obstacles/share/obstacles/environment/path.sh
[0.121s] -- Up-to-date: /home/pau24113/Documents/GitHub/IR2117/tb3_ws/install/obstacles/share/obstacles/environment/path.dsv
[0.121s] -- Up-to-date: /home/pau24113/Documents/GitHub/IR2117/tb3_ws/install/obstacles/share/obstacles/local_setup.bash
[0.122s] -- Up-to-date: /home/pau24113/Documents/GitHub/IR2117/tb3_ws/install/obstacles/share/obstacles/local_setup.sh
[0.122s] -- Up-to-date: /home/pau24113/Documents/GitHub/IR2117/tb3_ws/install/obstacles/share/obstacles/local_setup.zsh
[0.122s] -- Up-to-date: /home/pau24113/Documents/GitHub/IR2117/tb3_ws/install/obstacles/share/obstacles/local_setup.dsv
[0.122s] -- Installing: /home/pau24113/Documents/GitHub/IR2117/tb3_ws/install/obstacles/share/obstacles/package.dsv
[0.122s] -- Up-to-date: /home/pau24113/Documents/GitHub/IR2117/tb3_ws/install/obstacles/share/ament_index/resource_index/packages/obstacles
[0.122s] -- Up-to-date: /home/pau24113/Documents/GitHub/IR2117/tb3_ws/install/obstacles/share/obstacles/cmake/obstaclesConfig.cmake
[0.122s] -- Up-to-date: /home/pau24113/Documents/GitHub/IR2117/tb3_ws/install/obstacles/share/obstacles/cmake/obstaclesConfig-version.cmake
[0.122s] -- Up-to-date: /home/pau24113/Documents/GitHub/IR2117/tb3_ws/install/obstacles/share/obstacles/package.xml
[0.123s] Invoked command in '/home/pau24113/Documents/GitHub/IR2117/tb3_ws/build/obstacles' returned '0': CMAKE_PREFIX_PATH=${CMAKE_PREFIX_PATH}:/opt/ros/foxy /usr/bin/cmake --install /home/pau24113/Documents/GitHub/IR2117/tb3_ws/build/obstacles
