[0.011s] Invoking command in '/home/pau24113/Documents/GitHub/IR2117/tb3_ws/build/olympic': CMAKE_PREFIX_PATH=${CMAKE_PREFIX_PATH}:/opt/ros/foxy /usr/bin/cmake /home/pau24113/Documents/GitHub/IR2117/tb3_ws/src/olympic -DCMAKE_INSTALL_PREFIX=/home/pau24113/Documents/GitHub/IR2117/tb3_ws/install/olympic
[0.020s] -- Found ament_cmake: 0.9.11 (/opt/ros/foxy/share/ament_cmake/cmake)
[0.034s] -- Using PYTHON_EXECUTABLE: /usr/bin/python3
[0.161s] -- Found rclcpp: 2.4.2 (/opt/ros/foxy/share/rclcpp/cmake)
[0.184s] -- Using all available rosidl_typesupport_c: rosidl_typesupport_fastrtps_c;rosidl_typesupport_introspection_c
[0.186s] -- Found rosidl_adapter: 1.3.0 (/opt/ros/foxy/share/rosidl_adapter/cmake)
[0.264s] -- Using all available rosidl_typesupport_cpp: rosidl_typesupport_fastrtps_cpp;rosidl_typesupport_introspection_cpp
[0.300s] -- Found rmw_implementation_cmake: 1.0.4 (/opt/ros/foxy/share/rmw_implementation_cmake/cmake)
[0.301s] -- Using RMW implementation 'rmw_fastrtps_cpp' as default
[0.404s] -- Found geometry_msgs: 2.0.5 (/opt/ros/foxy/share/geometry_msgs/cmake)
[0.428s] -- Found example_interfaces: 0.9.1 (/opt/ros/foxy/share/example_interfaces/cmake)
[0.506s] CMake Error at CMakeLists.txt:28 (install):
[0.506s]   install TARGETS given target "client" which does not exist.
[0.506s] 
[0.506s] 
[0.510s] -- Found ament_lint_auto: 0.9.8 (/opt/ros/foxy/share/ament_lint_auto/cmake)
[0.567s] -- Added test 'copyright' to check source files copyright and LICENSE
[0.568s] -- Added test 'cppcheck' to perform static code analysis on C / C++ code
[0.568s] -- Configured cppcheck include dirs: 
[0.568s] -- Configured cppcheck exclude dirs and/or files: 
[0.569s] -- Added test 'cpplint' to check C / C++ code against the Google style
[0.569s] -- Configured cpplint exclude dirs and/or files: 
[0.570s] -- Added test 'lint_cmake' to check CMake code style
[0.570s] -- Added test 'uncrustify' to check C / C++ code style
[0.570s] -- Configured uncrustify additional arguments: 
[0.571s] -- Added test 'xmllint' to check XML markup files
[0.573s] -- Configuring incomplete, errors occurred!
[0.573s] See also "/home/pau24113/Documents/GitHub/IR2117/tb3_ws/build/olympic/CMakeFiles/CMakeOutput.log".
[0.573s] See also "/home/pau24113/Documents/GitHub/IR2117/tb3_ws/build/olympic/CMakeFiles/CMakeError.log".
[0.576s] Invoked command in '/home/pau24113/Documents/GitHub/IR2117/tb3_ws/build/olympic' returned '1': CMAKE_PREFIX_PATH=${CMAKE_PREFIX_PATH}:/opt/ros/foxy /usr/bin/cmake /home/pau24113/Documents/GitHub/IR2117/tb3_ws/src/olympic -DCMAKE_INSTALL_PREFIX=/home/pau24113/Documents/GitHub/IR2117/tb3_ws/install/olympic
