[0.030s] Invoking command in '/home/pau24113/Documents/GitHub/IR2117/tb3_ws/build/olympic_interfaces': CMAKE_PREFIX_PATH=${CMAKE_PREFIX_PATH}:/opt/ros/foxy /usr/bin/cmake --build /home/pau24113/Documents/GitHub/IR2117/tb3_ws/build/olympic_interfaces -- -j16 -l16
[0.067s] [  3%] Built target olympic_interfaces__cpp
[0.069s] [ 12%] Built target olympic_interfaces__rosidl_generator_c
[0.086s] [ 22%] Built target olympic_interfaces__rosidl_typesupport_c
[0.087s] [ 32%] Built target olympic_interfaces__rosidl_typesupport_cpp
[0.089s] [ 48%] Built target olympic_interfaces__rosidl_typesupport_introspection_c
[0.089s] [ 51%] Built target olympic_interfaces__rosidl_typesupport_introspection_cpp
[0.092s] [ 61%] Built target olympic_interfaces__rosidl_typesupport_fastrtps_cpp
[0.110s] [ 70%] Built target olympic_interfaces__rosidl_typesupport_fastrtps_c
[0.127s] [ 70%] Built target olympic_interfaces
[0.142s] [ 74%] Built target olympic_interfaces__py
[0.161s] [ 80%] Built target olympic_interfaces__python
[0.179s] [100%] Built target olympic_interfaces__rosidl_typesupport_fastrtps_c__pyext
[0.180s] [100%] Built target olympic_interfaces__rosidl_typesupport_c__pyext
[0.180s] [100%] Built target olympic_interfaces__rosidl_typesupport_introspection_c__pyext
[0.188s] Invoked command in '/home/pau24113/Documents/GitHub/IR2117/tb3_ws/build/olympic_interfaces' returned '0': CMAKE_PREFIX_PATH=${CMAKE_PREFIX_PATH}:/opt/ros/foxy /usr/bin/cmake --build /home/pau24113/Documents/GitHub/IR2117/tb3_ws/build/olympic_interfaces -- -j16 -l16
[0.218s] Invoking command in '/home/pau24113/Documents/GitHub/IR2117/tb3_ws/build/olympic_interfaces': CMAKE_PREFIX_PATH=${CMAKE_PREFIX_PATH}:/opt/ros/foxy /usr/bin/cmake --install /home/pau24113/Documents/GitHub/IR2117/tb3_ws/build/olympic_interfaces
[0.224s] -- Install configuration: ""
[0.224s] -- Up-to-date: /home/pau24113/Documents/GitHub/IR2117/tb3_ws/install/olympic_interfaces/share/ament_index/resource_index/rosidl_interfaces/olympic_interfaces
[0.224s] -- Up-to-date: /home/pau24113/Documents/GitHub/IR2117/tb3_ws/install/olympic_interfaces/include/olympic_interfaces
[0.224s] -- Up-to-date: /home/pau24113/Documents/GitHub/IR2117/tb3_ws/install/olympic_interfaces/include/olympic_interfaces/msg
[0.224s] -- Up-to-date: /home/pau24113/Documents/GitHub/IR2117/tb3_ws/install/olympic_interfaces/include/olympic_interfaces/msg/rosidl_generator_c__visibility_control.h
[0.224s] -- Up-to-date: /home/pau24113/Documents/GitHub/IR2117/tb3_ws/install/olympic_interfaces/include/olympic_interfaces/action
[0.225s] -- Up-to-date: /home/pau24113/Documents/GitHub/IR2117/tb3_ws/install/olympic_interfaces/include/olympic_interfaces/action/rings.h
[0.225s] -- Up-to-date: /home/pau24113/Documents/GitHub/IR2117/tb3_ws/install/olympic_interfaces/include/olympic_interfaces/action/detail
[0.225s] -- Up-to-date: /home/pau24113/Documents/GitHub/IR2117/tb3_ws/install/olympic_interfaces/include/olympic_interfaces/action/detail/rings__functions.h
[0.225s] -- Up-to-date: /home/pau24113/Documents/GitHub/IR2117/tb3_ws/install/olympic_interfaces/include/olympic_interfaces/action/detail/rings__type_support.h
[0.225s] -- Up-to-date: /home/pau24113/Documents/GitHub/IR2117/tb3_ws/install/olympic_interfaces/include/olympic_interfaces/action/detail/rings__functions.c
[0.225s] -- Up-to-date: /home/pau24113/Documents/GitHub/IR2117/tb3_ws/install/olympic_interfaces/include/olympic_interfaces/action/detail/rings__struct.h
[0.225s] -- Up-to-date: /home/pau24113/Documents/GitHub/IR2117/tb3_ws/install/olympic_interfaces/share/olympic_interfaces/environment/library_path.sh
[0.225s] -- Up-to-date: /home/pau24113/Documents/GitHub/IR2117/tb3_ws/install/olympic_interfaces/share/olympic_interfaces/environment/library_path.dsv
[0.225s] -- Up-to-date: /home/pau24113/Documents/GitHub/IR2117/tb3_ws/install/olympic_interfaces/lib/libolympic_interfaces__rosidl_generator_c.so
[0.225s] -- Up-to-date: /home/pau24113/Documents/GitHub/IR2117/tb3_ws/install/olympic_interfaces/include/olympic_interfaces
[0.225s] -- Up-to-date: /home/pau24113/Documents/GitHub/IR2117/tb3_ws/install/olympic_interfaces/include/olympic_interfaces/msg
[0.225s] -- Up-to-date: /home/pau24113/Documents/GitHub/IR2117/tb3_ws/install/olympic_interfaces/include/olympic_interfaces/msg/rosidl_typesupport_fastrtps_c__visibility_control.h
[0.225s] -- Up-to-date: /home/pau24113/Documents/GitHub/IR2117/tb3_ws/install/olympic_interfaces/include/olympic_interfaces/action
[0.225s] -- Up-to-date: /home/pau24113/Documents/GitHub/IR2117/tb3_ws/install/olympic_interfaces/include/olympic_interfaces/action/detail
[0.225s] -- Up-to-date: /home/pau24113/Documents/GitHub/IR2117/tb3_ws/install/olympic_interfaces/include/olympic_interfaces/action/detail/rings__rosidl_typesupport_fastrtps_c.h
[0.226s] -- Up-to-date: /home/pau24113/Documents/GitHub/IR2117/tb3_ws/install/olympic_interfaces/lib/libolympic_interfaces__rosidl_typesupport_fastrtps_c.so
[0.226s] -- Up-to-date: /home/pau24113/Documents/GitHub/IR2117/tb3_ws/install/olympic_interfaces/include/olympic_interfaces
[0.226s] -- Up-to-date: /home/pau24113/Documents/GitHub/IR2117/tb3_ws/install/olympic_interfaces/include/olympic_interfaces/msg
[0.226s] -- Up-to-date: /home/pau24113/Documents/GitHub/IR2117/tb3_ws/install/olympic_interfaces/include/olympic_interfaces/msg/rosidl_typesupport_fastrtps_cpp__visibility_control.h
[0.226s] -- Up-to-date: /home/pau24113/Documents/GitHub/IR2117/tb3_ws/install/olympic_interfaces/include/olympic_interfaces/action
[0.226s] -- Up-to-date: /home/pau24113/Documents/GitHub/IR2117/tb3_ws/install/olympic_interfaces/include/olympic_interfaces/action/detail
[0.226s] -- Up-to-date: /home/pau24113/Documents/GitHub/IR2117/tb3_ws/install/olympic_interfaces/include/olympic_interfaces/action/detail/rings__rosidl_typesupport_fastrtps_cpp.hpp
[0.226s] -- Up-to-date: /home/pau24113/Documents/GitHub/IR2117/tb3_ws/install/olympic_interfaces/include/olympic_interfaces/action/detail/dds_fastrtps
[0.226s] -- Up-to-date: /home/pau24113/Documents/GitHub/IR2117/tb3_ws/install/olympic_interfaces/lib/libolympic_interfaces__rosidl_typesupport_fastrtps_cpp.so
[0.226s] -- Up-to-date: /home/pau24113/Documents/GitHub/IR2117/tb3_ws/install/olympic_interfaces/include/olympic_interfaces
[0.226s] -- Up-to-date: /home/pau24113/Documents/GitHub/IR2117/tb3_ws/install/olympic_interfaces/include/olympic_interfaces/msg
[0.226s] -- Up-to-date: /home/pau24113/Documents/GitHub/IR2117/tb3_ws/install/olympic_interfaces/include/olympic_interfaces/msg/rosidl_typesupport_introspection_c__visibility_control.h
[0.226s] -- Up-to-date: /home/pau24113/Documents/GitHub/IR2117/tb3_ws/install/olympic_interfaces/include/olympic_interfaces/action
[0.226s] -- Up-to-date: /home/pau24113/Documents/GitHub/IR2117/tb3_ws/install/olympic_interfaces/include/olympic_interfaces/action/detail
[0.226s] -- Up-to-date: /home/pau24113/Documents/GitHub/IR2117/tb3_ws/install/olympic_interfaces/include/olympic_interfaces/action/detail/rings__type_support.c
[0.226s] -- Up-to-date: /home/pau24113/Documents/GitHub/IR2117/tb3_ws/install/olympic_interfaces/include/olympic_interfaces/action/detail/rings__rosidl_typesupport_introspection_c.h
[0.227s] -- Up-to-date: /home/pau24113/Documents/GitHub/IR2117/tb3_ws/install/olympic_interfaces/lib/libolympic_interfaces__rosidl_typesupport_introspection_c.so
[0.227s] -- Up-to-date: /home/pau24113/Documents/GitHub/IR2117/tb3_ws/install/olympic_interfaces/lib/libolympic_interfaces__rosidl_typesupport_c.so
[0.227s] -- Up-to-date: /home/pau24113/Documents/GitHub/IR2117/tb3_ws/install/olympic_interfaces/include/olympic_interfaces
[0.227s] -- Up-to-date: /home/pau24113/Documents/GitHub/IR2117/tb3_ws/install/olympic_interfaces/include/olympic_interfaces/action
[0.227s] -- Up-to-date: /home/pau24113/Documents/GitHub/IR2117/tb3_ws/install/olympic_interfaces/include/olympic_interfaces/action/detail
[0.227s] -- Up-to-date: /home/pau24113/Documents/GitHub/IR2117/tb3_ws/install/olympic_interfaces/include/olympic_interfaces/action/detail/rings__struct.hpp
[0.227s] -- Up-to-date: /home/pau24113/Documents/GitHub/IR2117/tb3_ws/install/olympic_interfaces/include/olympic_interfaces/action/detail/rings__builder.hpp
[0.227s] -- Up-to-date: /home/pau24113/Documents/GitHub/IR2117/tb3_ws/install/olympic_interfaces/include/olympic_interfaces/action/detail/rings__traits.hpp
[0.227s] -- Up-to-date: /home/pau24113/Documents/GitHub/IR2117/tb3_ws/install/olympic_interfaces/include/olympic_interfaces/action/rings.hpp
[0.227s] -- Up-to-date: /home/pau24113/Documents/GitHub/IR2117/tb3_ws/install/olympic_interfaces/include/olympic_interfaces
[0.227s] -- Up-to-date: /home/pau24113/Documents/GitHub/IR2117/tb3_ws/install/olympic_interfaces/include/olympic_interfaces/action
[0.227s] -- Up-to-date: /home/pau24113/Documents/GitHub/IR2117/tb3_ws/install/olympic_interfaces/include/olympic_interfaces/action/detail
[0.227s] -- Up-to-date: /home/pau24113/Documents/GitHub/IR2117/tb3_ws/install/olympic_interfaces/include/olympic_interfaces/action/detail/rings__type_support.cpp
[0.227s] -- Up-to-date: /home/pau24113/Documents/GitHub/IR2117/tb3_ws/install/olympic_interfaces/include/olympic_interfaces/action/detail/rings__rosidl_typesupport_introspection_cpp.hpp
[0.227s] -- Up-to-date: /home/pau24113/Documents/GitHub/IR2117/tb3_ws/install/olympic_interfaces/lib/libolympic_interfaces__rosidl_typesupport_introspection_cpp.so
[0.227s] -- Up-to-date: /home/pau24113/Documents/GitHub/IR2117/tb3_ws/install/olympic_interfaces/lib/libolympic_interfaces__rosidl_typesupport_cpp.so
[0.227s] -- Up-to-date: /home/pau24113/Documents/GitHub/IR2117/tb3_ws/install/olympic_interfaces/share/olympic_interfaces/environment/pythonpath.sh
[0.227s] -- Up-to-date: /home/pau24113/Documents/GitHub/IR2117/tb3_ws/install/olympic_interfaces/share/olympic_interfaces/environment/pythonpath.dsv
[0.228s] -- Up-to-date: /home/pau24113/Documents/GitHub/IR2117/tb3_ws/install/olympic_interfaces/lib/python3.8/site-packages/olympic_interfaces/__init__.py
[0.250s] -- Up-to-date: /home/pau24113/Documents/GitHub/IR2117/tb3_ws/install/olympic_interfaces/lib/python3.8/site-packages/olympic_interfaces/action
[0.251s] -- Up-to-date: /home/pau24113/Documents/GitHub/IR2117/tb3_ws/install/olympic_interfaces/lib/python3.8/site-packages/olympic_interfaces/action/_rings_s.c
[0.251s] -- Up-to-date: /home/pau24113/Documents/GitHub/IR2117/tb3_ws/install/olympic_interfaces/lib/python3.8/site-packages/olympic_interfaces/action/__init__.py
[0.251s] -- Up-to-date: /home/pau24113/Documents/GitHub/IR2117/tb3_ws/install/olympic_interfaces/lib/python3.8/site-packages/olympic_interfaces/action/_rings.py
[0.251s] -- Up-to-date: /home/pau24113/Documents/GitHub/IR2117/tb3_ws/install/olympic_interfaces/lib/python3.8/site-packages/olympic_interfaces/olympic_interfaces_s__rosidl_typesupport_fastrtps_c.cpython-38-x86_64-linux-gnu.so
[0.251s] -- Up-to-date: /home/pau24113/Documents/GitHub/IR2117/tb3_ws/install/olympic_interfaces/lib/python3.8/site-packages/olympic_interfaces/olympic_interfaces_s__rosidl_typesupport_introspection_c.cpython-38-x86_64-linux-gnu.so
[0.252s] -- Up-to-date: /home/pau24113/Documents/GitHub/IR2117/tb3_ws/install/olympic_interfaces/lib/python3.8/site-packages/olympic_interfaces/olympic_interfaces_s__rosidl_typesupport_c.cpython-38-x86_64-linux-gnu.so
[0.252s] -- Up-to-date: /home/pau24113/Documents/GitHub/IR2117/tb3_ws/install/olympic_interfaces/lib/libolympic_interfaces__python.so
[0.252s] -- Up-to-date: /home/pau24113/Documents/GitHub/IR2117/tb3_ws/install/olympic_interfaces/share/olympic_interfaces/action/Rings.idl
[0.252s] -- Up-to-date: /home/pau24113/Documents/GitHub/IR2117/tb3_ws/install/olympic_interfaces/share/olympic_interfaces/action/Rings.action
[0.252s] -- Up-to-date: /home/pau24113/Documents/GitHub/IR2117/tb3_ws/install/olympic_interfaces/share/ament_index/resource_index/package_run_dependencies/olympic_interfaces
[0.253s] -- Up-to-date: /home/pau24113/Documents/GitHub/IR2117/tb3_ws/install/olympic_interfaces/share/ament_index/resource_index/parent_prefix_path/olympic_interfaces
[0.253s] -- Up-to-date: /home/pau24113/Documents/GitHub/IR2117/tb3_ws/install/olympic_interfaces/share/olympic_interfaces/environment/ament_prefix_path.sh
[0.253s] -- Up-to-date: /home/pau24113/Documents/GitHub/IR2117/tb3_ws/install/olympic_interfaces/share/olympic_interfaces/environment/ament_prefix_path.dsv
[0.253s] -- Up-to-date: /home/pau24113/Documents/GitHub/IR2117/tb3_ws/install/olympic_interfaces/share/olympic_interfaces/environment/path.sh
[0.253s] -- Up-to-date: /home/pau24113/Documents/GitHub/IR2117/tb3_ws/install/olympic_interfaces/share/olympic_interfaces/environment/path.dsv
[0.253s] -- Up-to-date: /home/pau24113/Documents/GitHub/IR2117/tb3_ws/install/olympic_interfaces/share/olympic_interfaces/local_setup.bash
[0.253s] -- Up-to-date: /home/pau24113/Documents/GitHub/IR2117/tb3_ws/install/olympic_interfaces/share/olympic_interfaces/local_setup.sh
[0.253s] -- Up-to-date: /home/pau24113/Documents/GitHub/IR2117/tb3_ws/install/olympic_interfaces/share/olympic_interfaces/local_setup.zsh
[0.253s] -- Up-to-date: /home/pau24113/Documents/GitHub/IR2117/tb3_ws/install/olympic_interfaces/share/olympic_interfaces/local_setup.dsv
[0.253s] -- Installing: /home/pau24113/Documents/GitHub/IR2117/tb3_ws/install/olympic_interfaces/share/olympic_interfaces/package.dsv
[0.253s] -- Up-to-date: /home/pau24113/Documents/GitHub/IR2117/tb3_ws/install/olympic_interfaces/share/ament_index/resource_index/packages/olympic_interfaces
[0.253s] -- Up-to-date: /home/pau24113/Documents/GitHub/IR2117/tb3_ws/install/olympic_interfaces/share/olympic_interfaces/cmake/olympic_interfaces__rosidl_generator_cExport.cmake
[0.253s] -- Up-to-date: /home/pau24113/Documents/GitHub/IR2117/tb3_ws/install/olympic_interfaces/share/olympic_interfaces/cmake/olympic_interfaces__rosidl_generator_cExport-noconfig.cmake
[0.253s] -- Up-to-date: /home/pau24113/Documents/GitHub/IR2117/tb3_ws/install/olympic_interfaces/share/olympic_interfaces/cmake/olympic_interfaces__rosidl_typesupport_introspection_cExport.cmake
[0.253s] -- Up-to-date: /home/pau24113/Documents/GitHub/IR2117/tb3_ws/install/olympic_interfaces/share/olympic_interfaces/cmake/olympic_interfaces__rosidl_typesupport_introspection_cExport-noconfig.cmake
[0.254s] -- Up-to-date: /home/pau24113/Documents/GitHub/IR2117/tb3_ws/install/olympic_interfaces/share/olympic_interfaces/cmake/olympic_interfaces__rosidl_typesupport_cExport.cmake
[0.254s] -- Up-to-date: /home/pau24113/Documents/GitHub/IR2117/tb3_ws/install/olympic_interfaces/share/olympic_interfaces/cmake/olympic_interfaces__rosidl_typesupport_cExport-noconfig.cmake
[0.254s] -- Up-to-date: /home/pau24113/Documents/GitHub/IR2117/tb3_ws/install/olympic_interfaces/share/olympic_interfaces/cmake/olympic_interfaces__rosidl_generator_cppExport.cmake
[0.254s] -- Up-to-date: /home/pau24113/Documents/GitHub/IR2117/tb3_ws/install/olympic_interfaces/share/olympic_interfaces/cmake/olympic_interfaces__rosidl_typesupport_introspection_cppExport.cmake
[0.254s] -- Up-to-date: /home/pau24113/Documents/GitHub/IR2117/tb3_ws/install/olympic_interfaces/share/olympic_interfaces/cmake/olympic_interfaces__rosidl_typesupport_introspection_cppExport-noconfig.cmake
[0.254s] -- Up-to-date: /home/pau24113/Documents/GitHub/IR2117/tb3_ws/install/olympic_interfaces/share/olympic_interfaces/cmake/olympic_interfaces__rosidl_typesupport_cppExport.cmake
[0.254s] -- Up-to-date: /home/pau24113/Documents/GitHub/IR2117/tb3_ws/install/olympic_interfaces/share/olympic_interfaces/cmake/olympic_interfaces__rosidl_typesupport_cppExport-noconfig.cmake
[0.254s] -- Up-to-date: /home/pau24113/Documents/GitHub/IR2117/tb3_ws/install/olympic_interfaces/share/olympic_interfaces/cmake/rosidl_cmake-extras.cmake
[0.254s] -- Up-to-date: /home/pau24113/Documents/GitHub/IR2117/tb3_ws/install/olympic_interfaces/share/olympic_interfaces/cmake/ament_cmake_export_dependencies-extras.cmake
[0.254s] -- Up-to-date: /home/pau24113/Documents/GitHub/IR2117/tb3_ws/install/olympic_interfaces/share/olympic_interfaces/cmake/ament_cmake_export_libraries-extras.cmake
[0.254s] -- Up-to-date: /home/pau24113/Documents/GitHub/IR2117/tb3_ws/install/olympic_interfaces/share/olympic_interfaces/cmake/ament_cmake_export_targets-extras.cmake
[0.254s] -- Up-to-date: /home/pau24113/Documents/GitHub/IR2117/tb3_ws/install/olympic_interfaces/share/olympic_interfaces/cmake/ament_cmake_export_include_directories-extras.cmake
[0.254s] -- Up-to-date: /home/pau24113/Documents/GitHub/IR2117/tb3_ws/install/olympic_interfaces/share/olympic_interfaces/cmake/rosidl_cmake_export_typesupport_libraries-extras.cmake
[0.254s] -- Up-to-date: /home/pau24113/Documents/GitHub/IR2117/tb3_ws/install/olympic_interfaces/share/olympic_interfaces/cmake/rosidl_cmake_export_typesupport_targets-extras.cmake
[0.254s] -- Up-to-date: /home/pau24113/Documents/GitHub/IR2117/tb3_ws/install/olympic_interfaces/share/olympic_interfaces/cmake/olympic_interfacesConfig.cmake
[0.254s] -- Up-to-date: /home/pau24113/Documents/GitHub/IR2117/tb3_ws/install/olympic_interfaces/share/olympic_interfaces/cmake/olympic_interfacesConfig-version.cmake
[0.254s] -- Up-to-date: /home/pau24113/Documents/GitHub/IR2117/tb3_ws/install/olympic_interfaces/share/olympic_interfaces/package.xml
[0.257s] Invoked command in '/home/pau24113/Documents/GitHub/IR2117/tb3_ws/build/olympic_interfaces' returned '0': CMAKE_PREFIX_PATH=${CMAKE_PREFIX_PATH}:/opt/ros/foxy /usr/bin/cmake --install /home/pau24113/Documents/GitHub/IR2117/tb3_ws/build/olympic_interfaces
