[0.018s] Invoking command in '/home/pau24113/Documents/GitHub/IR2117/tb3_ws/build/obstacles': CMAKE_PREFIX_PATH=${CMAKE_PREFIX_PATH}:/opt/ros/foxy /usr/bin/cmake --build /home/pau24113/Documents/GitHub/IR2117/tb3_ws/build/obstacles -- -j16 -l16
[0.046s] [35m[1mScanning dependencies of target avoidance[0m
[0.061s] [ 50%] Built target detector
[0.063s] [ 75%] [32mBuilding CXX object CMakeFiles/avoidance.dir/src/avoidance.cpp.o[0m
[0.904s] [01m[K/home/pau24113/Documents/GitHub/IR2117/tb3_ws/src/obstacles/src/avoidance.cpp:[m[K In function ‘[01m[Kint main(int, char**)[m[K’:
[0.904s] [01m[K/home/pau24113/Documents/GitHub/IR2117/tb3_ws/src/obstacles/src/avoidance.cpp:16:86:[m[K [01;31m[Kerror: [m[Kno matching function for call to ‘[01m[Krclcpp::Node::create_subscription<geometry_msgs::msg::Twist>(const char [8], int)[m[K’
[0.904s]    16 |   auto publisher = node->create_subscription<geometry_msgs::msg::Twist>("cmd_vel", 10[01;31m[K)[m[K;
[0.905s]       |                                                                                      [01;31m[K^[m[K
[0.905s] In file included from [01m[K/opt/ros/foxy/include/rclcpp/executors/single_threaded_executor.hpp:28[m[K,
[0.905s]                  from [01m[K/opt/ros/foxy/include/rclcpp/executors.hpp:22[m[K,
[0.905s]                  from [01m[K/opt/ros/foxy/include/rclcpp/rclcpp.hpp:146[m[K,
[0.905s]                  from [01m[K/home/pau24113/Documents/GitHub/IR2117/tb3_ws/src/obstacles/src/avoidance.cpp:2[m[K:
[0.905s] [01m[K/opt/ros/foxy/include/rclcpp/node.hpp:213:3:[m[K [01;36m[Knote: [m[Kcandidate: ‘[01m[Ktemplate<class MessageT, class CallbackT, class AllocatorT, class CallbackMessageT, class SubscriptionT, class MessageMemoryStrategyT> std::shared_ptr<SubscriptionT> rclcpp::Node::create_subscription(const string&, const rclcpp::QoS&, CallbackT&&, const rclcpp::SubscriptionOptionsWithAllocator<AllocatorT>&, typename MessageMemoryStrategyT::SharedPtr)[m[K’
[0.905s]   213 |   [01;36m[Kcreate_subscription[m[K(
[0.905s]       |   [01;36m[K^~~~~~~~~~~~~~~~~~~[m[K
[0.905s] [01m[K/opt/ros/foxy/include/rclcpp/node.hpp:213:3:[m[K [01;36m[Knote: [m[K  template argument deduction/substitution failed:
[0.905s] [01m[K/home/pau24113/Documents/GitHub/IR2117/tb3_ws/src/obstacles/src/avoidance.cpp:16:86:[m[K [01;36m[Knote: [m[K  candidate expects 5 arguments, 2 provided
[0.905s]    16 |   auto publisher = node->create_subscription<geometry_msgs::msg::Twist>("cmd_vel", 10[01;36m[K)[m[K;
[0.905s]       |                                                                                      [01;36m[K^[m[K
[1.156s] make[2]: *** [CMakeFiles/avoidance.dir/build.make:63: CMakeFiles/avoidance.dir/src/avoidance.cpp.o] Error 1
[1.157s] make[1]: *** [CMakeFiles/Makefile2:107: CMakeFiles/avoidance.dir/all] Error 2
[1.157s] make: *** [Makefile:141: all] Error 2
[1.160s] Invoked command in '/home/pau24113/Documents/GitHub/IR2117/tb3_ws/build/obstacles' returned '2': CMAKE_PREFIX_PATH=${CMAKE_PREFIX_PATH}:/opt/ros/foxy /usr/bin/cmake --build /home/pau24113/Documents/GitHub/IR2117/tb3_ws/build/obstacles -- -j16 -l16
