-- Found ament_cmake: 0.9.11 (/opt/ros/foxy/share/ament_cmake/cmake)
-- Using PYTHON_EXECUTABLE: /usr/bin/python3
-- Found rclcpp: 2.4.2 (/opt/ros/foxy/share/rclcpp/cmake)
-- Using all available rosidl_typesupport_c: rosidl_typesupport_fastrtps_c;rosidl_typesupport_introspection_c
-- Found rosidl_adapter: 1.3.0 (/opt/ros/foxy/share/rosidl_adapter/cmake)
-- Using all available rosidl_typesupport_cpp: rosidl_typesupport_fastrtps_cpp;rosidl_typesupport_introspection_cpp
-- Found rmw_implementation_cmake: 1.0.4 (/opt/ros/foxy/share/rmw_implementation_cmake/cmake)
-- Using RMW implementation 'rmw_fastrtps_cpp' as default
-- Found turtlesim: 1.2.6 (/opt/ros/foxy/share/turtlesim/cmake)
-- Found geometry_msgs: 2.0.5 (/opt/ros/foxy/share/geometry_msgs/cmake)
-- Found example_interfaces: 0.9.1 (/opt/ros/foxy/share/example_interfaces/cmake)
-- Found rclcpp_action: 2.4.2 (/opt/ros/foxy/share/rclcpp_action/cmake)
-- Found rclcpp_components: 2.4.2 (/opt/ros/foxy/share/rclcpp_components/cmake)
-- Found olympic_interfaces: 0.0.0 (/home/pau24113/Documents/GitHub/IR2117/tb3_ws/install/olympic_interfaces/share/olympic_interfaces/cmake)
-- Found ament_lint_auto: 0.9.8 (/opt/ros/foxy/share/ament_lint_auto/cmake)
-- Configuring done
-- Generating done
-- Build files have been written to: /home/pau24113/Documents/GitHub/IR2117/tb3_ws/build/olympic
[35m[1mScanning dependencies of target action_server[0m
[35m[1mScanning dependencies of target action_client[0m
[35m[1mScanning dependencies of target rings[0m
[ 16%] [32mBuilding CXX object CMakeFiles/rings.dir/src/rings.cpp.o[0m
[ 33%] [32mBuilding CXX object CMakeFiles/action_client.dir/src/rings_action_server.cpp.o[0m
[ 50%] [32mBuilding CXX object CMakeFiles/action_server.dir/src/rings_action_server.cpp.o[0m
[01m[K/home/pau24113/Documents/GitHub/IR2117/tb3_ws/src/olympic/src/rings.cpp:[m[K In function ‘[01m[Kint main(int, char**)[m[K’:
[01m[K/home/pau24113/Documents/GitHub/IR2117/tb3_ws/src/olympic/src/rings.cpp:68:49:[m[K [01;31m[Kerror: [m[K‘[01m[Kwidth[m[K’ was not declared in this scope; did you mean ‘[01m[Kwcwidth[m[K’?
   68 |   std::vector<double> x = {5.5, (5.5-(2*radius)-[01;31m[Kwidth[m[K), (5.5+width+2*radius), (5.5-radius-width), (5.5+radius)};
      |                                                 [01;31m[K^~~~~[m[K
      |                                                 [32m[Kwcwidth[m[K
[01m[K/home/pau24113/Documents/GitHub/IR2117/tb3_ws/src/olympic/src/rings.cpp:68:111:[m[K [01;31m[Kerror: [m[Kcould not convert ‘[01m[K{5.5e+0, <expression error>, <expression error>, <expression error>, (5.5e+0 + radius)}[m[K’ from ‘[01m[K<brace-enclosed initializer list>[m[K’ to ‘[01m[Kstd::vector<double, std::allocator<double> >[m[K’
   68 |   std::vector<double> x = {5.5, (5.5-(2*radius)-width), (5.5+width+2*radius), (5.5-radius-width), (5.5+radius)[01;31m[K}[m[K;
      |                                                                                                               [01;31m[K^[m[K
      |                                                                                                               [01;31m[K|[m[K
      |                                                                                                               [01;31m[K<brace-enclosed initializer list>[m[K
[01m[K/home/pau24113/Documents/GitHub/IR2117/tb3_ws/src/olympic/src/rings_action_server.cpp:24:25:[m[K [01;31m[Kerror: [m[K‘[01m[KGoalHandleRadius[m[K’ was not declared in this scope; did you mean ‘[01m[KGoalHandleRings[m[K’?
   24 |   const std::shared_ptr<[01;31m[KGoalHandleRadius[m[K> goal_handle)
      |                         [01;31m[K^~~~~~~~~~~~~~~~[m[K
      |                         [32m[KGoalHandleRings[m[K
[01m[K/home/pau24113/Documents/GitHub/IR2117/tb3_ws/src/olympic/src/rings_action_server.cpp:24:41:[m[K [01;31m[Kerror: [m[Ktemplate argument 1 is invalid
   24 |   const std::shared_ptr<GoalHandleRadius[01;31m[K>[m[K goal_handle)
      |                                         [01;31m[K^[m[K
[01m[K/home/pau24113/Documents/GitHub/IR2117/tb3_ws/src/olympic/src/rings_action_server.cpp:32:36:[m[K [01;31m[Kerror: [m[K‘[01m[KGoalHandleRadius[m[K’ was not declared in this scope; did you mean ‘[01m[KGoalHandleRings[m[K’?
   32 | void execute(const std::shared_ptr<[01;31m[KGoalHandleRadius[m[K>);
      |                                    [01;31m[K^~~~~~~~~~~~~~~~[m[K
      |                                    [32m[KGoalHandleRings[m[K
[01m[K/home/pau24113/Documents/GitHub/IR2117/tb3_ws/src/olympic/src/rings_action_server.cpp:32:52:[m[K [01;31m[Kerror: [m[Ktemplate argument 1 is invalid
   32 | void execute(const std::shared_ptr<GoalHandleRadius[01;31m[K>[m[K);
      |                                                    [01;31m[K^[m[K
[01m[K/home/pau24113/Documents/GitHub/IR2117/tb3_ws/src/olympic/src/rings_action_server.cpp:35:25:[m[K [01;31m[Kerror: [m[K‘[01m[KGoalHandleRadius[m[K’ was not declared in this scope; did you mean ‘[01m[KGoalHandleRings[m[K’?
   35 |   const std::shared_ptr<[01;31m[KGoalHandleRadius[m[K> goal_handle)
      |                         [01;31m[K^~~~~~~~~~~~~~~~[m[K
      |                         [32m[KGoalHandleRings[m[K
[01m[K/home/pau24113/Documents/GitHub/IR2117/tb3_ws/src/olympic/src/rings_action_server.cpp:35:41:[m[K [01;31m[Kerror: [m[Ktemplate argument 1 is invalid
   35 |   const std::shared_ptr<GoalHandleRadius[01;31m[K>[m[K goal_handle)
      |                                         [01;31m[K^[m[K
[01m[K/home/pau24113/Documents/GitHub/IR2117/tb3_ws/src/olympic/src/rings_action_server.cpp:41:25:[m[K [01;31m[Kerror: [m[K‘[01m[KGoalHandleRadius[m[K’ was not declared in this scope; did you mean ‘[01m[KGoalHandleRings[m[K’?
   41 |   const std::shared_ptr<[01;31m[KGoalHandleRadius[m[K> goal_handle)
      |                         [01;31m[K^~~~~~~~~~~~~~~~[m[K
      |                         [32m[KGoalHandleRings[m[K
[01m[K/home/pau24113/Documents/GitHub/IR2117/tb3_ws/src/olympic/src/rings_action_server.cpp:41:41:[m[K [01;31m[Kerror: [m[Ktemplate argument 1 is invalid
   41 |   const std::shared_ptr<GoalHandleRadius[01;31m[K>[m[K goal_handle)
      |                                         [01;31m[K^[m[K
[01m[K/home/pau24113/Documents/GitHub/IR2117/tb3_ws/src/olympic/src/rings_action_server.cpp:[m[K In function ‘[01m[Kvoid execute(int)[m[K’:
[01m[K/home/pau24113/Documents/GitHub/IR2117/tb3_ws/src/olympic/src/rings_action_server.cpp:46:32:[m[K [01;31m[Kerror: [m[Kbase operand of ‘[01m[K->[m[K’ is not a pointer
   46 |   const auto goal = goal_handle[01;31m[K->[m[Kget_goal();
      |                                [01;31m[K^~[m[K
[01m[K/home/pau24113/Documents/GitHub/IR2117/tb3_ws/src/olympic/src/rings_action_server.cpp:47:36:[m[K [01;31m[Kerror: [m[K‘[01m[KRadius[m[K’ was not declared in this scope
   47 |   auto feedback = std::make_shared<[01;31m[KRadius[m[K::Feedback>();
      |                                    [01;31m[K^~~~~~[m[K
[01m[K/home/pau24113/Documents/GitHub/IR2117/tb3_ws/src/olympic/src/rings_action_server.cpp:47:24:[m[K [01;31m[Kerror: [m[Kparse error in template argument list
   47 |   auto feedback = std::[01;31m[Kmake_shared<Radius::Feedback>[m[K();
      |                        [01;31m[K^~~~~~~~~~~~~~~~~~~~~~~~~~~~~[m[K
[01m[K/home/pau24113/Documents/GitHub/IR2117/tb3_ws/src/olympic/src/rings_action_server.cpp:47:54:[m[K [01;31m[Kerror: [m[Kno matching function for call to ‘[01m[Kmake_shared<<expression error> >()[m[K’
   47 |   auto feedback = std::make_shared<Radius::Feedback>([01;31m[K)[m[K;
      |                                                      [01;31m[K^[m[K
In file included from [01m[K/usr/include/c++/9/memory:81[m[K,
                 from [01m[K/home/pau24113/Documents/GitHub/IR2117/tb3_ws/src/olympic/src/rings_action_server.cpp:2[m[K:
[01m[K/usr/include/c++/9/bits/shared_ptr.h:714:5:[m[K [01;36m[Knote: [m[Kcandidate: ‘[01m[Ktemplate<class _Tp, class ... _Args> std::shared_ptr<_Tp> std::make_shared(_Args&& ...)[m[K’
  714 |     [01;36m[Kmake_shared[m[K(_Args&&... __args)
      |     [01;36m[K^~~~~~~~~~~[m[K
[01m[K/usr/include/c++/9/bits/shared_ptr.h:714:5:[m[K [01;36m[Knote: [m[K  template argument deduction/substitution failed:
[01m[K/home/pau24113/Documents/GitHub/IR2117/tb3_ws/src/olympic/src/rings_action_server.cpp:47:54:[m[K [01;31m[Kerror: [m[Ktemplate argument 1 is invalid
   47 |   auto feedback = std::make_shared<Radius::Feedback>([01;31m[K)[m[K;
      |                                                      [01;31m[K^[m[K
[01m[K/home/pau24113/Documents/GitHub/IR2117/tb3_ws/src/olympic/src/rings_action_server.cpp:51:22:[m[K [01;31m[Kerror: [m[Kparse error in template argument list
   51 |   auto result = std::[01;31m[Kmake_shared<Radius::Result>[m[K();
      |                      [01;31m[K^~~~~~~~~~~~~~~~~~~~~~~~~~~[m[K
[01m[K/home/pau24113/Documents/GitHub/IR2117/tb3_ws/src/olympic/src/rings_action_server.cpp:51:50:[m[K [01;31m[Kerror: [m[Kno matching function for call to ‘[01m[Kmake_shared<Radius>()[m[K’
   51 |   auto result = std::make_shared<Radius::Result>([01;31m[K)[m[K;
      |                                                  [01;31m[K^[m[K
In file included from [01m[K/usr/include/c++/9/memory:81[m[K,
                 from [01m[K/home/pau24113/Documents/GitHub/IR2117/tb3_ws/src/olympic/src/rings_action_server.cpp:2[m[K:
[01m[K/usr/include/c++/9/bits/shared_ptr.h:714:5:[m[K [01;36m[Knote: [m[Kcandidate: ‘[01m[Ktemplate<class _Tp, class ... _Args> std::shared_ptr<_Tp> std::make_shared(_Args&& ...)[m[K’
  714 |     [01;36m[Kmake_shared[m[K(_Args&&... __args)
      |     [01;36m[K^~~~~~~~~~~[m[K
[01m[K/usr/include/c++/9/bits/shared_ptr.h:714:5:[m[K [01;36m[Knote: [m[K  template argument deduction/substitution failed:
[01m[K/home/pau24113/Documents/GitHub/IR2117/tb3_ws/src/olympic/src/rings_action_server.cpp:54:20:[m[K [01;31m[Kerror: [m[Kbase operand of ‘[01m[K->[m[K’ is not a pointer
   54 |     if (goal_handle[01;31m[K->[m[Kis_canceling()) {
      |                    [01;31m[K^~[m[K
[01m[K/home/pau24113/Documents/GitHub/IR2117/tb3_ws/src/olympic/src/rings_action_server.cpp:56:18:[m[K [01;31m[Kerror: [m[Kbase operand of ‘[01m[K->[m[K’ is not a pointer
   56 |       goal_handle[01;31m[K->[m[Kcanceled(result);
      |                  [01;31m[K^~[m[K
[01m[K/home/pau24113/Documents/GitHub/IR2117/tb3_ws/src/olympic/src/rings_action_server.cpp:62:16:[m[K [01;31m[Kerror: [m[Kbase operand of ‘[01m[K->[m[K’ is not a pointer
   62 |     goal_handle[01;31m[K->[m[Kpublish_feedback(feedback);
      |                [01;31m[K^~[m[K
[01m[K/home/pau24113/Documents/GitHub/IR2117/tb3_ws/src/olympic/src/rings_action_server.cpp:69:16:[m[K [01;31m[Kerror: [m[Kbase operand of ‘[01m[K->[m[K’ is not a pointer
   69 |     goal_handle[01;31m[K->[m[Ksucceed(result);
      |                [01;31m[K^~[m[K
[01m[K/home/pau24113/Documents/GitHub/IR2117/tb3_ws/src/olympic/src/rings_action_server.cpp:[m[K In function ‘[01m[Kint main(int, char**)[m[K’:
[01m[K/home/pau24113/Documents/GitHub/IR2117/tb3_ws/src/olympic/src/rings_action_server.cpp:84:22:[m[K [01;31m[Kerror: [m[Kno matching function for call to ‘[01m[Kcreate_server<Rings>(std::shared_ptr<rclcpp::Node>&, const char [6], rclcpp_action::GoalResponse (&)(const GoalUUID&, std::shared_ptr<const olympic_interfaces::action::Rings_Goal_<std::allocator<void> > >), rclcpp_action::CancelResponse (&)(int), void (&)(int))[m[K’
   84 |       handle_accepted[01;31m[K)[m[K;
      |                      [01;31m[K^[m[K
In file included from [01m[K/opt/ros/foxy/include/rclcpp_action/rclcpp_action.hpp:39[m[K,
                 from [01m[K/home/pau24113/Documents/GitHub/IR2117/tb3_ws/src/olympic/src/rings_action_server.cpp:5[m[K:
[01m[K/opt/ros/foxy/include/rclcpp_action/create_server.hpp:58:1:[m[K [01;36m[Knote: [m[Kcandidate: ‘[01m[Ktypename rclcpp_action::Server<ActionT>::SharedPtr rclcpp_action::create_server(rclcpp::node_interfaces::NodeBaseInterface::SharedPtr, rclcpp::node_interfaces::NodeClockInterface::SharedPtr, rclcpp::node_interfaces::NodeLoggingInterface::SharedPtr, rclcpp::node_interfaces::NodeWaitablesInterface::SharedPtr, const string&, typename rclcpp_action::Server<ActionT>::GoalCallback, typename rclcpp_action::Server<ActionT>::CancelCallback, typename rclcpp_action::Server<ActionT>::AcceptedCallback, const rcl_action_server_options_t&, rclcpp::CallbackGroup::SharedPtr) [with ActionT = olympic_interfaces::action::Rings; typename rclcpp_action::Server<ActionT>::SharedPtr = std::shared_ptr<rclcpp_action::Server<olympic_interfaces::action::Rings> >; rclcpp::node_interfaces::NodeBaseInterface::SharedPtr = std::shared_ptr<rclcpp::node_interfaces::NodeBaseInterface>; rclcpp::node_interfaces::NodeClockInterface::SharedPtr = std::shared_ptr<rclcpp::node_interfaces::NodeClockInterface>; rclcpp::node_interfaces::NodeLoggingInterface::SharedPtr = std::shared_ptr<rclcpp::node_interfaces::NodeLoggingInterface>; rclcpp::node_interfaces::NodeWaitablesInterface::SharedPtr = std::shared_ptr<rclcpp::node_interfaces::NodeWaitablesInterface>; std::string = std::__cxx11::basic_string<char>; typename rclcpp_action::Server<ActionT>::GoalCallback = std::function<rclcpp_action::GoalResponse(const std::array<unsigned char, 16>&, std::shared_ptr<const olympic_interfaces::action::Rings_Goal_<std::allocator<void> > >)>; typename rclcpp_action::Server<ActionT>::CancelCallback = std::function<rclcpp_action::CancelResponse(std::shared_ptr<rclcpp_action::ServerGoalHandle<olympic_interfaces::action::Rings> >)>; typename rclcpp_action::Server<ActionT>::AcceptedCallback = std::function<void(std::shared_ptr<rclcpp_action::ServerGoalHandle<olympic_interfaces::action::Rings> >)>; rcl_action_server_options_t = rcl_action_server_options_t; rclcpp::CallbackGroup::SharedPtr = std::shared_ptr<rclcpp::CallbackGroup>][m[K’
   58 | [01;36m[Kcreate_server[m[K(
      | [01;36m[K^~~~~~~~~~~~~[m[K
[01m[K/opt/ros/foxy/include/rclcpp_action/create_server.hpp:58:1:[m[K [01;36m[Knote: [m[K  candidate expects 10 arguments, 5 provided
[01m[K/opt/ros/foxy/include/rclcpp_action/create_server.hpp:132:1:[m[K [01;36m[Knote: [m[Kcandidate: ‘[01m[Ktemplate<class ActionT, class NodeT> typename rclcpp_action::Server<ActionT>::SharedPtr rclcpp_action::create_server(NodeT, const string&, typename rclcpp_action::Server<ActionT>::GoalCallback, typename rclcpp_action::Server<ActionT>::CancelCallback, typename rclcpp_action::Server<ActionT>::AcceptedCallback, const rcl_action_server_options_t&, rclcpp::CallbackGroup::SharedPtr)[m[K’
  132 | [01;36m[Kcreate_server[m[K(
      | [01;36m[K^~~~~~~~~~~~~[m[K
[01m[K/opt/ros/foxy/include/rclcpp_action/create_server.hpp:132:1:[m[K [01;36m[Knote: [m[K  template argument deduction/substitution failed:
[01m[K/home/pau24113/Documents/GitHub/IR2117/tb3_ws/src/olympic/src/rings_action_server.cpp:83:7:[m[K [01;36m[Knote: [m[K  cannot convert ‘[01m[Khandle_cancel[m[K’ (type ‘[01m[Krclcpp_action::CancelResponse(int)[m[K’) to type ‘[01m[Krclcpp_action::Server<olympic_interfaces::action::Rings>::CancelCallback[m[K’ {aka ‘[01m[Kstd::function<rclcpp_action::CancelResponse(std::shared_ptr<rclcpp_action::ServerGoalHandle<olympic_interfaces::action::Rings> >)>[m[K’}
   83 |       [01;36m[Khandle_cancel[m[K,
      |       [01;36m[K^~~~~~~~~~~~~[m[K
[01m[K/home/pau24113/Documents/GitHub/IR2117/tb3_ws/src/olympic/src/rings_action_server.cpp:24:25:[m[K [01;31m[Kerror: [m[K‘[01m[KGoalHandleRadius[m[K’ was not declared in this scope; did you mean ‘[01m[KGoalHandleRings[m[K’?
   24 |   const std::shared_ptr<[01;31m[KGoalHandleRadius[m[K> goal_handle)
      |                         [01;31m[K^~~~~~~~~~~~~~~~[m[K
      |                         [32m[KGoalHandleRings[m[K
[01m[K/home/pau24113/Documents/GitHub/IR2117/tb3_ws/src/olympic/src/rings_action_server.cpp:24:41:[m[K [01;31m[Kerror: [m[Ktemplate argument 1 is invalid
   24 |   const std::shared_ptr<GoalHandleRadius[01;31m[K>[m[K goal_handle)
      |                                         [01;31m[K^[m[K
[01m[K/home/pau24113/Documents/GitHub/IR2117/tb3_ws/src/olympic/src/rings_action_server.cpp:32:36:[m[K [01;31m[Kerror: [m[K‘[01m[KGoalHandleRadius[m[K’ was not declared in this scope; did you mean ‘[01m[KGoalHandleRings[m[K’?
   32 | void execute(const std::shared_ptr<[01;31m[KGoalHandleRadius[m[K>);
      |                                    [01;31m[K^~~~~~~~~~~~~~~~[m[K
      |                                    [32m[KGoalHandleRings[m[K
[01m[K/home/pau24113/Documents/GitHub/IR2117/tb3_ws/src/olympic/src/rings_action_server.cpp:32:52:[m[K [01;31m[Kerror: [m[Ktemplate argument 1 is invalid
   32 | void execute(const std::shared_ptr<GoalHandleRadius[01;31m[K>[m[K);
      |                                                    [01;31m[K^[m[K
[01m[K/home/pau24113/Documents/GitHub/IR2117/tb3_ws/src/olympic/src/rings_action_server.cpp:35:25:[m[K [01;31m[Kerror: [m[K‘[01m[KGoalHandleRadius[m[K’ was not declared in this scope; did you mean ‘[01m[KGoalHandleRings[m[K’?
   35 |   const std::shared_ptr<[01;31m[KGoalHandleRadius[m[K> goal_handle)
      |                         [01;31m[K^~~~~~~~~~~~~~~~[m[K
      |                         [32m[KGoalHandleRings[m[K
[01m[K/home/pau24113/Documents/GitHub/IR2117/tb3_ws/src/olympic/src/rings_action_server.cpp:35:41:[m[K [01;31m[Kerror: [m[Ktemplate argument 1 is invalid
   35 |   const std::shared_ptr<GoalHandleRadius[01;31m[K>[m[K goal_handle)
      |                                         [01;31m[K^[m[K
[01m[K/home/pau24113/Documents/GitHub/IR2117/tb3_ws/src/olympic/src/rings_action_server.cpp:41:25:[m[K [01;31m[Kerror: [m[K‘[01m[KGoalHandleRadius[m[K’ was not declared in this scope; did you mean ‘[01m[KGoalHandleRings[m[K’?
   41 |   const std::shared_ptr<[01;31m[KGoalHandleRadius[m[K> goal_handle)
      |                         [01;31m[K^~~~~~~~~~~~~~~~[m[K
      |                         [32m[KGoalHandleRings[m[K
[01m[K/home/pau24113/Documents/GitHub/IR2117/tb3_ws/src/olympic/src/rings_action_server.cpp:41:41:[m[K [01;31m[Kerror: [m[Ktemplate argument 1 is invalid
   41 |   const std::shared_ptr<GoalHandleRadius[01;31m[K>[m[K goal_handle)
      |                                         [01;31m[K^[m[K
[01m[K/home/pau24113/Documents/GitHub/IR2117/tb3_ws/src/olympic/src/rings_action_server.cpp:[m[K In function ‘[01m[Kvoid execute(int)[m[K’:
[01m[K/home/pau24113/Documents/GitHub/IR2117/tb3_ws/src/olympic/src/rings_action_server.cpp:46:32:[m[K [01;31m[Kerror: [m[Kbase operand of ‘[01m[K->[m[K’ is not a pointer
   46 |   const auto goal = goal_handle[01;31m[K->[m[Kget_goal();
      |                                [01;31m[K^~[m[K
[01m[K/home/pau24113/Documents/GitHub/IR2117/tb3_ws/src/olympic/src/rings_action_server.cpp:47:36:[m[K [01;31m[Kerror: [m[K‘[01m[KRadius[m[K’ was not declared in this scope
   47 |   auto feedback = std::make_shared<[01;31m[KRadius[m[K::Feedback>();
      |                                    [01;31m[K^~~~~~[m[K
[01m[K/home/pau24113/Documents/GitHub/IR2117/tb3_ws/src/olympic/src/rings_action_server.cpp:47:24:[m[K [01;31m[Kerror: [m[Kparse error in template argument list
   47 |   auto feedback = std::[01;31m[Kmake_shared<Radius::Feedback>[m[K();
      |                        [01;31m[K^~~~~~~~~~~~~~~~~~~~~~~~~~~~~[m[K
[01m[K/home/pau24113/Documents/GitHub/IR2117/tb3_ws/src/olympic/src/rings_action_server.cpp:47:54:[m[K [01;31m[Kerror: [m[Kno matching function for call to ‘[01m[Kmake_shared<<expression error> >()[m[K’
   47 |   auto feedback = std::make_shared<Radius::Feedback>([01;31m[K)[m[K;
      |                                                      [01;31m[K^[m[K
In file included from [01m[K/usr/include/c++/9/memory:81[m[K,
                 from [01m[K/home/pau24113/Documents/GitHub/IR2117/tb3_ws/src/olympic/src/rings_action_server.cpp:2[m[K:
[01m[K/usr/include/c++/9/bits/shared_ptr.h:714:5:[m[K [01;36m[Knote: [m[Kcandidate: ‘[01m[Ktemplate<class _Tp, class ... _Args> std::shared_ptr<_Tp> std::make_shared(_Args&& ...)[m[K’
  714 |     [01;36m[Kmake_shared[m[K(_Args&&... __args)
      |     [01;36m[K^~~~~~~~~~~[m[K
[01m[K/usr/include/c++/9/bits/shared_ptr.h:714:5:[m[K [01;36m[Knote: [m[K  template argument deduction/substitution failed:
[01m[K/home/pau24113/Documents/GitHub/IR2117/tb3_ws/src/olympic/src/rings_action_server.cpp:47:54:[m[K [01;31m[Kerror: [m[Ktemplate argument 1 is invalid
   47 |   auto feedback = std::make_shared<Radius::Feedback>([01;31m[K)[m[K;
      |                                                      [01;31m[K^[m[K
[01m[K/home/pau24113/Documents/GitHub/IR2117/tb3_ws/src/olympic/src/rings_action_server.cpp:51:22:[m[K [01;31m[Kerror: [m[Kparse error in template argument list
   51 |   auto result = std::[01;31m[Kmake_shared<Radius::Result>[m[K();
      |                      [01;31m[K^~~~~~~~~~~~~~~~~~~~~~~~~~~[m[K
[01m[K/home/pau24113/Documents/GitHub/IR2117/tb3_ws/src/olympic/src/rings_action_server.cpp:51:50:[m[K [01;31m[Kerror: [m[Kno matching function for call to ‘[01m[Kmake_shared<Radius>()[m[K’
   51 |   auto result = std::make_shared<Radius::Result>([01;31m[K)[m[K;
      |                                                  [01;31m[K^[m[K
In file included from [01m[K/usr/include/c++/9/memory:81[m[K,
                 from [01m[K/home/pau24113/Documents/GitHub/IR2117/tb3_ws/src/olympic/src/rings_action_server.cpp:2[m[K:
[01m[K/usr/include/c++/9/bits/shared_ptr.h:714:5:[m[K [01;36m[Knote: [m[Kcandidate: ‘[01m[Ktemplate<class _Tp, class ... _Args> std::shared_ptr<_Tp> std::make_shared(_Args&& ...)[m[K’
  714 |     [01;36m[Kmake_shared[m[K(_Args&&... __args)
      |     [01;36m[K^~~~~~~~~~~[m[K
[01m[K/usr/include/c++/9/bits/shared_ptr.h:714:5:[m[K [01;36m[Knote: [m[K  template argument deduction/substitution failed:
[01m[K/home/pau24113/Documents/GitHub/IR2117/tb3_ws/src/olympic/src/rings_action_server.cpp:54:20:[m[K [01;31m[Kerror: [m[Kbase operand of ‘[01m[K->[m[K’ is not a pointer
   54 |     if (goal_handle[01;31m[K->[m[Kis_canceling()) {
      |                    [01;31m[K^~[m[K
[01m[K/home/pau24113/Documents/GitHub/IR2117/tb3_ws/src/olympic/src/rings_action_server.cpp:56:18:[m[K [01;31m[Kerror: [m[Kbase operand of ‘[01m[K->[m[K’ is not a pointer
   56 |       goal_handle[01;31m[K->[m[Kcanceled(result);
      |                  [01;31m[K^~[m[K
[01m[K/home/pau24113/Documents/GitHub/IR2117/tb3_ws/src/olympic/src/rings_action_server.cpp:62:16:[m[K [01;31m[Kerror: [m[Kbase operand of ‘[01m[K->[m[K’ is not a pointer
   62 |     goal_handle[01;31m[K->[m[Kpublish_feedback(feedback);
      |                [01;31m[K^~[m[K
[01m[K/home/pau24113/Documents/GitHub/IR2117/tb3_ws/src/olympic/src/rings_action_server.cpp:69:16:[m[K [01;31m[Kerror: [m[Kbase operand of ‘[01m[K->[m[K’ is not a pointer
   69 |     goal_handle[01;31m[K->[m[Ksucceed(result);
      |                [01;31m[K^~[m[K
[01m[K/home/pau24113/Documents/GitHub/IR2117/tb3_ws/src/olympic/src/rings_action_server.cpp:[m[K In function ‘[01m[Kint main(int, char**)[m[K’:
[01m[K/home/pau24113/Documents/GitHub/IR2117/tb3_ws/src/olympic/src/rings_action_server.cpp:84:22:[m[K [01;31m[Kerror: [m[Kno matching function for call to ‘[01m[Kcreate_server<Rings>(std::shared_ptr<rclcpp::Node>&, const char [6], rclcpp_action::GoalResponse (&)(const GoalUUID&, std::shared_ptr<const olympic_interfaces::action::Rings_Goal_<std::allocator<void> > >), rclcpp_action::CancelResponse (&)(int), void (&)(int))[m[K’
   84 |       handle_accepted[01;31m[K)[m[K;
      |                      [01;31m[K^[m[K
In file included from [01m[K/opt/ros/foxy/include/rclcpp_action/rclcpp_action.hpp:39[m[K,
                 from [01m[K/home/pau24113/Documents/GitHub/IR2117/tb3_ws/src/olympic/src/rings_action_server.cpp:5[m[K:
[01m[K/opt/ros/foxy/include/rclcpp_action/create_server.hpp:58:1:[m[K [01;36m[Knote: [m[Kcandidate: ‘[01m[Ktypename rclcpp_action::Server<ActionT>::SharedPtr rclcpp_action::create_server(rclcpp::node_interfaces::NodeBaseInterface::SharedPtr, rclcpp::node_interfaces::NodeClockInterface::SharedPtr, rclcpp::node_interfaces::NodeLoggingInterface::SharedPtr, rclcpp::node_interfaces::NodeWaitablesInterface::SharedPtr, const string&, typename rclcpp_action::Server<ActionT>::GoalCallback, typename rclcpp_action::Server<ActionT>::CancelCallback, typename rclcpp_action::Server<ActionT>::AcceptedCallback, const rcl_action_server_options_t&, rclcpp::CallbackGroup::SharedPtr) [with ActionT = olympic_interfaces::action::Rings; typename rclcpp_action::Server<ActionT>::SharedPtr = std::shared_ptr<rclcpp_action::Server<olympic_interfaces::action::Rings> >; rclcpp::node_interfaces::NodeBaseInterface::SharedPtr = std::shared_ptr<rclcpp::node_interfaces::NodeBaseInterface>; rclcpp::node_interfaces::NodeClockInterface::SharedPtr = std::shared_ptr<rclcpp::node_interfaces::NodeClockInterface>; rclcpp::node_interfaces::NodeLoggingInterface::SharedPtr = std::shared_ptr<rclcpp::node_interfaces::NodeLoggingInterface>; rclcpp::node_interfaces::NodeWaitablesInterface::SharedPtr = std::shared_ptr<rclcpp::node_interfaces::NodeWaitablesInterface>; std::string = std::__cxx11::basic_string<char>; typename rclcpp_action::Server<ActionT>::GoalCallback = std::function<rclcpp_action::GoalResponse(const std::array<unsigned char, 16>&, std::shared_ptr<const olympic_interfaces::action::Rings_Goal_<std::allocator<void> > >)>; typename rclcpp_action::Server<ActionT>::CancelCallback = std::function<rclcpp_action::CancelResponse(std::shared_ptr<rclcpp_action::ServerGoalHandle<olympic_interfaces::action::Rings> >)>; typename rclcpp_action::Server<ActionT>::AcceptedCallback = std::function<void(std::shared_ptr<rclcpp_action::ServerGoalHandle<olympic_interfaces::action::Rings> >)>; rcl_action_server_options_t = rcl_action_server_options_t; rclcpp::CallbackGroup::SharedPtr = std::shared_ptr<rclcpp::CallbackGroup>][m[K’
   58 | [01;36m[Kcreate_server[m[K(
      | [01;36m[K^~~~~~~~~~~~~[m[K
[01m[K/opt/ros/foxy/include/rclcpp_action/create_server.hpp:58:1:[m[K [01;36m[Knote: [m[K  candidate expects 10 arguments, 5 provided
[01m[K/opt/ros/foxy/include/rclcpp_action/create_server.hpp:132:1:[m[K [01;36m[Knote: [m[Kcandidate: ‘[01m[Ktemplate<class ActionT, class NodeT> typename rclcpp_action::Server<ActionT>::SharedPtr rclcpp_action::create_server(NodeT, const string&, typename rclcpp_action::Server<ActionT>::GoalCallback, typename rclcpp_action::Server<ActionT>::CancelCallback, typename rclcpp_action::Server<ActionT>::AcceptedCallback, const rcl_action_server_options_t&, rclcpp::CallbackGroup::SharedPtr)[m[K’
  132 | [01;36m[Kcreate_server[m[K(
      | [01;36m[K^~~~~~~~~~~~~[m[K
[01m[K/opt/ros/foxy/include/rclcpp_action/create_server.hpp:132:1:[m[K [01;36m[Knote: [m[K  template argument deduction/substitution failed:
[01m[K/home/pau24113/Documents/GitHub/IR2117/tb3_ws/src/olympic/src/rings_action_server.cpp:83:7:[m[K [01;36m[Knote: [m[K  cannot convert ‘[01m[Khandle_cancel[m[K’ (type ‘[01m[Krclcpp_action::CancelResponse(int)[m[K’) to type ‘[01m[Krclcpp_action::Server<olympic_interfaces::action::Rings>::CancelCallback[m[K’ {aka ‘[01m[Kstd::function<rclcpp_action::CancelResponse(std::shared_ptr<rclcpp_action::ServerGoalHandle<olympic_interfaces::action::Rings> >)>[m[K’}
   83 |       [01;36m[Khandle_cancel[m[K,
      |       [01;36m[K^~~~~~~~~~~~~[m[K
make[2]: *** [CMakeFiles/action_client.dir/build.make:63: CMakeFiles/action_client.dir/src/rings_action_server.cpp.o] Error 1
make[1]: *** [CMakeFiles/Makefile2:82: CMakeFiles/action_client.dir/all] Error 2
make[1]: *** Waiting for unfinished jobs....
make[2]: *** [CMakeFiles/action_server.dir/build.make:63: CMakeFiles/action_server.dir/src/rings_action_server.cpp.o] Error 1
make[1]: *** [CMakeFiles/Makefile2:109: CMakeFiles/action_server.dir/all] Error 2
make[2]: *** [CMakeFiles/rings.dir/build.make:63: CMakeFiles/rings.dir/src/rings.cpp.o] Error 1
make[1]: *** [CMakeFiles/Makefile2:136: CMakeFiles/rings.dir/all] Error 2
make: *** [Makefile:141: all] Error 2
