[0.024s] Invoking command in '/home/pau24113/Documents/GitHub/IR2117/ros2_ws/build/cpp_srvcli': CMAKE_PREFIX_PATH=${CMAKE_PREFIX_PATH}:/opt/ros/foxy /usr/bin/cmake --build /home/pau24113/Documents/GitHub/IR2117/ros2_ws/build/cpp_srvcli -- -j16 -l16
[0.043s] -- Found ament_cmake: 0.9.11 (/opt/ros/foxy/share/ament_cmake/cmake)
[0.059s] -- Using PYTHON_EXECUTABLE: /usr/bin/python3
[0.199s] -- Found rclcpp: 2.4.2 (/opt/ros/foxy/share/rclcpp/cmake)
[0.223s] -- Using all available rosidl_typesupport_c: rosidl_typesupport_fastrtps_c;rosidl_typesupport_introspection_c
[0.226s] -- Found rosidl_adapter: 1.3.0 (/opt/ros/foxy/share/rosidl_adapter/cmake)
[0.307s] -- Using all available rosidl_typesupport_cpp: rosidl_typesupport_fastrtps_cpp;rosidl_typesupport_introspection_cpp
[0.343s] -- Found rmw_implementation_cmake: 1.0.4 (/opt/ros/foxy/share/rmw_implementation_cmake/cmake)
[0.344s] -- Using RMW implementation 'rmw_fastrtps_cpp' as default
[0.449s] -- Found example_interfaces: 0.9.1 (/opt/ros/foxy/share/example_interfaces/cmake)
[0.527s] -- Found ament_lint_auto: 0.9.8 (/opt/ros/foxy/share/ament_lint_auto/cmake)
[0.568s] -- Added test 'copyright' to check source files copyright and LICENSE
[0.569s] -- Added test 'cppcheck' to perform static code analysis on C / C++ code
[0.570s] -- Configured cppcheck include dirs: 
[0.570s] -- Configured cppcheck exclude dirs and/or files: 
[0.570s] -- Added test 'cpplint' to check C / C++ code against the Google style
[0.570s] -- Configured cpplint exclude dirs and/or files: 
[0.571s] -- Added test 'flake8' to check Python code syntax and style conventions
[0.571s] -- Added test 'lint_cmake' to check CMake code style
[0.571s] -- Added test 'pep257' to check Python code against some of the style conventions in PEP 257
[0.572s] -- Added test 'uncrustify' to check C / C++ code style
[0.572s] -- Configured uncrustify additional arguments: 
[0.573s] -- Added test 'xmllint' to check XML markup files
[0.574s] -- Configuring done
[0.580s] -- Generating done
[0.581s] -- Build files have been written to: /home/pau24113/Documents/GitHub/IR2117/ros2_ws/build/cpp_srvcli
[0.607s] [100%] Built target server
[0.615s] Invoked command in '/home/pau24113/Documents/GitHub/IR2117/ros2_ws/build/cpp_srvcli' returned '0': CMAKE_PREFIX_PATH=${CMAKE_PREFIX_PATH}:/opt/ros/foxy /usr/bin/cmake --build /home/pau24113/Documents/GitHub/IR2117/ros2_ws/build/cpp_srvcli -- -j16 -l16
[0.628s] Invoking command in '/home/pau24113/Documents/GitHub/IR2117/ros2_ws/build/cpp_srvcli': CMAKE_PREFIX_PATH=${CMAKE_PREFIX_PATH}:/opt/ros/foxy /usr/bin/cmake --install /home/pau24113/Documents/GitHub/IR2117/ros2_ws/build/cpp_srvcli
[0.634s] -- Install configuration: ""
[0.634s] -- Up-to-date: /home/pau24113/Documents/GitHub/IR2117/ros2_ws/install/cpp_srvcli/lib/cpp_srvcli/server
[0.634s] -- Up-to-date: /home/pau24113/Documents/GitHub/IR2117/ros2_ws/install/cpp_srvcli/share/ament_index/resource_index/package_run_dependencies/cpp_srvcli
[0.635s] -- Installing: /home/pau24113/Documents/GitHub/IR2117/ros2_ws/install/cpp_srvcli/share/ament_index/resource_index/parent_prefix_path/cpp_srvcli
[0.635s] -- Up-to-date: /home/pau24113/Documents/GitHub/IR2117/ros2_ws/install/cpp_srvcli/share/cpp_srvcli/environment/ament_prefix_path.sh
[0.635s] -- Installing: /home/pau24113/Documents/GitHub/IR2117/ros2_ws/install/cpp_srvcli/share/cpp_srvcli/environment/ament_prefix_path.dsv
[0.635s] -- Up-to-date: /home/pau24113/Documents/GitHub/IR2117/ros2_ws/install/cpp_srvcli/share/cpp_srvcli/environment/path.sh
[0.635s] -- Installing: /home/pau24113/Documents/GitHub/IR2117/ros2_ws/install/cpp_srvcli/share/cpp_srvcli/environment/path.dsv
[0.635s] -- Up-to-date: /home/pau24113/Documents/GitHub/IR2117/ros2_ws/install/cpp_srvcli/share/cpp_srvcli/local_setup.bash
[0.635s] -- Up-to-date: /home/pau24113/Documents/GitHub/IR2117/ros2_ws/install/cpp_srvcli/share/cpp_srvcli/local_setup.sh
[0.635s] -- Up-to-date: /home/pau24113/Documents/GitHub/IR2117/ros2_ws/install/cpp_srvcli/share/cpp_srvcli/local_setup.zsh
[0.635s] -- Installing: /home/pau24113/Documents/GitHub/IR2117/ros2_ws/install/cpp_srvcli/share/cpp_srvcli/local_setup.dsv
[0.635s] -- Installing: /home/pau24113/Documents/GitHub/IR2117/ros2_ws/install/cpp_srvcli/share/cpp_srvcli/package.dsv
[0.635s] -- Up-to-date: /home/pau24113/Documents/GitHub/IR2117/ros2_ws/install/cpp_srvcli/share/ament_index/resource_index/packages/cpp_srvcli
[0.635s] -- Up-to-date: /home/pau24113/Documents/GitHub/IR2117/ros2_ws/install/cpp_srvcli/share/cpp_srvcli/cmake/cpp_srvcliConfig.cmake
[0.635s] -- Up-to-date: /home/pau24113/Documents/GitHub/IR2117/ros2_ws/install/cpp_srvcli/share/cpp_srvcli/cmake/cpp_srvcliConfig-version.cmake
[0.636s] -- Up-to-date: /home/pau24113/Documents/GitHub/IR2117/ros2_ws/install/cpp_srvcli/share/cpp_srvcli/package.xml
[0.638s] Invoked command in '/home/pau24113/Documents/GitHub/IR2117/ros2_ws/build/cpp_srvcli' returned '0': CMAKE_PREFIX_PATH=${CMAKE_PREFIX_PATH}:/opt/ros/foxy /usr/bin/cmake --install /home/pau24113/Documents/GitHub/IR2117/ros2_ws/build/cpp_srvcli
