[0.254s] DEBUG:colcon:Command line arguments: ['/usr/bin/colcon', 'build']
[0.254s] DEBUG:colcon:Parsed command line arguments: Namespace(allow_overriding=[], ament_cmake_args=None, base_paths=['.'], build_base='build', catkin_cmake_args=None, catkin_skip_building_tests=False, cmake_args=None, cmake_clean_cache=False, cmake_clean_first=False, cmake_force_configure=False, cmake_target=None, cmake_target_skip_unavailable=False, continue_on_error=False, event_handlers=None, executor='parallel', ignore_user_meta=False, install_base='install', log_base=None, log_level=None, main=<bound method BuildVerb.main of <colcon_core.verb.build.BuildVerb object at 0x7f54f1777e20>>, merge_install=False, metas=['./colcon.meta'], packages_above=None, packages_above_and_dependencies=None, packages_above_depth=None, packages_end=None, packages_ignore=None, packages_ignore_regex=None, packages_select=None, packages_select_build_failed=False, packages_select_by_dep=None, packages_select_regex=None, packages_select_test_failures=False, packages_skip=None, packages_skip_build_finished=False, packages_skip_by_dep=None, packages_skip_regex=None, packages_skip_test_passed=False, packages_skip_up_to=None, packages_start=None, packages_up_to=None, packages_up_to_regex=None, parallel_workers=16, paths=None, symlink_install=False, test_result_base=None, verb_extension=<colcon_core.verb.build.BuildVerb object at 0x7f54f1777e20>, verb_name='build', verb_parser=<colcon_defaults.argument_parser.defaults.DefaultArgumentsDecorator object at 0x7f54f17813d0>)
[0.275s] Level 1:colcon.colcon_core.package_discovery:discover_packages(colcon_meta) check parameters
[0.275s] Level 1:colcon.colcon_core.package_discovery:discover_packages(recursive) check parameters
[0.275s] Level 1:colcon.colcon_core.package_discovery:discover_packages(ignore) check parameters
[0.275s] Level 1:colcon.colcon_core.package_discovery:discover_packages(path) check parameters
[0.275s] Level 1:colcon.colcon_core.package_discovery:discover_packages(colcon_meta) discover
[0.275s] Level 1:colcon.colcon_core.package_discovery:discover_packages(recursive) discover
[0.275s] INFO:colcon.colcon_core.package_discovery:Crawling recursively for packages in '/home/pau24113/Documents/GitHub/IR2117/tb3_ws'
[0.275s] Level 1:colcon.colcon_core.package_identification:_identify(.) by extensions ['ignore', 'ignore_ament_install']
[0.275s] Level 1:colcon.colcon_core.package_identification:_identify(.) by extension 'ignore'
[0.275s] Level 1:colcon.colcon_core.package_identification:_identify(.) by extension 'ignore_ament_install'
[0.275s] Level 1:colcon.colcon_core.package_identification:_identify(.) by extensions ['colcon_pkg']
[0.275s] Level 1:colcon.colcon_core.package_identification:_identify(.) by extension 'colcon_pkg'
[0.275s] Level 1:colcon.colcon_core.package_identification:_identify(.) by extensions ['colcon_meta']
[0.275s] Level 1:colcon.colcon_core.package_identification:_identify(.) by extension 'colcon_meta'
[0.275s] Level 1:colcon.colcon_core.package_identification:_identify(.) by extensions ['ros']
[0.275s] Level 1:colcon.colcon_core.package_identification:_identify(.) by extension 'ros'
[0.288s] Level 1:colcon.colcon_core.package_identification:_identify(.) by extensions ['cmake', 'python']
[0.288s] Level 1:colcon.colcon_core.package_identification:_identify(.) by extension 'cmake'
[0.288s] Level 1:colcon.colcon_core.package_identification:_identify(.) by extension 'python'
[0.289s] Level 1:colcon.colcon_core.package_identification:_identify(.) by extensions ['python_setup_py']
[0.289s] Level 1:colcon.colcon_core.package_identification:_identify(.) by extension 'python_setup_py'
[0.289s] Level 1:colcon.colcon_core.package_identification:_identify(build) by extensions ['ignore', 'ignore_ament_install']
[0.289s] Level 1:colcon.colcon_core.package_identification:_identify(build) by extension 'ignore'
[0.289s] Level 1:colcon.colcon_core.package_identification:_identify(build) ignored
[0.289s] Level 1:colcon.colcon_core.package_identification:_identify(install) by extensions ['ignore', 'ignore_ament_install']
[0.289s] Level 1:colcon.colcon_core.package_identification:_identify(install) by extension 'ignore'
[0.289s] Level 1:colcon.colcon_core.package_identification:_identify(install) ignored
[0.289s] Level 1:colcon.colcon_core.package_identification:_identify(log) by extensions ['ignore', 'ignore_ament_install']
[0.289s] Level 1:colcon.colcon_core.package_identification:_identify(log) by extension 'ignore'
[0.289s] Level 1:colcon.colcon_core.package_identification:_identify(log) ignored
[0.289s] Level 1:colcon.colcon_core.package_identification:_identify(src) by extensions ['ignore', 'ignore_ament_install']
[0.289s] Level 1:colcon.colcon_core.package_identification:_identify(src) by extension 'ignore'
[0.289s] Level 1:colcon.colcon_core.package_identification:_identify(src) by extension 'ignore_ament_install'
[0.289s] Level 1:colcon.colcon_core.package_identification:_identify(src) by extensions ['colcon_pkg']
[0.289s] Level 1:colcon.colcon_core.package_identification:_identify(src) by extension 'colcon_pkg'
[0.290s] Level 1:colcon.colcon_core.package_identification:_identify(src) by extensions ['colcon_meta']
[0.290s] Level 1:colcon.colcon_core.package_identification:_identify(src) by extension 'colcon_meta'
[0.290s] Level 1:colcon.colcon_core.package_identification:_identify(src) by extensions ['ros']
[0.290s] Level 1:colcon.colcon_core.package_identification:_identify(src) by extension 'ros'
[0.290s] Level 1:colcon.colcon_core.package_identification:_identify(src) by extensions ['cmake', 'python']
[0.290s] Level 1:colcon.colcon_core.package_identification:_identify(src) by extension 'cmake'
[0.290s] Level 1:colcon.colcon_core.package_identification:_identify(src) by extension 'python'
[0.290s] Level 1:colcon.colcon_core.package_identification:_identify(src) by extensions ['python_setup_py']
[0.290s] Level 1:colcon.colcon_core.package_identification:_identify(src) by extension 'python_setup_py'
[0.290s] Level 1:colcon.colcon_core.package_identification:_identify(src/build) by extensions ['ignore', 'ignore_ament_install']
[0.290s] Level 1:colcon.colcon_core.package_identification:_identify(src/build) by extension 'ignore'
[0.290s] Level 1:colcon.colcon_core.package_identification:_identify(src/build) ignored
[0.290s] Level 1:colcon.colcon_core.package_identification:_identify(src/install) by extensions ['ignore', 'ignore_ament_install']
[0.290s] Level 1:colcon.colcon_core.package_identification:_identify(src/install) by extension 'ignore'
[0.290s] Level 1:colcon.colcon_core.package_identification:_identify(src/install) ignored
[0.290s] Level 1:colcon.colcon_core.package_identification:_identify(src/log) by extensions ['ignore', 'ignore_ament_install']
[0.290s] Level 1:colcon.colcon_core.package_identification:_identify(src/log) by extension 'ignore'
[0.290s] Level 1:colcon.colcon_core.package_identification:_identify(src/log) ignored
[0.290s] Level 1:colcon.colcon_core.package_identification:_identify(src/obstacles) by extensions ['ignore', 'ignore_ament_install']
[0.290s] Level 1:colcon.colcon_core.package_identification:_identify(src/obstacles) by extension 'ignore'
[0.291s] Level 1:colcon.colcon_core.package_identification:_identify(src/obstacles) by extension 'ignore_ament_install'
[0.291s] Level 1:colcon.colcon_core.package_identification:_identify(src/obstacles) by extensions ['colcon_pkg']
[0.291s] Level 1:colcon.colcon_core.package_identification:_identify(src/obstacles) by extension 'colcon_pkg'
[0.291s] Level 1:colcon.colcon_core.package_identification:_identify(src/obstacles) by extensions ['colcon_meta']
[0.291s] Level 1:colcon.colcon_core.package_identification:_identify(src/obstacles) by extension 'colcon_meta'
[0.291s] Level 1:colcon.colcon_core.package_identification:_identify(src/obstacles) by extensions ['ros']
[0.291s] Level 1:colcon.colcon_core.package_identification:_identify(src/obstacles) by extension 'ros'
[0.293s] DEBUG:colcon.colcon_core.package_identification:Package 'src/obstacles' with type 'ros.ament_cmake' and name 'obstacles'
[0.293s] Level 1:colcon.colcon_core.package_identification:_identify(src/olympic) by extensions ['ignore', 'ignore_ament_install']
[0.293s] Level 1:colcon.colcon_core.package_identification:_identify(src/olympic) by extension 'ignore'
[0.293s] Level 1:colcon.colcon_core.package_identification:_identify(src/olympic) by extension 'ignore_ament_install'
[0.293s] Level 1:colcon.colcon_core.package_identification:_identify(src/olympic) by extensions ['colcon_pkg']
[0.293s] Level 1:colcon.colcon_core.package_identification:_identify(src/olympic) by extension 'colcon_pkg'
[0.294s] Level 1:colcon.colcon_core.package_identification:_identify(src/olympic) by extensions ['colcon_meta']
[0.294s] Level 1:colcon.colcon_core.package_identification:_identify(src/olympic) by extension 'colcon_meta'
[0.294s] Level 1:colcon.colcon_core.package_identification:_identify(src/olympic) by extensions ['ros']
[0.294s] Level 1:colcon.colcon_core.package_identification:_identify(src/olympic) by extension 'ros'
[0.294s] DEBUG:colcon.colcon_core.package_identification:Package 'src/olympic' with type 'ros.ament_cmake' and name 'olympic'
[0.294s] Level 1:colcon.colcon_core.package_identification:_identify(src/olympic_interfaces) by extensions ['ignore', 'ignore_ament_install']
[0.294s] Level 1:colcon.colcon_core.package_identification:_identify(src/olympic_interfaces) by extension 'ignore'
[0.295s] Level 1:colcon.colcon_core.package_identification:_identify(src/olympic_interfaces) by extension 'ignore_ament_install'
[0.295s] Level 1:colcon.colcon_core.package_identification:_identify(src/olympic_interfaces) by extensions ['colcon_pkg']
[0.295s] Level 1:colcon.colcon_core.package_identification:_identify(src/olympic_interfaces) by extension 'colcon_pkg'
[0.295s] Level 1:colcon.colcon_core.package_identification:_identify(src/olympic_interfaces) by extensions ['colcon_meta']
[0.295s] Level 1:colcon.colcon_core.package_identification:_identify(src/olympic_interfaces) by extension 'colcon_meta'
[0.295s] Level 1:colcon.colcon_core.package_identification:_identify(src/olympic_interfaces) by extensions ['ros']
[0.295s] Level 1:colcon.colcon_core.package_identification:_identify(src/olympic_interfaces) by extension 'ros'
[0.295s] DEBUG:colcon.colcon_core.package_identification:Package 'src/olympic_interfaces' with type 'ros.ament_cmake' and name 'olympic_interfaces'
[0.295s] Level 1:colcon.colcon_core.package_identification:_identify(src/robot_trajectory) by extensions ['ignore', 'ignore_ament_install']
[0.296s] Level 1:colcon.colcon_core.package_identification:_identify(src/robot_trajectory) by extension 'ignore'
[0.296s] Level 1:colcon.colcon_core.package_identification:_identify(src/robot_trajectory) by extension 'ignore_ament_install'
[0.296s] Level 1:colcon.colcon_core.package_identification:_identify(src/robot_trajectory) by extensions ['colcon_pkg']
[0.296s] Level 1:colcon.colcon_core.package_identification:_identify(src/robot_trajectory) by extension 'colcon_pkg'
[0.296s] Level 1:colcon.colcon_core.package_identification:_identify(src/robot_trajectory) by extensions ['colcon_meta']
[0.296s] Level 1:colcon.colcon_core.package_identification:_identify(src/robot_trajectory) by extension 'colcon_meta'
[0.296s] Level 1:colcon.colcon_core.package_identification:_identify(src/robot_trajectory) by extensions ['ros']
[0.296s] Level 1:colcon.colcon_core.package_identification:_identify(src/robot_trajectory) by extension 'ros'
[0.296s] DEBUG:colcon.colcon_core.package_identification:Package 'src/robot_trajectory' with type 'ros.ament_cmake' and name 'robot_trajectory'
[0.296s] Level 1:colcon.colcon_core.package_discovery:discover_packages(recursive) using defaults
[0.296s] Level 1:colcon.colcon_core.package_discovery:discover_packages(ignore) discover
[0.296s] Level 1:colcon.colcon_core.package_discovery:discover_packages(ignore) using defaults
[0.296s] Level 1:colcon.colcon_core.package_discovery:discover_packages(path) discover
[0.296s] Level 1:colcon.colcon_core.package_discovery:discover_packages(path) using defaults
[0.312s] Level 1:colcon.colcon_core.package_discovery:discover_packages(prefix_path) check parameters
[0.312s] Level 1:colcon.colcon_core.package_discovery:discover_packages(prefix_path) discover
[0.314s] DEBUG:colcon.colcon_installed_package_information.package_discovery:Found 5 installed packages in /home/pau24113/Documents/GitHub/IR2117/tb3_ws/install
[0.315s] DEBUG:colcon.colcon_installed_package_information.package_discovery:Found 3 installed packages in /home/pau24113/Documents/GitHub/IR2117/tb3_ws/src/install
[0.316s] DEBUG:colcon.colcon_installed_package_information.package_discovery:Found 0 installed packages in /home/pau24113/Documents/GitHub/IR2117/tb3_ws/src/obstacles/src/install
[0.317s] DEBUG:colcon.colcon_installed_package_information.package_discovery:Found 293 installed packages in /opt/ros/foxy
[0.318s] Level 1:colcon.colcon_core.package_discovery:discover_packages(prefix_path) using defaults
[0.381s] Level 5:colcon.colcon_core.verb:set package 'obstacles' build argument 'cmake_args' from command line to 'None'
[0.381s] Level 5:colcon.colcon_core.verb:set package 'obstacles' build argument 'cmake_target' from command line to 'None'
[0.381s] Level 5:colcon.colcon_core.verb:set package 'obstacles' build argument 'cmake_target_skip_unavailable' from command line to 'False'
[0.381s] Level 5:colcon.colcon_core.verb:set package 'obstacles' build argument 'cmake_clean_cache' from command line to 'False'
[0.381s] Level 5:colcon.colcon_core.verb:set package 'obstacles' build argument 'cmake_clean_first' from command line to 'False'
[0.381s] Level 5:colcon.colcon_core.verb:set package 'obstacles' build argument 'cmake_force_configure' from command line to 'False'
[0.381s] Level 5:colcon.colcon_core.verb:set package 'obstacles' build argument 'ament_cmake_args' from command line to 'None'
[0.381s] Level 5:colcon.colcon_core.verb:set package 'obstacles' build argument 'catkin_cmake_args' from command line to 'None'
[0.382s] Level 5:colcon.colcon_core.verb:set package 'obstacles' build argument 'catkin_skip_building_tests' from command line to 'False'
[0.382s] DEBUG:colcon.colcon_core.verb:Building package 'obstacles' with the following arguments: {'ament_cmake_args': None, 'build_base': '/home/pau24113/Documents/GitHub/IR2117/tb3_ws/build/obstacles', 'catkin_cmake_args': None, 'catkin_skip_building_tests': False, 'cmake_args': None, 'cmake_clean_cache': False, 'cmake_clean_first': False, 'cmake_force_configure': False, 'cmake_target': None, 'cmake_target_skip_unavailable': False, 'install_base': '/home/pau24113/Documents/GitHub/IR2117/tb3_ws/install/obstacles', 'merge_install': False, 'path': '/home/pau24113/Documents/GitHub/IR2117/tb3_ws/src/obstacles', 'symlink_install': False, 'test_result_base': None}
[0.382s] Level 5:colcon.colcon_core.verb:set package 'olympic_interfaces' build argument 'cmake_args' from command line to 'None'
[0.382s] Level 5:colcon.colcon_core.verb:set package 'olympic_interfaces' build argument 'cmake_target' from command line to 'None'
[0.382s] Level 5:colcon.colcon_core.verb:set package 'olympic_interfaces' build argument 'cmake_target_skip_unavailable' from command line to 'False'
[0.383s] Level 5:colcon.colcon_core.verb:set package 'olympic_interfaces' build argument 'cmake_clean_cache' from command line to 'False'
[0.383s] Level 5:colcon.colcon_core.verb:set package 'olympic_interfaces' build argument 'cmake_clean_first' from command line to 'False'
[0.383s] Level 5:colcon.colcon_core.verb:set package 'olympic_interfaces' build argument 'cmake_force_configure' from command line to 'False'
[0.383s] Level 5:colcon.colcon_core.verb:set package 'olympic_interfaces' build argument 'ament_cmake_args' from command line to 'None'
[0.383s] Level 5:colcon.colcon_core.verb:set package 'olympic_interfaces' build argument 'catkin_cmake_args' from command line to 'None'
[0.383s] Level 5:colcon.colcon_core.verb:set package 'olympic_interfaces' build argument 'catkin_skip_building_tests' from command line to 'False'
[0.383s] DEBUG:colcon.colcon_core.verb:Building package 'olympic_interfaces' with the following arguments: {'ament_cmake_args': None, 'build_base': '/home/pau24113/Documents/GitHub/IR2117/tb3_ws/build/olympic_interfaces', 'catkin_cmake_args': None, 'catkin_skip_building_tests': False, 'cmake_args': None, 'cmake_clean_cache': False, 'cmake_clean_first': False, 'cmake_force_configure': False, 'cmake_target': None, 'cmake_target_skip_unavailable': False, 'install_base': '/home/pau24113/Documents/GitHub/IR2117/tb3_ws/install/olympic_interfaces', 'merge_install': False, 'path': '/home/pau24113/Documents/GitHub/IR2117/tb3_ws/src/olympic_interfaces', 'symlink_install': False, 'test_result_base': None}
[0.384s] Level 5:colcon.colcon_core.verb:set package 'robot_trajectory' build argument 'cmake_args' from command line to 'None'
[0.384s] Level 5:colcon.colcon_core.verb:set package 'robot_trajectory' build argument 'cmake_target' from command line to 'None'
[0.384s] Level 5:colcon.colcon_core.verb:set package 'robot_trajectory' build argument 'cmake_target_skip_unavailable' from command line to 'False'
[0.384s] Level 5:colcon.colcon_core.verb:set package 'robot_trajectory' build argument 'cmake_clean_cache' from command line to 'False'
[0.384s] Level 5:colcon.colcon_core.verb:set package 'robot_trajectory' build argument 'cmake_clean_first' from command line to 'False'
[0.384s] Level 5:colcon.colcon_core.verb:set package 'robot_trajectory' build argument 'cmake_force_configure' from command line to 'False'
[0.384s] Level 5:colcon.colcon_core.verb:set package 'robot_trajectory' build argument 'ament_cmake_args' from command line to 'None'
[0.384s] Level 5:colcon.colcon_core.verb:set package 'robot_trajectory' build argument 'catkin_cmake_args' from command line to 'None'
[0.384s] Level 5:colcon.colcon_core.verb:set package 'robot_trajectory' build argument 'catkin_skip_building_tests' from command line to 'False'
[0.384s] DEBUG:colcon.colcon_core.verb:Building package 'robot_trajectory' with the following arguments: {'ament_cmake_args': None, 'build_base': '/home/pau24113/Documents/GitHub/IR2117/tb3_ws/build/robot_trajectory', 'catkin_cmake_args': None, 'catkin_skip_building_tests': False, 'cmake_args': None, 'cmake_clean_cache': False, 'cmake_clean_first': False, 'cmake_force_configure': False, 'cmake_target': None, 'cmake_target_skip_unavailable': False, 'install_base': '/home/pau24113/Documents/GitHub/IR2117/tb3_ws/install/robot_trajectory', 'merge_install': False, 'path': '/home/pau24113/Documents/GitHub/IR2117/tb3_ws/src/robot_trajectory', 'symlink_install': False, 'test_result_base': None}
[0.385s] Level 5:colcon.colcon_core.verb:set package 'olympic' build argument 'cmake_args' from command line to 'None'
[0.385s] Level 5:colcon.colcon_core.verb:set package 'olympic' build argument 'cmake_target' from command line to 'None'
[0.385s] Level 5:colcon.colcon_core.verb:set package 'olympic' build argument 'cmake_target_skip_unavailable' from command line to 'False'
[0.385s] Level 5:colcon.colcon_core.verb:set package 'olympic' build argument 'cmake_clean_cache' from command line to 'False'
[0.385s] Level 5:colcon.colcon_core.verb:set package 'olympic' build argument 'cmake_clean_first' from command line to 'False'
[0.385s] Level 5:colcon.colcon_core.verb:set package 'olympic' build argument 'cmake_force_configure' from command line to 'False'
[0.385s] Level 5:colcon.colcon_core.verb:set package 'olympic' build argument 'ament_cmake_args' from command line to 'None'
[0.385s] Level 5:colcon.colcon_core.verb:set package 'olympic' build argument 'catkin_cmake_args' from command line to 'None'
[0.385s] Level 5:colcon.colcon_core.verb:set package 'olympic' build argument 'catkin_skip_building_tests' from command line to 'False'
[0.385s] DEBUG:colcon.colcon_core.verb:Building package 'olympic' with the following arguments: {'ament_cmake_args': None, 'build_base': '/home/pau24113/Documents/GitHub/IR2117/tb3_ws/build/olympic', 'catkin_cmake_args': None, 'catkin_skip_building_tests': False, 'cmake_args': None, 'cmake_clean_cache': False, 'cmake_clean_first': False, 'cmake_force_configure': False, 'cmake_target': None, 'cmake_target_skip_unavailable': False, 'install_base': '/home/pau24113/Documents/GitHub/IR2117/tb3_ws/install/olympic', 'merge_install': False, 'path': '/home/pau24113/Documents/GitHub/IR2117/tb3_ws/src/olympic', 'symlink_install': False, 'test_result_base': None}
[0.386s] INFO:colcon.colcon_core.executor:Executing jobs using 'parallel' executor
[0.388s] DEBUG:colcon.colcon_parallel_executor.executor.parallel:run_until_complete
[0.388s] INFO:colcon.colcon_ros.task.ament_cmake.build:Building ROS package in '/home/pau24113/Documents/GitHub/IR2117/tb3_ws/src/olympic_interfaces' with build type 'ament_cmake'
[0.388s] INFO:colcon.colcon_cmake.task.cmake.build:Building CMake package in '/home/pau24113/Documents/GitHub/IR2117/tb3_ws/src/olympic_interfaces'
[0.392s] INFO:colcon.colcon_core.plugin_system:Skipping extension 'colcon_core.shell.bat': Not used on non-Windows systems
[0.392s] INFO:colcon.colcon_core.shell:Skip shell extension 'powershell' for command environment: Not usable outside of PowerShell
[0.392s] DEBUG:colcon.colcon_core.shell:Skip shell extension 'dsv' for command environment
[0.398s] INFO:colcon.colcon_ros.task.ament_cmake.build:Building ROS package in '/home/pau24113/Documents/GitHub/IR2117/tb3_ws/src/obstacles' with build type 'ament_cmake'
[0.399s] INFO:colcon.colcon_cmake.task.cmake.build:Building CMake package in '/home/pau24113/Documents/GitHub/IR2117/tb3_ws/src/obstacles'
[0.400s] INFO:colcon.colcon_core.shell:Skip shell extension 'powershell' for command environment: Not usable outside of PowerShell
[0.400s] DEBUG:colcon.colcon_core.shell:Skip shell extension 'dsv' for command environment
[0.407s] INFO:colcon.colcon_ros.task.ament_cmake.build:Building ROS package in '/home/pau24113/Documents/GitHub/IR2117/tb3_ws/src/robot_trajectory' with build type 'ament_cmake'
[0.407s] INFO:colcon.colcon_cmake.task.cmake.build:Building CMake package in '/home/pau24113/Documents/GitHub/IR2117/tb3_ws/src/robot_trajectory'
[0.408s] INFO:colcon.colcon_core.shell:Skip shell extension 'powershell' for command environment: Not usable outside of PowerShell
[0.408s] DEBUG:colcon.colcon_core.shell:Skip shell extension 'dsv' for command environment
[0.420s] DEBUG:colcon.colcon_core.event_handler.log_command:Invoking command in '/home/pau24113/Documents/GitHub/IR2117/tb3_ws/build/olympic_interfaces': CMAKE_PREFIX_PATH=${CMAKE_PREFIX_PATH}:/opt/ros/foxy /usr/bin/cmake --build /home/pau24113/Documents/GitHub/IR2117/tb3_ws/build/olympic_interfaces -- -j16 -l16
[0.425s] DEBUG:colcon.colcon_core.event_handler.log_command:Invoking command in '/home/pau24113/Documents/GitHub/IR2117/tb3_ws/build/obstacles': CMAKE_PREFIX_PATH=${CMAKE_PREFIX_PATH}:/opt/ros/foxy /usr/bin/cmake --build /home/pau24113/Documents/GitHub/IR2117/tb3_ws/build/obstacles -- -j16 -l16
[0.430s] DEBUG:colcon.colcon_core.event_handler.log_command:Invoking command in '/home/pau24113/Documents/GitHub/IR2117/tb3_ws/build/robot_trajectory': CMAKE_PREFIX_PATH=${CMAKE_PREFIX_PATH}:/opt/ros/foxy /usr/bin/cmake --build /home/pau24113/Documents/GitHub/IR2117/tb3_ws/build/robot_trajectory -- -j16 -l16
[0.488s] DEBUG:colcon.colcon_core.event_handler.log_command:Invoked command in '/home/pau24113/Documents/GitHub/IR2117/tb3_ws/build/obstacles' returned '0': CMAKE_PREFIX_PATH=${CMAKE_PREFIX_PATH}:/opt/ros/foxy /usr/bin/cmake --build /home/pau24113/Documents/GitHub/IR2117/tb3_ws/build/obstacles -- -j16 -l16
[0.492s] DEBUG:colcon.colcon_core.event_handler.log_command:Invoked command in '/home/pau24113/Documents/GitHub/IR2117/tb3_ws/build/robot_trajectory' returned '0': CMAKE_PREFIX_PATH=${CMAKE_PREFIX_PATH}:/opt/ros/foxy /usr/bin/cmake --build /home/pau24113/Documents/GitHub/IR2117/tb3_ws/build/robot_trajectory -- -j16 -l16
[0.517s] DEBUG:colcon.colcon_core.event_handler.log_command:Invoking command in '/home/pau24113/Documents/GitHub/IR2117/tb3_ws/build/obstacles': CMAKE_PREFIX_PATH=${CMAKE_PREFIX_PATH}:/opt/ros/foxy /usr/bin/cmake --install /home/pau24113/Documents/GitHub/IR2117/tb3_ws/build/obstacles
[0.520s] DEBUG:colcon.colcon_core.event_handler.log_command:Invoking command in '/home/pau24113/Documents/GitHub/IR2117/tb3_ws/build/robot_trajectory': CMAKE_PREFIX_PATH=${CMAKE_PREFIX_PATH}:/opt/ros/foxy /usr/bin/cmake --install /home/pau24113/Documents/GitHub/IR2117/tb3_ws/build/robot_trajectory
[0.526s] Level 1:colcon.colcon_core.environment:create_environment_scripts_only(obstacles)
[0.526s] DEBUG:colcon.colcon_core.event_handler.log_command:Invoked command in '/home/pau24113/Documents/GitHub/IR2117/tb3_ws/build/obstacles' returned '0': CMAKE_PREFIX_PATH=${CMAKE_PREFIX_PATH}:/opt/ros/foxy /usr/bin/cmake --install /home/pau24113/Documents/GitHub/IR2117/tb3_ws/build/obstacles
[0.534s] Level 1:colcon.colcon_core.environment:checking '/home/pau24113/Documents/GitHub/IR2117/tb3_ws/install/obstacles' for CMake module files
[0.534s] Level 1:colcon.colcon_core.environment:checking '/home/pau24113/Documents/GitHub/IR2117/tb3_ws/install/obstacles' for CMake config files
[0.535s] Level 1:colcon.colcon_core.shell:create_environment_hook('obstacles', 'cmake_prefix_path')
[0.536s] INFO:colcon.colcon_core.shell:Creating environment hook '/home/pau24113/Documents/GitHub/IR2117/tb3_ws/install/obstacles/share/obstacles/hook/cmake_prefix_path.ps1'
[0.536s] INFO:colcon.colcon_core.shell:Creating environment descriptor '/home/pau24113/Documents/GitHub/IR2117/tb3_ws/install/obstacles/share/obstacles/hook/cmake_prefix_path.dsv'
[0.537s] INFO:colcon.colcon_core.shell:Creating environment hook '/home/pau24113/Documents/GitHub/IR2117/tb3_ws/install/obstacles/share/obstacles/hook/cmake_prefix_path.sh'
[0.537s] Level 1:colcon.colcon_core.environment:checking '/home/pau24113/Documents/GitHub/IR2117/tb3_ws/install/obstacles/lib'
[0.537s] Level 1:colcon.colcon_core.environment:checking '/home/pau24113/Documents/GitHub/IR2117/tb3_ws/install/obstacles/bin'
[0.538s] Level 1:colcon.colcon_core.environment:checking '/home/pau24113/Documents/GitHub/IR2117/tb3_ws/install/obstacles/lib/pkgconfig/obstacles.pc'
[0.538s] Level 1:colcon.colcon_core.environment:checking '/home/pau24113/Documents/GitHub/IR2117/tb3_ws/install/obstacles/lib/python3.8/site-packages'
[0.538s] Level 1:colcon.colcon_core.environment:checking '/home/pau24113/Documents/GitHub/IR2117/tb3_ws/install/obstacles/bin'
[0.539s] INFO:colcon.colcon_core.shell:Creating package script '/home/pau24113/Documents/GitHub/IR2117/tb3_ws/install/obstacles/share/obstacles/package.ps1'
[0.540s] INFO:colcon.colcon_core.shell:Creating package descriptor '/home/pau24113/Documents/GitHub/IR2117/tb3_ws/install/obstacles/share/obstacles/package.dsv'
[0.540s] INFO:colcon.colcon_core.shell:Creating package script '/home/pau24113/Documents/GitHub/IR2117/tb3_ws/install/obstacles/share/obstacles/package.sh'
[0.541s] INFO:colcon.colcon_core.shell:Creating package script '/home/pau24113/Documents/GitHub/IR2117/tb3_ws/install/obstacles/share/obstacles/package.bash'
[0.541s] INFO:colcon.colcon_core.shell:Creating package script '/home/pau24113/Documents/GitHub/IR2117/tb3_ws/install/obstacles/share/obstacles/package.zsh'
[0.542s] Level 1:colcon.colcon_core.environment:create_file_with_runtime_dependencies(/home/pau24113/Documents/GitHub/IR2117/tb3_ws/install/obstacles/share/colcon-core/packages/obstacles)
[0.545s] Level 1:colcon.colcon_core.environment:create_environment_scripts_only(robot_trajectory)
[0.547s] Level 1:colcon.colcon_core.environment:checking '/home/pau24113/Documents/GitHub/IR2117/tb3_ws/install/robot_trajectory' for CMake module files
[0.548s] DEBUG:colcon.colcon_core.event_handler.log_command:Invoked command in '/home/pau24113/Documents/GitHub/IR2117/tb3_ws/build/robot_trajectory' returned '0': CMAKE_PREFIX_PATH=${CMAKE_PREFIX_PATH}:/opt/ros/foxy /usr/bin/cmake --install /home/pau24113/Documents/GitHub/IR2117/tb3_ws/build/robot_trajectory
[0.548s] Level 1:colcon.colcon_core.environment:checking '/home/pau24113/Documents/GitHub/IR2117/tb3_ws/install/robot_trajectory' for CMake config files
[0.548s] Level 1:colcon.colcon_core.shell:create_environment_hook('robot_trajectory', 'cmake_prefix_path')
[0.549s] INFO:colcon.colcon_core.shell:Creating environment hook '/home/pau24113/Documents/GitHub/IR2117/tb3_ws/install/robot_trajectory/share/robot_trajectory/hook/cmake_prefix_path.ps1'
[0.550s] INFO:colcon.colcon_core.shell:Creating environment descriptor '/home/pau24113/Documents/GitHub/IR2117/tb3_ws/install/robot_trajectory/share/robot_trajectory/hook/cmake_prefix_path.dsv'
[0.550s] INFO:colcon.colcon_core.shell:Creating environment hook '/home/pau24113/Documents/GitHub/IR2117/tb3_ws/install/robot_trajectory/share/robot_trajectory/hook/cmake_prefix_path.sh'
[0.550s] Level 1:colcon.colcon_core.environment:checking '/home/pau24113/Documents/GitHub/IR2117/tb3_ws/install/robot_trajectory/lib'
[0.551s] Level 1:colcon.colcon_core.environment:checking '/home/pau24113/Documents/GitHub/IR2117/tb3_ws/install/robot_trajectory/bin'
[0.551s] Level 1:colcon.colcon_core.environment:checking '/home/pau24113/Documents/GitHub/IR2117/tb3_ws/install/robot_trajectory/lib/pkgconfig/robot_trajectory.pc'
[0.551s] Level 1:colcon.colcon_core.environment:checking '/home/pau24113/Documents/GitHub/IR2117/tb3_ws/install/robot_trajectory/lib/python3.8/site-packages'
[0.551s] Level 1:colcon.colcon_core.environment:checking '/home/pau24113/Documents/GitHub/IR2117/tb3_ws/install/robot_trajectory/bin'
[0.552s] INFO:colcon.colcon_core.shell:Creating package script '/home/pau24113/Documents/GitHub/IR2117/tb3_ws/install/robot_trajectory/share/robot_trajectory/package.ps1'
[0.553s] INFO:colcon.colcon_core.shell:Creating package descriptor '/home/pau24113/Documents/GitHub/IR2117/tb3_ws/install/robot_trajectory/share/robot_trajectory/package.dsv'
[0.553s] INFO:colcon.colcon_core.shell:Creating package script '/home/pau24113/Documents/GitHub/IR2117/tb3_ws/install/robot_trajectory/share/robot_trajectory/package.sh'
[0.553s] INFO:colcon.colcon_core.shell:Creating package script '/home/pau24113/Documents/GitHub/IR2117/tb3_ws/install/robot_trajectory/share/robot_trajectory/package.bash'
[0.554s] INFO:colcon.colcon_core.shell:Creating package script '/home/pau24113/Documents/GitHub/IR2117/tb3_ws/install/robot_trajectory/share/robot_trajectory/package.zsh'
[0.554s] Level 1:colcon.colcon_core.environment:create_file_with_runtime_dependencies(/home/pau24113/Documents/GitHub/IR2117/tb3_ws/install/robot_trajectory/share/colcon-core/packages/robot_trajectory)
[0.561s] Level 1:colcon.colcon_core.environment:create_environment_scripts_only(obstacles)
[0.563s] Level 1:colcon.colcon_core.environment:checking '/home/pau24113/Documents/GitHub/IR2117/tb3_ws/install/obstacles' for CMake module files
[0.564s] Level 1:colcon.colcon_core.environment:checking '/home/pau24113/Documents/GitHub/IR2117/tb3_ws/install/obstacles' for CMake config files
[0.564s] Level 1:colcon.colcon_core.shell:create_environment_hook('obstacles', 'cmake_prefix_path')
[0.566s] INFO:colcon.colcon_core.shell:Creating environment hook '/home/pau24113/Documents/GitHub/IR2117/tb3_ws/install/obstacles/share/obstacles/hook/cmake_prefix_path.ps1'
[0.566s] INFO:colcon.colcon_core.shell:Creating environment descriptor '/home/pau24113/Documents/GitHub/IR2117/tb3_ws/install/obstacles/share/obstacles/hook/cmake_prefix_path.dsv'
[0.566s] INFO:colcon.colcon_core.shell:Creating environment hook '/home/pau24113/Documents/GitHub/IR2117/tb3_ws/install/obstacles/share/obstacles/hook/cmake_prefix_path.sh'
[0.567s] Level 1:colcon.colcon_core.environment:checking '/home/pau24113/Documents/GitHub/IR2117/tb3_ws/install/obstacles/lib'
[0.567s] Level 1:colcon.colcon_core.environment:checking '/home/pau24113/Documents/GitHub/IR2117/tb3_ws/install/obstacles/bin'
[0.567s] Level 1:colcon.colcon_core.environment:checking '/home/pau24113/Documents/GitHub/IR2117/tb3_ws/install/obstacles/lib/pkgconfig/obstacles.pc'
[0.567s] Level 1:colcon.colcon_core.environment:checking '/home/pau24113/Documents/GitHub/IR2117/tb3_ws/install/obstacles/lib/python3.8/site-packages'
[0.567s] Level 1:colcon.colcon_core.environment:checking '/home/pau24113/Documents/GitHub/IR2117/tb3_ws/install/obstacles/bin'
[0.569s] INFO:colcon.colcon_core.shell:Creating package script '/home/pau24113/Documents/GitHub/IR2117/tb3_ws/install/obstacles/share/obstacles/package.ps1'
[0.569s] INFO:colcon.colcon_core.shell:Creating package descriptor '/home/pau24113/Documents/GitHub/IR2117/tb3_ws/install/obstacles/share/obstacles/package.dsv'
[0.570s] INFO:colcon.colcon_core.shell:Creating package script '/home/pau24113/Documents/GitHub/IR2117/tb3_ws/install/obstacles/share/obstacles/package.sh'
[0.570s] INFO:colcon.colcon_core.shell:Creating package script '/home/pau24113/Documents/GitHub/IR2117/tb3_ws/install/obstacles/share/obstacles/package.bash'
[0.570s] INFO:colcon.colcon_core.shell:Creating package script '/home/pau24113/Documents/GitHub/IR2117/tb3_ws/install/obstacles/share/obstacles/package.zsh'
[0.571s] Level 1:colcon.colcon_core.environment:create_file_with_runtime_dependencies(/home/pau24113/Documents/GitHub/IR2117/tb3_ws/install/obstacles/share/colcon-core/packages/obstacles)
[0.576s] Level 1:colcon.colcon_core.environment:create_environment_scripts_only(robot_trajectory)
[0.578s] Level 1:colcon.colcon_core.environment:checking '/home/pau24113/Documents/GitHub/IR2117/tb3_ws/install/robot_trajectory' for CMake module files
[0.578s] Level 1:colcon.colcon_core.environment:checking '/home/pau24113/Documents/GitHub/IR2117/tb3_ws/install/robot_trajectory' for CMake config files
[0.578s] Level 1:colcon.colcon_core.shell:create_environment_hook('robot_trajectory', 'cmake_prefix_path')
[0.580s] INFO:colcon.colcon_core.shell:Creating environment hook '/home/pau24113/Documents/GitHub/IR2117/tb3_ws/install/robot_trajectory/share/robot_trajectory/hook/cmake_prefix_path.ps1'
[0.580s] INFO:colcon.colcon_core.shell:Creating environment descriptor '/home/pau24113/Documents/GitHub/IR2117/tb3_ws/install/robot_trajectory/share/robot_trajectory/hook/cmake_prefix_path.dsv'
[0.581s] INFO:colcon.colcon_core.shell:Creating environment hook '/home/pau24113/Documents/GitHub/IR2117/tb3_ws/install/robot_trajectory/share/robot_trajectory/hook/cmake_prefix_path.sh'
[0.581s] Level 1:colcon.colcon_core.environment:checking '/home/pau24113/Documents/GitHub/IR2117/tb3_ws/install/robot_trajectory/lib'
[0.581s] Level 1:colcon.colcon_core.environment:checking '/home/pau24113/Documents/GitHub/IR2117/tb3_ws/install/robot_trajectory/bin'
[0.581s] Level 1:colcon.colcon_core.environment:checking '/home/pau24113/Documents/GitHub/IR2117/tb3_ws/install/robot_trajectory/lib/pkgconfig/robot_trajectory.pc'
[0.581s] Level 1:colcon.colcon_core.environment:checking '/home/pau24113/Documents/GitHub/IR2117/tb3_ws/install/robot_trajectory/lib/python3.8/site-packages'
[0.581s] Level 1:colcon.colcon_core.environment:checking '/home/pau24113/Documents/GitHub/IR2117/tb3_ws/install/robot_trajectory/bin'
[0.583s] INFO:colcon.colcon_core.shell:Creating package script '/home/pau24113/Documents/GitHub/IR2117/tb3_ws/install/robot_trajectory/share/robot_trajectory/package.ps1'
[0.583s] INFO:colcon.colcon_core.shell:Creating package descriptor '/home/pau24113/Documents/GitHub/IR2117/tb3_ws/install/robot_trajectory/share/robot_trajectory/package.dsv'
[0.584s] INFO:colcon.colcon_core.shell:Creating package script '/home/pau24113/Documents/GitHub/IR2117/tb3_ws/install/robot_trajectory/share/robot_trajectory/package.sh'
[0.584s] INFO:colcon.colcon_core.shell:Creating package script '/home/pau24113/Documents/GitHub/IR2117/tb3_ws/install/robot_trajectory/share/robot_trajectory/package.bash'
[0.584s] INFO:colcon.colcon_core.shell:Creating package script '/home/pau24113/Documents/GitHub/IR2117/tb3_ws/install/robot_trajectory/share/robot_trajectory/package.zsh'
[0.584s] Level 1:colcon.colcon_core.environment:create_file_with_runtime_dependencies(/home/pau24113/Documents/GitHub/IR2117/tb3_ws/install/robot_trajectory/share/colcon-core/packages/robot_trajectory)
[0.589s] DEBUG:colcon.colcon_core.event_handler.log_command:Invoked command in '/home/pau24113/Documents/GitHub/IR2117/tb3_ws/build/olympic_interfaces' returned '0': CMAKE_PREFIX_PATH=${CMAKE_PREFIX_PATH}:/opt/ros/foxy /usr/bin/cmake --build /home/pau24113/Documents/GitHub/IR2117/tb3_ws/build/olympic_interfaces -- -j16 -l16
[0.621s] DEBUG:colcon.colcon_core.event_handler.log_command:Invoking command in '/home/pau24113/Documents/GitHub/IR2117/tb3_ws/build/olympic_interfaces': CMAKE_PREFIX_PATH=${CMAKE_PREFIX_PATH}:/opt/ros/foxy /usr/bin/cmake --install /home/pau24113/Documents/GitHub/IR2117/tb3_ws/build/olympic_interfaces
[0.660s] Level 1:colcon.colcon_core.environment:create_environment_scripts_only(olympic_interfaces)
[0.660s] DEBUG:colcon.colcon_core.event_handler.log_command:Invoked command in '/home/pau24113/Documents/GitHub/IR2117/tb3_ws/build/olympic_interfaces' returned '0': CMAKE_PREFIX_PATH=${CMAKE_PREFIX_PATH}:/opt/ros/foxy /usr/bin/cmake --install /home/pau24113/Documents/GitHub/IR2117/tb3_ws/build/olympic_interfaces
[0.662s] Level 1:colcon.colcon_core.environment:checking '/home/pau24113/Documents/GitHub/IR2117/tb3_ws/install/olympic_interfaces' for CMake module files
[0.662s] Level 1:colcon.colcon_core.environment:checking '/home/pau24113/Documents/GitHub/IR2117/tb3_ws/install/olympic_interfaces' for CMake config files
[0.663s] Level 1:colcon.colcon_core.shell:create_environment_hook('olympic_interfaces', 'cmake_prefix_path')
[0.664s] INFO:colcon.colcon_core.shell:Creating environment hook '/home/pau24113/Documents/GitHub/IR2117/tb3_ws/install/olympic_interfaces/share/olympic_interfaces/hook/cmake_prefix_path.ps1'
[0.664s] INFO:colcon.colcon_core.shell:Creating environment descriptor '/home/pau24113/Documents/GitHub/IR2117/tb3_ws/install/olympic_interfaces/share/olympic_interfaces/hook/cmake_prefix_path.dsv'
[0.665s] INFO:colcon.colcon_core.shell:Creating environment hook '/home/pau24113/Documents/GitHub/IR2117/tb3_ws/install/olympic_interfaces/share/olympic_interfaces/hook/cmake_prefix_path.sh'
[0.665s] Level 1:colcon.colcon_core.environment:checking '/home/pau24113/Documents/GitHub/IR2117/tb3_ws/install/olympic_interfaces/lib'
[0.665s] Level 1:colcon.colcon_core.shell:create_environment_hook('olympic_interfaces', 'ld_library_path_lib')
[0.666s] INFO:colcon.colcon_core.shell:Creating environment hook '/home/pau24113/Documents/GitHub/IR2117/tb3_ws/install/olympic_interfaces/share/olympic_interfaces/hook/ld_library_path_lib.ps1'
[0.666s] INFO:colcon.colcon_core.shell:Creating environment descriptor '/home/pau24113/Documents/GitHub/IR2117/tb3_ws/install/olympic_interfaces/share/olympic_interfaces/hook/ld_library_path_lib.dsv'
[0.667s] INFO:colcon.colcon_core.shell:Creating environment hook '/home/pau24113/Documents/GitHub/IR2117/tb3_ws/install/olympic_interfaces/share/olympic_interfaces/hook/ld_library_path_lib.sh'
[0.667s] Level 1:colcon.colcon_core.environment:checking '/home/pau24113/Documents/GitHub/IR2117/tb3_ws/install/olympic_interfaces/bin'
[0.667s] Level 1:colcon.colcon_core.environment:checking '/home/pau24113/Documents/GitHub/IR2117/tb3_ws/install/olympic_interfaces/lib/pkgconfig/olympic_interfaces.pc'
[0.667s] Level 1:colcon.colcon_core.environment:checking '/home/pau24113/Documents/GitHub/IR2117/tb3_ws/install/olympic_interfaces/lib/python3.8/site-packages'
[0.667s] Level 1:colcon.colcon_core.shell:create_environment_hook('olympic_interfaces', 'pythonpath')
[0.668s] INFO:colcon.colcon_core.shell:Creating environment hook '/home/pau24113/Documents/GitHub/IR2117/tb3_ws/install/olympic_interfaces/share/olympic_interfaces/hook/pythonpath.ps1'
[0.669s] INFO:colcon.colcon_core.shell:Creating environment descriptor '/home/pau24113/Documents/GitHub/IR2117/tb3_ws/install/olympic_interfaces/share/olympic_interfaces/hook/pythonpath.dsv'
[0.669s] INFO:colcon.colcon_core.shell:Creating environment hook '/home/pau24113/Documents/GitHub/IR2117/tb3_ws/install/olympic_interfaces/share/olympic_interfaces/hook/pythonpath.sh'
[0.669s] Level 1:colcon.colcon_core.environment:checking '/home/pau24113/Documents/GitHub/IR2117/tb3_ws/install/olympic_interfaces/bin'
[0.670s] INFO:colcon.colcon_core.shell:Creating package script '/home/pau24113/Documents/GitHub/IR2117/tb3_ws/install/olympic_interfaces/share/olympic_interfaces/package.ps1'
[0.671s] INFO:colcon.colcon_core.shell:Creating package descriptor '/home/pau24113/Documents/GitHub/IR2117/tb3_ws/install/olympic_interfaces/share/olympic_interfaces/package.dsv'
[0.671s] INFO:colcon.colcon_core.shell:Creating package script '/home/pau24113/Documents/GitHub/IR2117/tb3_ws/install/olympic_interfaces/share/olympic_interfaces/package.sh'
[0.671s] INFO:colcon.colcon_core.shell:Creating package script '/home/pau24113/Documents/GitHub/IR2117/tb3_ws/install/olympic_interfaces/share/olympic_interfaces/package.bash'
[0.672s] INFO:colcon.colcon_core.shell:Creating package script '/home/pau24113/Documents/GitHub/IR2117/tb3_ws/install/olympic_interfaces/share/olympic_interfaces/package.zsh'
[0.672s] Level 1:colcon.colcon_core.environment:create_file_with_runtime_dependencies(/home/pau24113/Documents/GitHub/IR2117/tb3_ws/install/olympic_interfaces/share/colcon-core/packages/olympic_interfaces)
[0.703s] Level 1:colcon.colcon_core.environment:create_environment_scripts_only(olympic_interfaces)
[0.704s] Level 1:colcon.colcon_core.environment:checking '/home/pau24113/Documents/GitHub/IR2117/tb3_ws/install/olympic_interfaces' for CMake module files
[0.705s] Level 1:colcon.colcon_core.environment:checking '/home/pau24113/Documents/GitHub/IR2117/tb3_ws/install/olympic_interfaces' for CMake config files
[0.705s] Level 1:colcon.colcon_core.shell:create_environment_hook('olympic_interfaces', 'cmake_prefix_path')
[0.706s] INFO:colcon.colcon_core.shell:Creating environment hook '/home/pau24113/Documents/GitHub/IR2117/tb3_ws/install/olympic_interfaces/share/olympic_interfaces/hook/cmake_prefix_path.ps1'
[0.706s] INFO:colcon.colcon_core.shell:Creating environment descriptor '/home/pau24113/Documents/GitHub/IR2117/tb3_ws/install/olympic_interfaces/share/olympic_interfaces/hook/cmake_prefix_path.dsv'
[0.707s] INFO:colcon.colcon_core.shell:Creating environment hook '/home/pau24113/Documents/GitHub/IR2117/tb3_ws/install/olympic_interfaces/share/olympic_interfaces/hook/cmake_prefix_path.sh'
[0.707s] Level 1:colcon.colcon_core.environment:checking '/home/pau24113/Documents/GitHub/IR2117/tb3_ws/install/olympic_interfaces/lib'
[0.707s] Level 1:colcon.colcon_core.shell:create_environment_hook('olympic_interfaces', 'ld_library_path_lib')
[0.708s] INFO:colcon.colcon_core.shell:Creating environment hook '/home/pau24113/Documents/GitHub/IR2117/tb3_ws/install/olympic_interfaces/share/olympic_interfaces/hook/ld_library_path_lib.ps1'
[0.708s] INFO:colcon.colcon_core.shell:Creating environment descriptor '/home/pau24113/Documents/GitHub/IR2117/tb3_ws/install/olympic_interfaces/share/olympic_interfaces/hook/ld_library_path_lib.dsv'
[0.709s] INFO:colcon.colcon_core.shell:Creating environment hook '/home/pau24113/Documents/GitHub/IR2117/tb3_ws/install/olympic_interfaces/share/olympic_interfaces/hook/ld_library_path_lib.sh'
[0.709s] Level 1:colcon.colcon_core.environment:checking '/home/pau24113/Documents/GitHub/IR2117/tb3_ws/install/olympic_interfaces/bin'
[0.709s] Level 1:colcon.colcon_core.environment:checking '/home/pau24113/Documents/GitHub/IR2117/tb3_ws/install/olympic_interfaces/lib/pkgconfig/olympic_interfaces.pc'
[0.709s] Level 1:colcon.colcon_core.environment:checking '/home/pau24113/Documents/GitHub/IR2117/tb3_ws/install/olympic_interfaces/lib/python3.8/site-packages'
[0.709s] Level 1:colcon.colcon_core.shell:create_environment_hook('olympic_interfaces', 'pythonpath')
[0.710s] INFO:colcon.colcon_core.shell:Creating environment hook '/home/pau24113/Documents/GitHub/IR2117/tb3_ws/install/olympic_interfaces/share/olympic_interfaces/hook/pythonpath.ps1'
[0.711s] INFO:colcon.colcon_core.shell:Creating environment descriptor '/home/pau24113/Documents/GitHub/IR2117/tb3_ws/install/olympic_interfaces/share/olympic_interfaces/hook/pythonpath.dsv'
[0.711s] INFO:colcon.colcon_core.shell:Creating environment hook '/home/pau24113/Documents/GitHub/IR2117/tb3_ws/install/olympic_interfaces/share/olympic_interfaces/hook/pythonpath.sh'
[0.711s] Level 1:colcon.colcon_core.environment:checking '/home/pau24113/Documents/GitHub/IR2117/tb3_ws/install/olympic_interfaces/bin'
[0.712s] INFO:colcon.colcon_core.shell:Creating package script '/home/pau24113/Documents/GitHub/IR2117/tb3_ws/install/olympic_interfaces/share/olympic_interfaces/package.ps1'
[0.713s] INFO:colcon.colcon_core.shell:Creating package descriptor '/home/pau24113/Documents/GitHub/IR2117/tb3_ws/install/olympic_interfaces/share/olympic_interfaces/package.dsv'
[0.713s] INFO:colcon.colcon_core.shell:Creating package script '/home/pau24113/Documents/GitHub/IR2117/tb3_ws/install/olympic_interfaces/share/olympic_interfaces/package.sh'
[0.714s] INFO:colcon.colcon_core.shell:Creating package script '/home/pau24113/Documents/GitHub/IR2117/tb3_ws/install/olympic_interfaces/share/olympic_interfaces/package.bash'
[0.714s] INFO:colcon.colcon_core.shell:Creating package script '/home/pau24113/Documents/GitHub/IR2117/tb3_ws/install/olympic_interfaces/share/olympic_interfaces/package.zsh'
[0.714s] Level 1:colcon.colcon_core.environment:create_file_with_runtime_dependencies(/home/pau24113/Documents/GitHub/IR2117/tb3_ws/install/olympic_interfaces/share/colcon-core/packages/olympic_interfaces)
[0.715s] INFO:colcon.colcon_ros.task.ament_cmake.build:Building ROS package in '/home/pau24113/Documents/GitHub/IR2117/tb3_ws/src/olympic' with build type 'ament_cmake'
[0.715s] INFO:colcon.colcon_cmake.task.cmake.build:Building CMake package in '/home/pau24113/Documents/GitHub/IR2117/tb3_ws/src/olympic'
[0.716s] INFO:colcon.colcon_core.shell:Skip shell extension 'powershell' for command environment: Not usable outside of PowerShell
[0.716s] DEBUG:colcon.colcon_core.shell:Skip shell extension 'dsv' for command environment
[0.728s] DEBUG:colcon.colcon_core.event_handler.log_command:Invoking command in '/home/pau24113/Documents/GitHub/IR2117/tb3_ws/build/olympic': CMAKE_PREFIX_PATH=/home/pau24113/Documents/GitHub/IR2117/tb3_ws/install/olympic_interfaces:/home/pau24113/Documents/GitHub/IR2117/tb3_ws/install/robot_trajectory:/home/pau24113/Documents/GitHub/IR2117/tb3_ws/install/olympic:/home/pau24113/Documents/GitHub/IR2117/tb3_ws/install/obstacles:/home/pau24113/Documents/GitHub/IR2117/tb3_ws/src/install/robot_trajectory:/home/pau24113/Documents/GitHub/IR2117/tb3_ws/src/install/olympic_interfaces:/home/pau24113/Documents/GitHub/IR2117/tb3_ws/src/install/obstacles:/opt/ros/foxy /usr/bin/cmake --build /home/pau24113/Documents/GitHub/IR2117/tb3_ws/build/olympic -- -j16 -l16
[2.962s] DEBUG:colcon.colcon_core.event_handler.log_command:Invoked command in '/home/pau24113/Documents/GitHub/IR2117/tb3_ws/build/olympic' returned '2': CMAKE_PREFIX_PATH=/home/pau24113/Documents/GitHub/IR2117/tb3_ws/install/olympic_interfaces:/home/pau24113/Documents/GitHub/IR2117/tb3_ws/install/robot_trajectory:/home/pau24113/Documents/GitHub/IR2117/tb3_ws/install/olympic:/home/pau24113/Documents/GitHub/IR2117/tb3_ws/install/obstacles:/home/pau24113/Documents/GitHub/IR2117/tb3_ws/src/install/robot_trajectory:/home/pau24113/Documents/GitHub/IR2117/tb3_ws/src/install/olympic_interfaces:/home/pau24113/Documents/GitHub/IR2117/tb3_ws/src/install/obstacles:/opt/ros/foxy /usr/bin/cmake --build /home/pau24113/Documents/GitHub/IR2117/tb3_ws/build/olympic -- -j16 -l16
[2.982s] Level 1:colcon.colcon_core.environment:create_environment_scripts_only(olympic)
[2.983s] Level 1:colcon.colcon_core.environment:checking '/home/pau24113/Documents/GitHub/IR2117/tb3_ws/install/olympic' for CMake module files
[2.984s] Level 1:colcon.colcon_core.environment:checking '/home/pau24113/Documents/GitHub/IR2117/tb3_ws/install/olympic' for CMake config files
[2.984s] Level 1:colcon.colcon_core.shell:create_environment_hook('olympic', 'cmake_prefix_path')
[2.985s] INFO:colcon.colcon_core.shell:Creating environment hook '/home/pau24113/Documents/GitHub/IR2117/tb3_ws/install/olympic/share/olympic/hook/cmake_prefix_path.ps1'
[2.985s] INFO:colcon.colcon_core.shell:Creating environment descriptor '/home/pau24113/Documents/GitHub/IR2117/tb3_ws/install/olympic/share/olympic/hook/cmake_prefix_path.dsv'
[2.986s] INFO:colcon.colcon_core.shell:Creating environment hook '/home/pau24113/Documents/GitHub/IR2117/tb3_ws/install/olympic/share/olympic/hook/cmake_prefix_path.sh'
[2.986s] Level 1:colcon.colcon_core.environment:checking '/home/pau24113/Documents/GitHub/IR2117/tb3_ws/install/olympic/lib'
[2.986s] Level 1:colcon.colcon_core.environment:checking '/home/pau24113/Documents/GitHub/IR2117/tb3_ws/install/olympic/bin'
[2.986s] Level 1:colcon.colcon_core.environment:checking '/home/pau24113/Documents/GitHub/IR2117/tb3_ws/install/olympic/lib/pkgconfig/olympic.pc'
[2.986s] Level 1:colcon.colcon_core.environment:checking '/home/pau24113/Documents/GitHub/IR2117/tb3_ws/install/olympic/lib/python3.8/site-packages'
[2.986s] Level 1:colcon.colcon_core.environment:checking '/home/pau24113/Documents/GitHub/IR2117/tb3_ws/install/olympic/bin'
[2.988s] INFO:colcon.colcon_core.shell:Creating package script '/home/pau24113/Documents/GitHub/IR2117/tb3_ws/install/olympic/share/olympic/package.ps1'
[2.988s] INFO:colcon.colcon_core.shell:Creating package descriptor '/home/pau24113/Documents/GitHub/IR2117/tb3_ws/install/olympic/share/olympic/package.dsv'
[2.988s] INFO:colcon.colcon_core.shell:Creating package script '/home/pau24113/Documents/GitHub/IR2117/tb3_ws/install/olympic/share/olympic/package.sh'
[2.989s] INFO:colcon.colcon_core.shell:Creating package script '/home/pau24113/Documents/GitHub/IR2117/tb3_ws/install/olympic/share/olympic/package.bash'
[2.989s] INFO:colcon.colcon_core.shell:Creating package script '/home/pau24113/Documents/GitHub/IR2117/tb3_ws/install/olympic/share/olympic/package.zsh'
[2.989s] Level 1:colcon.colcon_core.environment:create_file_with_runtime_dependencies(/home/pau24113/Documents/GitHub/IR2117/tb3_ws/install/olympic/share/colcon-core/packages/olympic)
[2.999s] DEBUG:colcon.colcon_parallel_executor.executor.parallel:closing loop
[3.000s] DEBUG:colcon.colcon_parallel_executor.executor.parallel:loop closed
[3.000s] DEBUG:colcon.colcon_parallel_executor.executor.parallel:run_until_complete finished with '2'
[3.000s] DEBUG:colcon.colcon_core.event_reactor:joining thread
[3.005s] INFO:colcon.colcon_core.plugin_system:Skipping extension 'colcon_notification.desktop_notification.terminal_notifier': Not used on non-Darwin systems
[3.005s] INFO:colcon.colcon_core.plugin_system:Skipping extension 'colcon_notification.desktop_notification.win32': Not used on non-Windows systems
[3.005s] INFO:colcon.colcon_notification.desktop_notification:Sending desktop notification using 'notify2'
[3.015s] DEBUG:colcon.colcon_core.event_reactor:joined thread
[3.016s] INFO:colcon.colcon_core.shell:Creating prefix script '/home/pau24113/Documents/GitHub/IR2117/tb3_ws/install/local_setup.ps1'
[3.017s] INFO:colcon.colcon_core.shell:Creating prefix util module '/home/pau24113/Documents/GitHub/IR2117/tb3_ws/install/_local_setup_util_ps1.py'
[3.018s] INFO:colcon.colcon_core.shell:Creating prefix chain script '/home/pau24113/Documents/GitHub/IR2117/tb3_ws/install/setup.ps1'
[3.019s] INFO:colcon.colcon_core.shell:Creating prefix script '/home/pau24113/Documents/GitHub/IR2117/tb3_ws/install/local_setup.sh'
[3.019s] INFO:colcon.colcon_core.shell:Creating prefix util module '/home/pau24113/Documents/GitHub/IR2117/tb3_ws/install/_local_setup_util_sh.py'
[3.020s] INFO:colcon.colcon_core.shell:Creating prefix chain script '/home/pau24113/Documents/GitHub/IR2117/tb3_ws/install/setup.sh'
[3.021s] INFO:colcon.colcon_core.shell:Creating prefix script '/home/pau24113/Documents/GitHub/IR2117/tb3_ws/install/local_setup.bash'
[3.021s] INFO:colcon.colcon_core.shell:Creating prefix chain script '/home/pau24113/Documents/GitHub/IR2117/tb3_ws/install/setup.bash'
[3.022s] INFO:colcon.colcon_core.shell:Creating prefix script '/home/pau24113/Documents/GitHub/IR2117/tb3_ws/install/local_setup.zsh'
[3.023s] INFO:colcon.colcon_core.shell:Creating prefix chain script '/home/pau24113/Documents/GitHub/IR2117/tb3_ws/install/setup.zsh'
