[0.019s] Invoking command in '/home/pau24113/Documents/GitHub/IR2117/tb3_ws/src/build/obstacles': CMAKE_PREFIX_PATH=${CMAKE_PREFIX_PATH}:/opt/ros/foxy /usr/bin/cmake --build /home/pau24113/Documents/GitHub/IR2117/tb3_ws/src/build/obstacles -- -j16 -l16
[0.061s] [100%] Built target detector
[0.069s] Invoked command in '/home/pau24113/Documents/GitHub/IR2117/tb3_ws/src/build/obstacles' returned '0': CMAKE_PREFIX_PATH=${CMAKE_PREFIX_PATH}:/opt/ros/foxy /usr/bin/cmake --build /home/pau24113/Documents/GitHub/IR2117/tb3_ws/src/build/obstacles -- -j16 -l16
[0.090s] Invoking command in '/home/pau24113/Documents/GitHub/IR2117/tb3_ws/src/build/obstacles': CMAKE_PREFIX_PATH=${CMAKE_PREFIX_PATH}:/opt/ros/foxy /usr/bin/cmake --install /home/pau24113/Documents/GitHub/IR2117/tb3_ws/src/build/obstacles
[0.096s] -- Install configuration: ""
[0.096s] -- Up-to-date: /home/pau24113/Documents/GitHub/IR2117/tb3_ws/src/install/obstacles/lib/obstacles/detector
[0.096s] -- Up-to-date: /home/pau24113/Documents/GitHub/IR2117/tb3_ws/src/install/obstacles/share/obstacles/launch
[0.096s] -- Up-to-date: /home/pau24113/Documents/GitHub/IR2117/tb3_ws/src/install/obstacles/share/obstacles/launch/detector_test.launch.py
[0.096s] -- Up-to-date: /home/pau24113/Documents/GitHub/IR2117/tb3_ws/src/install/obstacles/share/ament_index/resource_index/package_run_dependencies/obstacles
[0.096s] -- Up-to-date: /home/pau24113/Documents/GitHub/IR2117/tb3_ws/src/install/obstacles/share/ament_index/resource_index/parent_prefix_path/obstacles
[0.096s] -- Up-to-date: /home/pau24113/Documents/GitHub/IR2117/tb3_ws/src/install/obstacles/share/obstacles/environment/ament_prefix_path.sh
[0.096s] -- Up-to-date: /home/pau24113/Documents/GitHub/IR2117/tb3_ws/src/install/obstacles/share/obstacles/environment/ament_prefix_path.dsv
[0.096s] -- Up-to-date: /home/pau24113/Documents/GitHub/IR2117/tb3_ws/src/install/obstacles/share/obstacles/environment/path.sh
[0.097s] -- Up-to-date: /home/pau24113/Documents/GitHub/IR2117/tb3_ws/src/install/obstacles/share/obstacles/environment/path.dsv
[0.097s] -- Up-to-date: /home/pau24113/Documents/GitHub/IR2117/tb3_ws/src/install/obstacles/share/obstacles/local_setup.bash
[0.097s] -- Up-to-date: /home/pau24113/Documents/GitHub/IR2117/tb3_ws/src/install/obstacles/share/obstacles/local_setup.sh
[0.097s] -- Up-to-date: /home/pau24113/Documents/GitHub/IR2117/tb3_ws/src/install/obstacles/share/obstacles/local_setup.zsh
[0.097s] -- Up-to-date: /home/pau24113/Documents/GitHub/IR2117/tb3_ws/src/install/obstacles/share/obstacles/local_setup.dsv
[0.097s] -- Installing: /home/pau24113/Documents/GitHub/IR2117/tb3_ws/src/install/obstacles/share/obstacles/package.dsv
[0.097s] -- Up-to-date: /home/pau24113/Documents/GitHub/IR2117/tb3_ws/src/install/obstacles/share/ament_index/resource_index/packages/obstacles
[0.097s] -- Up-to-date: /home/pau24113/Documents/GitHub/IR2117/tb3_ws/src/install/obstacles/share/obstacles/cmake/obstaclesConfig.cmake
[0.097s] -- Up-to-date: /home/pau24113/Documents/GitHub/IR2117/tb3_ws/src/install/obstacles/share/obstacles/cmake/obstaclesConfig-version.cmake
[0.097s] -- Up-to-date: /home/pau24113/Documents/GitHub/IR2117/tb3_ws/src/install/obstacles/share/obstacles/package.xml
[0.098s] Invoked command in '/home/pau24113/Documents/GitHub/IR2117/tb3_ws/src/build/obstacles' returned '0': CMAKE_PREFIX_PATH=${CMAKE_PREFIX_PATH}:/opt/ros/foxy /usr/bin/cmake --install /home/pau24113/Documents/GitHub/IR2117/tb3_ws/src/build/obstacles
