[0.262s] DEBUG:colcon:Command line arguments: ['/usr/bin/colcon', 'build']
[0.262s] DEBUG:colcon:Parsed command line arguments: Namespace(allow_overriding=[], ament_cmake_args=None, base_paths=['.'], build_base='build', catkin_cmake_args=None, catkin_skip_building_tests=False, cmake_args=None, cmake_clean_cache=False, cmake_clean_first=False, cmake_force_configure=False, cmake_target=None, cmake_target_skip_unavailable=False, continue_on_error=False, event_handlers=None, executor='parallel', ignore_user_meta=False, install_base='install', log_base=None, log_level=None, main=<bound method BuildVerb.main of <colcon_core.verb.build.BuildVerb object at 0x7fbe8f8ad400>>, merge_install=False, metas=['./colcon.meta'], packages_above=None, packages_above_and_dependencies=None, packages_above_depth=None, packages_end=None, packages_ignore=None, packages_ignore_regex=None, packages_select=None, packages_select_build_failed=False, packages_select_by_dep=None, packages_select_regex=None, packages_select_test_failures=False, packages_skip=None, packages_skip_build_finished=False, packages_skip_by_dep=None, packages_skip_regex=None, packages_skip_test_passed=False, packages_skip_up_to=None, packages_start=None, packages_up_to=None, packages_up_to_regex=None, parallel_workers=16, paths=None, symlink_install=False, test_result_base=None, verb_extension=<colcon_core.verb.build.BuildVerb object at 0x7fbe8f8ad400>, verb_name='build', verb_parser=<colcon_defaults.argument_parser.defaults.DefaultArgumentsDecorator object at 0x7fbe8f8ad940>)
[0.284s] Level 1:colcon.colcon_core.package_discovery:discover_packages(colcon_meta) check parameters
[0.284s] Level 1:colcon.colcon_core.package_discovery:discover_packages(recursive) check parameters
[0.284s] Level 1:colcon.colcon_core.package_discovery:discover_packages(ignore) check parameters
[0.284s] Level 1:colcon.colcon_core.package_discovery:discover_packages(path) check parameters
[0.284s] Level 1:colcon.colcon_core.package_discovery:discover_packages(colcon_meta) discover
[0.284s] Level 1:colcon.colcon_core.package_discovery:discover_packages(recursive) discover
[0.284s] INFO:colcon.colcon_core.package_discovery:Crawling recursively for packages in '/home/pau24113/Documents/GitHub/IR2117/tb3_ws'
[0.284s] Level 1:colcon.colcon_core.package_identification:_identify(.) by extensions ['ignore', 'ignore_ament_install']
[0.284s] Level 1:colcon.colcon_core.package_identification:_identify(.) by extension 'ignore'
[0.284s] Level 1:colcon.colcon_core.package_identification:_identify(.) by extension 'ignore_ament_install'
[0.284s] Level 1:colcon.colcon_core.package_identification:_identify(.) by extensions ['colcon_pkg']
[0.284s] Level 1:colcon.colcon_core.package_identification:_identify(.) by extension 'colcon_pkg'
[0.284s] Level 1:colcon.colcon_core.package_identification:_identify(.) by extensions ['colcon_meta']
[0.284s] Level 1:colcon.colcon_core.package_identification:_identify(.) by extension 'colcon_meta'
[0.284s] Level 1:colcon.colcon_core.package_identification:_identify(.) by extensions ['ros']
[0.284s] Level 1:colcon.colcon_core.package_identification:_identify(.) by extension 'ros'
[0.301s] Level 1:colcon.colcon_core.package_identification:_identify(.) by extensions ['cmake', 'python']
[0.301s] Level 1:colcon.colcon_core.package_identification:_identify(.) by extension 'cmake'
[0.301s] Level 1:colcon.colcon_core.package_identification:_identify(.) by extension 'python'
[0.301s] Level 1:colcon.colcon_core.package_identification:_identify(.) by extensions ['python_setup_py']
[0.301s] Level 1:colcon.colcon_core.package_identification:_identify(.) by extension 'python_setup_py'
[0.301s] Level 1:colcon.colcon_core.package_identification:_identify(build) by extensions ['ignore', 'ignore_ament_install']
[0.301s] Level 1:colcon.colcon_core.package_identification:_identify(build) by extension 'ignore'
[0.301s] Level 1:colcon.colcon_core.package_identification:_identify(build) ignored
[0.301s] Level 1:colcon.colcon_core.package_identification:_identify(install) by extensions ['ignore', 'ignore_ament_install']
[0.301s] Level 1:colcon.colcon_core.package_identification:_identify(install) by extension 'ignore'
[0.301s] Level 1:colcon.colcon_core.package_identification:_identify(install) ignored
[0.301s] Level 1:colcon.colcon_core.package_identification:_identify(log) by extensions ['ignore', 'ignore_ament_install']
[0.302s] Level 1:colcon.colcon_core.package_identification:_identify(log) by extension 'ignore'
[0.302s] Level 1:colcon.colcon_core.package_identification:_identify(log) ignored
[0.302s] Level 1:colcon.colcon_core.package_identification:_identify(src) by extensions ['ignore', 'ignore_ament_install']
[0.302s] Level 1:colcon.colcon_core.package_identification:_identify(src) by extension 'ignore'
[0.302s] Level 1:colcon.colcon_core.package_identification:_identify(src) by extension 'ignore_ament_install'
[0.302s] Level 1:colcon.colcon_core.package_identification:_identify(src) by extensions ['colcon_pkg']
[0.302s] Level 1:colcon.colcon_core.package_identification:_identify(src) by extension 'colcon_pkg'
[0.302s] Level 1:colcon.colcon_core.package_identification:_identify(src) by extensions ['colcon_meta']
[0.302s] Level 1:colcon.colcon_core.package_identification:_identify(src) by extension 'colcon_meta'
[0.302s] Level 1:colcon.colcon_core.package_identification:_identify(src) by extensions ['ros']
[0.302s] Level 1:colcon.colcon_core.package_identification:_identify(src) by extension 'ros'
[0.302s] Level 1:colcon.colcon_core.package_identification:_identify(src) by extensions ['cmake', 'python']
[0.302s] Level 1:colcon.colcon_core.package_identification:_identify(src) by extension 'cmake'
[0.302s] Level 1:colcon.colcon_core.package_identification:_identify(src) by extension 'python'
[0.302s] Level 1:colcon.colcon_core.package_identification:_identify(src) by extensions ['python_setup_py']
[0.302s] Level 1:colcon.colcon_core.package_identification:_identify(src) by extension 'python_setup_py'
[0.302s] Level 1:colcon.colcon_core.package_identification:_identify(src/robot_trajectory) by extensions ['ignore', 'ignore_ament_install']
[0.302s] Level 1:colcon.colcon_core.package_identification:_identify(src/robot_trajectory) by extension 'ignore'
[0.303s] Level 1:colcon.colcon_core.package_identification:_identify(src/robot_trajectory) by extension 'ignore_ament_install'
[0.303s] Level 1:colcon.colcon_core.package_identification:_identify(src/robot_trajectory) by extensions ['colcon_pkg']
[0.303s] Level 1:colcon.colcon_core.package_identification:_identify(src/robot_trajectory) by extension 'colcon_pkg'
[0.303s] Level 1:colcon.colcon_core.package_identification:_identify(src/robot_trajectory) by extensions ['colcon_meta']
[0.303s] Level 1:colcon.colcon_core.package_identification:_identify(src/robot_trajectory) by extension 'colcon_meta'
[0.303s] Level 1:colcon.colcon_core.package_identification:_identify(src/robot_trajectory) by extensions ['ros']
[0.303s] Level 1:colcon.colcon_core.package_identification:_identify(src/robot_trajectory) by extension 'ros'
[0.306s] DEBUG:colcon.colcon_core.package_identification:Package 'src/robot_trajectory' with type 'ros.ament_cmake' and name 'robot_trajectory'
[0.306s] Level 1:colcon.colcon_core.package_discovery:discover_packages(recursive) using defaults
[0.306s] Level 1:colcon.colcon_core.package_discovery:discover_packages(ignore) discover
[0.306s] Level 1:colcon.colcon_core.package_discovery:discover_packages(ignore) using defaults
[0.306s] Level 1:colcon.colcon_core.package_discovery:discover_packages(path) discover
[0.306s] Level 1:colcon.colcon_core.package_discovery:discover_packages(path) using defaults
[0.322s] Level 1:colcon.colcon_core.package_discovery:discover_packages(prefix_path) check parameters
[0.322s] Level 1:colcon.colcon_core.package_discovery:discover_packages(prefix_path) discover
[0.324s] DEBUG:colcon.colcon_installed_package_information.package_discovery:Found 1 installed packages in /home/pau24113/Documents/GitHub/IR2117/tb3_ws/install
[0.326s] DEBUG:colcon.colcon_installed_package_information.package_discovery:Found 266 installed packages in /opt/ros/foxy
[0.328s] Level 1:colcon.colcon_core.package_discovery:discover_packages(prefix_path) using defaults
[0.388s] Level 5:colcon.colcon_core.verb:set package 'robot_trajectory' build argument 'cmake_args' from command line to 'None'
[0.388s] Level 5:colcon.colcon_core.verb:set package 'robot_trajectory' build argument 'cmake_target' from command line to 'None'
[0.389s] Level 5:colcon.colcon_core.verb:set package 'robot_trajectory' build argument 'cmake_target_skip_unavailable' from command line to 'False'
[0.389s] Level 5:colcon.colcon_core.verb:set package 'robot_trajectory' build argument 'cmake_clean_cache' from command line to 'False'
[0.389s] Level 5:colcon.colcon_core.verb:set package 'robot_trajectory' build argument 'cmake_clean_first' from command line to 'False'
[0.389s] Level 5:colcon.colcon_core.verb:set package 'robot_trajectory' build argument 'cmake_force_configure' from command line to 'False'
[0.389s] Level 5:colcon.colcon_core.verb:set package 'robot_trajectory' build argument 'ament_cmake_args' from command line to 'None'
[0.389s] Level 5:colcon.colcon_core.verb:set package 'robot_trajectory' build argument 'catkin_cmake_args' from command line to 'None'
[0.389s] Level 5:colcon.colcon_core.verb:set package 'robot_trajectory' build argument 'catkin_skip_building_tests' from command line to 'False'
[0.389s] DEBUG:colcon.colcon_core.verb:Building package 'robot_trajectory' with the following arguments: {'ament_cmake_args': None, 'build_base': '/home/pau24113/Documents/GitHub/IR2117/tb3_ws/build/robot_trajectory', 'catkin_cmake_args': None, 'catkin_skip_building_tests': False, 'cmake_args': None, 'cmake_clean_cache': False, 'cmake_clean_first': False, 'cmake_force_configure': False, 'cmake_target': None, 'cmake_target_skip_unavailable': False, 'install_base': '/home/pau24113/Documents/GitHub/IR2117/tb3_ws/install/robot_trajectory', 'merge_install': False, 'path': '/home/pau24113/Documents/GitHub/IR2117/tb3_ws/src/robot_trajectory', 'symlink_install': False, 'test_result_base': None}
[0.389s] INFO:colcon.colcon_core.executor:Executing jobs using 'parallel' executor
[0.392s] DEBUG:colcon.colcon_parallel_executor.executor.parallel:run_until_complete
[0.392s] INFO:colcon.colcon_ros.task.ament_cmake.build:Building ROS package in '/home/pau24113/Documents/GitHub/IR2117/tb3_ws/src/robot_trajectory' with build type 'ament_cmake'
[0.392s] INFO:colcon.colcon_cmake.task.cmake.build:Building CMake package in '/home/pau24113/Documents/GitHub/IR2117/tb3_ws/src/robot_trajectory'
[0.396s] INFO:colcon.colcon_core.plugin_system:Skipping extension 'colcon_core.shell.bat': Not used on non-Windows systems
[0.396s] INFO:colcon.colcon_core.shell:Skip shell extension 'powershell' for command environment: Not usable outside of PowerShell
[0.396s] DEBUG:colcon.colcon_core.shell:Skip shell extension 'dsv' for command environment
[0.408s] DEBUG:colcon.colcon_core.event_handler.log_command:Invoking command in '/home/pau24113/Documents/GitHub/IR2117/tb3_ws/build/robot_trajectory': CMAKE_PREFIX_PATH=${CMAKE_PREFIX_PATH}:/opt/ros/foxy /usr/bin/cmake --build /home/pau24113/Documents/GitHub/IR2117/tb3_ws/build/robot_trajectory -- -j16 -l16
[5.127s] DEBUG:colcon.colcon_core.event_handler.log_command:Invoked command in '/home/pau24113/Documents/GitHub/IR2117/tb3_ws/build/robot_trajectory' returned '0': CMAKE_PREFIX_PATH=${CMAKE_PREFIX_PATH}:/opt/ros/foxy /usr/bin/cmake --build /home/pau24113/Documents/GitHub/IR2117/tb3_ws/build/robot_trajectory -- -j16 -l16
[5.159s] DEBUG:colcon.colcon_core.event_handler.log_command:Invoking command in '/home/pau24113/Documents/GitHub/IR2117/tb3_ws/build/robot_trajectory': CMAKE_PREFIX_PATH=${CMAKE_PREFIX_PATH}:/opt/ros/foxy /usr/bin/cmake --install /home/pau24113/Documents/GitHub/IR2117/tb3_ws/build/robot_trajectory
[5.171s] Level 1:colcon.colcon_core.environment:create_environment_scripts_only(robot_trajectory)
[5.171s] DEBUG:colcon.colcon_core.event_handler.log_command:Invoked command in '/home/pau24113/Documents/GitHub/IR2117/tb3_ws/build/robot_trajectory' returned '0': CMAKE_PREFIX_PATH=${CMAKE_PREFIX_PATH}:/opt/ros/foxy /usr/bin/cmake --install /home/pau24113/Documents/GitHub/IR2117/tb3_ws/build/robot_trajectory
[5.176s] Level 1:colcon.colcon_core.environment:checking '/home/pau24113/Documents/GitHub/IR2117/tb3_ws/install/robot_trajectory' for CMake module files
[5.176s] Level 1:colcon.colcon_core.environment:checking '/home/pau24113/Documents/GitHub/IR2117/tb3_ws/install/robot_trajectory' for CMake config files
[5.177s] Level 1:colcon.colcon_core.shell:create_environment_hook('robot_trajectory', 'cmake_prefix_path')
[5.179s] INFO:colcon.colcon_core.shell:Creating environment hook '/home/pau24113/Documents/GitHub/IR2117/tb3_ws/install/robot_trajectory/share/robot_trajectory/hook/cmake_prefix_path.ps1'
[5.181s] INFO:colcon.colcon_core.shell:Creating environment descriptor '/home/pau24113/Documents/GitHub/IR2117/tb3_ws/install/robot_trajectory/share/robot_trajectory/hook/cmake_prefix_path.dsv'
[5.181s] INFO:colcon.colcon_core.shell:Creating environment hook '/home/pau24113/Documents/GitHub/IR2117/tb3_ws/install/robot_trajectory/share/robot_trajectory/hook/cmake_prefix_path.sh'
[5.182s] Level 1:colcon.colcon_core.environment:checking '/home/pau24113/Documents/GitHub/IR2117/tb3_ws/install/robot_trajectory/lib'
[5.182s] Level 1:colcon.colcon_core.environment:checking '/home/pau24113/Documents/GitHub/IR2117/tb3_ws/install/robot_trajectory/bin'
[5.183s] Level 1:colcon.colcon_core.environment:checking '/home/pau24113/Documents/GitHub/IR2117/tb3_ws/install/robot_trajectory/lib/pkgconfig/robot_trajectory.pc'
[5.183s] Level 1:colcon.colcon_core.environment:checking '/home/pau24113/Documents/GitHub/IR2117/tb3_ws/install/robot_trajectory/lib/python3.8/site-packages'
[5.183s] Level 1:colcon.colcon_core.environment:checking '/home/pau24113/Documents/GitHub/IR2117/tb3_ws/install/robot_trajectory/bin'
[5.184s] INFO:colcon.colcon_core.shell:Creating package script '/home/pau24113/Documents/GitHub/IR2117/tb3_ws/install/robot_trajectory/share/robot_trajectory/package.ps1'
[5.185s] INFO:colcon.colcon_core.shell:Creating package descriptor '/home/pau24113/Documents/GitHub/IR2117/tb3_ws/install/robot_trajectory/share/robot_trajectory/package.dsv'
[5.185s] INFO:colcon.colcon_core.shell:Creating package script '/home/pau24113/Documents/GitHub/IR2117/tb3_ws/install/robot_trajectory/share/robot_trajectory/package.sh'
[5.186s] INFO:colcon.colcon_core.shell:Creating package script '/home/pau24113/Documents/GitHub/IR2117/tb3_ws/install/robot_trajectory/share/robot_trajectory/package.bash'
[5.186s] INFO:colcon.colcon_core.shell:Creating package script '/home/pau24113/Documents/GitHub/IR2117/tb3_ws/install/robot_trajectory/share/robot_trajectory/package.zsh'
[5.186s] Level 1:colcon.colcon_core.environment:create_file_with_runtime_dependencies(/home/pau24113/Documents/GitHub/IR2117/tb3_ws/install/robot_trajectory/share/colcon-core/packages/robot_trajectory)
[5.208s] Level 1:colcon.colcon_core.environment:create_environment_scripts_only(robot_trajectory)
[5.212s] Level 1:colcon.colcon_core.environment:checking '/home/pau24113/Documents/GitHub/IR2117/tb3_ws/install/robot_trajectory' for CMake module files
[5.212s] Level 1:colcon.colcon_core.environment:checking '/home/pau24113/Documents/GitHub/IR2117/tb3_ws/install/robot_trajectory' for CMake config files
[5.213s] Level 1:colcon.colcon_core.shell:create_environment_hook('robot_trajectory', 'cmake_prefix_path')
[5.214s] INFO:colcon.colcon_core.shell:Creating environment hook '/home/pau24113/Documents/GitHub/IR2117/tb3_ws/install/robot_trajectory/share/robot_trajectory/hook/cmake_prefix_path.ps1'
[5.214s] INFO:colcon.colcon_core.shell:Creating environment descriptor '/home/pau24113/Documents/GitHub/IR2117/tb3_ws/install/robot_trajectory/share/robot_trajectory/hook/cmake_prefix_path.dsv'
[5.215s] INFO:colcon.colcon_core.shell:Creating environment hook '/home/pau24113/Documents/GitHub/IR2117/tb3_ws/install/robot_trajectory/share/robot_trajectory/hook/cmake_prefix_path.sh'
[5.215s] Level 1:colcon.colcon_core.environment:checking '/home/pau24113/Documents/GitHub/IR2117/tb3_ws/install/robot_trajectory/lib'
[5.215s] Level 1:colcon.colcon_core.environment:checking '/home/pau24113/Documents/GitHub/IR2117/tb3_ws/install/robot_trajectory/bin'
[5.215s] Level 1:colcon.colcon_core.environment:checking '/home/pau24113/Documents/GitHub/IR2117/tb3_ws/install/robot_trajectory/lib/pkgconfig/robot_trajectory.pc'
[5.215s] Level 1:colcon.colcon_core.environment:checking '/home/pau24113/Documents/GitHub/IR2117/tb3_ws/install/robot_trajectory/lib/python3.8/site-packages'
[5.216s] Level 1:colcon.colcon_core.environment:checking '/home/pau24113/Documents/GitHub/IR2117/tb3_ws/install/robot_trajectory/bin'
[5.217s] INFO:colcon.colcon_core.shell:Creating package script '/home/pau24113/Documents/GitHub/IR2117/tb3_ws/install/robot_trajectory/share/robot_trajectory/package.ps1'
[5.217s] INFO:colcon.colcon_core.shell:Creating package descriptor '/home/pau24113/Documents/GitHub/IR2117/tb3_ws/install/robot_trajectory/share/robot_trajectory/package.dsv'
[5.218s] INFO:colcon.colcon_core.shell:Creating package script '/home/pau24113/Documents/GitHub/IR2117/tb3_ws/install/robot_trajectory/share/robot_trajectory/package.sh'
[5.218s] INFO:colcon.colcon_core.shell:Creating package script '/home/pau24113/Documents/GitHub/IR2117/tb3_ws/install/robot_trajectory/share/robot_trajectory/package.bash'
[5.218s] INFO:colcon.colcon_core.shell:Creating package script '/home/pau24113/Documents/GitHub/IR2117/tb3_ws/install/robot_trajectory/share/robot_trajectory/package.zsh'
[5.218s] Level 1:colcon.colcon_core.environment:create_file_with_runtime_dependencies(/home/pau24113/Documents/GitHub/IR2117/tb3_ws/install/robot_trajectory/share/colcon-core/packages/robot_trajectory)
[5.219s] DEBUG:colcon.colcon_parallel_executor.executor.parallel:closing loop
[5.219s] DEBUG:colcon.colcon_parallel_executor.executor.parallel:loop closed
[5.219s] DEBUG:colcon.colcon_parallel_executor.executor.parallel:run_until_complete finished with '0'
[5.219s] DEBUG:colcon.colcon_core.event_reactor:joining thread
[5.223s] INFO:colcon.colcon_core.plugin_system:Skipping extension 'colcon_notification.desktop_notification.terminal_notifier': Not used on non-Darwin systems
[5.223s] INFO:colcon.colcon_core.plugin_system:Skipping extension 'colcon_notification.desktop_notification.win32': Not used on non-Windows systems
[5.223s] INFO:colcon.colcon_notification.desktop_notification:Sending desktop notification using 'notify2'
[5.236s] DEBUG:colcon.colcon_core.event_reactor:joined thread
[5.238s] INFO:colcon.colcon_core.shell:Creating prefix script '/home/pau24113/Documents/GitHub/IR2117/tb3_ws/install/local_setup.ps1'
[5.238s] INFO:colcon.colcon_core.shell:Creating prefix util module '/home/pau24113/Documents/GitHub/IR2117/tb3_ws/install/_local_setup_util_ps1.py'
[5.239s] INFO:colcon.colcon_core.shell:Creating prefix chain script '/home/pau24113/Documents/GitHub/IR2117/tb3_ws/install/setup.ps1'
[5.241s] INFO:colcon.colcon_core.shell:Creating prefix script '/home/pau24113/Documents/GitHub/IR2117/tb3_ws/install/local_setup.sh'
[5.243s] INFO:colcon.colcon_core.shell:Creating prefix util module '/home/pau24113/Documents/GitHub/IR2117/tb3_ws/install/_local_setup_util_sh.py'
[5.243s] INFO:colcon.colcon_core.shell:Creating prefix chain script '/home/pau24113/Documents/GitHub/IR2117/tb3_ws/install/setup.sh'
[5.245s] INFO:colcon.colcon_core.shell:Creating prefix script '/home/pau24113/Documents/GitHub/IR2117/tb3_ws/install/local_setup.bash'
[5.246s] INFO:colcon.colcon_core.shell:Creating prefix chain script '/home/pau24113/Documents/GitHub/IR2117/tb3_ws/install/setup.bash'
[5.247s] INFO:colcon.colcon_core.shell:Creating prefix script '/home/pau24113/Documents/GitHub/IR2117/tb3_ws/install/local_setup.zsh'
[5.247s] INFO:colcon.colcon_core.shell:Creating prefix chain script '/home/pau24113/Documents/GitHub/IR2117/tb3_ws/install/setup.zsh'
