[0.016s] Invoking command in '/home/pau24113/Documents/GitHub/IR2117/ros2_ws/build/examples_sum': CMAKE_PREFIX_PATH=${CMAKE_PREFIX_PATH}:/opt/ros/foxy /usr/bin/cmake --build /home/pau24113/Documents/GitHub/IR2117/ros2_ws/build/examples_sum -- -j16 -l16
[0.043s] [35m[1mScanning dependencies of target sum[0m
[0.058s] [ 50%] [32mBuilding CXX object CMakeFiles/sum.dir/sum.cpp.o[0m
[3.189s] [100%] [32m[1mLinking CXX executable sum[0m
[3.323s] [100%] Built target sum
[3.331s] Invoked command in '/home/pau24113/Documents/GitHub/IR2117/ros2_ws/build/examples_sum' returned '0': CMAKE_PREFIX_PATH=${CMAKE_PREFIX_PATH}:/opt/ros/foxy /usr/bin/cmake --build /home/pau24113/Documents/GitHub/IR2117/ros2_ws/build/examples_sum -- -j16 -l16
[3.344s] Invoking command in '/home/pau24113/Documents/GitHub/IR2117/ros2_ws/build/examples_sum': CMAKE_PREFIX_PATH=${CMAKE_PREFIX_PATH}:/opt/ros/foxy /usr/bin/cmake --install /home/pau24113/Documents/GitHub/IR2117/ros2_ws/build/examples_sum
[3.349s] -- Install configuration: ""
[3.350s] -- Installing: /home/pau24113/Documents/GitHub/IR2117/ros2_ws/install/examples_sum/lib/examples_sum/sum
[3.351s] -- Set runtime path of "/home/pau24113/Documents/GitHub/IR2117/ros2_ws/install/examples_sum/lib/examples_sum/sum" to ""
[3.351s] -- Up-to-date: /home/pau24113/Documents/GitHub/IR2117/ros2_ws/install/examples_sum/share/ament_index/resource_index/package_run_dependencies/examples_sum
[3.351s] -- Up-to-date: /home/pau24113/Documents/GitHub/IR2117/ros2_ws/install/examples_sum/share/ament_index/resource_index/parent_prefix_path/examples_sum
[3.351s] -- Up-to-date: /home/pau24113/Documents/GitHub/IR2117/ros2_ws/install/examples_sum/share/examples_sum/environment/ament_prefix_path.sh
[3.351s] -- Up-to-date: /home/pau24113/Documents/GitHub/IR2117/ros2_ws/install/examples_sum/share/examples_sum/environment/ament_prefix_path.dsv
[3.351s] -- Up-to-date: /home/pau24113/Documents/GitHub/IR2117/ros2_ws/install/examples_sum/share/examples_sum/environment/path.sh
[3.351s] -- Up-to-date: /home/pau24113/Documents/GitHub/IR2117/ros2_ws/install/examples_sum/share/examples_sum/environment/path.dsv
[3.351s] -- Up-to-date: /home/pau24113/Documents/GitHub/IR2117/ros2_ws/install/examples_sum/share/examples_sum/local_setup.bash
[3.351s] -- Up-to-date: /home/pau24113/Documents/GitHub/IR2117/ros2_ws/install/examples_sum/share/examples_sum/local_setup.sh
[3.351s] -- Up-to-date: /home/pau24113/Documents/GitHub/IR2117/ros2_ws/install/examples_sum/share/examples_sum/local_setup.zsh
[3.351s] -- Up-to-date: /home/pau24113/Documents/GitHub/IR2117/ros2_ws/install/examples_sum/share/examples_sum/local_setup.dsv
[3.351s] -- Installing: /home/pau24113/Documents/GitHub/IR2117/ros2_ws/install/examples_sum/share/examples_sum/package.dsv
[3.351s] -- Up-to-date: /home/pau24113/Documents/GitHub/IR2117/ros2_ws/install/examples_sum/share/ament_index/resource_index/packages/examples_sum
[3.352s] -- Up-to-date: /home/pau24113/Documents/GitHub/IR2117/ros2_ws/install/examples_sum/share/examples_sum/cmake/examples_sumConfig.cmake
[3.352s] -- Up-to-date: /home/pau24113/Documents/GitHub/IR2117/ros2_ws/install/examples_sum/share/examples_sum/cmake/examples_sumConfig-version.cmake
[3.352s] -- Up-to-date: /home/pau24113/Documents/GitHub/IR2117/ros2_ws/install/examples_sum/share/examples_sum/package.xml
[3.353s] Invoked command in '/home/pau24113/Documents/GitHub/IR2117/ros2_ws/build/examples_sum' returned '0': CMAKE_PREFIX_PATH=${CMAKE_PREFIX_PATH}:/opt/ros/foxy /usr/bin/cmake --install /home/pau24113/Documents/GitHub/IR2117/ros2_ws/build/examples_sum
