-- Found ament_cmake: 0.9.11 (/opt/ros/foxy/share/ament_cmake/cmake)
-- Using PYTHON_EXECUTABLE: /usr/bin/python3
-- Found rclcpp: 2.4.2 (/opt/ros/foxy/share/rclcpp/cmake)
-- Using all available rosidl_typesupport_c: rosidl_typesupport_fastrtps_c;rosidl_typesupport_introspection_c
-- Found rosidl_adapter: 1.3.0 (/opt/ros/foxy/share/rosidl_adapter/cmake)
-- Using all available rosidl_typesupport_cpp: rosidl_typesupport_fastrtps_cpp;rosidl_typesupport_introspection_cpp
-- Found rmw_implementation_cmake: 1.0.4 (/opt/ros/foxy/share/rmw_implementation_cmake/cmake)
-- Using RMW implementation 'rmw_fastrtps_cpp' as default
-- Found turtlesim: 1.2.6 (/opt/ros/foxy/share/turtlesim/cmake)
-- Found geometry_msgs: 2.0.5 (/opt/ros/foxy/share/geometry_msgs/cmake)
-- Found example_interfaces: 0.9.1 (/opt/ros/foxy/share/example_interfaces/cmake)
-- Found rclcpp_action: 2.4.2 (/opt/ros/foxy/share/rclcpp_action/cmake)
-- Found rclcpp_components: 2.4.2 (/opt/ros/foxy/share/rclcpp_components/cmake)
-- Found olympic_interfaces: 0.0.0 (/home/pau24113/Documents/GitHub/IR2117/tb3_ws/install/olympic_interfaces/share/olympic_interfaces/cmake)
-- Found ament_lint_auto: 0.9.8 (/opt/ros/foxy/share/ament_lint_auto/cmake)
-- Configuring done
-- Generating done
-- Build files have been written to: /home/pau24113/Documents/GitHub/IR2117/tb3_ws/build/olympic
[35m[1mScanning dependencies of target action_client[0m
[ 33%] Built target rings
[ 66%] Built target action_server
[ 83%] [32mBuilding CXX object CMakeFiles/action_client.dir/src/rings_action_client.cpp.o[0m
[100%] [32m[1mLinking CXX executable action_client[0m
[100%] Built target action_client
-- Install configuration: ""
-- Up-to-date: /home/pau24113/Documents/GitHub/IR2117/tb3_ws/install/olympic/lib/olympic/rings
-- Up-to-date: /home/pau24113/Documents/GitHub/IR2117/tb3_ws/install/olympic/lib/olympic/action_server
-- Installing: /home/pau24113/Documents/GitHub/IR2117/tb3_ws/install/olympic/lib/olympic/action_client
-- Set runtime path of "/home/pau24113/Documents/GitHub/IR2117/tb3_ws/install/olympic/lib/olympic/action_client" to ""
