[0.011s] Invoking command in '/home/pau24113/Documents/GitHub/IR2117/ros2_ws/src/build/action_tutorials_cpp': CMAKE_PREFIX_PATH=${CMAKE_PREFIX_PATH}:/opt/ros/foxy /usr/bin/cmake /home/pau24113/Documents/GitHub/IR2117/ros2_ws/src/action_tutorials_cpp -DCMAKE_INSTALL_PREFIX=/home/pau24113/Documents/GitHub/IR2117/ros2_ws/src/install/action_tutorials_cpp
[0.046s] -- The C compiler identification is GNU 9.4.0
[0.080s] -- The CXX compiler identification is GNU 9.4.0
[0.083s] -- Check for working C compiler: /usr/bin/cc
[0.126s] -- Check for working C compiler: /usr/bin/cc -- works
[0.127s] -- Detecting C compiler ABI info
[0.174s] -- Detecting C compiler ABI info - done
[0.188s] -- Detecting C compile features
[0.189s] -- Detecting C compile features - done
[0.192s] -- Check for working CXX compiler: /usr/bin/c++
[0.297s] -- Check for working CXX compiler: /usr/bin/c++ -- works
[0.298s] -- Detecting CXX compiler ABI info
[0.363s] -- Detecting CXX compiler ABI info - done
[0.375s] -- Detecting CXX compile features
[0.375s] -- Detecting CXX compile features - done
[0.377s] -- Found ament_cmake: 0.9.11 (/opt/ros/foxy/share/ament_cmake/cmake)
[0.400s] -- Found PythonInterp: /usr/bin/python3 (found suitable version "3.8.10", minimum required is "3") 
[0.400s] -- Using PYTHON_EXECUTABLE: /usr/bin/python3
[0.547s] -- Found action_tutorials_interfaces: 0.0.0 (/home/pau24113/Documents/GitHub/IR2117/ros2_ws/install/action_tutorials_interfaces/share/action_tutorials_interfaces/cmake)
[0.570s] -- Using all available rosidl_typesupport_c: rosidl_typesupport_fastrtps_c;rosidl_typesupport_introspection_c
[0.574s] -- Found rosidl_adapter: 1.3.0 (/opt/ros/foxy/share/rosidl_adapter/cmake)
[0.621s] -- Found OpenSSL: /usr/lib/x86_64-linux-gnu/libcrypto.so (found version "1.1.1f")  
[0.641s] -- Found FastRTPS: /opt/ros/foxy/include  
[0.705s] -- Using all available rosidl_typesupport_cpp: rosidl_typesupport_fastrtps_cpp;rosidl_typesupport_introspection_cpp
[0.805s] -- Found rclcpp: 2.4.2 (/opt/ros/foxy/share/rclcpp/cmake)
[0.838s] -- Found rmw_implementation_cmake: 1.0.4 (/opt/ros/foxy/share/rmw_implementation_cmake/cmake)
[0.839s] -- Using RMW implementation 'rmw_fastrtps_cpp' as default
[0.840s] -- Looking for pthread.h
[0.885s] -- Looking for pthread.h - found
[0.886s] -- Performing Test CMAKE_HAVE_LIBC_PTHREAD
[0.934s] -- Performing Test CMAKE_HAVE_LIBC_PTHREAD - Failed
[0.935s] -- Looking for pthread_create in pthreads
[0.974s] -- Looking for pthread_create in pthreads - not found
[0.974s] -- Looking for pthread_create in pthread
[1.021s] -- Looking for pthread_create in pthread - found
[1.022s] -- Found Threads: TRUE  
[1.143s] -- Found rclcpp_action: 2.4.2 (/opt/ros/foxy/share/rclcpp_action/cmake)
[1.172s] -- Found rclcpp_components: 2.4.2 (/opt/ros/foxy/share/rclcpp_components/cmake)
[1.223s] -- Found ament_lint_auto: 0.9.8 (/opt/ros/foxy/share/ament_lint_auto/cmake)
[1.274s] -- Added test 'copyright' to check source files copyright and LICENSE
[1.274s] -- Added test 'cppcheck' to perform static code analysis on C / C++ code
[1.274s] -- Configured cppcheck include dirs: 
[1.274s] -- Configured cppcheck exclude dirs and/or files: 
[1.275s] -- Added test 'cpplint' to check C / C++ code against the Google style
[1.275s] -- Configured cpplint exclude dirs and/or files: 
[1.275s] -- Added test 'lint_cmake' to check CMake code style
[1.276s] -- Added test 'uncrustify' to check C / C++ code style
[1.276s] -- Configured uncrustify additional arguments: 
[1.276s] -- Added test 'xmllint' to check XML markup files
[1.278s] -- Configuring done
[1.284s] -- Generating done
[1.286s] -- Build files have been written to: /home/pau24113/Documents/GitHub/IR2117/ros2_ws/src/build/action_tutorials_cpp
[1.293s] Invoked command in '/home/pau24113/Documents/GitHub/IR2117/ros2_ws/src/build/action_tutorials_cpp' returned '0': CMAKE_PREFIX_PATH=${CMAKE_PREFIX_PATH}:/opt/ros/foxy /usr/bin/cmake /home/pau24113/Documents/GitHub/IR2117/ros2_ws/src/action_tutorials_cpp -DCMAKE_INSTALL_PREFIX=/home/pau24113/Documents/GitHub/IR2117/ros2_ws/src/install/action_tutorials_cpp
[1.294s] Invoking command in '/home/pau24113/Documents/GitHub/IR2117/ros2_ws/src/build/action_tutorials_cpp': CMAKE_PREFIX_PATH=${CMAKE_PREFIX_PATH}:/opt/ros/foxy /usr/bin/cmake --build /home/pau24113/Documents/GitHub/IR2117/ros2_ws/src/build/action_tutorials_cpp -- -j16 -l16
[1.318s] [35m[1mScanning dependencies of target action_server[0m
[1.343s] [ 50%] [32mBuilding CXX object CMakeFiles/action_server.dir/src/action_server.cpp.o[0m
[3.287s] [100%] [32m[1mLinking CXX executable action_server[0m
[3.386s] [100%] Built target action_server
[3.393s] Invoked command in '/home/pau24113/Documents/GitHub/IR2117/ros2_ws/src/build/action_tutorials_cpp' returned '0': CMAKE_PREFIX_PATH=${CMAKE_PREFIX_PATH}:/opt/ros/foxy /usr/bin/cmake --build /home/pau24113/Documents/GitHub/IR2117/ros2_ws/src/build/action_tutorials_cpp -- -j16 -l16
[3.414s] Invoking command in '/home/pau24113/Documents/GitHub/IR2117/ros2_ws/src/build/action_tutorials_cpp': CMAKE_PREFIX_PATH=${CMAKE_PREFIX_PATH}:/opt/ros/foxy /usr/bin/cmake --install /home/pau24113/Documents/GitHub/IR2117/ros2_ws/src/build/action_tutorials_cpp
[3.419s] -- Install configuration: ""
[3.420s] -- Installing: /home/pau24113/Documents/GitHub/IR2117/ros2_ws/src/install/action_tutorials_cpp/lib/action_tutorials_cpp/action_server
[3.420s] -- Set runtime path of "/home/pau24113/Documents/GitHub/IR2117/ros2_ws/src/install/action_tutorials_cpp/lib/action_tutorials_cpp/action_server" to ""
[3.420s] -- Installing: /home/pau24113/Documents/GitHub/IR2117/ros2_ws/src/install/action_tutorials_cpp/share/ament_index/resource_index/package_run_dependencies/action_tutorials_cpp
[3.420s] -- Installing: /home/pau24113/Documents/GitHub/IR2117/ros2_ws/src/install/action_tutorials_cpp/share/ament_index/resource_index/parent_prefix_path/action_tutorials_cpp
[3.420s] -- Installing: /home/pau24113/Documents/GitHub/IR2117/ros2_ws/src/install/action_tutorials_cpp/share/action_tutorials_cpp/environment/ament_prefix_path.sh
[3.420s] -- Installing: /home/pau24113/Documents/GitHub/IR2117/ros2_ws/src/install/action_tutorials_cpp/share/action_tutorials_cpp/environment/ament_prefix_path.dsv
[3.421s] -- Installing: /home/pau24113/Documents/GitHub/IR2117/ros2_ws/src/install/action_tutorials_cpp/share/action_tutorials_cpp/environment/path.sh
[3.421s] -- Installing: /home/pau24113/Documents/GitHub/IR2117/ros2_ws/src/install/action_tutorials_cpp/share/action_tutorials_cpp/environment/path.dsv
[3.421s] -- Installing: /home/pau24113/Documents/GitHub/IR2117/ros2_ws/src/install/action_tutorials_cpp/share/action_tutorials_cpp/local_setup.bash
[3.421s] -- Installing: /home/pau24113/Documents/GitHub/IR2117/ros2_ws/src/install/action_tutorials_cpp/share/action_tutorials_cpp/local_setup.sh
[3.421s] -- Installing: /home/pau24113/Documents/GitHub/IR2117/ros2_ws/src/install/action_tutorials_cpp/share/action_tutorials_cpp/local_setup.zsh
[3.421s] -- Installing: /home/pau24113/Documents/GitHub/IR2117/ros2_ws/src/install/action_tutorials_cpp/share/action_tutorials_cpp/local_setup.dsv
[3.421s] -- Installing: /home/pau24113/Documents/GitHub/IR2117/ros2_ws/src/install/action_tutorials_cpp/share/action_tutorials_cpp/package.dsv
[3.421s] -- Installing: /home/pau24113/Documents/GitHub/IR2117/ros2_ws/src/install/action_tutorials_cpp/share/ament_index/resource_index/packages/action_tutorials_cpp
[3.422s] -- Installing: /home/pau24113/Documents/GitHub/IR2117/ros2_ws/src/install/action_tutorials_cpp/share/action_tutorials_cpp/cmake/action_tutorials_cppConfig.cmake
[3.422s] -- Installing: /home/pau24113/Documents/GitHub/IR2117/ros2_ws/src/install/action_tutorials_cpp/share/action_tutorials_cpp/cmake/action_tutorials_cppConfig-version.cmake
[3.422s] -- Installing: /home/pau24113/Documents/GitHub/IR2117/ros2_ws/src/install/action_tutorials_cpp/share/action_tutorials_cpp/package.xml
[3.423s] Invoked command in '/home/pau24113/Documents/GitHub/IR2117/ros2_ws/src/build/action_tutorials_cpp' returned '0': CMAKE_PREFIX_PATH=${CMAKE_PREFIX_PATH}:/opt/ros/foxy /usr/bin/cmake --install /home/pau24113/Documents/GitHub/IR2117/ros2_ws/src/build/action_tutorials_cpp
