[0.021s] Invoking command in '/home/pau24113/Documents/GitHub/IR2117/tb3_ws/src/build/obstacles': CMAKE_PREFIX_PATH=${CMAKE_PREFIX_PATH}:/opt/ros/foxy /usr/bin/cmake --build /home/pau24113/Documents/GitHub/IR2117/tb3_ws/src/build/obstacles -- -j16 -l16
[0.039s] -- Found ament_cmake: 0.9.11 (/opt/ros/foxy/share/ament_cmake/cmake)
[0.056s] -- Using PYTHON_EXECUTABLE: /usr/bin/python3
[0.201s] -- Found rclcpp: 2.4.2 (/opt/ros/foxy/share/rclcpp/cmake)
[0.226s] -- Using all available rosidl_typesupport_c: rosidl_typesupport_fastrtps_c;rosidl_typesupport_introspection_c
[0.229s] -- Found rosidl_adapter: 1.3.0 (/opt/ros/foxy/share/rosidl_adapter/cmake)
[0.309s] -- Using all available rosidl_typesupport_cpp: rosidl_typesupport_fastrtps_cpp;rosidl_typesupport_introspection_cpp
[0.345s] -- Found rmw_implementation_cmake: 1.0.3 (/opt/ros/foxy/share/rmw_implementation_cmake/cmake)
[0.346s] -- Using RMW implementation 'rmw_fastrtps_cpp' as default
[0.450s] -- Found sensor_msgs: 2.0.5 (/opt/ros/foxy/share/sensor_msgs/cmake)
[0.532s] -- Found example_interfaces: 0.9.1 (/opt/ros/foxy/share/example_interfaces/cmake)
[0.611s] -- Found ament_lint_auto: 0.9.7 (/opt/ros/foxy/share/ament_lint_auto/cmake)
[0.653s] -- Added test 'copyright' to check source files copyright and LICENSE
[0.654s] -- Added test 'cppcheck' to perform static code analysis on C / C++ code
[0.654s] -- Configured cppcheck include dirs: 
[0.654s] -- Configured cppcheck exclude dirs and/or files: 
[0.655s] -- Added test 'cpplint' to check C / C++ code against the Google style
[0.656s] -- Configured cpplint exclude dirs and/or files: 
[0.656s] -- Added test 'flake8' to check Python code syntax and style conventions
[0.656s] -- Added test 'lint_cmake' to check CMake code style
[0.657s] -- Added test 'pep257' to check Python code against some of the style conventions in PEP 257
[0.658s] -- Added test 'uncrustify' to check C / C++ code style
[0.658s] -- Configured uncrustify additional arguments: 
[0.658s] -- Added test 'xmllint' to check XML markup files
[0.660s] -- Configuring done
[0.666s] -- Generating done
[0.668s] -- Build files have been written to: /home/pau24113/Documents/GitHub/IR2117/tb3_ws/src/build/obstacles
[0.696s] [100%] Built target detector
[0.703s] Invoked command in '/home/pau24113/Documents/GitHub/IR2117/tb3_ws/src/build/obstacles' returned '0': CMAKE_PREFIX_PATH=${CMAKE_PREFIX_PATH}:/opt/ros/foxy /usr/bin/cmake --build /home/pau24113/Documents/GitHub/IR2117/tb3_ws/src/build/obstacles -- -j16 -l16
[0.718s] Invoking command in '/home/pau24113/Documents/GitHub/IR2117/tb3_ws/src/build/obstacles': CMAKE_PREFIX_PATH=${CMAKE_PREFIX_PATH}:/opt/ros/foxy /usr/bin/cmake --install /home/pau24113/Documents/GitHub/IR2117/tb3_ws/src/build/obstacles
[0.723s] -- Install configuration: ""
[0.723s] -- Up-to-date: /home/pau24113/Documents/GitHub/IR2117/tb3_ws/src/install/obstacles/lib/obstacles/detector
[0.723s] -- Installing: /home/pau24113/Documents/GitHub/IR2117/tb3_ws/src/install/obstacles/share/obstacles/launch
[0.723s] -- Installing: /home/pau24113/Documents/GitHub/IR2117/tb3_ws/src/install/obstacles/share/obstacles/launch/detector_test.launch.py
[0.723s] -- Up-to-date: /home/pau24113/Documents/GitHub/IR2117/tb3_ws/src/install/obstacles/share/ament_index/resource_index/package_run_dependencies/obstacles
[0.723s] -- Up-to-date: /home/pau24113/Documents/GitHub/IR2117/tb3_ws/src/install/obstacles/share/ament_index/resource_index/parent_prefix_path/obstacles
[0.724s] -- Up-to-date: /home/pau24113/Documents/GitHub/IR2117/tb3_ws/src/install/obstacles/share/obstacles/environment/ament_prefix_path.sh
[0.724s] -- Installing: /home/pau24113/Documents/GitHub/IR2117/tb3_ws/src/install/obstacles/share/obstacles/environment/ament_prefix_path.dsv
[0.724s] -- Up-to-date: /home/pau24113/Documents/GitHub/IR2117/tb3_ws/src/install/obstacles/share/obstacles/environment/path.sh
[0.724s] -- Installing: /home/pau24113/Documents/GitHub/IR2117/tb3_ws/src/install/obstacles/share/obstacles/environment/path.dsv
[0.724s] -- Up-to-date: /home/pau24113/Documents/GitHub/IR2117/tb3_ws/src/install/obstacles/share/obstacles/local_setup.bash
[0.724s] -- Up-to-date: /home/pau24113/Documents/GitHub/IR2117/tb3_ws/src/install/obstacles/share/obstacles/local_setup.sh
[0.724s] -- Up-to-date: /home/pau24113/Documents/GitHub/IR2117/tb3_ws/src/install/obstacles/share/obstacles/local_setup.zsh
[0.724s] -- Installing: /home/pau24113/Documents/GitHub/IR2117/tb3_ws/src/install/obstacles/share/obstacles/local_setup.dsv
[0.724s] -- Installing: /home/pau24113/Documents/GitHub/IR2117/tb3_ws/src/install/obstacles/share/obstacles/package.dsv
[0.724s] -- Up-to-date: /home/pau24113/Documents/GitHub/IR2117/tb3_ws/src/install/obstacles/share/ament_index/resource_index/packages/obstacles
[0.724s] -- Up-to-date: /home/pau24113/Documents/GitHub/IR2117/tb3_ws/src/install/obstacles/share/obstacles/cmake/obstaclesConfig.cmake
[0.724s] -- Up-to-date: /home/pau24113/Documents/GitHub/IR2117/tb3_ws/src/install/obstacles/share/obstacles/cmake/obstaclesConfig-version.cmake
[0.724s] -- Up-to-date: /home/pau24113/Documents/GitHub/IR2117/tb3_ws/src/install/obstacles/share/obstacles/package.xml
[0.727s] Invoked command in '/home/pau24113/Documents/GitHub/IR2117/tb3_ws/src/build/obstacles' returned '0': CMAKE_PREFIX_PATH=${CMAKE_PREFIX_PATH}:/opt/ros/foxy /usr/bin/cmake --install /home/pau24113/Documents/GitHub/IR2117/tb3_ws/src/build/obstacles
