[0.011s] Invoking command in '/home/pau24113/Documents/GitHub/IR2117/tb3_ws/build/olympic': CMAKE_PREFIX_PATH=${CMAKE_PREFIX_PATH}:/opt/ros/foxy /usr/bin/cmake /home/pau24113/Documents/GitHub/IR2117/tb3_ws/src/olympic -DCMAKE_INSTALL_PREFIX=/home/pau24113/Documents/GitHub/IR2117/tb3_ws/install/olympic
[0.020s] -- Found ament_cmake: 0.9.11 (/opt/ros/foxy/share/ament_cmake/cmake)
[0.035s] -- Using PYTHON_EXECUTABLE: /usr/bin/python3
[0.163s] -- Found rclcpp: 2.4.2 (/opt/ros/foxy/share/rclcpp/cmake)
[0.186s] -- Using all available rosidl_typesupport_c: rosidl_typesupport_fastrtps_c;rosidl_typesupport_introspection_c
[0.188s] -- Found rosidl_adapter: 1.3.0 (/opt/ros/foxy/share/rosidl_adapter/cmake)
[0.269s] -- Using all available rosidl_typesupport_cpp: rosidl_typesupport_fastrtps_cpp;rosidl_typesupport_introspection_cpp
[0.305s] -- Found rmw_implementation_cmake: 1.0.4 (/opt/ros/foxy/share/rmw_implementation_cmake/cmake)
[0.306s] -- Using RMW implementation 'rmw_fastrtps_cpp' as default
[0.410s] -- Found geometry_msgs: 2.0.5 (/opt/ros/foxy/share/geometry_msgs/cmake)
[0.434s] -- Found example_interfaces: 0.9.1 (/opt/ros/foxy/share/example_interfaces/cmake)
[0.512s] -- Found ament_lint_auto: 0.9.8 (/opt/ros/foxy/share/ament_lint_auto/cmake)
[0.553s] -- Added test 'copyright' to check source files copyright and LICENSE
[0.553s] -- Added test 'cppcheck' to perform static code analysis on C / C++ code
[0.553s] -- Configured cppcheck include dirs: 
[0.553s] -- Configured cppcheck exclude dirs and/or files: 
[0.554s] -- Added test 'cpplint' to check C / C++ code against the Google style
[0.554s] -- Configured cpplint exclude dirs and/or files: 
[0.554s] -- Added test 'lint_cmake' to check CMake code style
[0.555s] -- Added test 'uncrustify' to check C / C++ code style
[0.555s] -- Configured uncrustify additional arguments: 
[0.555s] -- Added test 'xmllint' to check XML markup files
[0.556s] -- Configuring done
[0.561s] -- Generating done
[0.562s] -- Build files have been written to: /home/pau24113/Documents/GitHub/IR2117/tb3_ws/build/olympic
[0.568s] Invoked command in '/home/pau24113/Documents/GitHub/IR2117/tb3_ws/build/olympic' returned '0': CMAKE_PREFIX_PATH=${CMAKE_PREFIX_PATH}:/opt/ros/foxy /usr/bin/cmake /home/pau24113/Documents/GitHub/IR2117/tb3_ws/src/olympic -DCMAKE_INSTALL_PREFIX=/home/pau24113/Documents/GitHub/IR2117/tb3_ws/install/olympic
[0.569s] Invoking command in '/home/pau24113/Documents/GitHub/IR2117/tb3_ws/build/olympic': CMAKE_PREFIX_PATH=${CMAKE_PREFIX_PATH}:/opt/ros/foxy /usr/bin/cmake --build /home/pau24113/Documents/GitHub/IR2117/tb3_ws/build/olympic -- -j16 -l16
[0.592s] [35m[1mScanning dependencies of target rings[0m
[0.612s] [ 50%] [32mBuilding CXX object CMakeFiles/rings.dir/src/rings.cpp.o[0m
[2.489s] [100%] [32m[1mLinking CXX executable rings[0m
[2.584s] [100%] Built target rings
[2.592s] Invoked command in '/home/pau24113/Documents/GitHub/IR2117/tb3_ws/build/olympic' returned '0': CMAKE_PREFIX_PATH=${CMAKE_PREFIX_PATH}:/opt/ros/foxy /usr/bin/cmake --build /home/pau24113/Documents/GitHub/IR2117/tb3_ws/build/olympic -- -j16 -l16
[2.611s] Invoking command in '/home/pau24113/Documents/GitHub/IR2117/tb3_ws/build/olympic': CMAKE_PREFIX_PATH=${CMAKE_PREFIX_PATH}:/opt/ros/foxy /usr/bin/cmake --install /home/pau24113/Documents/GitHub/IR2117/tb3_ws/build/olympic
[2.616s] -- Install configuration: ""
[2.616s] -- Installing: /home/pau24113/Documents/GitHub/IR2117/tb3_ws/install/olympic/lib/olympic/rings
[2.617s] -- Set runtime path of "/home/pau24113/Documents/GitHub/IR2117/tb3_ws/install/olympic/lib/olympic/rings" to ""
[2.617s] -- Installing: /home/pau24113/Documents/GitHub/IR2117/tb3_ws/install/olympic/share/ament_index/resource_index/package_run_dependencies/olympic
[2.617s] -- Installing: /home/pau24113/Documents/GitHub/IR2117/tb3_ws/install/olympic/share/ament_index/resource_index/parent_prefix_path/olympic
[2.617s] -- Installing: /home/pau24113/Documents/GitHub/IR2117/tb3_ws/install/olympic/share/olympic/environment/ament_prefix_path.sh
[2.617s] -- Installing: /home/pau24113/Documents/GitHub/IR2117/tb3_ws/install/olympic/share/olympic/environment/ament_prefix_path.dsv
[2.617s] -- Installing: /home/pau24113/Documents/GitHub/IR2117/tb3_ws/install/olympic/share/olympic/environment/path.sh
[2.617s] -- Installing: /home/pau24113/Documents/GitHub/IR2117/tb3_ws/install/olympic/share/olympic/environment/path.dsv
[2.617s] -- Installing: /home/pau24113/Documents/GitHub/IR2117/tb3_ws/install/olympic/share/olympic/local_setup.bash
[2.617s] -- Installing: /home/pau24113/Documents/GitHub/IR2117/tb3_ws/install/olympic/share/olympic/local_setup.sh
[2.618s] -- Installing: /home/pau24113/Documents/GitHub/IR2117/tb3_ws/install/olympic/share/olympic/local_setup.zsh
[2.618s] -- Installing: /home/pau24113/Documents/GitHub/IR2117/tb3_ws/install/olympic/share/olympic/local_setup.dsv
[2.618s] -- Installing: /home/pau24113/Documents/GitHub/IR2117/tb3_ws/install/olympic/share/olympic/package.dsv
[2.618s] -- Installing: /home/pau24113/Documents/GitHub/IR2117/tb3_ws/install/olympic/share/ament_index/resource_index/packages/olympic
[2.618s] -- Installing: /home/pau24113/Documents/GitHub/IR2117/tb3_ws/install/olympic/share/olympic/cmake/olympicConfig.cmake
[2.618s] -- Installing: /home/pau24113/Documents/GitHub/IR2117/tb3_ws/install/olympic/share/olympic/cmake/olympicConfig-version.cmake
[2.618s] -- Installing: /home/pau24113/Documents/GitHub/IR2117/tb3_ws/install/olympic/share/olympic/package.xml
[2.620s] Invoked command in '/home/pau24113/Documents/GitHub/IR2117/tb3_ws/build/olympic' returned '0': CMAKE_PREFIX_PATH=${CMAKE_PREFIX_PATH}:/opt/ros/foxy /usr/bin/cmake --install /home/pau24113/Documents/GitHub/IR2117/tb3_ws/build/olympic
