[0.019s] Invoking command in '/home/pau24113/Documents/GitHub/IR2117/tb3_ws/src/build/obstacles': CMAKE_PREFIX_PATH=${CMAKE_PREFIX_PATH}:/opt/ros/foxy /usr/bin/cmake /home/pau24113/Documents/GitHub/IR2117/tb3_ws/src/obstacles -DCMAKE_INSTALL_PREFIX=/home/pau24113/Documents/GitHub/IR2117/tb3_ws/src/install/obstacles
[0.031s] -- Found ament_cmake: 0.9.11 (/opt/ros/foxy/share/ament_cmake/cmake)
[0.049s] -- Using PYTHON_EXECUTABLE: /usr/bin/python3
[0.208s] -- Found rclcpp: 2.4.2 (/opt/ros/foxy/share/rclcpp/cmake)
[0.237s] -- Using all available rosidl_typesupport_c: rosidl_typesupport_fastrtps_c;rosidl_typesupport_introspection_c
[0.240s] -- Found rosidl_adapter: 1.3.0 (/opt/ros/foxy/share/rosidl_adapter/cmake)
[0.339s] -- Using all available rosidl_typesupport_cpp: rosidl_typesupport_fastrtps_cpp;rosidl_typesupport_introspection_cpp
[0.384s] -- Found rmw_implementation_cmake: 1.0.3 (/opt/ros/foxy/share/rmw_implementation_cmake/cmake)
[0.385s] -- Using RMW implementation 'rmw_fastrtps_cpp' as default
[0.512s] -- Found sensor_msgs: 2.0.5 (/opt/ros/foxy/share/sensor_msgs/cmake)
[0.611s] CMake Error at CMakeLists.txt:22 (find_package):
[0.611s]   find_package called with invalid argument "interfaces"
[0.611s] 
[0.611s] 
[0.611s] -- Found ament_lint_auto: 0.9.7 (/opt/ros/foxy/share/ament_lint_auto/cmake)
[0.676s] -- Added test 'copyright' to check source files copyright and LICENSE
[0.677s] -- Added test 'lint_cmake' to check CMake code style
[0.678s] -- Added test 'xmllint' to check XML markup files
[0.680s] -- Configuring incomplete, errors occurred!
[0.680s] See also "/home/pau24113/Documents/GitHub/IR2117/tb3_ws/src/build/obstacles/CMakeFiles/CMakeOutput.log".
[0.680s] See also "/home/pau24113/Documents/GitHub/IR2117/tb3_ws/src/build/obstacles/CMakeFiles/CMakeError.log".
[0.687s] Invoked command in '/home/pau24113/Documents/GitHub/IR2117/tb3_ws/src/build/obstacles' returned '1': CMAKE_PREFIX_PATH=${CMAKE_PREFIX_PATH}:/opt/ros/foxy /usr/bin/cmake /home/pau24113/Documents/GitHub/IR2117/tb3_ws/src/obstacles -DCMAKE_INSTALL_PREFIX=/home/pau24113/Documents/GitHub/IR2117/tb3_ws/src/install/obstacles
