[0.027s] Invoking command in '/home/pau24113/Documents/GitHub/IR2117/ros2_ws/build/cpp_srvcli': CMAKE_PREFIX_PATH=${CMAKE_PREFIX_PATH}:/opt/ros/foxy /usr/bin/cmake --build /home/pau24113/Documents/GitHub/IR2117/ros2_ws/build/cpp_srvcli -- -j16 -l16
[0.066s] [ 50%] Built target client
[0.070s] [100%] Built target server
[0.078s] Invoked command in '/home/pau24113/Documents/GitHub/IR2117/ros2_ws/build/cpp_srvcli' returned '0': CMAKE_PREFIX_PATH=${CMAKE_PREFIX_PATH}:/opt/ros/foxy /usr/bin/cmake --build /home/pau24113/Documents/GitHub/IR2117/ros2_ws/build/cpp_srvcli -- -j16 -l16
[0.103s] Invoking command in '/home/pau24113/Documents/GitHub/IR2117/ros2_ws/build/cpp_srvcli': CMAKE_PREFIX_PATH=${CMAKE_PREFIX_PATH}:/opt/ros/foxy /usr/bin/cmake --install /home/pau24113/Documents/GitHub/IR2117/ros2_ws/build/cpp_srvcli
[0.109s] -- Install configuration: ""
[0.109s] -- Up-to-date: /home/pau24113/Documents/GitHub/IR2117/ros2_ws/install/cpp_srvcli/lib/cpp_srvcli/server
[0.109s] -- Up-to-date: /home/pau24113/Documents/GitHub/IR2117/ros2_ws/install/cpp_srvcli/lib/cpp_srvcli/client
[0.109s] -- Up-to-date: /home/pau24113/Documents/GitHub/IR2117/ros2_ws/install/cpp_srvcli/share/ament_index/resource_index/package_run_dependencies/cpp_srvcli
[0.110s] -- Up-to-date: /home/pau24113/Documents/GitHub/IR2117/ros2_ws/install/cpp_srvcli/share/ament_index/resource_index/parent_prefix_path/cpp_srvcli
[0.110s] -- Up-to-date: /home/pau24113/Documents/GitHub/IR2117/ros2_ws/install/cpp_srvcli/share/cpp_srvcli/environment/ament_prefix_path.sh
[0.110s] -- Up-to-date: /home/pau24113/Documents/GitHub/IR2117/ros2_ws/install/cpp_srvcli/share/cpp_srvcli/environment/ament_prefix_path.dsv
[0.110s] -- Up-to-date: /home/pau24113/Documents/GitHub/IR2117/ros2_ws/install/cpp_srvcli/share/cpp_srvcli/environment/path.sh
[0.110s] -- Up-to-date: /home/pau24113/Documents/GitHub/IR2117/ros2_ws/install/cpp_srvcli/share/cpp_srvcli/environment/path.dsv
[0.110s] -- Up-to-date: /home/pau24113/Documents/GitHub/IR2117/ros2_ws/install/cpp_srvcli/share/cpp_srvcli/local_setup.bash
[0.110s] -- Up-to-date: /home/pau24113/Documents/GitHub/IR2117/ros2_ws/install/cpp_srvcli/share/cpp_srvcli/local_setup.sh
[0.110s] -- Up-to-date: /home/pau24113/Documents/GitHub/IR2117/ros2_ws/install/cpp_srvcli/share/cpp_srvcli/local_setup.zsh
[0.110s] -- Up-to-date: /home/pau24113/Documents/GitHub/IR2117/ros2_ws/install/cpp_srvcli/share/cpp_srvcli/local_setup.dsv
[0.110s] -- Up-to-date: /home/pau24113/Documents/GitHub/IR2117/ros2_ws/install/cpp_srvcli/share/cpp_srvcli/package.dsv
[0.111s] -- Up-to-date: /home/pau24113/Documents/GitHub/IR2117/ros2_ws/install/cpp_srvcli/share/ament_index/resource_index/packages/cpp_srvcli
[0.111s] -- Up-to-date: /home/pau24113/Documents/GitHub/IR2117/ros2_ws/install/cpp_srvcli/share/cpp_srvcli/cmake/cpp_srvcliConfig.cmake
[0.112s] -- Up-to-date: /home/pau24113/Documents/GitHub/IR2117/ros2_ws/install/cpp_srvcli/share/cpp_srvcli/cmake/cpp_srvcliConfig-version.cmake
[0.113s] -- Up-to-date: /home/pau24113/Documents/GitHub/IR2117/ros2_ws/install/cpp_srvcli/share/cpp_srvcli/package.xml
[0.113s] Invoked command in '/home/pau24113/Documents/GitHub/IR2117/ros2_ws/build/cpp_srvcli' returned '0': CMAKE_PREFIX_PATH=${CMAKE_PREFIX_PATH}:/opt/ros/foxy /usr/bin/cmake --install /home/pau24113/Documents/GitHub/IR2117/ros2_ws/build/cpp_srvcli
