[01m[K/home/pau24113/Documents/GitHub/IR2117/tb3_ws/src/obstacles/src/avoidance.cpp:[m[K In function ‘[01m[Kint main(int, char**)[m[K’:
[01m[K/home/pau24113/Documents/GitHub/IR2117/tb3_ws/src/obstacles/src/avoidance.cpp:59:18:[m[K [01;35m[Kwarning: [m[Kinit-statement in selection statements only available with ‘[01m[K-std=c++17[m[K’ or ‘[01m[K-std=gnu++17[m[K’
   59 |       } else if ([01;35m[Kfront_obstacle[m[K and !(right_obstacle or left_obstacle) {
      |                  [01;35m[K^~~~~~~~~~~~~~[m[K
[01m[K/home/pau24113/Documents/GitHub/IR2117/tb3_ws/src/obstacles/src/avoidance.cpp:59:71:[m[K [01;31m[Kerror: [m[Kexpected ‘[01m[K;[m[K’ before ‘[01m[K{[m[K’ token
   59 |       } else if (front_obstacle and !(right_obstacle or left_obstacle)[01;31m[K [m[K[32m[K{[m[K
      |                                                                       [01;31m[K^[m[K[32m[K~[m[K
      |                                                                       [32m[K;[m[K
[01m[K/home/pau24113/Documents/GitHub/IR2117/tb3_ws/src/obstacles/src/avoidance.cpp:59:33:[m[K [01;35m[Kwarning: [m[Kstatement has no effect [[01;35m[K-Wunused-value[m[K]
   59 |       } else if ([01;35m[Kfront_obstacle and !(right_obstacle or left_obstacle)[m[K {
      |                  [01;35m[K~~~~~~~~~~~~~~~^~~~~~~~~~~~~~~~~~~~~~~~~~~~~~~~~~~~~~[m[K
[01m[K/home/pau24113/Documents/GitHub/IR2117/tb3_ws/src/obstacles/src/avoidance.cpp:62:7:[m[K [01;31m[Kerror: [m[Kexpected primary-expression before ‘[01m[Kbreak[m[K’
   62 |       [01;31m[Kbreak[m[K;
      |       [01;31m[K^~~~~[m[K
[01m[K/home/pau24113/Documents/GitHub/IR2117/tb3_ws/src/obstacles/src/avoidance.cpp:61:8:[m[K [01;31m[Kerror: [m[Kexpected ‘[01m[K)[m[K’ before ‘[01m[Kbreak[m[K’
   61 |       }
      |        [01;31m[K^[m[K
      |        [32m[K)[m[K
   62 |       [32m[Kbreak[m[K;
      |       [32m[K~~~~~[m[K
[01m[K/home/pau24113/Documents/GitHub/IR2117/tb3_ws/src/obstacles/src/avoidance.cpp:59:17:[m[K [01;36m[Knote: [m[Kto match this ‘[01m[K([m[K’
   59 |       } else if [01;36m[K([m[Kfront_obstacle and !(right_obstacle or left_obstacle) {
      |                 [01;36m[K^[m[K
[01m[K/home/pau24113/Documents/GitHub/IR2117/tb3_ws/src/obstacles/src/avoidance.cpp:62:12:[m[K [01;35m[Kwarning: [m[Ksuggest braces around empty body in an ‘[01m[Kif[m[K’ statement [[01;35m[K-Wempty-body[m[K]
   62 |       break[01;35m[K;[m[K
      |            [01;35m[K^[m[K
[01m[K/home/pau24113/Documents/GitHub/IR2117/tb3_ws/src/obstacles/src/avoidance.cpp:50:9:[m[K [01;35m[Kwarning: [m[Kenumeration value ‘[01m[KS3[m[K’ not handled in switch [[01;35m[K-Wswitch[m[K]
   50 |  switch [01;35m[K([m[Kstate) {
      |         [01;35m[K^[m[K
make[2]: *** [CMakeFiles/avoidance.dir/build.make:63: CMakeFiles/avoidance.dir/src/avoidance.cpp.o] Error 1
make[1]: *** [CMakeFiles/Makefile2:107: CMakeFiles/avoidance.dir/all] Error 2
make: *** [Makefile:141: all] Error 2
