[0.254s] DEBUG:colcon:Command line arguments: ['/usr/bin/colcon', 'build']
[0.254s] DEBUG:colcon:Parsed command line arguments: Namespace(allow_overriding=[], ament_cmake_args=None, base_paths=['.'], build_base='build', catkin_cmake_args=None, catkin_skip_building_tests=False, cmake_args=None, cmake_clean_cache=False, cmake_clean_first=False, cmake_force_configure=False, cmake_target=None, cmake_target_skip_unavailable=False, continue_on_error=False, event_handlers=None, executor='parallel', ignore_user_meta=False, install_base='install', log_base=None, log_level=None, main=<bound method BuildVerb.main of <colcon_core.verb.build.BuildVerb object at 0x7ff262a5a730>>, merge_install=False, metas=['./colcon.meta'], packages_above=None, packages_above_and_dependencies=None, packages_above_depth=None, packages_end=None, packages_ignore=None, packages_ignore_regex=None, packages_select=None, packages_select_build_failed=False, packages_select_by_dep=None, packages_select_regex=None, packages_select_test_failures=False, packages_skip=None, packages_skip_build_finished=False, packages_skip_by_dep=None, packages_skip_regex=None, packages_skip_test_passed=False, packages_skip_up_to=None, packages_start=None, packages_up_to=None, packages_up_to_regex=None, parallel_workers=16, paths=None, symlink_install=False, test_result_base=None, verb_extension=<colcon_core.verb.build.BuildVerb object at 0x7ff262a5a730>, verb_name='build', verb_parser=<colcon_defaults.argument_parser.defaults.DefaultArgumentsDecorator object at 0x7ff262a5ac70>)
[0.277s] Level 1:colcon.colcon_core.package_discovery:discover_packages(colcon_meta) check parameters
[0.277s] Level 1:colcon.colcon_core.package_discovery:discover_packages(recursive) check parameters
[0.277s] Level 1:colcon.colcon_core.package_discovery:discover_packages(ignore) check parameters
[0.277s] Level 1:colcon.colcon_core.package_discovery:discover_packages(path) check parameters
[0.277s] Level 1:colcon.colcon_core.package_discovery:discover_packages(colcon_meta) discover
[0.277s] Level 1:colcon.colcon_core.package_discovery:discover_packages(recursive) discover
[0.277s] INFO:colcon.colcon_core.package_discovery:Crawling recursively for packages in '/home/pau24113/Documents/GitHub/IR2117/tb3_ws'
[0.277s] Level 1:colcon.colcon_core.package_identification:_identify(.) by extensions ['ignore', 'ignore_ament_install']
[0.277s] Level 1:colcon.colcon_core.package_identification:_identify(.) by extension 'ignore'
[0.277s] Level 1:colcon.colcon_core.package_identification:_identify(.) by extension 'ignore_ament_install'
[0.277s] Level 1:colcon.colcon_core.package_identification:_identify(.) by extensions ['colcon_pkg']
[0.277s] Level 1:colcon.colcon_core.package_identification:_identify(.) by extension 'colcon_pkg'
[0.277s] Level 1:colcon.colcon_core.package_identification:_identify(.) by extensions ['colcon_meta']
[0.277s] Level 1:colcon.colcon_core.package_identification:_identify(.) by extension 'colcon_meta'
[0.277s] Level 1:colcon.colcon_core.package_identification:_identify(.) by extensions ['ros']
[0.277s] Level 1:colcon.colcon_core.package_identification:_identify(.) by extension 'ros'
[0.296s] Level 1:colcon.colcon_core.package_identification:_identify(.) by extensions ['cmake', 'python']
[0.296s] Level 1:colcon.colcon_core.package_identification:_identify(.) by extension 'cmake'
[0.296s] Level 1:colcon.colcon_core.package_identification:_identify(.) by extension 'python'
[0.296s] Level 1:colcon.colcon_core.package_identification:_identify(.) by extensions ['python_setup_py']
[0.296s] Level 1:colcon.colcon_core.package_identification:_identify(.) by extension 'python_setup_py'
[0.296s] Level 1:colcon.colcon_core.package_identification:_identify(build) by extensions ['ignore', 'ignore_ament_install']
[0.296s] Level 1:colcon.colcon_core.package_identification:_identify(build) by extension 'ignore'
[0.296s] Level 1:colcon.colcon_core.package_identification:_identify(build) ignored
[0.296s] Level 1:colcon.colcon_core.package_identification:_identify(install) by extensions ['ignore', 'ignore_ament_install']
[0.296s] Level 1:colcon.colcon_core.package_identification:_identify(install) by extension 'ignore'
[0.296s] Level 1:colcon.colcon_core.package_identification:_identify(install) ignored
[0.296s] Level 1:colcon.colcon_core.package_identification:_identify(log) by extensions ['ignore', 'ignore_ament_install']
[0.296s] Level 1:colcon.colcon_core.package_identification:_identify(log) by extension 'ignore'
[0.297s] Level 1:colcon.colcon_core.package_identification:_identify(log) ignored
[0.297s] Level 1:colcon.colcon_core.package_identification:_identify(src) by extensions ['ignore', 'ignore_ament_install']
[0.297s] Level 1:colcon.colcon_core.package_identification:_identify(src) by extension 'ignore'
[0.297s] Level 1:colcon.colcon_core.package_identification:_identify(src) by extension 'ignore_ament_install'
[0.297s] Level 1:colcon.colcon_core.package_identification:_identify(src) by extensions ['colcon_pkg']
[0.297s] Level 1:colcon.colcon_core.package_identification:_identify(src) by extension 'colcon_pkg'
[0.297s] Level 1:colcon.colcon_core.package_identification:_identify(src) by extensions ['colcon_meta']
[0.297s] Level 1:colcon.colcon_core.package_identification:_identify(src) by extension 'colcon_meta'
[0.297s] Level 1:colcon.colcon_core.package_identification:_identify(src) by extensions ['ros']
[0.297s] Level 1:colcon.colcon_core.package_identification:_identify(src) by extension 'ros'
[0.297s] Level 1:colcon.colcon_core.package_identification:_identify(src) by extensions ['cmake', 'python']
[0.297s] Level 1:colcon.colcon_core.package_identification:_identify(src) by extension 'cmake'
[0.297s] Level 1:colcon.colcon_core.package_identification:_identify(src) by extension 'python'
[0.297s] Level 1:colcon.colcon_core.package_identification:_identify(src) by extensions ['python_setup_py']
[0.297s] Level 1:colcon.colcon_core.package_identification:_identify(src) by extension 'python_setup_py'
[0.297s] Level 1:colcon.colcon_core.package_identification:_identify(src/build) by extensions ['ignore', 'ignore_ament_install']
[0.297s] Level 1:colcon.colcon_core.package_identification:_identify(src/build) by extension 'ignore'
[0.297s] Level 1:colcon.colcon_core.package_identification:_identify(src/build) ignored
[0.297s] Level 1:colcon.colcon_core.package_identification:_identify(src/install) by extensions ['ignore', 'ignore_ament_install']
[0.297s] Level 1:colcon.colcon_core.package_identification:_identify(src/install) by extension 'ignore'
[0.297s] Level 1:colcon.colcon_core.package_identification:_identify(src/install) ignored
[0.297s] Level 1:colcon.colcon_core.package_identification:_identify(src/log) by extensions ['ignore', 'ignore_ament_install']
[0.298s] Level 1:colcon.colcon_core.package_identification:_identify(src/log) by extension 'ignore'
[0.298s] Level 1:colcon.colcon_core.package_identification:_identify(src/log) ignored
[0.298s] Level 1:colcon.colcon_core.package_identification:_identify(src/obstacles) by extensions ['ignore', 'ignore_ament_install']
[0.298s] Level 1:colcon.colcon_core.package_identification:_identify(src/obstacles) by extension 'ignore'
[0.298s] Level 1:colcon.colcon_core.package_identification:_identify(src/obstacles) by extension 'ignore_ament_install'
[0.298s] Level 1:colcon.colcon_core.package_identification:_identify(src/obstacles) by extensions ['colcon_pkg']
[0.298s] Level 1:colcon.colcon_core.package_identification:_identify(src/obstacles) by extension 'colcon_pkg'
[0.298s] Level 1:colcon.colcon_core.package_identification:_identify(src/obstacles) by extensions ['colcon_meta']
[0.298s] Level 1:colcon.colcon_core.package_identification:_identify(src/obstacles) by extension 'colcon_meta'
[0.298s] Level 1:colcon.colcon_core.package_identification:_identify(src/obstacles) by extensions ['ros']
[0.298s] Level 1:colcon.colcon_core.package_identification:_identify(src/obstacles) by extension 'ros'
[0.300s] DEBUG:colcon.colcon_core.package_identification:Package 'src/obstacles' with type 'ros.ament_cmake' and name 'obstacles'
[0.300s] Level 1:colcon.colcon_core.package_identification:_identify(src/robot_trajectory) by extensions ['ignore', 'ignore_ament_install']
[0.300s] Level 1:colcon.colcon_core.package_identification:_identify(src/robot_trajectory) by extension 'ignore'
[0.300s] Level 1:colcon.colcon_core.package_identification:_identify(src/robot_trajectory) by extension 'ignore_ament_install'
[0.300s] Level 1:colcon.colcon_core.package_identification:_identify(src/robot_trajectory) by extensions ['colcon_pkg']
[0.300s] Level 1:colcon.colcon_core.package_identification:_identify(src/robot_trajectory) by extension 'colcon_pkg'
[0.300s] Level 1:colcon.colcon_core.package_identification:_identify(src/robot_trajectory) by extensions ['colcon_meta']
[0.300s] Level 1:colcon.colcon_core.package_identification:_identify(src/robot_trajectory) by extension 'colcon_meta'
[0.300s] Level 1:colcon.colcon_core.package_identification:_identify(src/robot_trajectory) by extensions ['ros']
[0.300s] Level 1:colcon.colcon_core.package_identification:_identify(src/robot_trajectory) by extension 'ros'
[0.301s] DEBUG:colcon.colcon_core.package_identification:Package 'src/robot_trajectory' with type 'ros.ament_cmake' and name 'robot_trajectory'
[0.301s] Level 1:colcon.colcon_core.package_discovery:discover_packages(recursive) using defaults
[0.301s] Level 1:colcon.colcon_core.package_discovery:discover_packages(ignore) discover
[0.301s] Level 1:colcon.colcon_core.package_discovery:discover_packages(ignore) using defaults
[0.301s] Level 1:colcon.colcon_core.package_discovery:discover_packages(path) discover
[0.301s] Level 1:colcon.colcon_core.package_discovery:discover_packages(path) using defaults
[0.319s] Level 1:colcon.colcon_core.package_discovery:discover_packages(prefix_path) check parameters
[0.319s] Level 1:colcon.colcon_core.package_discovery:discover_packages(prefix_path) discover
[0.321s] DEBUG:colcon.colcon_installed_package_information.package_discovery:Found 2 installed packages in /home/pau24113/Documents/GitHub/IR2117/tb3_ws/install
[0.322s] DEBUG:colcon.colcon_installed_package_information.package_discovery:Found 0 installed packages in /home/pau24113/Documents/GitHub/IR2117/tb3_ws/src/obstacles/src/install
[0.323s] DEBUG:colcon.colcon_installed_package_information.package_discovery:Found 290 installed packages in /opt/ros/foxy
[0.324s] Level 1:colcon.colcon_core.package_discovery:discover_packages(prefix_path) using defaults
[0.387s] Level 5:colcon.colcon_core.verb:set package 'obstacles' build argument 'cmake_args' from command line to 'None'
[0.387s] Level 5:colcon.colcon_core.verb:set package 'obstacles' build argument 'cmake_target' from command line to 'None'
[0.387s] Level 5:colcon.colcon_core.verb:set package 'obstacles' build argument 'cmake_target_skip_unavailable' from command line to 'False'
[0.387s] Level 5:colcon.colcon_core.verb:set package 'obstacles' build argument 'cmake_clean_cache' from command line to 'False'
[0.388s] Level 5:colcon.colcon_core.verb:set package 'obstacles' build argument 'cmake_clean_first' from command line to 'False'
[0.388s] Level 5:colcon.colcon_core.verb:set package 'obstacles' build argument 'cmake_force_configure' from command line to 'False'
[0.388s] Level 5:colcon.colcon_core.verb:set package 'obstacles' build argument 'ament_cmake_args' from command line to 'None'
[0.388s] Level 5:colcon.colcon_core.verb:set package 'obstacles' build argument 'catkin_cmake_args' from command line to 'None'
[0.388s] Level 5:colcon.colcon_core.verb:set package 'obstacles' build argument 'catkin_skip_building_tests' from command line to 'False'
[0.388s] DEBUG:colcon.colcon_core.verb:Building package 'obstacles' with the following arguments: {'ament_cmake_args': None, 'build_base': '/home/pau24113/Documents/GitHub/IR2117/tb3_ws/build/obstacles', 'catkin_cmake_args': None, 'catkin_skip_building_tests': False, 'cmake_args': None, 'cmake_clean_cache': False, 'cmake_clean_first': False, 'cmake_force_configure': False, 'cmake_target': None, 'cmake_target_skip_unavailable': False, 'install_base': '/home/pau24113/Documents/GitHub/IR2117/tb3_ws/install/obstacles', 'merge_install': False, 'path': '/home/pau24113/Documents/GitHub/IR2117/tb3_ws/src/obstacles', 'symlink_install': False, 'test_result_base': None}
[0.388s] Level 5:colcon.colcon_core.verb:set package 'robot_trajectory' build argument 'cmake_args' from command line to 'None'
[0.388s] Level 5:colcon.colcon_core.verb:set package 'robot_trajectory' build argument 'cmake_target' from command line to 'None'
[0.388s] Level 5:colcon.colcon_core.verb:set package 'robot_trajectory' build argument 'cmake_target_skip_unavailable' from command line to 'False'
[0.389s] Level 5:colcon.colcon_core.verb:set package 'robot_trajectory' build argument 'cmake_clean_cache' from command line to 'False'
[0.389s] Level 5:colcon.colcon_core.verb:set package 'robot_trajectory' build argument 'cmake_clean_first' from command line to 'False'
[0.389s] Level 5:colcon.colcon_core.verb:set package 'robot_trajectory' build argument 'cmake_force_configure' from command line to 'False'
[0.389s] Level 5:colcon.colcon_core.verb:set package 'robot_trajectory' build argument 'ament_cmake_args' from command line to 'None'
[0.389s] Level 5:colcon.colcon_core.verb:set package 'robot_trajectory' build argument 'catkin_cmake_args' from command line to 'None'
[0.389s] Level 5:colcon.colcon_core.verb:set package 'robot_trajectory' build argument 'catkin_skip_building_tests' from command line to 'False'
[0.389s] DEBUG:colcon.colcon_core.verb:Building package 'robot_trajectory' with the following arguments: {'ament_cmake_args': None, 'build_base': '/home/pau24113/Documents/GitHub/IR2117/tb3_ws/build/robot_trajectory', 'catkin_cmake_args': None, 'catkin_skip_building_tests': False, 'cmake_args': None, 'cmake_clean_cache': False, 'cmake_clean_first': False, 'cmake_force_configure': False, 'cmake_target': None, 'cmake_target_skip_unavailable': False, 'install_base': '/home/pau24113/Documents/GitHub/IR2117/tb3_ws/install/robot_trajectory', 'merge_install': False, 'path': '/home/pau24113/Documents/GitHub/IR2117/tb3_ws/src/robot_trajectory', 'symlink_install': False, 'test_result_base': None}
[0.389s] INFO:colcon.colcon_core.executor:Executing jobs using 'parallel' executor
[0.392s] DEBUG:colcon.colcon_parallel_executor.executor.parallel:run_until_complete
[0.393s] INFO:colcon.colcon_ros.task.ament_cmake.build:Building ROS package in '/home/pau24113/Documents/GitHub/IR2117/tb3_ws/src/obstacles' with build type 'ament_cmake'
[0.393s] INFO:colcon.colcon_cmake.task.cmake.build:Building CMake package in '/home/pau24113/Documents/GitHub/IR2117/tb3_ws/src/obstacles'
[0.396s] INFO:colcon.colcon_core.plugin_system:Skipping extension 'colcon_core.shell.bat': Not used on non-Windows systems
[0.396s] INFO:colcon.colcon_core.shell:Skip shell extension 'powershell' for command environment: Not usable outside of PowerShell
[0.396s] DEBUG:colcon.colcon_core.shell:Skip shell extension 'dsv' for command environment
[0.402s] INFO:colcon.colcon_ros.task.ament_cmake.build:Building ROS package in '/home/pau24113/Documents/GitHub/IR2117/tb3_ws/src/robot_trajectory' with build type 'ament_cmake'
[0.402s] INFO:colcon.colcon_cmake.task.cmake.build:Building CMake package in '/home/pau24113/Documents/GitHub/IR2117/tb3_ws/src/robot_trajectory'
[0.403s] INFO:colcon.colcon_core.shell:Skip shell extension 'powershell' for command environment: Not usable outside of PowerShell
[0.404s] DEBUG:colcon.colcon_core.shell:Skip shell extension 'dsv' for command environment
[0.415s] DEBUG:colcon.colcon_core.event_handler.log_command:Invoking command in '/home/pau24113/Documents/GitHub/IR2117/tb3_ws/build/obstacles': CMAKE_PREFIX_PATH=${CMAKE_PREFIX_PATH}:/opt/ros/foxy /usr/bin/cmake --build /home/pau24113/Documents/GitHub/IR2117/tb3_ws/build/obstacles -- -j16 -l16
[0.423s] DEBUG:colcon.colcon_core.event_handler.log_command:Invoking command in '/home/pau24113/Documents/GitHub/IR2117/tb3_ws/build/robot_trajectory': CMAKE_PREFIX_PATH=${CMAKE_PREFIX_PATH}:/opt/ros/foxy /usr/bin/cmake --build /home/pau24113/Documents/GitHub/IR2117/tb3_ws/build/robot_trajectory -- -j16 -l16
[0.480s] DEBUG:colcon.colcon_core.event_handler.log_command:Invoked command in '/home/pau24113/Documents/GitHub/IR2117/tb3_ws/build/robot_trajectory' returned '0': CMAKE_PREFIX_PATH=${CMAKE_PREFIX_PATH}:/opt/ros/foxy /usr/bin/cmake --build /home/pau24113/Documents/GitHub/IR2117/tb3_ws/build/robot_trajectory -- -j16 -l16
[0.514s] DEBUG:colcon.colcon_core.event_handler.log_command:Invoking command in '/home/pau24113/Documents/GitHub/IR2117/tb3_ws/build/robot_trajectory': CMAKE_PREFIX_PATH=${CMAKE_PREFIX_PATH}:/opt/ros/foxy /usr/bin/cmake --install /home/pau24113/Documents/GitHub/IR2117/tb3_ws/build/robot_trajectory
[0.524s] Level 1:colcon.colcon_core.environment:create_environment_scripts_only(robot_trajectory)
[0.525s] DEBUG:colcon.colcon_core.event_handler.log_command:Invoked command in '/home/pau24113/Documents/GitHub/IR2117/tb3_ws/build/robot_trajectory' returned '0': CMAKE_PREFIX_PATH=${CMAKE_PREFIX_PATH}:/opt/ros/foxy /usr/bin/cmake --install /home/pau24113/Documents/GitHub/IR2117/tb3_ws/build/robot_trajectory
[0.531s] Level 1:colcon.colcon_core.environment:checking '/home/pau24113/Documents/GitHub/IR2117/tb3_ws/install/robot_trajectory' for CMake module files
[0.532s] Level 1:colcon.colcon_core.environment:checking '/home/pau24113/Documents/GitHub/IR2117/tb3_ws/install/robot_trajectory' for CMake config files
[0.533s] Level 1:colcon.colcon_core.shell:create_environment_hook('robot_trajectory', 'cmake_prefix_path')
[0.536s] INFO:colcon.colcon_core.shell:Creating environment hook '/home/pau24113/Documents/GitHub/IR2117/tb3_ws/install/robot_trajectory/share/robot_trajectory/hook/cmake_prefix_path.ps1'
[0.537s] INFO:colcon.colcon_core.shell:Creating environment descriptor '/home/pau24113/Documents/GitHub/IR2117/tb3_ws/install/robot_trajectory/share/robot_trajectory/hook/cmake_prefix_path.dsv'
[0.537s] INFO:colcon.colcon_core.shell:Creating environment hook '/home/pau24113/Documents/GitHub/IR2117/tb3_ws/install/robot_trajectory/share/robot_trajectory/hook/cmake_prefix_path.sh'
[0.538s] Level 1:colcon.colcon_core.environment:checking '/home/pau24113/Documents/GitHub/IR2117/tb3_ws/install/robot_trajectory/lib'
[0.538s] Level 1:colcon.colcon_core.environment:checking '/home/pau24113/Documents/GitHub/IR2117/tb3_ws/install/robot_trajectory/bin'
[0.538s] Level 1:colcon.colcon_core.environment:checking '/home/pau24113/Documents/GitHub/IR2117/tb3_ws/install/robot_trajectory/lib/pkgconfig/robot_trajectory.pc'
[0.539s] Level 1:colcon.colcon_core.environment:checking '/home/pau24113/Documents/GitHub/IR2117/tb3_ws/install/robot_trajectory/lib/python3.8/site-packages'
[0.539s] Level 1:colcon.colcon_core.environment:checking '/home/pau24113/Documents/GitHub/IR2117/tb3_ws/install/robot_trajectory/bin'
[0.541s] INFO:colcon.colcon_core.shell:Creating package script '/home/pau24113/Documents/GitHub/IR2117/tb3_ws/install/robot_trajectory/share/robot_trajectory/package.ps1'
[0.542s] INFO:colcon.colcon_core.shell:Creating package descriptor '/home/pau24113/Documents/GitHub/IR2117/tb3_ws/install/robot_trajectory/share/robot_trajectory/package.dsv'
[0.542s] INFO:colcon.colcon_core.shell:Creating package script '/home/pau24113/Documents/GitHub/IR2117/tb3_ws/install/robot_trajectory/share/robot_trajectory/package.sh'
[0.543s] INFO:colcon.colcon_core.shell:Creating package script '/home/pau24113/Documents/GitHub/IR2117/tb3_ws/install/robot_trajectory/share/robot_trajectory/package.bash'
[0.544s] INFO:colcon.colcon_core.shell:Creating package script '/home/pau24113/Documents/GitHub/IR2117/tb3_ws/install/robot_trajectory/share/robot_trajectory/package.zsh'
[0.544s] Level 1:colcon.colcon_core.environment:create_file_with_runtime_dependencies(/home/pau24113/Documents/GitHub/IR2117/tb3_ws/install/robot_trajectory/share/colcon-core/packages/robot_trajectory)
[0.569s] Level 1:colcon.colcon_core.environment:create_environment_scripts_only(robot_trajectory)
[0.572s] Level 1:colcon.colcon_core.environment:checking '/home/pau24113/Documents/GitHub/IR2117/tb3_ws/install/robot_trajectory' for CMake module files
[0.573s] Level 1:colcon.colcon_core.environment:checking '/home/pau24113/Documents/GitHub/IR2117/tb3_ws/install/robot_trajectory' for CMake config files
[0.573s] Level 1:colcon.colcon_core.shell:create_environment_hook('robot_trajectory', 'cmake_prefix_path')
[0.575s] INFO:colcon.colcon_core.shell:Creating environment hook '/home/pau24113/Documents/GitHub/IR2117/tb3_ws/install/robot_trajectory/share/robot_trajectory/hook/cmake_prefix_path.ps1'
[0.576s] INFO:colcon.colcon_core.shell:Creating environment descriptor '/home/pau24113/Documents/GitHub/IR2117/tb3_ws/install/robot_trajectory/share/robot_trajectory/hook/cmake_prefix_path.dsv'
[0.576s] INFO:colcon.colcon_core.shell:Creating environment hook '/home/pau24113/Documents/GitHub/IR2117/tb3_ws/install/robot_trajectory/share/robot_trajectory/hook/cmake_prefix_path.sh'
[0.577s] Level 1:colcon.colcon_core.environment:checking '/home/pau24113/Documents/GitHub/IR2117/tb3_ws/install/robot_trajectory/lib'
[0.577s] Level 1:colcon.colcon_core.environment:checking '/home/pau24113/Documents/GitHub/IR2117/tb3_ws/install/robot_trajectory/bin'
[0.577s] Level 1:colcon.colcon_core.environment:checking '/home/pau24113/Documents/GitHub/IR2117/tb3_ws/install/robot_trajectory/lib/pkgconfig/robot_trajectory.pc'
[0.577s] Level 1:colcon.colcon_core.environment:checking '/home/pau24113/Documents/GitHub/IR2117/tb3_ws/install/robot_trajectory/lib/python3.8/site-packages'
[0.578s] Level 1:colcon.colcon_core.environment:checking '/home/pau24113/Documents/GitHub/IR2117/tb3_ws/install/robot_trajectory/bin'
[0.580s] INFO:colcon.colcon_core.shell:Creating package script '/home/pau24113/Documents/GitHub/IR2117/tb3_ws/install/robot_trajectory/share/robot_trajectory/package.ps1'
[0.581s] INFO:colcon.colcon_core.shell:Creating package descriptor '/home/pau24113/Documents/GitHub/IR2117/tb3_ws/install/robot_trajectory/share/robot_trajectory/package.dsv'
[0.581s] INFO:colcon.colcon_core.shell:Creating package script '/home/pau24113/Documents/GitHub/IR2117/tb3_ws/install/robot_trajectory/share/robot_trajectory/package.sh'
[0.582s] INFO:colcon.colcon_core.shell:Creating package script '/home/pau24113/Documents/GitHub/IR2117/tb3_ws/install/robot_trajectory/share/robot_trajectory/package.bash'
[0.582s] INFO:colcon.colcon_core.shell:Creating package script '/home/pau24113/Documents/GitHub/IR2117/tb3_ws/install/robot_trajectory/share/robot_trajectory/package.zsh'
[0.583s] Level 1:colcon.colcon_core.environment:create_file_with_runtime_dependencies(/home/pau24113/Documents/GitHub/IR2117/tb3_ws/install/robot_trajectory/share/colcon-core/packages/robot_trajectory)
[4.802s] DEBUG:colcon.colcon_core.event_handler.log_command:Invoked command in '/home/pau24113/Documents/GitHub/IR2117/tb3_ws/build/obstacles' returned '0': CMAKE_PREFIX_PATH=${CMAKE_PREFIX_PATH}:/opt/ros/foxy /usr/bin/cmake --build /home/pau24113/Documents/GitHub/IR2117/tb3_ws/build/obstacles -- -j16 -l16
[4.822s] DEBUG:colcon.colcon_core.event_handler.log_command:Invoking command in '/home/pau24113/Documents/GitHub/IR2117/tb3_ws/build/obstacles': CMAKE_PREFIX_PATH=${CMAKE_PREFIX_PATH}:/opt/ros/foxy /usr/bin/cmake --install /home/pau24113/Documents/GitHub/IR2117/tb3_ws/build/obstacles
[4.833s] Level 1:colcon.colcon_core.environment:create_environment_scripts_only(obstacles)
[4.835s] Level 1:colcon.colcon_core.environment:checking '/home/pau24113/Documents/GitHub/IR2117/tb3_ws/install/obstacles' for CMake module files
[4.836s] DEBUG:colcon.colcon_core.event_handler.log_command:Invoked command in '/home/pau24113/Documents/GitHub/IR2117/tb3_ws/build/obstacles' returned '0': CMAKE_PREFIX_PATH=${CMAKE_PREFIX_PATH}:/opt/ros/foxy /usr/bin/cmake --install /home/pau24113/Documents/GitHub/IR2117/tb3_ws/build/obstacles
[4.836s] Level 1:colcon.colcon_core.environment:checking '/home/pau24113/Documents/GitHub/IR2117/tb3_ws/install/obstacles' for CMake config files
[4.836s] Level 1:colcon.colcon_core.shell:create_environment_hook('obstacles', 'cmake_prefix_path')
[4.838s] INFO:colcon.colcon_core.shell:Creating environment hook '/home/pau24113/Documents/GitHub/IR2117/tb3_ws/install/obstacles/share/obstacles/hook/cmake_prefix_path.ps1'
[4.838s] INFO:colcon.colcon_core.shell:Creating environment descriptor '/home/pau24113/Documents/GitHub/IR2117/tb3_ws/install/obstacles/share/obstacles/hook/cmake_prefix_path.dsv'
[4.838s] INFO:colcon.colcon_core.shell:Creating environment hook '/home/pau24113/Documents/GitHub/IR2117/tb3_ws/install/obstacles/share/obstacles/hook/cmake_prefix_path.sh'
[4.839s] Level 1:colcon.colcon_core.environment:checking '/home/pau24113/Documents/GitHub/IR2117/tb3_ws/install/obstacles/lib'
[4.839s] Level 1:colcon.colcon_core.environment:checking '/home/pau24113/Documents/GitHub/IR2117/tb3_ws/install/obstacles/bin'
[4.839s] Level 1:colcon.colcon_core.environment:checking '/home/pau24113/Documents/GitHub/IR2117/tb3_ws/install/obstacles/lib/pkgconfig/obstacles.pc'
[4.839s] Level 1:colcon.colcon_core.environment:checking '/home/pau24113/Documents/GitHub/IR2117/tb3_ws/install/obstacles/lib/python3.8/site-packages'
[4.839s] Level 1:colcon.colcon_core.environment:checking '/home/pau24113/Documents/GitHub/IR2117/tb3_ws/install/obstacles/bin'
[4.840s] INFO:colcon.colcon_core.shell:Creating package script '/home/pau24113/Documents/GitHub/IR2117/tb3_ws/install/obstacles/share/obstacles/package.ps1'
[4.841s] INFO:colcon.colcon_core.shell:Creating package descriptor '/home/pau24113/Documents/GitHub/IR2117/tb3_ws/install/obstacles/share/obstacles/package.dsv'
[4.841s] INFO:colcon.colcon_core.shell:Creating package script '/home/pau24113/Documents/GitHub/IR2117/tb3_ws/install/obstacles/share/obstacles/package.sh'
[4.841s] INFO:colcon.colcon_core.shell:Creating package script '/home/pau24113/Documents/GitHub/IR2117/tb3_ws/install/obstacles/share/obstacles/package.bash'
[4.842s] INFO:colcon.colcon_core.shell:Creating package script '/home/pau24113/Documents/GitHub/IR2117/tb3_ws/install/obstacles/share/obstacles/package.zsh'
[4.842s] Level 1:colcon.colcon_core.environment:create_file_with_runtime_dependencies(/home/pau24113/Documents/GitHub/IR2117/tb3_ws/install/obstacles/share/colcon-core/packages/obstacles)
[4.861s] Level 1:colcon.colcon_core.environment:create_environment_scripts_only(obstacles)
[4.863s] Level 1:colcon.colcon_core.environment:checking '/home/pau24113/Documents/GitHub/IR2117/tb3_ws/install/obstacles' for CMake module files
[4.863s] Level 1:colcon.colcon_core.environment:checking '/home/pau24113/Documents/GitHub/IR2117/tb3_ws/install/obstacles' for CMake config files
[4.863s] Level 1:colcon.colcon_core.shell:create_environment_hook('obstacles', 'cmake_prefix_path')
[4.864s] INFO:colcon.colcon_core.shell:Creating environment hook '/home/pau24113/Documents/GitHub/IR2117/tb3_ws/install/obstacles/share/obstacles/hook/cmake_prefix_path.ps1'
[4.865s] INFO:colcon.colcon_core.shell:Creating environment descriptor '/home/pau24113/Documents/GitHub/IR2117/tb3_ws/install/obstacles/share/obstacles/hook/cmake_prefix_path.dsv'
[4.865s] INFO:colcon.colcon_core.shell:Creating environment hook '/home/pau24113/Documents/GitHub/IR2117/tb3_ws/install/obstacles/share/obstacles/hook/cmake_prefix_path.sh'
[4.866s] Level 1:colcon.colcon_core.environment:checking '/home/pau24113/Documents/GitHub/IR2117/tb3_ws/install/obstacles/lib'
[4.866s] Level 1:colcon.colcon_core.environment:checking '/home/pau24113/Documents/GitHub/IR2117/tb3_ws/install/obstacles/bin'
[4.866s] Level 1:colcon.colcon_core.environment:checking '/home/pau24113/Documents/GitHub/IR2117/tb3_ws/install/obstacles/lib/pkgconfig/obstacles.pc'
[4.866s] Level 1:colcon.colcon_core.environment:checking '/home/pau24113/Documents/GitHub/IR2117/tb3_ws/install/obstacles/lib/python3.8/site-packages'
[4.866s] Level 1:colcon.colcon_core.environment:checking '/home/pau24113/Documents/GitHub/IR2117/tb3_ws/install/obstacles/bin'
[4.867s] INFO:colcon.colcon_core.shell:Creating package script '/home/pau24113/Documents/GitHub/IR2117/tb3_ws/install/obstacles/share/obstacles/package.ps1'
[4.868s] INFO:colcon.colcon_core.shell:Creating package descriptor '/home/pau24113/Documents/GitHub/IR2117/tb3_ws/install/obstacles/share/obstacles/package.dsv'
[4.868s] INFO:colcon.colcon_core.shell:Creating package script '/home/pau24113/Documents/GitHub/IR2117/tb3_ws/install/obstacles/share/obstacles/package.sh'
[4.868s] INFO:colcon.colcon_core.shell:Creating package script '/home/pau24113/Documents/GitHub/IR2117/tb3_ws/install/obstacles/share/obstacles/package.bash'
[4.868s] INFO:colcon.colcon_core.shell:Creating package script '/home/pau24113/Documents/GitHub/IR2117/tb3_ws/install/obstacles/share/obstacles/package.zsh'
[4.869s] Level 1:colcon.colcon_core.environment:create_file_with_runtime_dependencies(/home/pau24113/Documents/GitHub/IR2117/tb3_ws/install/obstacles/share/colcon-core/packages/obstacles)
[4.869s] DEBUG:colcon.colcon_parallel_executor.executor.parallel:closing loop
[4.869s] DEBUG:colcon.colcon_parallel_executor.executor.parallel:loop closed
[4.870s] DEBUG:colcon.colcon_parallel_executor.executor.parallel:run_until_complete finished with '0'
[4.870s] DEBUG:colcon.colcon_core.event_reactor:joining thread
[4.874s] INFO:colcon.colcon_core.plugin_system:Skipping extension 'colcon_notification.desktop_notification.terminal_notifier': Not used on non-Darwin systems
[4.874s] INFO:colcon.colcon_core.plugin_system:Skipping extension 'colcon_notification.desktop_notification.win32': Not used on non-Windows systems
[4.874s] INFO:colcon.colcon_notification.desktop_notification:Sending desktop notification using 'notify2'
[4.886s] DEBUG:colcon.colcon_core.event_reactor:joined thread
[4.887s] INFO:colcon.colcon_core.shell:Creating prefix script '/home/pau24113/Documents/GitHub/IR2117/tb3_ws/install/local_setup.ps1'
[4.888s] INFO:colcon.colcon_core.shell:Creating prefix util module '/home/pau24113/Documents/GitHub/IR2117/tb3_ws/install/_local_setup_util_ps1.py'
[4.890s] INFO:colcon.colcon_core.shell:Creating prefix chain script '/home/pau24113/Documents/GitHub/IR2117/tb3_ws/install/setup.ps1'
[4.891s] INFO:colcon.colcon_core.shell:Creating prefix script '/home/pau24113/Documents/GitHub/IR2117/tb3_ws/install/local_setup.sh'
[4.892s] INFO:colcon.colcon_core.shell:Creating prefix util module '/home/pau24113/Documents/GitHub/IR2117/tb3_ws/install/_local_setup_util_sh.py'
[4.892s] INFO:colcon.colcon_core.shell:Creating prefix chain script '/home/pau24113/Documents/GitHub/IR2117/tb3_ws/install/setup.sh'
[4.893s] INFO:colcon.colcon_core.shell:Creating prefix script '/home/pau24113/Documents/GitHub/IR2117/tb3_ws/install/local_setup.bash'
[4.893s] INFO:colcon.colcon_core.shell:Creating prefix chain script '/home/pau24113/Documents/GitHub/IR2117/tb3_ws/install/setup.bash'
[4.895s] INFO:colcon.colcon_core.shell:Creating prefix script '/home/pau24113/Documents/GitHub/IR2117/tb3_ws/install/local_setup.zsh'
[4.895s] INFO:colcon.colcon_core.shell:Creating prefix chain script '/home/pau24113/Documents/GitHub/IR2117/tb3_ws/install/setup.zsh'
