[35m[1mScanning dependencies of target publisher[0m
[ 50%] Built target subscriber
[ 75%] [32mBuilding CXX object CMakeFiles/publisher.dir/publisher.cpp.o[0m
[100%] [32m[1mLinking CXX executable publisher[0m
[100%] Built target publisher
-- Install configuration: ""
-- Installing: /home/pau24113/Documents/GitHub/IR2117/ros2_ws/install/examples_topics/lib/examples_topics/publisher
-- Set runtime path of "/home/pau24113/Documents/GitHub/IR2117/ros2_ws/install/examples_topics/lib/examples_topics/publisher" to ""
-- Up-to-date: /home/pau24113/Documents/GitHub/IR2117/ros2_ws/install/examples_topics/lib/examples_topics/subscriber
-- Up-to-date: /home/pau24113/Documents/GitHub/IR2117/ros2_ws/install/examples_topics/share/ament_index/resource_index/package_run_dependencies/examples_topics
-- Up-to-date: /home/pau24113/Documents/GitHub/IR2117/ros2_ws/install/examples_topics/share/ament_index/resource_index/parent_prefix_path/examples_topics
-- Up-to-date: /home/pau24113/Documents/GitHub/IR2117/ros2_ws/install/examples_topics/share/examples_topics/environment/ament_prefix_path.sh
-- Up-to-date: /home/pau24113/Documents/GitHub/IR2117/ros2_ws/install/examples_topics/share/examples_topics/environment/ament_prefix_path.dsv
-- Up-to-date: /home/pau24113/Documents/GitHub/IR2117/ros2_ws/install/examples_topics/share/examples_topics/environment/path.sh
-- Up-to-date: /home/pau24113/Documents/GitHub/IR2117/ros2_ws/install/examples_topics/share/examples_topics/environment/path.dsv
-- Up-to-date: /home/pau24113/Documents/GitHub/IR2117/ros2_ws/install/examples_topics/share/examples_topics/local_setup.bash
-- Up-to-date: /home/pau24113/Documents/GitHub/IR2117/ros2_ws/install/examples_topics/share/examples_topics/local_setup.sh
-- Up-to-date: /home/pau24113/Documents/GitHub/IR2117/ros2_ws/install/examples_topics/share/examples_topics/local_setup.zsh
-- Up-to-date: /home/pau24113/Documents/GitHub/IR2117/ros2_ws/install/examples_topics/share/examples_topics/local_setup.dsv
-- Installing: /home/pau24113/Documents/GitHub/IR2117/ros2_ws/install/examples_topics/share/examples_topics/package.dsv
-- Up-to-date: /home/pau24113/Documents/GitHub/IR2117/ros2_ws/install/examples_topics/share/ament_index/resource_index/packages/examples_topics
-- Up-to-date: /home/pau24113/Documents/GitHub/IR2117/ros2_ws/install/examples_topics/share/examples_topics/cmake/examples_topicsConfig.cmake
-- Up-to-date: /home/pau24113/Documents/GitHub/IR2117/ros2_ws/install/examples_topics/share/examples_topics/cmake/examples_topicsConfig-version.cmake
-- Up-to-date: /home/pau24113/Documents/GitHub/IR2117/ros2_ws/install/examples_topics/share/examples_topics/package.xml
