[0.010s] Invoking command in '/home/pau24113/Documents/GitHub/IR2117/ros2_ws/build/examples_topics': CMAKE_PREFIX_PATH=/opt/ros/foxy /usr/bin/cmake --build /home/pau24113/Documents/GitHub/IR2117/ros2_ws/build/examples_topics -- -j16 -l16
[0.035s] [35m[1mScanning dependencies of target publisher[0m
[0.047s] [ 50%] Built target subscriber
[0.049s] [ 75%] [32mBuilding CXX object CMakeFiles/publisher.dir/publisher.cpp.o[0m
[1.934s] [100%] [32m[1mLinking CXX executable publisher[0m
[2.022s] [100%] Built target publisher
[2.030s] Invoked command in '/home/pau24113/Documents/GitHub/IR2117/ros2_ws/build/examples_topics' returned '0': CMAKE_PREFIX_PATH=/opt/ros/foxy /usr/bin/cmake --build /home/pau24113/Documents/GitHub/IR2117/ros2_ws/build/examples_topics -- -j16 -l16
[2.050s] Invoking command in '/home/pau24113/Documents/GitHub/IR2117/ros2_ws/build/examples_topics': CMAKE_PREFIX_PATH=/opt/ros/foxy /usr/bin/cmake --install /home/pau24113/Documents/GitHub/IR2117/ros2_ws/build/examples_topics
[2.055s] -- Install configuration: ""
[2.055s] -- Installing: /home/pau24113/Documents/GitHub/IR2117/ros2_ws/install/examples_topics/lib/examples_topics/publisher
[2.056s] -- Set runtime path of "/home/pau24113/Documents/GitHub/IR2117/ros2_ws/install/examples_topics/lib/examples_topics/publisher" to ""
[2.056s] -- Up-to-date: /home/pau24113/Documents/GitHub/IR2117/ros2_ws/install/examples_topics/lib/examples_topics/subscriber
[2.056s] -- Up-to-date: /home/pau24113/Documents/GitHub/IR2117/ros2_ws/install/examples_topics/share/ament_index/resource_index/package_run_dependencies/examples_topics
[2.056s] -- Up-to-date: /home/pau24113/Documents/GitHub/IR2117/ros2_ws/install/examples_topics/share/ament_index/resource_index/parent_prefix_path/examples_topics
[2.056s] -- Up-to-date: /home/pau24113/Documents/GitHub/IR2117/ros2_ws/install/examples_topics/share/examples_topics/environment/ament_prefix_path.sh
[2.056s] -- Up-to-date: /home/pau24113/Documents/GitHub/IR2117/ros2_ws/install/examples_topics/share/examples_topics/environment/ament_prefix_path.dsv
[2.056s] -- Up-to-date: /home/pau24113/Documents/GitHub/IR2117/ros2_ws/install/examples_topics/share/examples_topics/environment/path.sh
[2.056s] -- Up-to-date: /home/pau24113/Documents/GitHub/IR2117/ros2_ws/install/examples_topics/share/examples_topics/environment/path.dsv
[2.057s] -- Up-to-date: /home/pau24113/Documents/GitHub/IR2117/ros2_ws/install/examples_topics/share/examples_topics/local_setup.bash
[2.057s] -- Up-to-date: /home/pau24113/Documents/GitHub/IR2117/ros2_ws/install/examples_topics/share/examples_topics/local_setup.sh
[2.057s] -- Up-to-date: /home/pau24113/Documents/GitHub/IR2117/ros2_ws/install/examples_topics/share/examples_topics/local_setup.zsh
[2.057s] -- Up-to-date: /home/pau24113/Documents/GitHub/IR2117/ros2_ws/install/examples_topics/share/examples_topics/local_setup.dsv
[2.057s] -- Installing: /home/pau24113/Documents/GitHub/IR2117/ros2_ws/install/examples_topics/share/examples_topics/package.dsv
[2.057s] -- Up-to-date: /home/pau24113/Documents/GitHub/IR2117/ros2_ws/install/examples_topics/share/ament_index/resource_index/packages/examples_topics
[2.057s] -- Up-to-date: /home/pau24113/Documents/GitHub/IR2117/ros2_ws/install/examples_topics/share/examples_topics/cmake/examples_topicsConfig.cmake
[2.057s] -- Up-to-date: /home/pau24113/Documents/GitHub/IR2117/ros2_ws/install/examples_topics/share/examples_topics/cmake/examples_topicsConfig-version.cmake
[2.057s] -- Up-to-date: /home/pau24113/Documents/GitHub/IR2117/ros2_ws/install/examples_topics/share/examples_topics/package.xml
[2.058s] Invoked command in '/home/pau24113/Documents/GitHub/IR2117/ros2_ws/build/examples_topics' returned '0': CMAKE_PREFIX_PATH=/opt/ros/foxy /usr/bin/cmake --install /home/pau24113/Documents/GitHub/IR2117/ros2_ws/build/examples_topics
