[0.026s] Invoking command in '/home/pau24113/Documents/GitHub/IR2117/ros2_ws/build/cpp_srvcli': CMAKE_PREFIX_PATH=${CMAKE_PREFIX_PATH}:/opt/ros/foxy /usr/bin/cmake --build /home/pau24113/Documents/GitHub/IR2117/ros2_ws/build/cpp_srvcli -- -j16 -l16
[0.046s] -- Found ament_cmake: 0.9.11 (/opt/ros/foxy/share/ament_cmake/cmake)
[0.062s] -- Using PYTHON_EXECUTABLE: /usr/bin/python3
[0.204s] -- Found rclcpp: 2.4.2 (/opt/ros/foxy/share/rclcpp/cmake)
[0.229s] -- Using all available rosidl_typesupport_c: rosidl_typesupport_fastrtps_c;rosidl_typesupport_introspection_c
[0.232s] -- Found rosidl_adapter: 1.3.0 (/opt/ros/foxy/share/rosidl_adapter/cmake)
[0.314s] -- Using all available rosidl_typesupport_cpp: rosidl_typesupport_fastrtps_cpp;rosidl_typesupport_introspection_cpp
[0.350s] -- Found rmw_implementation_cmake: 1.0.4 (/opt/ros/foxy/share/rmw_implementation_cmake/cmake)
[0.351s] -- Using RMW implementation 'rmw_fastrtps_cpp' as default
[0.457s] -- Found example_interfaces: 0.9.1 (/opt/ros/foxy/share/example_interfaces/cmake)
[0.539s] -- Found ament_lint_auto: 0.9.8 (/opt/ros/foxy/share/ament_lint_auto/cmake)
[0.581s] -- Added test 'copyright' to check source files copyright and LICENSE
[0.582s] -- Added test 'cppcheck' to perform static code analysis on C / C++ code
[0.582s] -- Configured cppcheck include dirs: 
[0.582s] -- Configured cppcheck exclude dirs and/or files: 
[0.583s] -- Added test 'cpplint' to check C / C++ code against the Google style
[0.583s] -- Configured cpplint exclude dirs and/or files: 
[0.583s] -- Added test 'flake8' to check Python code syntax and style conventions
[0.584s] -- Added test 'lint_cmake' to check CMake code style
[0.584s] -- Added test 'pep257' to check Python code against some of the style conventions in PEP 257
[0.585s] -- Added test 'uncrustify' to check C / C++ code style
[0.585s] -- Configured uncrustify additional arguments: 
[0.585s] -- Added test 'xmllint' to check XML markup files
[0.587s] -- Configuring done
[0.594s] -- Generating done
[0.595s] -- Build files have been written to: /home/pau24113/Documents/GitHub/IR2117/ros2_ws/build/cpp_srvcli
[0.611s] [35m[1mScanning dependencies of target client[0m
[0.618s] [ 25%] [32mBuilding CXX object CMakeFiles/client.dir/src/add_two_ints_client.cpp.o[0m
[0.625s] [ 75%] Built target server
[2.196s] [100%] [32m[1mLinking CXX executable client[0m
[2.282s] [100%] Built target client
[2.290s] Invoked command in '/home/pau24113/Documents/GitHub/IR2117/ros2_ws/build/cpp_srvcli' returned '0': CMAKE_PREFIX_PATH=${CMAKE_PREFIX_PATH}:/opt/ros/foxy /usr/bin/cmake --build /home/pau24113/Documents/GitHub/IR2117/ros2_ws/build/cpp_srvcli -- -j16 -l16
[2.305s] Invoking command in '/home/pau24113/Documents/GitHub/IR2117/ros2_ws/build/cpp_srvcli': CMAKE_PREFIX_PATH=${CMAKE_PREFIX_PATH}:/opt/ros/foxy /usr/bin/cmake --install /home/pau24113/Documents/GitHub/IR2117/ros2_ws/build/cpp_srvcli
[2.310s] -- Install configuration: ""
[2.310s] -- Up-to-date: /home/pau24113/Documents/GitHub/IR2117/ros2_ws/install/cpp_srvcli/lib/cpp_srvcli/server
[2.310s] -- Installing: /home/pau24113/Documents/GitHub/IR2117/ros2_ws/install/cpp_srvcli/lib/cpp_srvcli/client
[2.310s] -- Set runtime path of "/home/pau24113/Documents/GitHub/IR2117/ros2_ws/install/cpp_srvcli/lib/cpp_srvcli/client" to ""
[2.311s] -- Up-to-date: /home/pau24113/Documents/GitHub/IR2117/ros2_ws/install/cpp_srvcli/share/ament_index/resource_index/package_run_dependencies/cpp_srvcli
[2.311s] -- Up-to-date: /home/pau24113/Documents/GitHub/IR2117/ros2_ws/install/cpp_srvcli/share/ament_index/resource_index/parent_prefix_path/cpp_srvcli
[2.311s] -- Up-to-date: /home/pau24113/Documents/GitHub/IR2117/ros2_ws/install/cpp_srvcli/share/cpp_srvcli/environment/ament_prefix_path.sh
[2.311s] -- Installing: /home/pau24113/Documents/GitHub/IR2117/ros2_ws/install/cpp_srvcli/share/cpp_srvcli/environment/ament_prefix_path.dsv
[2.311s] -- Up-to-date: /home/pau24113/Documents/GitHub/IR2117/ros2_ws/install/cpp_srvcli/share/cpp_srvcli/environment/path.sh
[2.311s] -- Installing: /home/pau24113/Documents/GitHub/IR2117/ros2_ws/install/cpp_srvcli/share/cpp_srvcli/environment/path.dsv
[2.311s] -- Up-to-date: /home/pau24113/Documents/GitHub/IR2117/ros2_ws/install/cpp_srvcli/share/cpp_srvcli/local_setup.bash
[2.311s] -- Up-to-date: /home/pau24113/Documents/GitHub/IR2117/ros2_ws/install/cpp_srvcli/share/cpp_srvcli/local_setup.sh
[2.311s] -- Up-to-date: /home/pau24113/Documents/GitHub/IR2117/ros2_ws/install/cpp_srvcli/share/cpp_srvcli/local_setup.zsh
[2.311s] -- Installing: /home/pau24113/Documents/GitHub/IR2117/ros2_ws/install/cpp_srvcli/share/cpp_srvcli/local_setup.dsv
[2.311s] -- Installing: /home/pau24113/Documents/GitHub/IR2117/ros2_ws/install/cpp_srvcli/share/cpp_srvcli/package.dsv
[2.311s] -- Up-to-date: /home/pau24113/Documents/GitHub/IR2117/ros2_ws/install/cpp_srvcli/share/ament_index/resource_index/packages/cpp_srvcli
[2.311s] -- Up-to-date: /home/pau24113/Documents/GitHub/IR2117/ros2_ws/install/cpp_srvcli/share/cpp_srvcli/cmake/cpp_srvcliConfig.cmake
[2.311s] -- Up-to-date: /home/pau24113/Documents/GitHub/IR2117/ros2_ws/install/cpp_srvcli/share/cpp_srvcli/cmake/cpp_srvcliConfig-version.cmake
[2.311s] -- Installing: /home/pau24113/Documents/GitHub/IR2117/ros2_ws/install/cpp_srvcli/share/cpp_srvcli/package.xml
[2.314s] Invoked command in '/home/pau24113/Documents/GitHub/IR2117/ros2_ws/build/cpp_srvcli' returned '0': CMAKE_PREFIX_PATH=${CMAKE_PREFIX_PATH}:/opt/ros/foxy /usr/bin/cmake --install /home/pau24113/Documents/GitHub/IR2117/ros2_ws/build/cpp_srvcli
