[0.011s] Invoking command in '/home/pau24113/Documents/GitHub/IR2117/tb3_ws/build/olympic': CMAKE_PREFIX_PATH=/home/pau24113/Documents/GitHub/IR2117/tb3_ws/install/olympic_interfaces:/home/pau24113/Documents/GitHub/IR2117/tb3_ws/install/robot_trajectory:/home/pau24113/Documents/GitHub/IR2117/tb3_ws/install/olympic:/home/pau24113/Documents/GitHub/IR2117/tb3_ws/install/obstacles:/home/pau24113/Documents/GitHub/IR2117/tb3_ws/src/install/robot_trajectory:/home/pau24113/Documents/GitHub/IR2117/tb3_ws/src/install/olympic_interfaces:/home/pau24113/Documents/GitHub/IR2117/tb3_ws/src/install/obstacles:/opt/ros/foxy /usr/bin/cmake --build /home/pau24113/Documents/GitHub/IR2117/tb3_ws/build/olympic -- -j16 -l16
[0.040s] [35m[1mScanning dependencies of target action_server[0m
[0.040s] [35m[1mScanning dependencies of target action_client[0m
[0.054s] [ 33%] Built target rings
[0.061s] [ 66%] [32mBuilding CXX object CMakeFiles/action_server.dir/src/rings_action_server.cpp.o[0m
[0.061s] [ 66%] [32mBuilding CXX object CMakeFiles/action_client.dir/src/rings_action_server.cpp.o[0m
[1.138s] [01m[K/home/pau24113/Documents/GitHub/IR2117/tb3_ws/src/olympic/src/rings_action_server.cpp:[m[K In function ‘[01m[Kvoid execute(std::shared_ptr<rclcpp_action::ServerGoalHandle<olympic_interfaces::action::Rings> >)[m[K’:
[1.138s] [01m[K/home/pau24113/Documents/GitHub/IR2117/tb3_ws/src/olympic/src/rings_action_server.cpp:69:20:[m[K [01;31m[Kerror: [m[Kconflicting declaration ‘[01m[Krclcpp::WallRate loop_rate[m[K’
[1.138s]    69 |   rclcpp::WallRate [01;31m[Kloop_rate[m[K(10ms);
[1.138s]       |                    [01;31m[K^~~~~~~~~[m[K
[1.138s] [01m[K/home/pau24113/Documents/GitHub/IR2117/tb3_ws/src/olympic/src/rings_action_server.cpp:55:16:[m[K [01;36m[Knote: [m[Kprevious declaration as ‘[01m[Krclcpp::Rate loop_rate[m[K’
[1.138s]    55 |   rclcpp::Rate [01;36m[Kloop_rate[m[K(1);
[1.138s]       |                [01;36m[K^~~~~~~~~[m[K
[1.163s] [01m[K/home/pau24113/Documents/GitHub/IR2117/tb3_ws/src/olympic/src/rings_action_server.cpp:[m[K In function ‘[01m[Kvoid execute(std::shared_ptr<rclcpp_action::ServerGoalHandle<olympic_interfaces::action::Rings> >)[m[K’:
[1.163s] [01m[K/home/pau24113/Documents/GitHub/IR2117/tb3_ws/src/olympic/src/rings_action_server.cpp:69:20:[m[K [01;31m[Kerror: [m[Kconflicting declaration ‘[01m[Krclcpp::WallRate loop_rate[m[K’
[1.163s]    69 |   rclcpp::WallRate [01;31m[Kloop_rate[m[K(10ms);
[1.163s]       |                    [01;31m[K^~~~~~~~~[m[K
[1.163s] [01m[K/home/pau24113/Documents/GitHub/IR2117/tb3_ws/src/olympic/src/rings_action_server.cpp:55:16:[m[K [01;36m[Knote: [m[Kprevious declaration as ‘[01m[Krclcpp::Rate loop_rate[m[K’
[1.164s]    55 |   rclcpp::Rate [01;36m[Kloop_rate[m[K(1);
[1.164s]       |                [01;36m[K^~~~~~~~~[m[K
[2.211s] make[2]: *** [CMakeFiles/action_server.dir/build.make:63: CMakeFiles/action_server.dir/src/rings_action_server.cpp.o] Error 1
[2.211s] make[1]: *** [CMakeFiles/Makefile2:109: CMakeFiles/action_server.dir/all] Error 2
[2.211s] make[1]: *** Waiting for unfinished jobs....
[2.242s] make[2]: *** [CMakeFiles/action_client.dir/build.make:63: CMakeFiles/action_client.dir/src/rings_action_server.cpp.o] Error 1
[2.242s] make[1]: *** [CMakeFiles/Makefile2:82: CMakeFiles/action_client.dir/all] Error 2
[2.243s] make: *** [Makefile:141: all] Error 2
[2.245s] Invoked command in '/home/pau24113/Documents/GitHub/IR2117/tb3_ws/build/olympic' returned '2': CMAKE_PREFIX_PATH=/home/pau24113/Documents/GitHub/IR2117/tb3_ws/install/olympic_interfaces:/home/pau24113/Documents/GitHub/IR2117/tb3_ws/install/robot_trajectory:/home/pau24113/Documents/GitHub/IR2117/tb3_ws/install/olympic:/home/pau24113/Documents/GitHub/IR2117/tb3_ws/install/obstacles:/home/pau24113/Documents/GitHub/IR2117/tb3_ws/src/install/robot_trajectory:/home/pau24113/Documents/GitHub/IR2117/tb3_ws/src/install/olympic_interfaces:/home/pau24113/Documents/GitHub/IR2117/tb3_ws/src/install/obstacles:/opt/ros/foxy /usr/bin/cmake --build /home/pau24113/Documents/GitHub/IR2117/tb3_ws/build/olympic -- -j16 -l16
