[0.013s] Invoking command in '/home/pau24113/Documents/GitHub/IR2117/tb3_ws/build/olympic_interfaces': CMAKE_PREFIX_PATH=${CMAKE_PREFIX_PATH}:/opt/ros/foxy /usr/bin/cmake --build /home/pau24113/Documents/GitHub/IR2117/tb3_ws/build/olympic_interfaces -- -j16 -l16
[0.030s] -- Found ament_cmake: 0.9.11 (/opt/ros/foxy/share/ament_cmake/cmake)
[0.044s] -- Using PYTHON_EXECUTABLE: /usr/bin/python3
[0.193s] -- Found rosidl_default_generators: 1.0.1 (/opt/ros/foxy/share/rosidl_default_generators/cmake)
[0.198s] -- Using all available rosidl_typesupport_c: rosidl_typesupport_fastrtps_c;rosidl_typesupport_introspection_c
[0.206s] -- Found rosidl_adapter: 1.3.0 (/opt/ros/foxy/share/rosidl_adapter/cmake)
[0.279s] -- Found OpenSSL: /usr/lib/x86_64-linux-gnu/libcrypto.so (found version "1.1.1f")  
[0.301s] -- Found FastRTPS: /opt/ros/foxy/include  
[0.366s] -- Using all available rosidl_typesupport_cpp: rosidl_typesupport_fastrtps_cpp;rosidl_typesupport_introspection_cpp
[0.403s] -- Found PythonInterp: /usr/bin/python3 (found version "3.8.10") 
[0.547s] -- Found ament_cmake_ros: 0.9.2 (/opt/ros/foxy/share/ament_cmake_ros/cmake)
[0.657s] -- Using all available rosidl_typesupport_c: rosidl_typesupport_fastrtps_c;rosidl_typesupport_introspection_c
[0.676s] -- Using all available rosidl_typesupport_cpp: rosidl_typesupport_fastrtps_cpp;rosidl_typesupport_introspection_cpp
[0.693s] -- Found PythonInterp: /usr/bin/python3 (found suitable version "3.8.10", minimum required is "3.5") 
[0.695s] -- Found python_cmake_module: 0.8.1 (/opt/ros/foxy/share/python_cmake_module/cmake)
[0.716s] -- Found PythonLibs: /usr/lib/x86_64-linux-gnu/libpython3.8.so (found suitable version "3.8.10", minimum required is "3.5") 
[0.716s] -- Using PYTHON_EXECUTABLE: /usr/bin/python3
[0.716s] -- Using PYTHON_INCLUDE_DIRS: /usr/include/python3.8
[0.716s] -- Using PYTHON_LIBRARIES: /usr/lib/x86_64-linux-gnu/libpython3.8.so
[0.731s] -- Found PythonExtra: .so  
[0.767s] -- Found ament_lint_auto: 0.9.8 (/opt/ros/foxy/share/ament_lint_auto/cmake)
[0.777s] -- Added test 'copyright' to check source files copyright and LICENSE
[0.778s] -- Added test 'lint_cmake' to check CMake code style
[0.778s] -- Added test 'xmllint' to check XML markup files
[0.781s] -- Configuring done
[0.815s] -- Generating done
[0.817s] -- Build files have been written to: /home/pau24113/Documents/GitHub/IR2117/tb3_ws/build/olympic_interfaces
[0.835s] [  3%] [34m[1mGenerating C code for ROS interfaces[0m
[0.835s] [35m[1mScanning dependencies of target olympic_interfaces__cpp[0m
[0.842s] [  6%] [34m[1mGenerating C++ code for ROS interfaces[0m
[1.164s] [35m[1mScanning dependencies of target olympic_interfaces__rosidl_generator_c[0m
[1.169s] [  6%] Built target olympic_interfaces__cpp
[1.173s] [  9%] [32mBuilding C object CMakeFiles/olympic_interfaces__rosidl_generator_c.dir/rosidl_generator_c/olympic_interfaces/action/detail/rings__functions.c.o[0m
[1.177s] [ 12%] [34m[1mGenerating C++ introspection for ROS interfaces[0m
[1.177s] [ 16%] [34m[1mGenerating C++ type support for eProsima Fast-RTPS[0m
[1.178s] [ 19%] [34m[1mGenerating C++ type support dispatch for ROS interfaces[0m
[1.279s] [ 22%] [32m[1mLinking C shared library libolympic_interfaces__rosidl_generator_c.so[0m
[1.311s] [ 22%] Built target olympic_interfaces__rosidl_generator_c
[1.319s] [ 29%] [34m[1mGenerating C type support dispatch for ROS interfaces[0m
[1.319s] [ 29%] [34m[1mGenerating C introspection for ROS interfaces[0m
[1.380s] [35m[1mScanning dependencies of target olympic_interfaces__rosidl_typesupport_cpp[0m
[1.391s] [ 32%] [32mBuilding CXX object CMakeFiles/olympic_interfaces__rosidl_typesupport_cpp.dir/rosidl_typesupport_cpp/olympic_interfaces/action/rings__type_support.cpp.o[0m
[1.431s] [35m[1mScanning dependencies of target olympic_interfaces__rosidl_typesupport_introspection_cpp[0m
[1.441s] [ 35%] [32mBuilding CXX object CMakeFiles/olympic_interfaces__rosidl_typesupport_introspection_cpp.dir/rosidl_typesupport_introspection_cpp/olympic_interfaces/action/detail/rings__type_support.cpp.o[0m
[1.458s] [35m[1mScanning dependencies of target olympic_interfaces__rosidl_typesupport_fastrtps_cpp[0m
[1.474s] [ 38%] [32mBuilding CXX object CMakeFiles/olympic_interfaces__rosidl_typesupport_fastrtps_cpp.dir/rosidl_typesupport_fastrtps_cpp/olympic_interfaces/action/detail/dds_fastrtps/rings__type_support.cpp.o[0m
[1.530s] [35m[1mScanning dependencies of target olympic_interfaces__rosidl_typesupport_c[0m
[1.540s] [ 41%] [32mBuilding CXX object CMakeFiles/olympic_interfaces__rosidl_typesupport_c.dir/rosidl_typesupport_c/olympic_interfaces/action/rings__type_support.cpp.o[0m
[1.576s] [ 45%] [32m[1mLinking CXX shared library libolympic_interfaces__rosidl_typesupport_c.so[0m
[1.583s] [35m[1mScanning dependencies of target olympic_interfaces__rosidl_typesupport_introspection_c[0m
[1.592s] [ 48%] [32mBuilding C object CMakeFiles/olympic_interfaces__rosidl_typesupport_introspection_c.dir/rosidl_typesupport_introspection_c/olympic_interfaces/action/detail/rings__type_support.c.o[0m
[1.607s] [ 48%] Built target olympic_interfaces__rosidl_typesupport_c
[1.626s] [ 51%] [32m[1mLinking C shared library libolympic_interfaces__rosidl_typesupport_introspection_c.so[0m
[1.641s] [ 54%] [32m[1mLinking CXX shared library libolympic_interfaces__rosidl_typesupport_cpp.so[0m
[1.648s] [ 54%] Built target olympic_interfaces__rosidl_typesupport_introspection_c
[1.671s] [ 54%] Built target olympic_interfaces__rosidl_typesupport_cpp
[1.714s] [ 58%] [32m[1mLinking CXX shared library libolympic_interfaces__rosidl_typesupport_introspection_cpp.so[0m
[1.760s] [ 58%] Built target olympic_interfaces__rosidl_typesupport_introspection_cpp
[1.849s] [ 61%] [32m[1mLinking CXX shared library libolympic_interfaces__rosidl_typesupport_fastrtps_cpp.so[0m
[1.911s] [ 61%] Built target olympic_interfaces__rosidl_typesupport_fastrtps_cpp
[1.917s] [ 64%] [34m[1mGenerating C type support for eProsima Fast-RTPS[0m
[2.167s] [35m[1mScanning dependencies of target olympic_interfaces__rosidl_typesupport_fastrtps_c[0m
[2.179s] [ 67%] [32mBuilding CXX object CMakeFiles/olympic_interfaces__rosidl_typesupport_fastrtps_c.dir/rosidl_typesupport_fastrtps_c/olympic_interfaces/action/detail/rings__type_support_c.cpp.o[0m
[2.451s] [ 70%] [32m[1mLinking CXX shared library libolympic_interfaces__rosidl_typesupport_fastrtps_c.so[0m
[2.505s] [ 70%] Built target olympic_interfaces__rosidl_typesupport_fastrtps_c
[2.511s] [35m[1mScanning dependencies of target olympic_interfaces[0m
[2.518s] [ 70%] Built target olympic_interfaces
[2.523s] [35m[1mScanning dependencies of target olympic_interfaces__py[0m
[2.530s] [ 74%] [34m[1mGenerating Python code for ROS interfaces[0m
[3.104s] [ 74%] Built target olympic_interfaces__py
[3.112s] [35m[1mScanning dependencies of target olympic_interfaces__python[0m
[3.128s] [ 77%] [32mBuilding C object CMakeFiles/olympic_interfaces__python.dir/rosidl_generator_py/olympic_interfaces/action/_rings_s.c.o[0m
[3.237s] [ 80%] [32m[1mLinking C shared library rosidl_generator_py/olympic_interfaces/libolympic_interfaces__python.so[0m
[3.274s] [ 80%] Built target olympic_interfaces__python
[3.284s] [35m[1mScanning dependencies of target olympic_interfaces__rosidl_typesupport_c__pyext[0m
[3.284s] [35m[1mScanning dependencies of target olympic_interfaces__rosidl_typesupport_fastrtps_c__pyext[0m
[3.284s] [35m[1mScanning dependencies of target olympic_interfaces__rosidl_typesupport_introspection_c__pyext[0m
[3.298s] [ 83%] [32mBuilding C object CMakeFiles/olympic_interfaces__rosidl_typesupport_c__pyext.dir/rosidl_generator_py/olympic_interfaces/_olympic_interfaces_s.ep.rosidl_typesupport_c.c.o[0m
[3.300s] [ 87%] [32mBuilding C object CMakeFiles/olympic_interfaces__rosidl_typesupport_fastrtps_c__pyext.dir/rosidl_generator_py/olympic_interfaces/_olympic_interfaces_s.ep.rosidl_typesupport_fastrtps_c.c.o[0m
[3.303s] [ 90%] [32mBuilding C object CMakeFiles/olympic_interfaces__rosidl_typesupport_introspection_c__pyext.dir/rosidl_generator_py/olympic_interfaces/_olympic_interfaces_s.ep.rosidl_typesupport_introspection_c.c.o[0m
[3.383s] [ 93%] [32m[1mLinking C shared library rosidl_generator_py/olympic_interfaces/olympic_interfaces_s__rosidl_typesupport_c.cpython-38-x86_64-linux-gnu.so[0m
[3.386s] [ 96%] [32m[1mLinking C shared library rosidl_generator_py/olympic_interfaces/olympic_interfaces_s__rosidl_typesupport_introspection_c.cpython-38-x86_64-linux-gnu.so[0m
[3.386s] [100%] [32m[1mLinking CXX shared library rosidl_generator_py/olympic_interfaces/olympic_interfaces_s__rosidl_typesupport_fastrtps_c.cpython-38-x86_64-linux-gnu.so[0m
[3.416s] [100%] Built target olympic_interfaces__rosidl_typesupport_c__pyext
[3.420s] [100%] Built target olympic_interfaces__rosidl_typesupport_introspection_c__pyext
[3.444s] [100%] Built target olympic_interfaces__rosidl_typesupport_fastrtps_c__pyext
[3.455s] Invoked command in '/home/pau24113/Documents/GitHub/IR2117/tb3_ws/build/olympic_interfaces' returned '0': CMAKE_PREFIX_PATH=${CMAKE_PREFIX_PATH}:/opt/ros/foxy /usr/bin/cmake --build /home/pau24113/Documents/GitHub/IR2117/tb3_ws/build/olympic_interfaces -- -j16 -l16
[3.496s] Invoking command in '/home/pau24113/Documents/GitHub/IR2117/tb3_ws/build/olympic_interfaces': CMAKE_PREFIX_PATH=${CMAKE_PREFIX_PATH}:/opt/ros/foxy /usr/bin/cmake --install /home/pau24113/Documents/GitHub/IR2117/tb3_ws/build/olympic_interfaces
[3.506s] -- Install configuration: ""
[3.506s] -- Installing: /home/pau24113/Documents/GitHub/IR2117/tb3_ws/install/olympic_interfaces/share/ament_index/resource_index/rosidl_interfaces/olympic_interfaces
[3.506s] -- Installing: /home/pau24113/Documents/GitHub/IR2117/tb3_ws/install/olympic_interfaces/include/olympic_interfaces
[3.506s] -- Installing: /home/pau24113/Documents/GitHub/IR2117/tb3_ws/install/olympic_interfaces/include/olympic_interfaces/msg
[3.506s] -- Installing: /home/pau24113/Documents/GitHub/IR2117/tb3_ws/install/olympic_interfaces/include/olympic_interfaces/msg/rosidl_generator_c__visibility_control.h
[3.506s] -- Installing: /home/pau24113/Documents/GitHub/IR2117/tb3_ws/install/olympic_interfaces/include/olympic_interfaces/action
[3.507s] -- Installing: /home/pau24113/Documents/GitHub/IR2117/tb3_ws/install/olympic_interfaces/include/olympic_interfaces/action/rings.h
[3.507s] -- Installing: /home/pau24113/Documents/GitHub/IR2117/tb3_ws/install/olympic_interfaces/include/olympic_interfaces/action/detail
[3.507s] -- Installing: /home/pau24113/Documents/GitHub/IR2117/tb3_ws/install/olympic_interfaces/include/olympic_interfaces/action/detail/rings__functions.h
[3.507s] -- Installing: /home/pau24113/Documents/GitHub/IR2117/tb3_ws/install/olympic_interfaces/include/olympic_interfaces/action/detail/rings__type_support.h
[3.507s] -- Installing: /home/pau24113/Documents/GitHub/IR2117/tb3_ws/install/olympic_interfaces/include/olympic_interfaces/action/detail/rings__functions.c
[3.507s] -- Installing: /home/pau24113/Documents/GitHub/IR2117/tb3_ws/install/olympic_interfaces/include/olympic_interfaces/action/detail/rings__struct.h
[3.507s] -- Installing: /home/pau24113/Documents/GitHub/IR2117/tb3_ws/install/olympic_interfaces/share/olympic_interfaces/environment/library_path.sh
[3.507s] -- Installing: /home/pau24113/Documents/GitHub/IR2117/tb3_ws/install/olympic_interfaces/share/olympic_interfaces/environment/library_path.dsv
[3.507s] -- Installing: /home/pau24113/Documents/GitHub/IR2117/tb3_ws/install/olympic_interfaces/lib/libolympic_interfaces__rosidl_generator_c.so
[3.507s] -- Set runtime path of "/home/pau24113/Documents/GitHub/IR2117/tb3_ws/install/olympic_interfaces/lib/libolympic_interfaces__rosidl_generator_c.so" to ""
[3.507s] -- Up-to-date: /home/pau24113/Documents/GitHub/IR2117/tb3_ws/install/olympic_interfaces/include/olympic_interfaces
[3.507s] -- Up-to-date: /home/pau24113/Documents/GitHub/IR2117/tb3_ws/install/olympic_interfaces/include/olympic_interfaces/msg
[3.507s] -- Installing: /home/pau24113/Documents/GitHub/IR2117/tb3_ws/install/olympic_interfaces/include/olympic_interfaces/msg/rosidl_typesupport_fastrtps_c__visibility_control.h
[3.507s] -- Up-to-date: /home/pau24113/Documents/GitHub/IR2117/tb3_ws/install/olympic_interfaces/include/olympic_interfaces/action
[3.508s] -- Up-to-date: /home/pau24113/Documents/GitHub/IR2117/tb3_ws/install/olympic_interfaces/include/olympic_interfaces/action/detail
[3.508s] -- Installing: /home/pau24113/Documents/GitHub/IR2117/tb3_ws/install/olympic_interfaces/include/olympic_interfaces/action/detail/rings__rosidl_typesupport_fastrtps_c.h
[3.508s] -- Installing: /home/pau24113/Documents/GitHub/IR2117/tb3_ws/install/olympic_interfaces/lib/libolympic_interfaces__rosidl_typesupport_fastrtps_c.so
[3.508s] -- Set runtime path of "/home/pau24113/Documents/GitHub/IR2117/tb3_ws/install/olympic_interfaces/lib/libolympic_interfaces__rosidl_typesupport_fastrtps_c.so" to ""
[3.508s] -- Up-to-date: /home/pau24113/Documents/GitHub/IR2117/tb3_ws/install/olympic_interfaces/include/olympic_interfaces
[3.508s] -- Up-to-date: /home/pau24113/Documents/GitHub/IR2117/tb3_ws/install/olympic_interfaces/include/olympic_interfaces/msg
[3.508s] -- Installing: /home/pau24113/Documents/GitHub/IR2117/tb3_ws/install/olympic_interfaces/include/olympic_interfaces/msg/rosidl_typesupport_fastrtps_cpp__visibility_control.h
[3.508s] -- Up-to-date: /home/pau24113/Documents/GitHub/IR2117/tb3_ws/install/olympic_interfaces/include/olympic_interfaces/action
[3.508s] -- Up-to-date: /home/pau24113/Documents/GitHub/IR2117/tb3_ws/install/olympic_interfaces/include/olympic_interfaces/action/detail
[3.508s] -- Installing: /home/pau24113/Documents/GitHub/IR2117/tb3_ws/install/olympic_interfaces/include/olympic_interfaces/action/detail/rings__rosidl_typesupport_fastrtps_cpp.hpp
[3.508s] -- Installing: /home/pau24113/Documents/GitHub/IR2117/tb3_ws/install/olympic_interfaces/include/olympic_interfaces/action/detail/dds_fastrtps
[3.508s] -- Installing: /home/pau24113/Documents/GitHub/IR2117/tb3_ws/install/olympic_interfaces/lib/libolympic_interfaces__rosidl_typesupport_fastrtps_cpp.so
[3.508s] -- Set runtime path of "/home/pau24113/Documents/GitHub/IR2117/tb3_ws/install/olympic_interfaces/lib/libolympic_interfaces__rosidl_typesupport_fastrtps_cpp.so" to ""
[3.508s] -- Up-to-date: /home/pau24113/Documents/GitHub/IR2117/tb3_ws/install/olympic_interfaces/include/olympic_interfaces
[3.509s] -- Up-to-date: /home/pau24113/Documents/GitHub/IR2117/tb3_ws/install/olympic_interfaces/include/olympic_interfaces/msg
[3.509s] -- Installing: /home/pau24113/Documents/GitHub/IR2117/tb3_ws/install/olympic_interfaces/include/olympic_interfaces/msg/rosidl_typesupport_introspection_c__visibility_control.h
[3.509s] -- Up-to-date: /home/pau24113/Documents/GitHub/IR2117/tb3_ws/install/olympic_interfaces/include/olympic_interfaces/action
[3.509s] -- Up-to-date: /home/pau24113/Documents/GitHub/IR2117/tb3_ws/install/olympic_interfaces/include/olympic_interfaces/action/detail
[3.509s] -- Installing: /home/pau24113/Documents/GitHub/IR2117/tb3_ws/install/olympic_interfaces/include/olympic_interfaces/action/detail/rings__type_support.c
[3.509s] -- Installing: /home/pau24113/Documents/GitHub/IR2117/tb3_ws/install/olympic_interfaces/include/olympic_interfaces/action/detail/rings__rosidl_typesupport_introspection_c.h
[3.509s] -- Installing: /home/pau24113/Documents/GitHub/IR2117/tb3_ws/install/olympic_interfaces/lib/libolympic_interfaces__rosidl_typesupport_introspection_c.so
[3.509s] -- Set runtime path of "/home/pau24113/Documents/GitHub/IR2117/tb3_ws/install/olympic_interfaces/lib/libolympic_interfaces__rosidl_typesupport_introspection_c.so" to ""
[3.509s] -- Installing: /home/pau24113/Documents/GitHub/IR2117/tb3_ws/install/olympic_interfaces/lib/libolympic_interfaces__rosidl_typesupport_c.so
[3.510s] -- Set runtime path of "/home/pau24113/Documents/GitHub/IR2117/tb3_ws/install/olympic_interfaces/lib/libolympic_interfaces__rosidl_typesupport_c.so" to ""
[3.510s] -- Up-to-date: /home/pau24113/Documents/GitHub/IR2117/tb3_ws/install/olympic_interfaces/include/olympic_interfaces
[3.510s] -- Up-to-date: /home/pau24113/Documents/GitHub/IR2117/tb3_ws/install/olympic_interfaces/include/olympic_interfaces/action
[3.510s] -- Up-to-date: /home/pau24113/Documents/GitHub/IR2117/tb3_ws/install/olympic_interfaces/include/olympic_interfaces/action/detail
[3.510s] -- Installing: /home/pau24113/Documents/GitHub/IR2117/tb3_ws/install/olympic_interfaces/include/olympic_interfaces/action/detail/rings__struct.hpp
[3.511s] -- Installing: /home/pau24113/Documents/GitHub/IR2117/tb3_ws/install/olympic_interfaces/include/olympic_interfaces/action/detail/rings__builder.hpp
[3.511s] -- Installing: /home/pau24113/Documents/GitHub/IR2117/tb3_ws/install/olympic_interfaces/include/olympic_interfaces/action/detail/rings__traits.hpp
[3.511s] -- Installing: /home/pau24113/Documents/GitHub/IR2117/tb3_ws/install/olympic_interfaces/include/olympic_interfaces/action/rings.hpp
[3.511s] -- Up-to-date: /home/pau24113/Documents/GitHub/IR2117/tb3_ws/install/olympic_interfaces/include/olympic_interfaces
[3.511s] -- Up-to-date: /home/pau24113/Documents/GitHub/IR2117/tb3_ws/install/olympic_interfaces/include/olympic_interfaces/action
[3.511s] -- Up-to-date: /home/pau24113/Documents/GitHub/IR2117/tb3_ws/install/olympic_interfaces/include/olympic_interfaces/action/detail
[3.511s] -- Installing: /home/pau24113/Documents/GitHub/IR2117/tb3_ws/install/olympic_interfaces/include/olympic_interfaces/action/detail/rings__type_support.cpp
[3.511s] -- Installing: /home/pau24113/Documents/GitHub/IR2117/tb3_ws/install/olympic_interfaces/include/olympic_interfaces/action/detail/rings__rosidl_typesupport_introspection_cpp.hpp
[3.511s] -- Installing: /home/pau24113/Documents/GitHub/IR2117/tb3_ws/install/olympic_interfaces/lib/libolympic_interfaces__rosidl_typesupport_introspection_cpp.so
[3.511s] -- Set runtime path of "/home/pau24113/Documents/GitHub/IR2117/tb3_ws/install/olympic_interfaces/lib/libolympic_interfaces__rosidl_typesupport_introspection_cpp.so" to ""
[3.511s] -- Installing: /home/pau24113/Documents/GitHub/IR2117/tb3_ws/install/olympic_interfaces/lib/libolympic_interfaces__rosidl_typesupport_cpp.so
[3.511s] -- Set runtime path of "/home/pau24113/Documents/GitHub/IR2117/tb3_ws/install/olympic_interfaces/lib/libolympic_interfaces__rosidl_typesupport_cpp.so" to ""
[3.511s] -- Installing: /home/pau24113/Documents/GitHub/IR2117/tb3_ws/install/olympic_interfaces/share/olympic_interfaces/environment/pythonpath.sh
[3.512s] -- Installing: /home/pau24113/Documents/GitHub/IR2117/tb3_ws/install/olympic_interfaces/share/olympic_interfaces/environment/pythonpath.dsv
[3.512s] -- Installing: /home/pau24113/Documents/GitHub/IR2117/tb3_ws/install/olympic_interfaces/lib/python3.8/site-packages/olympic_interfaces/__init__.py
[3.537s] Compiling '/home/pau24113/Documents/GitHub/IR2117/tb3_ws/install/olympic_interfaces/lib/python3.8/site-packages/olympic_interfaces/__init__.py'...
[3.540s] -- Installing: /home/pau24113/Documents/GitHub/IR2117/tb3_ws/install/olympic_interfaces/lib/python3.8/site-packages/olympic_interfaces/action
[3.540s] -- Installing: /home/pau24113/Documents/GitHub/IR2117/tb3_ws/install/olympic_interfaces/lib/python3.8/site-packages/olympic_interfaces/action/_rings_s.c
[3.540s] -- Installing: /home/pau24113/Documents/GitHub/IR2117/tb3_ws/install/olympic_interfaces/lib/python3.8/site-packages/olympic_interfaces/action/__init__.py
[3.540s] -- Installing: /home/pau24113/Documents/GitHub/IR2117/tb3_ws/install/olympic_interfaces/lib/python3.8/site-packages/olympic_interfaces/action/_rings.py
[3.540s] -- Installing: /home/pau24113/Documents/GitHub/IR2117/tb3_ws/install/olympic_interfaces/lib/python3.8/site-packages/olympic_interfaces/olympic_interfaces_s__rosidl_typesupport_fastrtps_c.cpython-38-x86_64-linux-gnu.so
[3.541s] -- Set runtime path of "/home/pau24113/Documents/GitHub/IR2117/tb3_ws/install/olympic_interfaces/lib/python3.8/site-packages/olympic_interfaces/olympic_interfaces_s__rosidl_typesupport_fastrtps_c.cpython-38-x86_64-linux-gnu.so" to ""
[3.541s] -- Installing: /home/pau24113/Documents/GitHub/IR2117/tb3_ws/install/olympic_interfaces/lib/python3.8/site-packages/olympic_interfaces/olympic_interfaces_s__rosidl_typesupport_introspection_c.cpython-38-x86_64-linux-gnu.so
[3.541s] -- Set runtime path of "/home/pau24113/Documents/GitHub/IR2117/tb3_ws/install/olympic_interfaces/lib/python3.8/site-packages/olympic_interfaces/olympic_interfaces_s__rosidl_typesupport_introspection_c.cpython-38-x86_64-linux-gnu.so" to ""
[3.541s] -- Installing: /home/pau24113/Documents/GitHub/IR2117/tb3_ws/install/olympic_interfaces/lib/python3.8/site-packages/olympic_interfaces/olympic_interfaces_s__rosidl_typesupport_c.cpython-38-x86_64-linux-gnu.so
[3.542s] -- Set runtime path of "/home/pau24113/Documents/GitHub/IR2117/tb3_ws/install/olympic_interfaces/lib/python3.8/site-packages/olympic_interfaces/olympic_interfaces_s__rosidl_typesupport_c.cpython-38-x86_64-linux-gnu.so" to ""
[3.542s] -- Installing: /home/pau24113/Documents/GitHub/IR2117/tb3_ws/install/olympic_interfaces/lib/libolympic_interfaces__python.so
[3.542s] -- Set runtime path of "/home/pau24113/Documents/GitHub/IR2117/tb3_ws/install/olympic_interfaces/lib/libolympic_interfaces__python.so" to ""
[3.542s] -- Installing: /home/pau24113/Documents/GitHub/IR2117/tb3_ws/install/olympic_interfaces/share/olympic_interfaces/action/Rings.idl
[3.542s] -- Installing: /home/pau24113/Documents/GitHub/IR2117/tb3_ws/install/olympic_interfaces/share/olympic_interfaces/action/Rings.action
[3.543s] -- Installing: /home/pau24113/Documents/GitHub/IR2117/tb3_ws/install/olympic_interfaces/share/ament_index/resource_index/package_run_dependencies/olympic_interfaces
[3.543s] -- Up-to-date: /home/pau24113/Documents/GitHub/IR2117/tb3_ws/install/olympic_interfaces/share/ament_index/resource_index/parent_prefix_path/olympic_interfaces
[3.543s] -- Up-to-date: /home/pau24113/Documents/GitHub/IR2117/tb3_ws/install/olympic_interfaces/share/olympic_interfaces/environment/ament_prefix_path.sh
[3.543s] -- Installing: /home/pau24113/Documents/GitHub/IR2117/tb3_ws/install/olympic_interfaces/share/olympic_interfaces/environment/ament_prefix_path.dsv
[3.543s] -- Up-to-date: /home/pau24113/Documents/GitHub/IR2117/tb3_ws/install/olympic_interfaces/share/olympic_interfaces/environment/path.sh
[3.543s] -- Installing: /home/pau24113/Documents/GitHub/IR2117/tb3_ws/install/olympic_interfaces/share/olympic_interfaces/environment/path.dsv
[3.543s] -- Up-to-date: /home/pau24113/Documents/GitHub/IR2117/tb3_ws/install/olympic_interfaces/share/olympic_interfaces/local_setup.bash
[3.543s] -- Installing: /home/pau24113/Documents/GitHub/IR2117/tb3_ws/install/olympic_interfaces/share/olympic_interfaces/local_setup.sh
[3.543s] -- Up-to-date: /home/pau24113/Documents/GitHub/IR2117/tb3_ws/install/olympic_interfaces/share/olympic_interfaces/local_setup.zsh
[3.543s] -- Installing: /home/pau24113/Documents/GitHub/IR2117/tb3_ws/install/olympic_interfaces/share/olympic_interfaces/local_setup.dsv
[3.543s] -- Installing: /home/pau24113/Documents/GitHub/IR2117/tb3_ws/install/olympic_interfaces/share/olympic_interfaces/package.dsv
[3.543s] -- Up-to-date: /home/pau24113/Documents/GitHub/IR2117/tb3_ws/install/olympic_interfaces/share/ament_index/resource_index/packages/olympic_interfaces
[3.544s] -- Installing: /home/pau24113/Documents/GitHub/IR2117/tb3_ws/install/olympic_interfaces/share/olympic_interfaces/cmake/olympic_interfaces__rosidl_generator_cExport.cmake
[3.544s] -- Installing: /home/pau24113/Documents/GitHub/IR2117/tb3_ws/install/olympic_interfaces/share/olympic_interfaces/cmake/olympic_interfaces__rosidl_generator_cExport-noconfig.cmake
[3.544s] -- Installing: /home/pau24113/Documents/GitHub/IR2117/tb3_ws/install/olympic_interfaces/share/olympic_interfaces/cmake/olympic_interfaces__rosidl_typesupport_introspection_cExport.cmake
[3.544s] -- Installing: /home/pau24113/Documents/GitHub/IR2117/tb3_ws/install/olympic_interfaces/share/olympic_interfaces/cmake/olympic_interfaces__rosidl_typesupport_introspection_cExport-noconfig.cmake
[3.544s] -- Installing: /home/pau24113/Documents/GitHub/IR2117/tb3_ws/install/olympic_interfaces/share/olympic_interfaces/cmake/olympic_interfaces__rosidl_typesupport_cExport.cmake
[3.544s] -- Installing: /home/pau24113/Documents/GitHub/IR2117/tb3_ws/install/olympic_interfaces/share/olympic_interfaces/cmake/olympic_interfaces__rosidl_typesupport_cExport-noconfig.cmake
[3.544s] -- Installing: /home/pau24113/Documents/GitHub/IR2117/tb3_ws/install/olympic_interfaces/share/olympic_interfaces/cmake/olympic_interfaces__rosidl_generator_cppExport.cmake
[3.545s] -- Installing: /home/pau24113/Documents/GitHub/IR2117/tb3_ws/install/olympic_interfaces/share/olympic_interfaces/cmake/olympic_interfaces__rosidl_typesupport_introspection_cppExport.cmake
[3.545s] -- Installing: /home/pau24113/Documents/GitHub/IR2117/tb3_ws/install/olympic_interfaces/share/olympic_interfaces/cmake/olympic_interfaces__rosidl_typesupport_introspection_cppExport-noconfig.cmake
[3.545s] -- Installing: /home/pau24113/Documents/GitHub/IR2117/tb3_ws/install/olympic_interfaces/share/olympic_interfaces/cmake/olympic_interfaces__rosidl_typesupport_cppExport.cmake
[3.545s] -- Installing: /home/pau24113/Documents/GitHub/IR2117/tb3_ws/install/olympic_interfaces/share/olympic_interfaces/cmake/olympic_interfaces__rosidl_typesupport_cppExport-noconfig.cmake
[3.545s] -- Installing: /home/pau24113/Documents/GitHub/IR2117/tb3_ws/install/olympic_interfaces/share/olympic_interfaces/cmake/rosidl_cmake-extras.cmake
[3.545s] -- Installing: /home/pau24113/Documents/GitHub/IR2117/tb3_ws/install/olympic_interfaces/share/olympic_interfaces/cmake/ament_cmake_export_dependencies-extras.cmake
[3.545s] -- Installing: /home/pau24113/Documents/GitHub/IR2117/tb3_ws/install/olympic_interfaces/share/olympic_interfaces/cmake/ament_cmake_export_libraries-extras.cmake
[3.545s] -- Installing: /home/pau24113/Documents/GitHub/IR2117/tb3_ws/install/olympic_interfaces/share/olympic_interfaces/cmake/ament_cmake_export_targets-extras.cmake
[3.546s] -- Installing: /home/pau24113/Documents/GitHub/IR2117/tb3_ws/install/olympic_interfaces/share/olympic_interfaces/cmake/ament_cmake_export_include_directories-extras.cmake
[3.546s] -- Installing: /home/pau24113/Documents/GitHub/IR2117/tb3_ws/install/olympic_interfaces/share/olympic_interfaces/cmake/rosidl_cmake_export_typesupport_libraries-extras.cmake
[3.546s] -- Installing: /home/pau24113/Documents/GitHub/IR2117/tb3_ws/install/olympic_interfaces/share/olympic_interfaces/cmake/rosidl_cmake_export_typesupport_targets-extras.cmake
[3.546s] -- Installing: /home/pau24113/Documents/GitHub/IR2117/tb3_ws/install/olympic_interfaces/share/olympic_interfaces/cmake/olympic_interfacesConfig.cmake
[3.546s] -- Up-to-date: /home/pau24113/Documents/GitHub/IR2117/tb3_ws/install/olympic_interfaces/share/olympic_interfaces/cmake/olympic_interfacesConfig-version.cmake
[3.546s] -- Installing: /home/pau24113/Documents/GitHub/IR2117/tb3_ws/install/olympic_interfaces/share/olympic_interfaces/package.xml
[3.548s] Invoked command in '/home/pau24113/Documents/GitHub/IR2117/tb3_ws/build/olympic_interfaces' returned '0': CMAKE_PREFIX_PATH=${CMAKE_PREFIX_PATH}:/opt/ros/foxy /usr/bin/cmake --install /home/pau24113/Documents/GitHub/IR2117/tb3_ws/build/olympic_interfaces
