[0.013s] Invoking command in '/home/pau24113/Documents/GitHub/IR2117/ros2_ws/src/build/action_tutorials_cpp': CMAKE_PREFIX_PATH=${CMAKE_PREFIX_PATH}:/opt/ros/foxy /usr/bin/cmake --build /home/pau24113/Documents/GitHub/IR2117/ros2_ws/src/build/action_tutorials_cpp -- -j16 -l16
[0.031s] -- Found ament_cmake: 0.9.11 (/opt/ros/foxy/share/ament_cmake/cmake)
[0.045s] -- Using PYTHON_EXECUTABLE: /usr/bin/python3
[0.177s] -- Found action_tutorials_interfaces: 0.0.0 (/home/pau24113/Documents/GitHub/IR2117/ros2_ws/install/action_tutorials_interfaces/share/action_tutorials_interfaces/cmake)
[0.201s] -- Using all available rosidl_typesupport_c: rosidl_typesupport_fastrtps_c;rosidl_typesupport_introspection_c
[0.204s] -- Found rosidl_adapter: 1.3.0 (/opt/ros/foxy/share/rosidl_adapter/cmake)
[0.285s] -- Using all available rosidl_typesupport_cpp: rosidl_typesupport_fastrtps_cpp;rosidl_typesupport_introspection_cpp
[0.377s] -- Found rclcpp: 2.4.2 (/opt/ros/foxy/share/rclcpp/cmake)
[0.402s] -- Found rmw_implementation_cmake: 1.0.4 (/opt/ros/foxy/share/rmw_implementation_cmake/cmake)
[0.403s] -- Using RMW implementation 'rmw_fastrtps_cpp' as default
[0.509s] -- Found rclcpp_action: 2.4.2 (/opt/ros/foxy/share/rclcpp_action/cmake)
[0.532s] -- Found rclcpp_components: 2.4.2 (/opt/ros/foxy/share/rclcpp_components/cmake)
[0.572s] -- Found ament_lint_auto: 0.9.8 (/opt/ros/foxy/share/ament_lint_auto/cmake)
[0.614s] -- Added test 'copyright' to check source files copyright and LICENSE
[0.615s] -- Added test 'cppcheck' to perform static code analysis on C / C++ code
[0.615s] -- Configured cppcheck include dirs: 
[0.615s] -- Configured cppcheck exclude dirs and/or files: 
[0.615s] -- Added test 'cpplint' to check C / C++ code against the Google style
[0.615s] -- Configured cpplint exclude dirs and/or files: 
[0.616s] -- Added test 'lint_cmake' to check CMake code style
[0.616s] -- Added test 'uncrustify' to check C / C++ code style
[0.616s] -- Configured uncrustify additional arguments: 
[0.616s] -- Added test 'xmllint' to check XML markup files
[0.618s] -- Configuring done
[0.625s] -- Generating done
[0.626s] -- Build files have been written to: /home/pau24113/Documents/GitHub/IR2117/ros2_ws/src/build/action_tutorials_cpp
[0.642s] [35m[1mScanning dependencies of target action_client[0m
[0.648s] [ 25%] [32mBuilding CXX object CMakeFiles/action_client.dir/src/action_client.cpp.o[0m
[0.655s] [ 75%] Built target action_server
[0.670s] [01m[K/home/pau24113/Documents/GitHub/IR2117/ros2_ws/src/action_tutorials_cpp/src/action_client.cpp:3:10:[m[K [01;31m[Kfatal error: [m[Kaction_tutorials_interfaces/action/fibonacci.hpp: No such file or directory
[0.670s]     3 | #include [01;31m[K"action_tutorials_interfaces/action/fibonacci.hpp"[m[K
[0.670s]       |          [01;31m[K^~~~~~~~~~~~~~~~~~~~~~~~~~~~~~~~~~~~~~~~~~~~~~~~~~[m[K
[0.670s] compilation terminated.
[0.671s] make[2]: *** [CMakeFiles/action_client.dir/build.make:63: CMakeFiles/action_client.dir/src/action_client.cpp.o] Error 1
[0.671s] make[1]: *** [CMakeFiles/Makefile2:80: CMakeFiles/action_client.dir/all] Error 2
[0.671s] make: *** [Makefile:141: all] Error 2
[0.674s] Invoked command in '/home/pau24113/Documents/GitHub/IR2117/ros2_ws/src/build/action_tutorials_cpp' returned '2': CMAKE_PREFIX_PATH=${CMAKE_PREFIX_PATH}:/opt/ros/foxy /usr/bin/cmake --build /home/pau24113/Documents/GitHub/IR2117/ros2_ws/src/build/action_tutorials_cpp -- -j16 -l16
