[0.031s] Invoking command in '/home/pau24113/Documents/GitHub/IR2117/ros2_ws/build/action_tutorials_interfaces': CMAKE_PREFIX_PATH=${CMAKE_PREFIX_PATH}:/opt/ros/foxy /usr/bin/cmake /home/pau24113/Documents/GitHub/IR2117/ros2_ws/src/action_tutorials_interfaces -DCMAKE_INSTALL_PREFIX=/home/pau24113/Documents/GitHub/IR2117/ros2_ws/install/action_tutorials_interfaces
[0.043s] -- Found ament_cmake: 0.9.11 (/opt/ros/foxy/share/ament_cmake/cmake)
[0.059s] -- Found PythonInterp: /usr/bin/python3 (found suitable version "3.8.10", minimum required is "3") 
[0.059s] -- Using PYTHON_EXECUTABLE: /usr/bin/python3
[0.211s] -- Found rosidl_default_generators: 1.0.1 (/opt/ros/foxy/share/rosidl_default_generators/cmake)
[0.212s] -- Using all available rosidl_typesupport_c: rosidl_typesupport_fastrtps_c;rosidl_typesupport_introspection_c
[0.215s] -- Found rosidl_adapter: 1.3.0 (/opt/ros/foxy/share/rosidl_adapter/cmake)
[0.311s] -- Using all available rosidl_typesupport_cpp: rosidl_typesupport_fastrtps_cpp;rosidl_typesupport_introspection_cpp
[0.342s] -- Found PythonInterp: /usr/bin/python3 (found version "3.8.10") 
[0.479s] -- Found ament_cmake_ros: 0.9.2 (/opt/ros/foxy/share/ament_cmake_ros/cmake)
[0.572s] -- Using all available rosidl_typesupport_c: rosidl_typesupport_fastrtps_c;rosidl_typesupport_introspection_c
[0.590s] -- Using all available rosidl_typesupport_cpp: rosidl_typesupport_fastrtps_cpp;rosidl_typesupport_introspection_cpp
[0.608s] -- Found PythonInterp: /usr/bin/python3 (found suitable version "3.8.10", minimum required is "3.5") 
[0.609s] -- Found python_cmake_module: 0.8.1 (/opt/ros/foxy/share/python_cmake_module/cmake)
[0.629s] -- Found PythonLibs: /usr/lib/x86_64-linux-gnu/libpython3.8.so (found suitable version "3.8.10", minimum required is "3.5") 
[0.629s] -- Using PYTHON_EXECUTABLE: /usr/bin/python3
[0.629s] -- Using PYTHON_INCLUDE_DIRS: /usr/include/python3.8
[0.630s] -- Using PYTHON_LIBRARIES: /usr/lib/x86_64-linux-gnu/libpython3.8.so
[0.644s] -- Found PythonExtra: .so  
[0.680s] -- Found ament_lint_auto: 0.9.8 (/opt/ros/foxy/share/ament_lint_auto/cmake)
[0.696s] -- Added test 'copyright' to check source files copyright and LICENSE
[0.698s] -- Added test 'flake8' to check Python code syntax and style conventions
[0.699s] -- Added test 'lint_cmake' to check CMake code style
[0.699s] -- Added test 'pep257' to check Python code against some of the style conventions in PEP 257
[0.701s] -- Added test 'xmllint' to check XML markup files
[0.704s] -- Configuring done
[0.737s] -- Generating done
[0.739s] -- Build files have been written to: /home/pau24113/Documents/GitHub/IR2117/ros2_ws/build/action_tutorials_interfaces
[0.744s] Invoked command in '/home/pau24113/Documents/GitHub/IR2117/ros2_ws/build/action_tutorials_interfaces' returned '0': CMAKE_PREFIX_PATH=${CMAKE_PREFIX_PATH}:/opt/ros/foxy /usr/bin/cmake /home/pau24113/Documents/GitHub/IR2117/ros2_ws/src/action_tutorials_interfaces -DCMAKE_INSTALL_PREFIX=/home/pau24113/Documents/GitHub/IR2117/ros2_ws/install/action_tutorials_interfaces
[0.746s] Invoking command in '/home/pau24113/Documents/GitHub/IR2117/ros2_ws/build/action_tutorials_interfaces': CMAKE_PREFIX_PATH=${CMAKE_PREFIX_PATH}:/opt/ros/foxy /usr/bin/cmake --build /home/pau24113/Documents/GitHub/IR2117/ros2_ws/build/action_tutorials_interfaces -- -j16 -l16
[0.770s] [35m[1mScanning dependencies of target action_tutorials_interfaces__cpp[0m
[0.770s] [  3%] [34m[1mGenerating C code for ROS interfaces[0m
[0.777s] [  6%] [34m[1mGenerating C++ code for ROS interfaces[0m
[1.043s] [  6%] Built target action_tutorials_interfaces__cpp
[1.050s] [ 16%] [34m[1mGenerating C++ introspection for ROS interfaces[0m
[1.050s] [ 16%] [34m[1mGenerating C++ type support dispatch for ROS interfaces[0m
[1.050s] [ 16%] [34m[1mGenerating C++ type support for eProsima Fast-RTPS[0m
[1.077s] [35m[1mScanning dependencies of target action_tutorials_interfaces__rosidl_generator_c[0m
[1.087s] [ 19%] [32mBuilding C object CMakeFiles/action_tutorials_interfaces__rosidl_generator_c.dir/rosidl_generator_c/action_tutorials_interfaces/action/detail/fibonacci__functions.c.o[0m
[1.184s] [ 22%] [32m[1mLinking C shared library libaction_tutorials_interfaces__rosidl_generator_c.so[0m
[1.210s] [ 22%] Built target action_tutorials_interfaces__rosidl_generator_c
[1.218s] [ 29%] [34m[1mGenerating C introspection for ROS interfaces[0m
[1.218s] [ 29%] [34m[1mGenerating C type support dispatch for ROS interfaces[0m
[1.242s] [35m[1mScanning dependencies of target action_tutorials_interfaces__rosidl_typesupport_cpp[0m
[1.255s] [ 32%] [32mBuilding CXX object CMakeFiles/action_tutorials_interfaces__rosidl_typesupport_cpp.dir/rosidl_typesupport_cpp/action_tutorials_interfaces/action/fibonacci__type_support.cpp.o[0m
[1.277s] [35m[1mScanning dependencies of target action_tutorials_interfaces__rosidl_typesupport_introspection_cpp[0m
[1.288s] [ 35%] [32mBuilding CXX object CMakeFiles/action_tutorials_interfaces__rosidl_typesupport_introspection_cpp.dir/rosidl_typesupport_introspection_cpp/action_tutorials_interfaces/action/detail/fibonacci__type_support.cpp.o[0m
[1.317s] [35m[1mScanning dependencies of target action_tutorials_interfaces__rosidl_typesupport_fastrtps_cpp[0m
[1.333s] [ 38%] [32mBuilding CXX object CMakeFiles/action_tutorials_interfaces__rosidl_typesupport_fastrtps_cpp.dir/rosidl_typesupport_fastrtps_cpp/action_tutorials_interfaces/action/detail/dds_fastrtps/fibonacci__type_support.cpp.o[0m
[1.410s] [35m[1mScanning dependencies of target action_tutorials_interfaces__rosidl_typesupport_c[0m
[1.422s] [ 41%] [32mBuilding CXX object CMakeFiles/action_tutorials_interfaces__rosidl_typesupport_c.dir/rosidl_typesupport_c/action_tutorials_interfaces/action/fibonacci__type_support.cpp.o[0m
[1.458s] [ 45%] [32m[1mLinking CXX shared library libaction_tutorials_interfaces__rosidl_typesupport_c.so[0m
[1.467s] [35m[1mScanning dependencies of target action_tutorials_interfaces__rosidl_typesupport_introspection_c[0m
[1.480s] [ 48%] [32mBuilding C object CMakeFiles/action_tutorials_interfaces__rosidl_typesupport_introspection_c.dir/rosidl_typesupport_introspection_c/action_tutorials_interfaces/action/detail/fibonacci__type_support.c.o[0m
[1.493s] [ 48%] Built target action_tutorials_interfaces__rosidl_typesupport_c
[1.504s] [ 51%] [32m[1mLinking CXX shared library libaction_tutorials_interfaces__rosidl_typesupport_cpp.so[0m
[1.515s] [ 54%] [32m[1mLinking C shared library libaction_tutorials_interfaces__rosidl_typesupport_introspection_c.so[0m
[1.533s] [ 54%] Built target action_tutorials_interfaces__rosidl_typesupport_cpp
[1.537s] [ 54%] Built target action_tutorials_interfaces__rosidl_typesupport_introspection_c
[1.580s] [ 58%] [32m[1mLinking CXX shared library libaction_tutorials_interfaces__rosidl_typesupport_introspection_cpp.so[0m
[1.627s] [ 58%] Built target action_tutorials_interfaces__rosidl_typesupport_introspection_cpp
[1.731s] [ 61%] [32m[1mLinking CXX shared library libaction_tutorials_interfaces__rosidl_typesupport_fastrtps_cpp.so[0m
[1.791s] [ 61%] Built target action_tutorials_interfaces__rosidl_typesupport_fastrtps_cpp
[1.797s] [ 64%] [34m[1mGenerating C type support for eProsima Fast-RTPS[0m
[2.046s] [35m[1mScanning dependencies of target action_tutorials_interfaces__rosidl_typesupport_fastrtps_c[0m
[2.058s] [ 67%] [32mBuilding CXX object CMakeFiles/action_tutorials_interfaces__rosidl_typesupport_fastrtps_c.dir/rosidl_typesupport_fastrtps_c/action_tutorials_interfaces/action/detail/fibonacci__type_support_c.cpp.o[0m
[2.326s] [ 70%] [32m[1mLinking CXX shared library libaction_tutorials_interfaces__rosidl_typesupport_fastrtps_c.so[0m
[2.381s] [ 70%] Built target action_tutorials_interfaces__rosidl_typesupport_fastrtps_c
[2.386s] [35m[1mScanning dependencies of target action_tutorials_interfaces[0m
[2.392s] [ 70%] Built target action_tutorials_interfaces
[2.398s] [35m[1mScanning dependencies of target action_tutorials_interfaces__py[0m
[2.405s] [ 74%] [34m[1mGenerating Python code for ROS interfaces[0m
[3.021s] [ 74%] Built target action_tutorials_interfaces__py
[3.028s] [35m[1mScanning dependencies of target action_tutorials_interfaces__python[0m
[3.057s] [ 77%] [32mBuilding C object CMakeFiles/action_tutorials_interfaces__python.dir/rosidl_generator_py/action_tutorials_interfaces/action/_fibonacci_s.c.o[0m
[3.167s] [ 80%] [32m[1mLinking C shared library rosidl_generator_py/action_tutorials_interfaces/libaction_tutorials_interfaces__python.so[0m
[3.196s] [ 80%] Built target action_tutorials_interfaces__python
[3.203s] [35m[1mScanning dependencies of target action_tutorials_interfaces__rosidl_typesupport_c__pyext[0m
[3.203s] [35m[1mScanning dependencies of target action_tutorials_interfaces__rosidl_typesupport_introspection_c__pyext[0m
[3.203s] [35m[1mScanning dependencies of target action_tutorials_interfaces__rosidl_typesupport_fastrtps_c__pyext[0m
[3.214s] [ 87%] [32mBuilding C object CMakeFiles/action_tutorials_interfaces__rosidl_typesupport_introspection_c__pyext.dir/rosidl_generator_py/action_tutorials_interfaces/_action_tutorials_interfaces_s.ep.rosidl_typesupport_introspection_c.c.o[0m
[3.215s] [ 87%] [32mBuilding C object CMakeFiles/action_tutorials_interfaces__rosidl_typesupport_c__pyext.dir/rosidl_generator_py/action_tutorials_interfaces/_action_tutorials_interfaces_s.ep.rosidl_typesupport_c.c.o[0m
[3.215s] [ 90%] [32mBuilding C object CMakeFiles/action_tutorials_interfaces__rosidl_typesupport_fastrtps_c__pyext.dir/rosidl_generator_py/action_tutorials_interfaces/_action_tutorials_interfaces_s.ep.rosidl_typesupport_fastrtps_c.c.o[0m
[3.289s] [ 96%] [32m[1mLinking C shared library rosidl_generator_py/action_tutorials_interfaces/action_tutorials_interfaces_s__rosidl_typesupport_c.cpython-38-x86_64-linux-gnu.so[0m
[3.290s] [ 96%] [32m[1mLinking C shared library rosidl_generator_py/action_tutorials_interfaces/action_tutorials_interfaces_s__rosidl_typesupport_introspection_c.cpython-38-x86_64-linux-gnu.so[0m
[3.292s] [100%] [32m[1mLinking CXX shared library rosidl_generator_py/action_tutorials_interfaces/action_tutorials_interfaces_s__rosidl_typesupport_fastrtps_c.cpython-38-x86_64-linux-gnu.so[0m
[3.317s] [100%] Built target action_tutorials_interfaces__rosidl_typesupport_introspection_c__pyext
[3.317s] [100%] Built target action_tutorials_interfaces__rosidl_typesupport_c__pyext
[3.342s] [100%] Built target action_tutorials_interfaces__rosidl_typesupport_fastrtps_c__pyext
[3.350s] Invoked command in '/home/pau24113/Documents/GitHub/IR2117/ros2_ws/build/action_tutorials_interfaces' returned '0': CMAKE_PREFIX_PATH=${CMAKE_PREFIX_PATH}:/opt/ros/foxy /usr/bin/cmake --build /home/pau24113/Documents/GitHub/IR2117/ros2_ws/build/action_tutorials_interfaces -- -j16 -l16
[3.379s] Invoking command in '/home/pau24113/Documents/GitHub/IR2117/ros2_ws/build/action_tutorials_interfaces': CMAKE_PREFIX_PATH=${CMAKE_PREFIX_PATH}:/opt/ros/foxy /usr/bin/cmake --install /home/pau24113/Documents/GitHub/IR2117/ros2_ws/build/action_tutorials_interfaces
[3.384s] -- Install configuration: ""
[3.385s] -- Installing: /home/pau24113/Documents/GitHub/IR2117/ros2_ws/install/action_tutorials_interfaces/share/ament_index/resource_index/rosidl_interfaces/action_tutorials_interfaces
[3.385s] -- Installing: /home/pau24113/Documents/GitHub/IR2117/ros2_ws/install/action_tutorials_interfaces/include/action_tutorials_interfaces
[3.385s] -- Installing: /home/pau24113/Documents/GitHub/IR2117/ros2_ws/install/action_tutorials_interfaces/include/action_tutorials_interfaces/msg
[3.385s] -- Installing: /home/pau24113/Documents/GitHub/IR2117/ros2_ws/install/action_tutorials_interfaces/include/action_tutorials_interfaces/msg/rosidl_generator_c__visibility_control.h
[3.385s] -- Installing: /home/pau24113/Documents/GitHub/IR2117/ros2_ws/install/action_tutorials_interfaces/include/action_tutorials_interfaces/action
[3.385s] -- Installing: /home/pau24113/Documents/GitHub/IR2117/ros2_ws/install/action_tutorials_interfaces/include/action_tutorials_interfaces/action/fibonacci.h
[3.385s] -- Installing: /home/pau24113/Documents/GitHub/IR2117/ros2_ws/install/action_tutorials_interfaces/include/action_tutorials_interfaces/action/detail
[3.385s] -- Installing: /home/pau24113/Documents/GitHub/IR2117/ros2_ws/install/action_tutorials_interfaces/include/action_tutorials_interfaces/action/detail/fibonacci__struct.h
[3.385s] -- Installing: /home/pau24113/Documents/GitHub/IR2117/ros2_ws/install/action_tutorials_interfaces/include/action_tutorials_interfaces/action/detail/fibonacci__functions.h
[3.385s] -- Installing: /home/pau24113/Documents/GitHub/IR2117/ros2_ws/install/action_tutorials_interfaces/include/action_tutorials_interfaces/action/detail/fibonacci__type_support.h
[3.385s] -- Installing: /home/pau24113/Documents/GitHub/IR2117/ros2_ws/install/action_tutorials_interfaces/include/action_tutorials_interfaces/action/detail/fibonacci__functions.c
[3.385s] -- Installing: /home/pau24113/Documents/GitHub/IR2117/ros2_ws/install/action_tutorials_interfaces/share/action_tutorials_interfaces/environment/library_path.sh
[3.385s] -- Installing: /home/pau24113/Documents/GitHub/IR2117/ros2_ws/install/action_tutorials_interfaces/share/action_tutorials_interfaces/environment/library_path.dsv
[3.386s] -- Installing: /home/pau24113/Documents/GitHub/IR2117/ros2_ws/install/action_tutorials_interfaces/lib/libaction_tutorials_interfaces__rosidl_generator_c.so
[3.386s] -- Set runtime path of "/home/pau24113/Documents/GitHub/IR2117/ros2_ws/install/action_tutorials_interfaces/lib/libaction_tutorials_interfaces__rosidl_generator_c.so" to ""
[3.386s] -- Up-to-date: /home/pau24113/Documents/GitHub/IR2117/ros2_ws/install/action_tutorials_interfaces/include/action_tutorials_interfaces
[3.386s] -- Up-to-date: /home/pau24113/Documents/GitHub/IR2117/ros2_ws/install/action_tutorials_interfaces/include/action_tutorials_interfaces/msg
[3.386s] -- Installing: /home/pau24113/Documents/GitHub/IR2117/ros2_ws/install/action_tutorials_interfaces/include/action_tutorials_interfaces/msg/rosidl_typesupport_fastrtps_c__visibility_control.h
[3.386s] -- Up-to-date: /home/pau24113/Documents/GitHub/IR2117/ros2_ws/install/action_tutorials_interfaces/include/action_tutorials_interfaces/action
[3.386s] -- Up-to-date: /home/pau24113/Documents/GitHub/IR2117/ros2_ws/install/action_tutorials_interfaces/include/action_tutorials_interfaces/action/detail
[3.386s] -- Installing: /home/pau24113/Documents/GitHub/IR2117/ros2_ws/install/action_tutorials_interfaces/include/action_tutorials_interfaces/action/detail/fibonacci__rosidl_typesupport_fastrtps_c.h
[3.386s] -- Installing: /home/pau24113/Documents/GitHub/IR2117/ros2_ws/install/action_tutorials_interfaces/lib/libaction_tutorials_interfaces__rosidl_typesupport_fastrtps_c.so
[3.386s] -- Set runtime path of "/home/pau24113/Documents/GitHub/IR2117/ros2_ws/install/action_tutorials_interfaces/lib/libaction_tutorials_interfaces__rosidl_typesupport_fastrtps_c.so" to ""
[3.386s] -- Up-to-date: /home/pau24113/Documents/GitHub/IR2117/ros2_ws/install/action_tutorials_interfaces/include/action_tutorials_interfaces
[3.386s] -- Up-to-date: /home/pau24113/Documents/GitHub/IR2117/ros2_ws/install/action_tutorials_interfaces/include/action_tutorials_interfaces/msg
[3.387s] -- Installing: /home/pau24113/Documents/GitHub/IR2117/ros2_ws/install/action_tutorials_interfaces/include/action_tutorials_interfaces/msg/rosidl_typesupport_fastrtps_cpp__visibility_control.h
[3.387s] -- Up-to-date: /home/pau24113/Documents/GitHub/IR2117/ros2_ws/install/action_tutorials_interfaces/include/action_tutorials_interfaces/action
[3.387s] -- Up-to-date: /home/pau24113/Documents/GitHub/IR2117/ros2_ws/install/action_tutorials_interfaces/include/action_tutorials_interfaces/action/detail
[3.387s] -- Installing: /home/pau24113/Documents/GitHub/IR2117/ros2_ws/install/action_tutorials_interfaces/include/action_tutorials_interfaces/action/detail/dds_fastrtps
[3.387s] -- Installing: /home/pau24113/Documents/GitHub/IR2117/ros2_ws/install/action_tutorials_interfaces/include/action_tutorials_interfaces/action/detail/fibonacci__rosidl_typesupport_fastrtps_cpp.hpp
[3.387s] -- Installing: /home/pau24113/Documents/GitHub/IR2117/ros2_ws/install/action_tutorials_interfaces/lib/libaction_tutorials_interfaces__rosidl_typesupport_fastrtps_cpp.so
[3.387s] -- Set runtime path of "/home/pau24113/Documents/GitHub/IR2117/ros2_ws/install/action_tutorials_interfaces/lib/libaction_tutorials_interfaces__rosidl_typesupport_fastrtps_cpp.so" to ""
[3.387s] -- Up-to-date: /home/pau24113/Documents/GitHub/IR2117/ros2_ws/install/action_tutorials_interfaces/include/action_tutorials_interfaces
[3.387s] -- Up-to-date: /home/pau24113/Documents/GitHub/IR2117/ros2_ws/install/action_tutorials_interfaces/include/action_tutorials_interfaces/msg
[3.387s] -- Installing: /home/pau24113/Documents/GitHub/IR2117/ros2_ws/install/action_tutorials_interfaces/include/action_tutorials_interfaces/msg/rosidl_typesupport_introspection_c__visibility_control.h
[3.387s] -- Up-to-date: /home/pau24113/Documents/GitHub/IR2117/ros2_ws/install/action_tutorials_interfaces/include/action_tutorials_interfaces/action
[3.387s] -- Up-to-date: /home/pau24113/Documents/GitHub/IR2117/ros2_ws/install/action_tutorials_interfaces/include/action_tutorials_interfaces/action/detail
[3.387s] -- Installing: /home/pau24113/Documents/GitHub/IR2117/ros2_ws/install/action_tutorials_interfaces/include/action_tutorials_interfaces/action/detail/fibonacci__type_support.c
[3.387s] -- Installing: /home/pau24113/Documents/GitHub/IR2117/ros2_ws/install/action_tutorials_interfaces/include/action_tutorials_interfaces/action/detail/fibonacci__rosidl_typesupport_introspection_c.h
[3.387s] -- Installing: /home/pau24113/Documents/GitHub/IR2117/ros2_ws/install/action_tutorials_interfaces/lib/libaction_tutorials_interfaces__rosidl_typesupport_introspection_c.so
[3.388s] -- Set runtime path of "/home/pau24113/Documents/GitHub/IR2117/ros2_ws/install/action_tutorials_interfaces/lib/libaction_tutorials_interfaces__rosidl_typesupport_introspection_c.so" to ""
[3.388s] -- Installing: /home/pau24113/Documents/GitHub/IR2117/ros2_ws/install/action_tutorials_interfaces/lib/libaction_tutorials_interfaces__rosidl_typesupport_c.so
[3.388s] -- Set runtime path of "/home/pau24113/Documents/GitHub/IR2117/ros2_ws/install/action_tutorials_interfaces/lib/libaction_tutorials_interfaces__rosidl_typesupport_c.so" to ""
[3.388s] -- Up-to-date: /home/pau24113/Documents/GitHub/IR2117/ros2_ws/install/action_tutorials_interfaces/include/action_tutorials_interfaces
[3.388s] -- Up-to-date: /home/pau24113/Documents/GitHub/IR2117/ros2_ws/install/action_tutorials_interfaces/include/action_tutorials_interfaces/action
[3.388s] -- Installing: /home/pau24113/Documents/GitHub/IR2117/ros2_ws/install/action_tutorials_interfaces/include/action_tutorials_interfaces/action/fibonacci.hpp
[3.388s] -- Up-to-date: /home/pau24113/Documents/GitHub/IR2117/ros2_ws/install/action_tutorials_interfaces/include/action_tutorials_interfaces/action/detail
[3.388s] -- Installing: /home/pau24113/Documents/GitHub/IR2117/ros2_ws/install/action_tutorials_interfaces/include/action_tutorials_interfaces/action/detail/fibonacci__traits.hpp
[3.388s] -- Installing: /home/pau24113/Documents/GitHub/IR2117/ros2_ws/install/action_tutorials_interfaces/include/action_tutorials_interfaces/action/detail/fibonacci__builder.hpp
[3.388s] -- Installing: /home/pau24113/Documents/GitHub/IR2117/ros2_ws/install/action_tutorials_interfaces/include/action_tutorials_interfaces/action/detail/fibonacci__struct.hpp
[3.388s] -- Up-to-date: /home/pau24113/Documents/GitHub/IR2117/ros2_ws/install/action_tutorials_interfaces/include/action_tutorials_interfaces
[3.389s] -- Up-to-date: /home/pau24113/Documents/GitHub/IR2117/ros2_ws/install/action_tutorials_interfaces/include/action_tutorials_interfaces/action
[3.389s] -- Up-to-date: /home/pau24113/Documents/GitHub/IR2117/ros2_ws/install/action_tutorials_interfaces/include/action_tutorials_interfaces/action/detail
[3.389s] -- Installing: /home/pau24113/Documents/GitHub/IR2117/ros2_ws/install/action_tutorials_interfaces/include/action_tutorials_interfaces/action/detail/fibonacci__type_support.cpp
[3.389s] -- Installing: /home/pau24113/Documents/GitHub/IR2117/ros2_ws/install/action_tutorials_interfaces/include/action_tutorials_interfaces/action/detail/fibonacci__rosidl_typesupport_introspection_cpp.hpp
[3.389s] -- Installing: /home/pau24113/Documents/GitHub/IR2117/ros2_ws/install/action_tutorials_interfaces/lib/libaction_tutorials_interfaces__rosidl_typesupport_introspection_cpp.so
[3.389s] -- Set runtime path of "/home/pau24113/Documents/GitHub/IR2117/ros2_ws/install/action_tutorials_interfaces/lib/libaction_tutorials_interfaces__rosidl_typesupport_introspection_cpp.so" to ""
[3.389s] -- Installing: /home/pau24113/Documents/GitHub/IR2117/ros2_ws/install/action_tutorials_interfaces/lib/libaction_tutorials_interfaces__rosidl_typesupport_cpp.so
[3.389s] -- Set runtime path of "/home/pau24113/Documents/GitHub/IR2117/ros2_ws/install/action_tutorials_interfaces/lib/libaction_tutorials_interfaces__rosidl_typesupport_cpp.so" to ""
[3.389s] -- Installing: /home/pau24113/Documents/GitHub/IR2117/ros2_ws/install/action_tutorials_interfaces/share/action_tutorials_interfaces/environment/pythonpath.sh
[3.389s] -- Installing: /home/pau24113/Documents/GitHub/IR2117/ros2_ws/install/action_tutorials_interfaces/share/action_tutorials_interfaces/environment/pythonpath.dsv
[3.389s] -- Installing: /home/pau24113/Documents/GitHub/IR2117/ros2_ws/install/action_tutorials_interfaces/lib/python3.8/site-packages/action_tutorials_interfaces/__init__.py
[3.411s] Compiling '/home/pau24113/Documents/GitHub/IR2117/ros2_ws/install/action_tutorials_interfaces/lib/python3.8/site-packages/action_tutorials_interfaces/__init__.py'...
[3.414s] -- Installing: /home/pau24113/Documents/GitHub/IR2117/ros2_ws/install/action_tutorials_interfaces/lib/python3.8/site-packages/action_tutorials_interfaces/action
[3.414s] -- Installing: /home/pau24113/Documents/GitHub/IR2117/ros2_ws/install/action_tutorials_interfaces/lib/python3.8/site-packages/action_tutorials_interfaces/action/_fibonacci_s.c
[3.414s] -- Installing: /home/pau24113/Documents/GitHub/IR2117/ros2_ws/install/action_tutorials_interfaces/lib/python3.8/site-packages/action_tutorials_interfaces/action/__init__.py
[3.414s] -- Installing: /home/pau24113/Documents/GitHub/IR2117/ros2_ws/install/action_tutorials_interfaces/lib/python3.8/site-packages/action_tutorials_interfaces/action/_fibonacci.py
[3.414s] -- Installing: /home/pau24113/Documents/GitHub/IR2117/ros2_ws/install/action_tutorials_interfaces/lib/python3.8/site-packages/action_tutorials_interfaces/action_tutorials_interfaces_s__rosidl_typesupport_fastrtps_c.cpython-38-x86_64-linux-gnu.so
[3.415s] -- Set runtime path of "/home/pau24113/Documents/GitHub/IR2117/ros2_ws/install/action_tutorials_interfaces/lib/python3.8/site-packages/action_tutorials_interfaces/action_tutorials_interfaces_s__rosidl_typesupport_fastrtps_c.cpython-38-x86_64-linux-gnu.so" to ""
[3.415s] -- Installing: /home/pau24113/Documents/GitHub/IR2117/ros2_ws/install/action_tutorials_interfaces/lib/python3.8/site-packages/action_tutorials_interfaces/action_tutorials_interfaces_s__rosidl_typesupport_introspection_c.cpython-38-x86_64-linux-gnu.so
[3.415s] -- Set runtime path of "/home/pau24113/Documents/GitHub/IR2117/ros2_ws/install/action_tutorials_interfaces/lib/python3.8/site-packages/action_tutorials_interfaces/action_tutorials_interfaces_s__rosidl_typesupport_introspection_c.cpython-38-x86_64-linux-gnu.so" to ""
[3.415s] -- Installing: /home/pau24113/Documents/GitHub/IR2117/ros2_ws/install/action_tutorials_interfaces/lib/python3.8/site-packages/action_tutorials_interfaces/action_tutorials_interfaces_s__rosidl_typesupport_c.cpython-38-x86_64-linux-gnu.so
[3.416s] -- Set runtime path of "/home/pau24113/Documents/GitHub/IR2117/ros2_ws/install/action_tutorials_interfaces/lib/python3.8/site-packages/action_tutorials_interfaces/action_tutorials_interfaces_s__rosidl_typesupport_c.cpython-38-x86_64-linux-gnu.so" to ""
[3.416s] -- Installing: /home/pau24113/Documents/GitHub/IR2117/ros2_ws/install/action_tutorials_interfaces/lib/libaction_tutorials_interfaces__python.so
[3.416s] -- Set runtime path of "/home/pau24113/Documents/GitHub/IR2117/ros2_ws/install/action_tutorials_interfaces/lib/libaction_tutorials_interfaces__python.so" to ""
[3.416s] -- Installing: /home/pau24113/Documents/GitHub/IR2117/ros2_ws/install/action_tutorials_interfaces/share/action_tutorials_interfaces/action/Fibonacci.idl
[3.417s] -- Installing: /home/pau24113/Documents/GitHub/IR2117/ros2_ws/install/action_tutorials_interfaces/share/action_tutorials_interfaces/action/Fibonacci.action
[3.417s] -- Installing: /home/pau24113/Documents/GitHub/IR2117/ros2_ws/install/action_tutorials_interfaces/share/ament_index/resource_index/package_run_dependencies/action_tutorials_interfaces
[3.417s] -- Installing: /home/pau24113/Documents/GitHub/IR2117/ros2_ws/install/action_tutorials_interfaces/share/ament_index/resource_index/parent_prefix_path/action_tutorials_interfaces
[3.417s] -- Installing: /home/pau24113/Documents/GitHub/IR2117/ros2_ws/install/action_tutorials_interfaces/share/action_tutorials_interfaces/environment/ament_prefix_path.sh
[3.417s] -- Installing: /home/pau24113/Documents/GitHub/IR2117/ros2_ws/install/action_tutorials_interfaces/share/action_tutorials_interfaces/environment/ament_prefix_path.dsv
[3.417s] -- Installing: /home/pau24113/Documents/GitHub/IR2117/ros2_ws/install/action_tutorials_interfaces/share/action_tutorials_interfaces/environment/path.sh
[3.417s] -- Installing: /home/pau24113/Documents/GitHub/IR2117/ros2_ws/install/action_tutorials_interfaces/share/action_tutorials_interfaces/environment/path.dsv
[3.417s] -- Installing: /home/pau24113/Documents/GitHub/IR2117/ros2_ws/install/action_tutorials_interfaces/share/action_tutorials_interfaces/local_setup.bash
[3.417s] -- Installing: /home/pau24113/Documents/GitHub/IR2117/ros2_ws/install/action_tutorials_interfaces/share/action_tutorials_interfaces/local_setup.sh
[3.417s] -- Installing: /home/pau24113/Documents/GitHub/IR2117/ros2_ws/install/action_tutorials_interfaces/share/action_tutorials_interfaces/local_setup.zsh
[3.417s] -- Installing: /home/pau24113/Documents/GitHub/IR2117/ros2_ws/install/action_tutorials_interfaces/share/action_tutorials_interfaces/local_setup.dsv
[3.417s] -- Installing: /home/pau24113/Documents/GitHub/IR2117/ros2_ws/install/action_tutorials_interfaces/share/action_tutorials_interfaces/package.dsv
[3.418s] -- Installing: /home/pau24113/Documents/GitHub/IR2117/ros2_ws/install/action_tutorials_interfaces/share/ament_index/resource_index/packages/action_tutorials_interfaces
[3.418s] -- Installing: /home/pau24113/Documents/GitHub/IR2117/ros2_ws/install/action_tutorials_interfaces/share/action_tutorials_interfaces/cmake/action_tutorials_interfaces__rosidl_generator_cExport.cmake
[3.418s] -- Installing: /home/pau24113/Documents/GitHub/IR2117/ros2_ws/install/action_tutorials_interfaces/share/action_tutorials_interfaces/cmake/action_tutorials_interfaces__rosidl_generator_cExport-noconfig.cmake
[3.418s] -- Installing: /home/pau24113/Documents/GitHub/IR2117/ros2_ws/install/action_tutorials_interfaces/share/action_tutorials_interfaces/cmake/action_tutorials_interfaces__rosidl_typesupport_introspection_cExport.cmake
[3.418s] -- Installing: /home/pau24113/Documents/GitHub/IR2117/ros2_ws/install/action_tutorials_interfaces/share/action_tutorials_interfaces/cmake/action_tutorials_interfaces__rosidl_typesupport_introspection_cExport-noconfig.cmake
[3.418s] -- Installing: /home/pau24113/Documents/GitHub/IR2117/ros2_ws/install/action_tutorials_interfaces/share/action_tutorials_interfaces/cmake/action_tutorials_interfaces__rosidl_typesupport_cExport.cmake
[3.418s] -- Installing: /home/pau24113/Documents/GitHub/IR2117/ros2_ws/install/action_tutorials_interfaces/share/action_tutorials_interfaces/cmake/action_tutorials_interfaces__rosidl_typesupport_cExport-noconfig.cmake
[3.418s] -- Installing: /home/pau24113/Documents/GitHub/IR2117/ros2_ws/install/action_tutorials_interfaces/share/action_tutorials_interfaces/cmake/action_tutorials_interfaces__rosidl_generator_cppExport.cmake
[3.419s] -- Installing: /home/pau24113/Documents/GitHub/IR2117/ros2_ws/install/action_tutorials_interfaces/share/action_tutorials_interfaces/cmake/action_tutorials_interfaces__rosidl_typesupport_introspection_cppExport.cmake
[3.419s] -- Installing: /home/pau24113/Documents/GitHub/IR2117/ros2_ws/install/action_tutorials_interfaces/share/action_tutorials_interfaces/cmake/action_tutorials_interfaces__rosidl_typesupport_introspection_cppExport-noconfig.cmake
[3.419s] -- Installing: /home/pau24113/Documents/GitHub/IR2117/ros2_ws/install/action_tutorials_interfaces/share/action_tutorials_interfaces/cmake/action_tutorials_interfaces__rosidl_typesupport_cppExport.cmake
[3.419s] -- Installing: /home/pau24113/Documents/GitHub/IR2117/ros2_ws/install/action_tutorials_interfaces/share/action_tutorials_interfaces/cmake/action_tutorials_interfaces__rosidl_typesupport_cppExport-noconfig.cmake
[3.419s] -- Installing: /home/pau24113/Documents/GitHub/IR2117/ros2_ws/install/action_tutorials_interfaces/share/action_tutorials_interfaces/cmake/rosidl_cmake-extras.cmake
[3.419s] -- Installing: /home/pau24113/Documents/GitHub/IR2117/ros2_ws/install/action_tutorials_interfaces/share/action_tutorials_interfaces/cmake/ament_cmake_export_dependencies-extras.cmake
[3.419s] -- Installing: /home/pau24113/Documents/GitHub/IR2117/ros2_ws/install/action_tutorials_interfaces/share/action_tutorials_interfaces/cmake/ament_cmake_export_libraries-extras.cmake
[3.419s] -- Installing: /home/pau24113/Documents/GitHub/IR2117/ros2_ws/install/action_tutorials_interfaces/share/action_tutorials_interfaces/cmake/ament_cmake_export_targets-extras.cmake
[3.419s] -- Installing: /home/pau24113/Documents/GitHub/IR2117/ros2_ws/install/action_tutorials_interfaces/share/action_tutorials_interfaces/cmake/ament_cmake_export_include_directories-extras.cmake
[3.419s] -- Installing: /home/pau24113/Documents/GitHub/IR2117/ros2_ws/install/action_tutorials_interfaces/share/action_tutorials_interfaces/cmake/rosidl_cmake_export_typesupport_libraries-extras.cmake
[3.420s] -- Installing: /home/pau24113/Documents/GitHub/IR2117/ros2_ws/install/action_tutorials_interfaces/share/action_tutorials_interfaces/cmake/rosidl_cmake_export_typesupport_targets-extras.cmake
[3.420s] -- Installing: /home/pau24113/Documents/GitHub/IR2117/ros2_ws/install/action_tutorials_interfaces/share/action_tutorials_interfaces/cmake/action_tutorials_interfacesConfig.cmake
[3.420s] -- Installing: /home/pau24113/Documents/GitHub/IR2117/ros2_ws/install/action_tutorials_interfaces/share/action_tutorials_interfaces/cmake/action_tutorials_interfacesConfig-version.cmake
[3.420s] -- Installing: /home/pau24113/Documents/GitHub/IR2117/ros2_ws/install/action_tutorials_interfaces/share/action_tutorials_interfaces/package.xml
[3.423s] Invoked command in '/home/pau24113/Documents/GitHub/IR2117/ros2_ws/build/action_tutorials_interfaces' returned '0': CMAKE_PREFIX_PATH=${CMAKE_PREFIX_PATH}:/opt/ros/foxy /usr/bin/cmake --install /home/pau24113/Documents/GitHub/IR2117/ros2_ws/build/action_tutorials_interfaces
