[0.029s] Invoking command in '/home/pau24113/Documents/GitHub/IR2117/ros2_ws/build/action_tutorials_interfaces': CMAKE_PREFIX_PATH=${CMAKE_PREFIX_PATH}:/opt/ros/foxy /usr/bin/cmake /home/pau24113/Documents/GitHub/IR2117/ros2_ws/src/action_tutorials_interfaces -DCMAKE_INSTALL_PREFIX=/home/pau24113/Documents/GitHub/IR2117/ros2_ws/install/action_tutorials_interfaces
[0.090s] -- The C compiler identification is GNU 9.4.0
[0.130s] -- The CXX compiler identification is GNU 9.4.0
[0.135s] -- Check for working C compiler: /usr/bin/cc
[0.181s] -- Check for working C compiler: /usr/bin/cc -- works
[0.182s] -- Detecting C compiler ABI info
[0.228s] -- Detecting C compiler ABI info - done
[0.237s] -- Detecting C compile features
[0.238s] -- Detecting C compile features - done
[0.240s] -- Check for working CXX compiler: /usr/bin/c++
[0.292s] -- Check for working CXX compiler: /usr/bin/c++ -- works
[0.292s] -- Detecting CXX compiler ABI info
[0.343s] -- Detecting CXX compiler ABI info - done
[0.352s] -- Detecting CXX compile features
[0.352s] -- Detecting CXX compile features - done
[0.354s] -- Found ament_cmake: 0.9.11 (/opt/ros/foxy/share/ament_cmake/cmake)
[0.371s] -- Found PythonInterp: /usr/bin/python3 (found suitable version "3.8.10", minimum required is "3") 
[0.371s] -- Using PYTHON_EXECUTABLE: /usr/bin/python3
[0.513s] -- Found rosidl_default_generators: 1.0.1 (/opt/ros/foxy/share/rosidl_default_generators/cmake)
[0.516s] -- Using all available rosidl_typesupport_c: rosidl_typesupport_fastrtps_c;rosidl_typesupport_introspection_c
[0.522s] -- Found rosidl_adapter: 1.3.0 (/opt/ros/foxy/share/rosidl_adapter/cmake)
[0.591s] -- Found OpenSSL: /usr/lib/x86_64-linux-gnu/libcrypto.so (found version "1.1.1f")  
[0.611s] -- Found FastRTPS: /opt/ros/foxy/include  
[0.671s] -- Using all available rosidl_typesupport_cpp: rosidl_typesupport_fastrtps_cpp;rosidl_typesupport_introspection_cpp
[0.707s] -- Found PythonInterp: /usr/bin/python3 (found version "3.8.10") 
[0.835s] CMake Error at /opt/ros/foxy/share/rosidl_adapter/cmake/rosidl_adapt_interfaces.cmake:60 (message):
[0.835s]   execute_process(/usr/bin/python3 -m rosidl_adapter --package-name
[0.835s]   action_tutorials_interfaces --arguments-file
[0.835s]   /home/pau24113/Documents/GitHub/IR2117/ros2_ws/build/action_tutorials_interfaces/rosidl_adapter__arguments__action_tutorials_interfaces.json
[0.835s]   --output-dir
[0.835s]   /home/pau24113/Documents/GitHub/IR2117/ros2_ws/build/action_tutorials_interfaces/rosidl_adapter/action_tutorials_interfaces
[0.835s]   --output-file
[0.835s]   /home/pau24113/Documents/GitHub/IR2117/ros2_ws/build/action_tutorials_interfaces/rosidl_adapter/action_tutorials_interfaces.idls)
[0.835s]   returned error code 1:
[0.835s] 
[0.835s]   Traceback (most recent call last):
[0.835s] 
[0.835s]     File "/usr/lib/python3.8/runpy.py", line 194, in _run_module_as_main
[0.835s]       return _run_code(code, main_globals, None,
[0.835s]     File "/usr/lib/python3.8/runpy.py", line 87, in _run_code
[0.835s]       exec(code, run_globals)
[0.835s]     File "/opt/ros/foxy/lib/python3.8/site-packages/rosidl_adapter/__main__.py", line 19, in <module>
[0.836s]       sys.exit(main())
[0.836s]     File "/opt/ros/foxy/lib/python3.8/site-packages/rosidl_adapter/main.py", line 53, in main
[0.836s]       abs_idl_file = convert_to_idl(
[0.836s]     File "/opt/ros/foxy/lib/python3.8/site-packages/rosidl_adapter/__init__.py", line 29, in convert_to_idl
[0.836s]       return convert_action_to_idl(
[0.836s]     File "/opt/ros/foxy/lib/python3.8/site-packages/rosidl_adapter/action/__init__.py", line 28, in convert_action_to_idl
[0.836s]       action = parse_action_string(package_name, input_file.stem, content)
[0.836s]     File "/opt/ros/foxy/lib/python3.8/site-packages/rosidl_adapter/parser.py", line 886, in parse_action_string
[0.836s]       raise InvalidActionSpecification(
[0.836s] 
[0.836s]   rosidl_adapter.parser.InvalidActionSpecification: Number of '---'
[0.836s]   separators nonconformant with action definition
[0.836s] 
[0.836s] Call Stack (most recent call first):
[0.836s]   /opt/ros/foxy/share/rosidl_cmake/cmake/rosidl_generate_interfaces.cmake:130 (rosidl_adapt_interfaces)
[0.836s]   CMakeLists.txt:21 (rosidl_generate_interfaces)
[0.836s] 
[0.836s] 
[0.837s] -- Configuring incomplete, errors occurred!
[0.837s] See also "/home/pau24113/Documents/GitHub/IR2117/ros2_ws/build/action_tutorials_interfaces/CMakeFiles/CMakeOutput.log".
[0.844s] Invoked command in '/home/pau24113/Documents/GitHub/IR2117/ros2_ws/build/action_tutorials_interfaces' returned '1': CMAKE_PREFIX_PATH=${CMAKE_PREFIX_PATH}:/opt/ros/foxy /usr/bin/cmake /home/pau24113/Documents/GitHub/IR2117/ros2_ws/src/action_tutorials_interfaces -DCMAKE_INSTALL_PREFIX=/home/pau24113/Documents/GitHub/IR2117/ros2_ws/install/action_tutorials_interfaces
