[0.012s] Invoking command in '/home/pau24113/Documents/GitHub/IR2117/ros2_ws/build/cpp_srvcli': CMAKE_PREFIX_PATH=${CMAKE_PREFIX_PATH}:/opt/ros/foxy /usr/bin/cmake --build /home/pau24113/Documents/GitHub/IR2117/ros2_ws/build/cpp_srvcli -- -j16 -l16
[0.030s] -- Found ament_cmake: 0.9.11 (/opt/ros/foxy/share/ament_cmake/cmake)
[0.044s] -- Using PYTHON_EXECUTABLE: /usr/bin/python3
[0.172s] -- Found rclcpp: 2.4.2 (/opt/ros/foxy/share/rclcpp/cmake)
[0.195s] -- Using all available rosidl_typesupport_c: rosidl_typesupport_fastrtps_c;rosidl_typesupport_introspection_c
[0.198s] -- Found rosidl_adapter: 1.3.0 (/opt/ros/foxy/share/rosidl_adapter/cmake)
[0.279s] -- Using all available rosidl_typesupport_cpp: rosidl_typesupport_fastrtps_cpp;rosidl_typesupport_introspection_cpp
[0.315s] -- Found rmw_implementation_cmake: 1.0.4 (/opt/ros/foxy/share/rmw_implementation_cmake/cmake)
[0.316s] -- Using RMW implementation 'rmw_fastrtps_cpp' as default
[0.421s] -- Found example_interfaces: 0.9.1 (/opt/ros/foxy/share/example_interfaces/cmake)
[0.503s] -- Found ament_lint_auto: 0.9.8 (/opt/ros/foxy/share/ament_lint_auto/cmake)
[0.545s] -- Added test 'copyright' to check source files copyright and LICENSE
[0.546s] -- Added test 'cppcheck' to perform static code analysis on C / C++ code
[0.546s] -- Configured cppcheck include dirs: 
[0.546s] -- Configured cppcheck exclude dirs and/or files: 
[0.547s] -- Added test 'cpplint' to check C / C++ code against the Google style
[0.547s] -- Configured cpplint exclude dirs and/or files: 
[0.547s] -- Added test 'flake8' to check Python code syntax and style conventions
[0.548s] -- Added test 'lint_cmake' to check CMake code style
[0.548s] -- Added test 'pep257' to check Python code against some of the style conventions in PEP 257
[0.549s] -- Added test 'uncrustify' to check C / C++ code style
[0.550s] -- Configured uncrustify additional arguments: 
[0.550s] -- Added test 'xmllint' to check XML markup files
[0.551s] -- Configuring done
[0.558s] -- Generating done
[0.559s] -- Build files have been written to: /home/pau24113/Documents/GitHub/IR2117/ros2_ws/build/cpp_srvcli
[0.575s] [35m[1mScanning dependencies of target client[0m
[0.582s] [ 25%] [32mBuilding CXX object CMakeFiles/client.dir/src/add_two_ints_client.cpp.o[0m
[0.587s] [01m[K/home/pau24113/Documents/GitHub/IR2117/ros2_ws/src/cpp_srvcli/src/add_two_ints_client.cpp:1:10:[m[K [01;31m[Kfatal error: [m[Krclcpp/rclcpp.hpp: No such file or directory
[0.587s]     1 | #include [01;31m[K"rclcpp/rclcpp.hpp"[m[K
[0.587s]       |          [01;31m[K^~~~~~~~~~~~~~~~~~~[m[K
[0.587s] compilation terminated.
[0.588s] make[2]: *** [CMakeFiles/client.dir/build.make:63: CMakeFiles/client.dir/src/add_two_ints_client.cpp.o] Error 1
[0.588s] make[1]: *** [CMakeFiles/Makefile2:80: CMakeFiles/client.dir/all] Error 2
[0.588s] make[1]: *** Waiting for unfinished jobs....
[0.588s] [ 75%] Built target server
[0.589s] make: *** [Makefile:141: all] Error 2
[0.591s] Invoked command in '/home/pau24113/Documents/GitHub/IR2117/ros2_ws/build/cpp_srvcli' returned '2': CMAKE_PREFIX_PATH=${CMAKE_PREFIX_PATH}:/opt/ros/foxy /usr/bin/cmake --build /home/pau24113/Documents/GitHub/IR2117/ros2_ws/build/cpp_srvcli -- -j16 -l16
