[0.013s] Invoking command in '/home/pau24113/Documents/GitHub/IR2117/tb3_ws/src/build/olympic_interfaces': CMAKE_PREFIX_PATH=${CMAKE_PREFIX_PATH}:/opt/ros/foxy /usr/bin/cmake /home/pau24113/Documents/GitHub/IR2117/tb3_ws/src/olympic_interfaces -DCMAKE_INSTALL_PREFIX=/home/pau24113/Documents/GitHub/IR2117/tb3_ws/src/install/olympic_interfaces
[0.096s] -- The C compiler identification is GNU 9.4.0
[0.208s] -- The CXX compiler identification is GNU 9.4.0
[0.216s] -- Check for working C compiler: /usr/bin/cc
[0.268s] -- Check for working C compiler: /usr/bin/cc -- works
[0.269s] -- Detecting C compiler ABI info
[0.314s] -- Detecting C compiler ABI info - done
[0.324s] -- Detecting C compile features
[0.324s] -- Detecting C compile features - done
[0.327s] -- Check for working CXX compiler: /usr/bin/c++
[0.385s] -- Check for working CXX compiler: /usr/bin/c++ -- works
[0.386s] -- Detecting CXX compiler ABI info
[0.472s] -- Detecting CXX compiler ABI info - done
[0.488s] -- Detecting CXX compile features
[0.489s] -- Detecting CXX compile features - done
[0.494s] -- Found ament_cmake: 0.9.11 (/opt/ros/foxy/share/ament_cmake/cmake)
[0.517s] -- Found PythonInterp: /usr/bin/python3 (found suitable version "3.8.10", minimum required is "3") 
[0.517s] -- Using PYTHON_EXECUTABLE: /usr/bin/python3
[0.696s] -- Found ament_lint_auto: 0.9.8 (/opt/ros/foxy/share/ament_lint_auto/cmake)
[0.753s] -- Added test 'copyright' to check source files copyright and LICENSE
[0.755s] -- Added test 'lint_cmake' to check CMake code style
[0.756s] -- Added test 'xmllint' to check XML markup files
[0.758s] -- Configuring done
[0.759s] -- Generating done
[0.760s] -- Build files have been written to: /home/pau24113/Documents/GitHub/IR2117/tb3_ws/src/build/olympic_interfaces
[0.764s] Invoked command in '/home/pau24113/Documents/GitHub/IR2117/tb3_ws/src/build/olympic_interfaces' returned '0': CMAKE_PREFIX_PATH=${CMAKE_PREFIX_PATH}:/opt/ros/foxy /usr/bin/cmake /home/pau24113/Documents/GitHub/IR2117/tb3_ws/src/olympic_interfaces -DCMAKE_INSTALL_PREFIX=/home/pau24113/Documents/GitHub/IR2117/tb3_ws/src/install/olympic_interfaces
[0.764s] Invoking command in '/home/pau24113/Documents/GitHub/IR2117/tb3_ws/src/build/olympic_interfaces': CMAKE_PREFIX_PATH=${CMAKE_PREFIX_PATH}:/opt/ros/foxy /usr/bin/cmake --build /home/pau24113/Documents/GitHub/IR2117/tb3_ws/src/build/olympic_interfaces -- -j16 -l16
[0.790s] Invoked command in '/home/pau24113/Documents/GitHub/IR2117/tb3_ws/src/build/olympic_interfaces' returned '0': CMAKE_PREFIX_PATH=${CMAKE_PREFIX_PATH}:/opt/ros/foxy /usr/bin/cmake --build /home/pau24113/Documents/GitHub/IR2117/tb3_ws/src/build/olympic_interfaces -- -j16 -l16
[0.811s] Invoking command in '/home/pau24113/Documents/GitHub/IR2117/tb3_ws/src/build/olympic_interfaces': CMAKE_PREFIX_PATH=${CMAKE_PREFIX_PATH}:/opt/ros/foxy /usr/bin/cmake --install /home/pau24113/Documents/GitHub/IR2117/tb3_ws/src/build/olympic_interfaces
[0.817s] -- Install configuration: ""
[0.817s] -- Installing: /home/pau24113/Documents/GitHub/IR2117/tb3_ws/src/install/olympic_interfaces/share/ament_index/resource_index/package_run_dependencies/olympic_interfaces
[0.817s] -- Installing: /home/pau24113/Documents/GitHub/IR2117/tb3_ws/src/install/olympic_interfaces/share/ament_index/resource_index/parent_prefix_path/olympic_interfaces
[0.817s] -- Installing: /home/pau24113/Documents/GitHub/IR2117/tb3_ws/src/install/olympic_interfaces/share/olympic_interfaces/environment/ament_prefix_path.sh
[0.817s] -- Installing: /home/pau24113/Documents/GitHub/IR2117/tb3_ws/src/install/olympic_interfaces/share/olympic_interfaces/environment/ament_prefix_path.dsv
[0.817s] -- Installing: /home/pau24113/Documents/GitHub/IR2117/tb3_ws/src/install/olympic_interfaces/share/olympic_interfaces/environment/path.sh
[0.817s] -- Installing: /home/pau24113/Documents/GitHub/IR2117/tb3_ws/src/install/olympic_interfaces/share/olympic_interfaces/environment/path.dsv
[0.817s] -- Installing: /home/pau24113/Documents/GitHub/IR2117/tb3_ws/src/install/olympic_interfaces/share/olympic_interfaces/local_setup.bash
[0.818s] -- Installing: /home/pau24113/Documents/GitHub/IR2117/tb3_ws/src/install/olympic_interfaces/share/olympic_interfaces/local_setup.sh
[0.818s] -- Installing: /home/pau24113/Documents/GitHub/IR2117/tb3_ws/src/install/olympic_interfaces/share/olympic_interfaces/local_setup.zsh
[0.818s] -- Installing: /home/pau24113/Documents/GitHub/IR2117/tb3_ws/src/install/olympic_interfaces/share/olympic_interfaces/local_setup.dsv
[0.818s] -- Installing: /home/pau24113/Documents/GitHub/IR2117/tb3_ws/src/install/olympic_interfaces/share/olympic_interfaces/package.dsv
[0.818s] -- Installing: /home/pau24113/Documents/GitHub/IR2117/tb3_ws/src/install/olympic_interfaces/share/ament_index/resource_index/packages/olympic_interfaces
[0.818s] -- Installing: /home/pau24113/Documents/GitHub/IR2117/tb3_ws/src/install/olympic_interfaces/share/olympic_interfaces/cmake/olympic_interfacesConfig.cmake
[0.818s] -- Installing: /home/pau24113/Documents/GitHub/IR2117/tb3_ws/src/install/olympic_interfaces/share/olympic_interfaces/cmake/olympic_interfacesConfig-version.cmake
[0.818s] -- Installing: /home/pau24113/Documents/GitHub/IR2117/tb3_ws/src/install/olympic_interfaces/share/olympic_interfaces/package.xml
[0.820s] Invoked command in '/home/pau24113/Documents/GitHub/IR2117/tb3_ws/src/build/olympic_interfaces' returned '0': CMAKE_PREFIX_PATH=${CMAKE_PREFIX_PATH}:/opt/ros/foxy /usr/bin/cmake --install /home/pau24113/Documents/GitHub/IR2117/tb3_ws/src/build/olympic_interfaces
