[0.011s] Invoking command in '/home/pau24113/Documents/GitHub/IR2117/tb3_ws/build/olympic': CMAKE_PREFIX_PATH=/home/pau24113/Documents/GitHub/IR2117/tb3_ws/install/olympic_interfaces:/home/pau24113/Documents/GitHub/IR2117/tb3_ws/install/robot_trajectory:/home/pau24113/Documents/GitHub/IR2117/tb3_ws/install/olympic:/home/pau24113/Documents/GitHub/IR2117/tb3_ws/install/obstacles:/home/pau24113/Documents/GitHub/IR2117/tb3_ws/src/install/robot_trajectory:/home/pau24113/Documents/GitHub/IR2117/tb3_ws/src/install/olympic_interfaces:/home/pau24113/Documents/GitHub/IR2117/tb3_ws/src/install/obstacles:/opt/ros/foxy /usr/bin/cmake --build /home/pau24113/Documents/GitHub/IR2117/tb3_ws/build/olympic -- -j16 -l16
[0.039s] [35m[1mScanning dependencies of target rings[0m
[0.055s] [ 33%] [32m[1mLinking CXX executable action_client[0m
[0.055s] [ 33%] [32m[1mLinking CXX executable action_server[0m
[0.059s] [ 50%] [32mBuilding CXX object CMakeFiles/rings.dir/src/rings.cpp.o[0m
[0.165s] /usr/bin/ld: CMakeFiles/action_server.dir/src/rings_action_server.cpp.o: in function `handle_accepted(std::shared_ptr<rclcpp_action::ServerGoalHandle<olympic_interfaces::action::Rings> >)':
[0.165s] rings_action_server.cpp:(.text+0x789): undefined reference to `execute(std::shared_ptr<rclcpp_action::ServerGoalHandle<olympic_interfaces::action::Rings> >)'
[0.165s] /usr/bin/ld: CMakeFiles/action_client.dir/src/rings_action_server.cpp.o: in function `handle_accepted(std::shared_ptr<rclcpp_action::ServerGoalHandle<olympic_interfaces::action::Rings> >)':
[0.165s] rings_action_server.cpp:(.text+0x789): undefined reference to `execute(std::shared_ptr<rclcpp_action::ServerGoalHandle<olympic_interfaces::action::Rings> >)'
[0.167s] collect2: error: ld returned 1 exit status
[0.167s] collect2: error: ld returned 1 exit status
[0.168s] make[2]: *** [CMakeFiles/action_server.dir/build.make:158: action_server] Error 1
[0.168s] make[2]: *** [CMakeFiles/action_client.dir/build.make:158: action_client] Error 1
[0.168s] make[1]: *** [CMakeFiles/Makefile2:109: CMakeFiles/action_server.dir/all] Error 2
[0.168s] make[1]: *** Waiting for unfinished jobs....
[0.168s] make[1]: *** [CMakeFiles/Makefile2:82: CMakeFiles/action_client.dir/all] Error 2
[2.947s] [ 66%] [32m[1mLinking CXX executable rings[0m
[3.103s] [ 66%] Built target rings
[3.104s] make: *** [Makefile:141: all] Error 2
[3.105s] Invoked command in '/home/pau24113/Documents/GitHub/IR2117/tb3_ws/build/olympic' returned '2': CMAKE_PREFIX_PATH=/home/pau24113/Documents/GitHub/IR2117/tb3_ws/install/olympic_interfaces:/home/pau24113/Documents/GitHub/IR2117/tb3_ws/install/robot_trajectory:/home/pau24113/Documents/GitHub/IR2117/tb3_ws/install/olympic:/home/pau24113/Documents/GitHub/IR2117/tb3_ws/install/obstacles:/home/pau24113/Documents/GitHub/IR2117/tb3_ws/src/install/robot_trajectory:/home/pau24113/Documents/GitHub/IR2117/tb3_ws/src/install/olympic_interfaces:/home/pau24113/Documents/GitHub/IR2117/tb3_ws/src/install/obstacles:/opt/ros/foxy /usr/bin/cmake --build /home/pau24113/Documents/GitHub/IR2117/tb3_ws/build/olympic -- -j16 -l16
