[0.014s] Invoking command in '/home/pau24113/Documents/GitHub/IR2117/tb3_ws/src/build/olympic_interfaces': CMAKE_PREFIX_PATH=${CMAKE_PREFIX_PATH}:/opt/ros/foxy /usr/bin/cmake --build /home/pau24113/Documents/GitHub/IR2117/tb3_ws/src/build/olympic_interfaces -- -j16 -l16
[0.045s] Invoked command in '/home/pau24113/Documents/GitHub/IR2117/tb3_ws/src/build/olympic_interfaces' returned '0': CMAKE_PREFIX_PATH=${CMAKE_PREFIX_PATH}:/opt/ros/foxy /usr/bin/cmake --build /home/pau24113/Documents/GitHub/IR2117/tb3_ws/src/build/olympic_interfaces -- -j16 -l16
[0.066s] Invoking command in '/home/pau24113/Documents/GitHub/IR2117/tb3_ws/src/build/olympic_interfaces': CMAKE_PREFIX_PATH=${CMAKE_PREFIX_PATH}:/opt/ros/foxy /usr/bin/cmake --install /home/pau24113/Documents/GitHub/IR2117/tb3_ws/src/build/olympic_interfaces
[0.072s] -- Install configuration: ""
[0.072s] -- Up-to-date: /home/pau24113/Documents/GitHub/IR2117/tb3_ws/src/install/olympic_interfaces/share/ament_index/resource_index/package_run_dependencies/olympic_interfaces
[0.073s] -- Up-to-date: /home/pau24113/Documents/GitHub/IR2117/tb3_ws/src/install/olympic_interfaces/share/ament_index/resource_index/parent_prefix_path/olympic_interfaces
[0.073s] -- Up-to-date: /home/pau24113/Documents/GitHub/IR2117/tb3_ws/src/install/olympic_interfaces/share/olympic_interfaces/environment/ament_prefix_path.sh
[0.073s] -- Up-to-date: /home/pau24113/Documents/GitHub/IR2117/tb3_ws/src/install/olympic_interfaces/share/olympic_interfaces/environment/ament_prefix_path.dsv
[0.073s] -- Up-to-date: /home/pau24113/Documents/GitHub/IR2117/tb3_ws/src/install/olympic_interfaces/share/olympic_interfaces/environment/path.sh
[0.073s] -- Up-to-date: /home/pau24113/Documents/GitHub/IR2117/tb3_ws/src/install/olympic_interfaces/share/olympic_interfaces/environment/path.dsv
[0.073s] -- Up-to-date: /home/pau24113/Documents/GitHub/IR2117/tb3_ws/src/install/olympic_interfaces/share/olympic_interfaces/local_setup.bash
[0.073s] -- Up-to-date: /home/pau24113/Documents/GitHub/IR2117/tb3_ws/src/install/olympic_interfaces/share/olympic_interfaces/local_setup.sh
[0.073s] -- Up-to-date: /home/pau24113/Documents/GitHub/IR2117/tb3_ws/src/install/olympic_interfaces/share/olympic_interfaces/local_setup.zsh
[0.073s] -- Up-to-date: /home/pau24113/Documents/GitHub/IR2117/tb3_ws/src/install/olympic_interfaces/share/olympic_interfaces/local_setup.dsv
[0.073s] -- Up-to-date: /home/pau24113/Documents/GitHub/IR2117/tb3_ws/src/install/olympic_interfaces/share/olympic_interfaces/package.dsv
[0.073s] -- Up-to-date: /home/pau24113/Documents/GitHub/IR2117/tb3_ws/src/install/olympic_interfaces/share/ament_index/resource_index/packages/olympic_interfaces
[0.073s] -- Up-to-date: /home/pau24113/Documents/GitHub/IR2117/tb3_ws/src/install/olympic_interfaces/share/olympic_interfaces/cmake/olympic_interfacesConfig.cmake
[0.073s] -- Up-to-date: /home/pau24113/Documents/GitHub/IR2117/tb3_ws/src/install/olympic_interfaces/share/olympic_interfaces/cmake/olympic_interfacesConfig-version.cmake
[0.073s] -- Up-to-date: /home/pau24113/Documents/GitHub/IR2117/tb3_ws/src/install/olympic_interfaces/share/olympic_interfaces/package.xml
[0.074s] Invoked command in '/home/pau24113/Documents/GitHub/IR2117/tb3_ws/src/build/olympic_interfaces' returned '0': CMAKE_PREFIX_PATH=${CMAKE_PREFIX_PATH}:/opt/ros/foxy /usr/bin/cmake --install /home/pau24113/Documents/GitHub/IR2117/tb3_ws/src/build/olympic_interfaces
