[0.011s] Invoking command in '/home/pau24113/Documents/GitHub/IR2117/tb3_ws/build/olympic': CMAKE_PREFIX_PATH=/home/pau24113/Documents/GitHub/IR2117/tb3_ws/install/olympic_interfaces:/home/pau24113/Documents/GitHub/IR2117/tb3_ws/install/robot_trajectory:/home/pau24113/Documents/GitHub/IR2117/tb3_ws/install/olympic:/home/pau24113/Documents/GitHub/IR2117/tb3_ws/install/obstacles:/home/pau24113/Documents/GitHub/IR2117/tb3_ws/src/install/robot_trajectory:/home/pau24113/Documents/GitHub/IR2117/tb3_ws/src/install/olympic_interfaces:/home/pau24113/Documents/GitHub/IR2117/tb3_ws/src/install/obstacles:/opt/ros/foxy /usr/bin/cmake --build /home/pau24113/Documents/GitHub/IR2117/tb3_ws/build/olympic -- -j16 -l16
[0.040s] [35m[1mScanning dependencies of target action_client[0m
[0.040s] [35m[1mScanning dependencies of target action_server[0m
[0.055s] [ 33%] Built target rings
[0.063s] [ 66%] [32mBuilding CXX object CMakeFiles/action_client.dir/src/rings_action_server.cpp.o[0m
[0.064s] [ 66%] [32mBuilding CXX object CMakeFiles/action_server.dir/src/rings_action_server.cpp.o[0m
[1.114s] [01m[K/home/pau24113/Documents/GitHub/IR2117/tb3_ws/src/olympic/src/rings_action_server.cpp:[m[K In function ‘[01m[Kvoid execute(std::shared_ptr<rclcpp_action::ServerGoalHandle<olympic_interfaces::action::Rings> >)[m[K’:
[1.114s] [01m[K/home/pau24113/Documents/GitHub/IR2117/tb3_ws/src/olympic/src/rings_action_server.cpp:55:10:[m[K [01;35m[Kwarning: [m[Kunused variable ‘[01m[Kring_angle[m[K’ [[01;35m[K-Wunused-variable[m[K]
[1.115s]    55 |   auto & [01;35m[Kring_angle[m[K = feedback->ring_angle; // Reference to ring_angle(ptr)
[1.115s]       |          [01;35m[K^~~~~~~~~~[m[K
[1.115s] [01m[K/home/pau24113/Documents/GitHub/IR2117/tb3_ws/src/olympic/src/rings_action_server.cpp:58:9:[m[K [01;35m[Kwarning: [m[Kunused variable ‘[01m[Kradius[m[K’ [[01;35m[K-Wunused-variable[m[K]
[1.115s]    58 |   float [01;35m[Kradius[m[K = goal->radius;
[1.115s]       |         [01;35m[K^~~~~~[m[K
[1.147s] [01m[K/home/pau24113/Documents/GitHub/IR2117/tb3_ws/src/olympic/src/rings_action_server.cpp:[m[K In function ‘[01m[Kvoid execute(std::shared_ptr<rclcpp_action::ServerGoalHandle<olympic_interfaces::action::Rings> >)[m[K’:
[1.147s] [01m[K/home/pau24113/Documents/GitHub/IR2117/tb3_ws/src/olympic/src/rings_action_server.cpp:55:10:[m[K [01;35m[Kwarning: [m[Kunused variable ‘[01m[Kring_angle[m[K’ [[01;35m[K-Wunused-variable[m[K]
[1.147s]    55 |   auto & [01;35m[Kring_angle[m[K = feedback->ring_angle; // Reference to ring_angle(ptr)
[1.147s]       |          [01;35m[K^~~~~~~~~~[m[K
[1.147s] [01m[K/home/pau24113/Documents/GitHub/IR2117/tb3_ws/src/olympic/src/rings_action_server.cpp:58:9:[m[K [01;35m[Kwarning: [m[Kunused variable ‘[01m[Kradius[m[K’ [[01;35m[K-Wunused-variable[m[K]
[1.147s]    58 |   float [01;35m[Kradius[m[K = goal->radius;
[1.147s]       |         [01;35m[K^~~~~~[m[K
[2.220s] [ 83%] [32m[1mLinking CXX executable action_server[0m
[2.253s] [100%] [32m[1mLinking CXX executable action_client[0m
[2.332s] [100%] Built target action_server
[2.362s] [100%] Built target action_client
[2.369s] Invoked command in '/home/pau24113/Documents/GitHub/IR2117/tb3_ws/build/olympic' returned '0': CMAKE_PREFIX_PATH=/home/pau24113/Documents/GitHub/IR2117/tb3_ws/install/olympic_interfaces:/home/pau24113/Documents/GitHub/IR2117/tb3_ws/install/robot_trajectory:/home/pau24113/Documents/GitHub/IR2117/tb3_ws/install/olympic:/home/pau24113/Documents/GitHub/IR2117/tb3_ws/install/obstacles:/home/pau24113/Documents/GitHub/IR2117/tb3_ws/src/install/robot_trajectory:/home/pau24113/Documents/GitHub/IR2117/tb3_ws/src/install/olympic_interfaces:/home/pau24113/Documents/GitHub/IR2117/tb3_ws/src/install/obstacles:/opt/ros/foxy /usr/bin/cmake --build /home/pau24113/Documents/GitHub/IR2117/tb3_ws/build/olympic -- -j16 -l16
[2.387s] Invoking command in '/home/pau24113/Documents/GitHub/IR2117/tb3_ws/build/olympic': CMAKE_PREFIX_PATH=/home/pau24113/Documents/GitHub/IR2117/tb3_ws/install/olympic_interfaces:/home/pau24113/Documents/GitHub/IR2117/tb3_ws/install/robot_trajectory:/home/pau24113/Documents/GitHub/IR2117/tb3_ws/install/olympic:/home/pau24113/Documents/GitHub/IR2117/tb3_ws/install/obstacles:/home/pau24113/Documents/GitHub/IR2117/tb3_ws/src/install/robot_trajectory:/home/pau24113/Documents/GitHub/IR2117/tb3_ws/src/install/olympic_interfaces:/home/pau24113/Documents/GitHub/IR2117/tb3_ws/src/install/obstacles:/opt/ros/foxy /usr/bin/cmake --install /home/pau24113/Documents/GitHub/IR2117/tb3_ws/build/olympic
[2.393s] -- Install configuration: ""
[2.393s] -- Up-to-date: /home/pau24113/Documents/GitHub/IR2117/tb3_ws/install/olympic/lib/olympic/rings
[2.394s] -- Installing: /home/pau24113/Documents/GitHub/IR2117/tb3_ws/install/olympic/lib/olympic/action_server
[2.394s] -- Set runtime path of "/home/pau24113/Documents/GitHub/IR2117/tb3_ws/install/olympic/lib/olympic/action_server" to ""
[2.394s] -- Installing: /home/pau24113/Documents/GitHub/IR2117/tb3_ws/install/olympic/lib/olympic/action_client
[2.395s] -- Set runtime path of "/home/pau24113/Documents/GitHub/IR2117/tb3_ws/install/olympic/lib/olympic/action_client" to ""
[2.399s] Invoked command in '/home/pau24113/Documents/GitHub/IR2117/tb3_ws/build/olympic' returned '0': CMAKE_PREFIX_PATH=/home/pau24113/Documents/GitHub/IR2117/tb3_ws/install/olympic_interfaces:/home/pau24113/Documents/GitHub/IR2117/tb3_ws/install/robot_trajectory:/home/pau24113/Documents/GitHub/IR2117/tb3_ws/install/olympic:/home/pau24113/Documents/GitHub/IR2117/tb3_ws/install/obstacles:/home/pau24113/Documents/GitHub/IR2117/tb3_ws/src/install/robot_trajectory:/home/pau24113/Documents/GitHub/IR2117/tb3_ws/src/install/olympic_interfaces:/home/pau24113/Documents/GitHub/IR2117/tb3_ws/src/install/obstacles:/opt/ros/foxy /usr/bin/cmake --install /home/pau24113/Documents/GitHub/IR2117/tb3_ws/build/olympic
