[0.010s] Invoking command in '/home/pau24113/Documents/GitHub/IR2117/tb3_ws/build/olympic': CMAKE_PREFIX_PATH=/home/pau24113/Documents/GitHub/IR2117/tb3_ws/install/olympic_interfaces:/home/pau24113/Documents/GitHub/IR2117/tb3_ws/install/robot_trajectory:/home/pau24113/Documents/GitHub/IR2117/tb3_ws/install/olympic:/home/pau24113/Documents/GitHub/IR2117/tb3_ws/install/obstacles:/home/pau24113/Documents/GitHub/IR2117/tb3_ws/src/install/robot_trajectory:/home/pau24113/Documents/GitHub/IR2117/tb3_ws/src/install/olympic_interfaces:/home/pau24113/Documents/GitHub/IR2117/tb3_ws/src/install/obstacles:/opt/ros/foxy /usr/bin/cmake --build /home/pau24113/Documents/GitHub/IR2117/tb3_ws/build/olympic -- -j16 -l16
[0.041s] [35m[1mScanning dependencies of target action_server[0m
[0.055s] [ 33%] Built target rings
[0.056s] [ 66%] Built target action_client
[0.063s] [ 83%] [32mBuilding CXX object CMakeFiles/action_server.dir/src/rings_action_server.cpp.o[0m
[1.133s] [01m[K/home/pau24113/Documents/GitHub/IR2117/tb3_ws/src/olympic/src/rings_action_server.cpp:[m[K In function ‘[01m[Kvoid execute(std::shared_ptr<rclcpp_action::ServerGoalHandle<olympic_interfaces::action::Rings> >)[m[K’:
[1.133s] [01m[K/home/pau24113/Documents/GitHub/IR2117/tb3_ws/src/olympic/src/rings_action_server.cpp:143:11:[m[K [01;31m[Kerror: [m[Kbase operand of ‘[01m[K->[m[K’ has non-pointer type ‘[01m[Kstd::shared_future<std::shared_ptr<turtlesim::srv::SetPen_Response_<std::allocator<void> > > >[m[K’
[1.133s]   143 |     result[01;31m[K->[m[Krings_completed = ring_number;
[1.134s]       |           [01;31m[K^~[m[K
[1.134s] [01m[K/home/pau24113/Documents/GitHub/IR2117/tb3_ws/src/olympic/src/rings_action_server.cpp:144:26:[m[K [01;31m[Kerror: [m[Kcannot convert ‘[01m[Kstd::shared_future<std::shared_ptr<turtlesim::srv::SetPen_Response_<std::allocator<void> > > >[m[K’ to ‘[01m[Kolympic_interfaces::action::Rings_Result_<std::allocator<void> >::SharedPtr[m[K’ {aka ‘[01m[Kstd::shared_ptr<olympic_interfaces::action::Rings_Result_<std::allocator<void> > >[m[K’}
[1.134s]   144 |     goal_handle->succeed([01;31m[Kresult[m[K);
[1.134s]       |                          [01;31m[K^~~~~~[m[K
[1.134s]       |                          [01;31m[K|[m[K
[1.134s]       |                          [01;31m[Kstd::shared_future<std::shared_ptr<turtlesim::srv::SetPen_Response_<std::allocator<void> > > >[m[K
[1.134s] In file included from [01m[K/opt/ros/foxy/include/rclcpp_action/server.hpp:34[m[K,
[1.134s]                  from [01m[K/opt/ros/foxy/include/rclcpp_action/create_server.hpp:29[m[K,
[1.134s]                  from [01m[K/opt/ros/foxy/include/rclcpp_action/rclcpp_action.hpp:39[m[K,
[1.134s]                  from [01m[K/home/pau24113/Documents/GitHub/IR2117/tb3_ws/src/olympic/src/rings_action_server.cpp:6[m[K:
[1.134s] [01m[K/opt/ros/foxy/include/rclcpp_action/server_goal_handle.hpp:188:47:[m[K [01;36m[Knote: [m[K  initializing argument 1 of ‘[01m[Kvoid rclcpp_action::ServerGoalHandle<ActionT>::succeed(typename ActionT::Result::SharedPtr) [with ActionT = olympic_interfaces::action::Rings; typename ActionT::Result::SharedPtr = std::shared_ptr<olympic_interfaces::action::Rings_Result_<std::allocator<void> > >][m[K’
[1.134s]   188 |   succeed([01;36m[Ktypename ActionT::Result::SharedPtr result_msg[m[K)
[1.134s]       |           [01;36m[K~~~~~~~~~~~~~~~~~~~~~~~~~~~~~~~~~~~~^~~~~~~~~~[m[K
[1.135s] [01m[K/home/pau24113/Documents/GitHub/IR2117/tb3_ws/src/olympic/src/rings_action_server.cpp:151:33:[m[K [01;31m[Kerror: [m[Ka function-definition is not allowed here before ‘[01m[K{[m[K’ token
[1.135s]   151 | int main(int argc, char ** argv)[01;31m[K{[m[K
[1.135s]       |                                 [01;31m[K^[m[K
[1.135s] [01m[K/home/pau24113/Documents/GitHub/IR2117/tb3_ws/src/olympic/src/rings_action_server.cpp:163:1:[m[K [01;31m[Kerror: [m[Kexpected ‘[01m[K}[m[K’ at end of input
[1.135s]   163 | [01;31m[K}[m[K
[1.135s]       | [01;31m[K^[m[K
[1.135s] [01m[K/home/pau24113/Documents/GitHub/IR2117/tb3_ws/src/olympic/src/rings_action_server.cpp:51:66:[m[K [01;36m[Knote: [m[Kto match this ‘[01m[K{[m[K’
[1.135s]    51 | void execute(const std::shared_ptr<GoalHandleRings> goal_handle) [01;36m[K{[m[K
[1.135s]       |                                                                  [01;36m[K^[m[K
[2.018s] make[2]: *** [CMakeFiles/action_server.dir/build.make:63: CMakeFiles/action_server.dir/src/rings_action_server.cpp.o] Error 1
[2.018s] make[1]: *** [CMakeFiles/Makefile2:109: CMakeFiles/action_server.dir/all] Error 2
[2.018s] make: *** [Makefile:141: all] Error 2
[2.020s] Invoked command in '/home/pau24113/Documents/GitHub/IR2117/tb3_ws/build/olympic' returned '2': CMAKE_PREFIX_PATH=/home/pau24113/Documents/GitHub/IR2117/tb3_ws/install/olympic_interfaces:/home/pau24113/Documents/GitHub/IR2117/tb3_ws/install/robot_trajectory:/home/pau24113/Documents/GitHub/IR2117/tb3_ws/install/olympic:/home/pau24113/Documents/GitHub/IR2117/tb3_ws/install/obstacles:/home/pau24113/Documents/GitHub/IR2117/tb3_ws/src/install/robot_trajectory:/home/pau24113/Documents/GitHub/IR2117/tb3_ws/src/install/olympic_interfaces:/home/pau24113/Documents/GitHub/IR2117/tb3_ws/src/install/obstacles:/opt/ros/foxy /usr/bin/cmake --build /home/pau24113/Documents/GitHub/IR2117/tb3_ws/build/olympic -- -j16 -l16
