[0.014s] Invoking command in '/home/pau24113/Documents/GitHub/IR2117/tb3_ws/build/olympic_interfaces': CMAKE_PREFIX_PATH=${CMAKE_PREFIX_PATH}:/opt/ros/foxy /usr/bin/cmake --build /home/pau24113/Documents/GitHub/IR2117/tb3_ws/build/olympic_interfaces -- -j16 -l16
[0.031s] -- Found ament_cmake: 0.9.11 (/opt/ros/foxy/share/ament_cmake/cmake)
[0.046s] -- Using PYTHON_EXECUTABLE: /usr/bin/python3
[0.231s] -- Found rosidl_default_generators: 1.0.1 (/opt/ros/foxy/share/rosidl_default_generators/cmake)
[0.233s] -- Using all available rosidl_typesupport_c: rosidl_typesupport_fastrtps_c;rosidl_typesupport_introspection_c
[0.236s] -- Found rosidl_adapter: 1.3.0 (/opt/ros/foxy/share/rosidl_adapter/cmake)
[0.331s] -- Using all available rosidl_typesupport_cpp: rosidl_typesupport_fastrtps_cpp;rosidl_typesupport_introspection_cpp
[0.362s] -- Found PythonInterp: /usr/bin/python3 (found version "3.8.10") 
[0.493s] -- Found ament_cmake_ros: 0.9.2 (/opt/ros/foxy/share/ament_cmake_ros/cmake)
[0.583s] -- Using all available rosidl_typesupport_c: rosidl_typesupport_fastrtps_c;rosidl_typesupport_introspection_c
[0.603s] -- Using all available rosidl_typesupport_cpp: rosidl_typesupport_fastrtps_cpp;rosidl_typesupport_introspection_cpp
[0.621s] -- Found PythonInterp: /usr/bin/python3 (found suitable version "3.8.10", minimum required is "3.5") 
[0.621s] -- Found python_cmake_module: 0.8.1 (/opt/ros/foxy/share/python_cmake_module/cmake)
[0.637s] -- Using PYTHON_EXECUTABLE: /usr/bin/python3
[0.637s] -- Using PYTHON_INCLUDE_DIRS: /usr/include/python3.8
[0.637s] -- Using PYTHON_LIBRARIES: /usr/lib/x86_64-linux-gnu/libpython3.8.so
[0.657s] -- Found ament_lint_auto: 0.9.8 (/opt/ros/foxy/share/ament_lint_auto/cmake)
[0.665s] -- Added test 'copyright' to check source files copyright and LICENSE
[0.667s] -- Added test 'lint_cmake' to check CMake code style
[0.668s] -- Added test 'xmllint' to check XML markup files
[0.672s] -- Configuring done
[0.721s] -- Generating done
[0.725s] -- Build files have been written to: /home/pau24113/Documents/GitHub/IR2117/tb3_ws/build/olympic_interfaces
[0.752s] [  3%] Built target olympic_interfaces__cpp
[0.753s] [ 12%] Built target olympic_interfaces__rosidl_generator_c
[0.768s] [ 51%] Built target olympic_interfaces__rosidl_typesupport_introspection_cpp
[0.768s] [ 51%] Built target olympic_interfaces__rosidl_typesupport_introspection_c
[0.768s] [ 51%] Built target olympic_interfaces__rosidl_typesupport_cpp
[0.769s] [ 51%] Built target olympic_interfaces__rosidl_typesupport_c
[0.771s] [ 61%] Built target olympic_interfaces__rosidl_typesupport_fastrtps_cpp
[0.788s] [ 70%] Built target olympic_interfaces__rosidl_typesupport_fastrtps_c
[0.800s] [ 70%] Built target olympic_interfaces
[0.813s] [ 74%] Built target olympic_interfaces__py
[0.830s] [ 80%] Built target olympic_interfaces__python
[0.848s] [ 93%] Built target olympic_interfaces__rosidl_typesupport_c__pyext
[0.849s] [ 93%] Built target olympic_interfaces__rosidl_typesupport_fastrtps_c__pyext
[0.849s] [100%] Built target olympic_interfaces__rosidl_typesupport_introspection_c__pyext
[0.856s] Invoked command in '/home/pau24113/Documents/GitHub/IR2117/tb3_ws/build/olympic_interfaces' returned '0': CMAKE_PREFIX_PATH=${CMAKE_PREFIX_PATH}:/opt/ros/foxy /usr/bin/cmake --build /home/pau24113/Documents/GitHub/IR2117/tb3_ws/build/olympic_interfaces -- -j16 -l16
[0.891s] Invoking command in '/home/pau24113/Documents/GitHub/IR2117/tb3_ws/build/olympic_interfaces': CMAKE_PREFIX_PATH=${CMAKE_PREFIX_PATH}:/opt/ros/foxy /usr/bin/cmake --install /home/pau24113/Documents/GitHub/IR2117/tb3_ws/build/olympic_interfaces
[0.897s] -- Install configuration: ""
[0.897s] -- Up-to-date: /home/pau24113/Documents/GitHub/IR2117/tb3_ws/install/olympic_interfaces/share/ament_index/resource_index/rosidl_interfaces/olympic_interfaces
[0.897s] -- Up-to-date: /home/pau24113/Documents/GitHub/IR2117/tb3_ws/install/olympic_interfaces/include/olympic_interfaces
[0.897s] -- Up-to-date: /home/pau24113/Documents/GitHub/IR2117/tb3_ws/install/olympic_interfaces/include/olympic_interfaces/msg
[0.897s] -- Up-to-date: /home/pau24113/Documents/GitHub/IR2117/tb3_ws/install/olympic_interfaces/include/olympic_interfaces/msg/rosidl_generator_c__visibility_control.h
[0.897s] -- Up-to-date: /home/pau24113/Documents/GitHub/IR2117/tb3_ws/install/olympic_interfaces/include/olympic_interfaces/action
[0.897s] -- Up-to-date: /home/pau24113/Documents/GitHub/IR2117/tb3_ws/install/olympic_interfaces/include/olympic_interfaces/action/rings.h
[0.897s] -- Up-to-date: /home/pau24113/Documents/GitHub/IR2117/tb3_ws/install/olympic_interfaces/include/olympic_interfaces/action/detail
[0.897s] -- Up-to-date: /home/pau24113/Documents/GitHub/IR2117/tb3_ws/install/olympic_interfaces/include/olympic_interfaces/action/detail/rings__functions.h
[0.897s] -- Up-to-date: /home/pau24113/Documents/GitHub/IR2117/tb3_ws/install/olympic_interfaces/include/olympic_interfaces/action/detail/rings__type_support.h
[0.897s] -- Up-to-date: /home/pau24113/Documents/GitHub/IR2117/tb3_ws/install/olympic_interfaces/include/olympic_interfaces/action/detail/rings__functions.c
[0.897s] -- Up-to-date: /home/pau24113/Documents/GitHub/IR2117/tb3_ws/install/olympic_interfaces/include/olympic_interfaces/action/detail/rings__struct.h
[0.897s] -- Up-to-date: /home/pau24113/Documents/GitHub/IR2117/tb3_ws/install/olympic_interfaces/share/olympic_interfaces/environment/library_path.sh
[0.898s] -- Installing: /home/pau24113/Documents/GitHub/IR2117/tb3_ws/install/olympic_interfaces/share/olympic_interfaces/environment/library_path.dsv
[0.898s] -- Up-to-date: /home/pau24113/Documents/GitHub/IR2117/tb3_ws/install/olympic_interfaces/lib/libolympic_interfaces__rosidl_generator_c.so
[0.898s] -- Up-to-date: /home/pau24113/Documents/GitHub/IR2117/tb3_ws/install/olympic_interfaces/include/olympic_interfaces
[0.898s] -- Up-to-date: /home/pau24113/Documents/GitHub/IR2117/tb3_ws/install/olympic_interfaces/include/olympic_interfaces/msg
[0.898s] -- Up-to-date: /home/pau24113/Documents/GitHub/IR2117/tb3_ws/install/olympic_interfaces/include/olympic_interfaces/msg/rosidl_typesupport_fastrtps_c__visibility_control.h
[0.898s] -- Up-to-date: /home/pau24113/Documents/GitHub/IR2117/tb3_ws/install/olympic_interfaces/include/olympic_interfaces/action
[0.898s] -- Up-to-date: /home/pau24113/Documents/GitHub/IR2117/tb3_ws/install/olympic_interfaces/include/olympic_interfaces/action/detail
[0.898s] -- Up-to-date: /home/pau24113/Documents/GitHub/IR2117/tb3_ws/install/olympic_interfaces/include/olympic_interfaces/action/detail/rings__rosidl_typesupport_fastrtps_c.h
[0.898s] -- Up-to-date: /home/pau24113/Documents/GitHub/IR2117/tb3_ws/install/olympic_interfaces/lib/libolympic_interfaces__rosidl_typesupport_fastrtps_c.so
[0.898s] -- Up-to-date: /home/pau24113/Documents/GitHub/IR2117/tb3_ws/install/olympic_interfaces/include/olympic_interfaces
[0.898s] -- Up-to-date: /home/pau24113/Documents/GitHub/IR2117/tb3_ws/install/olympic_interfaces/include/olympic_interfaces/msg
[0.898s] -- Up-to-date: /home/pau24113/Documents/GitHub/IR2117/tb3_ws/install/olympic_interfaces/include/olympic_interfaces/msg/rosidl_typesupport_fastrtps_cpp__visibility_control.h
[0.898s] -- Up-to-date: /home/pau24113/Documents/GitHub/IR2117/tb3_ws/install/olympic_interfaces/include/olympic_interfaces/action
[0.898s] -- Up-to-date: /home/pau24113/Documents/GitHub/IR2117/tb3_ws/install/olympic_interfaces/include/olympic_interfaces/action/detail
[0.898s] -- Up-to-date: /home/pau24113/Documents/GitHub/IR2117/tb3_ws/install/olympic_interfaces/include/olympic_interfaces/action/detail/rings__rosidl_typesupport_fastrtps_cpp.hpp
[0.898s] -- Up-to-date: /home/pau24113/Documents/GitHub/IR2117/tb3_ws/install/olympic_interfaces/include/olympic_interfaces/action/detail/dds_fastrtps
[0.898s] -- Up-to-date: /home/pau24113/Documents/GitHub/IR2117/tb3_ws/install/olympic_interfaces/lib/libolympic_interfaces__rosidl_typesupport_fastrtps_cpp.so
[0.898s] -- Up-to-date: /home/pau24113/Documents/GitHub/IR2117/tb3_ws/install/olympic_interfaces/include/olympic_interfaces
[0.899s] -- Up-to-date: /home/pau24113/Documents/GitHub/IR2117/tb3_ws/install/olympic_interfaces/include/olympic_interfaces/msg
[0.899s] -- Up-to-date: /home/pau24113/Documents/GitHub/IR2117/tb3_ws/install/olympic_interfaces/include/olympic_interfaces/msg/rosidl_typesupport_introspection_c__visibility_control.h
[0.899s] -- Up-to-date: /home/pau24113/Documents/GitHub/IR2117/tb3_ws/install/olympic_interfaces/include/olympic_interfaces/action
[0.899s] -- Up-to-date: /home/pau24113/Documents/GitHub/IR2117/tb3_ws/install/olympic_interfaces/include/olympic_interfaces/action/detail
[0.899s] -- Up-to-date: /home/pau24113/Documents/GitHub/IR2117/tb3_ws/install/olympic_interfaces/include/olympic_interfaces/action/detail/rings__type_support.c
[0.899s] -- Up-to-date: /home/pau24113/Documents/GitHub/IR2117/tb3_ws/install/olympic_interfaces/include/olympic_interfaces/action/detail/rings__rosidl_typesupport_introspection_c.h
[0.899s] -- Up-to-date: /home/pau24113/Documents/GitHub/IR2117/tb3_ws/install/olympic_interfaces/lib/libolympic_interfaces__rosidl_typesupport_introspection_c.so
[0.899s] -- Up-to-date: /home/pau24113/Documents/GitHub/IR2117/tb3_ws/install/olympic_interfaces/lib/libolympic_interfaces__rosidl_typesupport_c.so
[0.899s] -- Up-to-date: /home/pau24113/Documents/GitHub/IR2117/tb3_ws/install/olympic_interfaces/include/olympic_interfaces
[0.899s] -- Up-to-date: /home/pau24113/Documents/GitHub/IR2117/tb3_ws/install/olympic_interfaces/include/olympic_interfaces/action
[0.899s] -- Up-to-date: /home/pau24113/Documents/GitHub/IR2117/tb3_ws/install/olympic_interfaces/include/olympic_interfaces/action/detail
[0.899s] -- Up-to-date: /home/pau24113/Documents/GitHub/IR2117/tb3_ws/install/olympic_interfaces/include/olympic_interfaces/action/detail/rings__struct.hpp
[0.899s] -- Up-to-date: /home/pau24113/Documents/GitHub/IR2117/tb3_ws/install/olympic_interfaces/include/olympic_interfaces/action/detail/rings__builder.hpp
[0.899s] -- Up-to-date: /home/pau24113/Documents/GitHub/IR2117/tb3_ws/install/olympic_interfaces/include/olympic_interfaces/action/detail/rings__traits.hpp
[0.899s] -- Up-to-date: /home/pau24113/Documents/GitHub/IR2117/tb3_ws/install/olympic_interfaces/include/olympic_interfaces/action/rings.hpp
[0.899s] -- Up-to-date: /home/pau24113/Documents/GitHub/IR2117/tb3_ws/install/olympic_interfaces/include/olympic_interfaces
[0.899s] -- Up-to-date: /home/pau24113/Documents/GitHub/IR2117/tb3_ws/install/olympic_interfaces/include/olympic_interfaces/action
[0.899s] -- Up-to-date: /home/pau24113/Documents/GitHub/IR2117/tb3_ws/install/olympic_interfaces/include/olympic_interfaces/action/detail
[0.899s] -- Up-to-date: /home/pau24113/Documents/GitHub/IR2117/tb3_ws/install/olympic_interfaces/include/olympic_interfaces/action/detail/rings__type_support.cpp
[0.900s] -- Up-to-date: /home/pau24113/Documents/GitHub/IR2117/tb3_ws/install/olympic_interfaces/include/olympic_interfaces/action/detail/rings__rosidl_typesupport_introspection_cpp.hpp
[0.900s] -- Up-to-date: /home/pau24113/Documents/GitHub/IR2117/tb3_ws/install/olympic_interfaces/lib/libolympic_interfaces__rosidl_typesupport_introspection_cpp.so
[0.900s] -- Up-to-date: /home/pau24113/Documents/GitHub/IR2117/tb3_ws/install/olympic_interfaces/lib/libolympic_interfaces__rosidl_typesupport_cpp.so
[0.900s] -- Up-to-date: /home/pau24113/Documents/GitHub/IR2117/tb3_ws/install/olympic_interfaces/share/olympic_interfaces/environment/pythonpath.sh
[0.900s] -- Installing: /home/pau24113/Documents/GitHub/IR2117/tb3_ws/install/olympic_interfaces/share/olympic_interfaces/environment/pythonpath.dsv
[0.900s] -- Installing: /home/pau24113/Documents/GitHub/IR2117/tb3_ws/install/olympic_interfaces/lib/python3.8/site-packages/olympic_interfaces/__init__.py
[0.920s] Compiling '/home/pau24113/Documents/GitHub/IR2117/tb3_ws/install/olympic_interfaces/lib/python3.8/site-packages/olympic_interfaces/__init__.py'...
[0.923s] -- Up-to-date: /home/pau24113/Documents/GitHub/IR2117/tb3_ws/install/olympic_interfaces/lib/python3.8/site-packages/olympic_interfaces/action
[0.923s] -- Up-to-date: /home/pau24113/Documents/GitHub/IR2117/tb3_ws/install/olympic_interfaces/lib/python3.8/site-packages/olympic_interfaces/action/_rings_s.c
[0.923s] -- Up-to-date: /home/pau24113/Documents/GitHub/IR2117/tb3_ws/install/olympic_interfaces/lib/python3.8/site-packages/olympic_interfaces/action/__init__.py
[0.923s] -- Up-to-date: /home/pau24113/Documents/GitHub/IR2117/tb3_ws/install/olympic_interfaces/lib/python3.8/site-packages/olympic_interfaces/action/_rings.py
[0.923s] -- Up-to-date: /home/pau24113/Documents/GitHub/IR2117/tb3_ws/install/olympic_interfaces/lib/python3.8/site-packages/olympic_interfaces/olympic_interfaces_s__rosidl_typesupport_fastrtps_c.cpython-38-x86_64-linux-gnu.so
[0.924s] -- Up-to-date: /home/pau24113/Documents/GitHub/IR2117/tb3_ws/install/olympic_interfaces/lib/python3.8/site-packages/olympic_interfaces/olympic_interfaces_s__rosidl_typesupport_introspection_c.cpython-38-x86_64-linux-gnu.so
[0.924s] -- Up-to-date: /home/pau24113/Documents/GitHub/IR2117/tb3_ws/install/olympic_interfaces/lib/python3.8/site-packages/olympic_interfaces/olympic_interfaces_s__rosidl_typesupport_c.cpython-38-x86_64-linux-gnu.so
[0.924s] -- Up-to-date: /home/pau24113/Documents/GitHub/IR2117/tb3_ws/install/olympic_interfaces/lib/libolympic_interfaces__python.so
[0.924s] -- Up-to-date: /home/pau24113/Documents/GitHub/IR2117/tb3_ws/install/olympic_interfaces/share/olympic_interfaces/action/Rings.idl
[0.924s] -- Up-to-date: /home/pau24113/Documents/GitHub/IR2117/tb3_ws/install/olympic_interfaces/share/olympic_interfaces/action/Rings.action
[0.924s] -- Up-to-date: /home/pau24113/Documents/GitHub/IR2117/tb3_ws/install/olympic_interfaces/share/ament_index/resource_index/package_run_dependencies/olympic_interfaces
[0.925s] -- Up-to-date: /home/pau24113/Documents/GitHub/IR2117/tb3_ws/install/olympic_interfaces/share/ament_index/resource_index/parent_prefix_path/olympic_interfaces
[0.925s] -- Up-to-date: /home/pau24113/Documents/GitHub/IR2117/tb3_ws/install/olympic_interfaces/share/olympic_interfaces/environment/ament_prefix_path.sh
[0.925s] -- Installing: /home/pau24113/Documents/GitHub/IR2117/tb3_ws/install/olympic_interfaces/share/olympic_interfaces/environment/ament_prefix_path.dsv
[0.925s] -- Up-to-date: /home/pau24113/Documents/GitHub/IR2117/tb3_ws/install/olympic_interfaces/share/olympic_interfaces/environment/path.sh
[0.925s] -- Installing: /home/pau24113/Documents/GitHub/IR2117/tb3_ws/install/olympic_interfaces/share/olympic_interfaces/environment/path.dsv
[0.925s] -- Up-to-date: /home/pau24113/Documents/GitHub/IR2117/tb3_ws/install/olympic_interfaces/share/olympic_interfaces/local_setup.bash
[0.925s] -- Up-to-date: /home/pau24113/Documents/GitHub/IR2117/tb3_ws/install/olympic_interfaces/share/olympic_interfaces/local_setup.sh
[0.925s] -- Up-to-date: /home/pau24113/Documents/GitHub/IR2117/tb3_ws/install/olympic_interfaces/share/olympic_interfaces/local_setup.zsh
[0.925s] -- Installing: /home/pau24113/Documents/GitHub/IR2117/tb3_ws/install/olympic_interfaces/share/olympic_interfaces/local_setup.dsv
[0.925s] -- Installing: /home/pau24113/Documents/GitHub/IR2117/tb3_ws/install/olympic_interfaces/share/olympic_interfaces/package.dsv
[0.925s] -- Up-to-date: /home/pau24113/Documents/GitHub/IR2117/tb3_ws/install/olympic_interfaces/share/ament_index/resource_index/packages/olympic_interfaces
[0.925s] -- Up-to-date: /home/pau24113/Documents/GitHub/IR2117/tb3_ws/install/olympic_interfaces/share/olympic_interfaces/cmake/olympic_interfaces__rosidl_generator_cExport.cmake
[0.925s] -- Installing: /home/pau24113/Documents/GitHub/IR2117/tb3_ws/install/olympic_interfaces/share/olympic_interfaces/cmake/olympic_interfaces__rosidl_generator_cExport-noconfig.cmake
[0.925s] -- Up-to-date: /home/pau24113/Documents/GitHub/IR2117/tb3_ws/install/olympic_interfaces/share/olympic_interfaces/cmake/olympic_interfaces__rosidl_typesupport_introspection_cExport.cmake
[0.926s] -- Installing: /home/pau24113/Documents/GitHub/IR2117/tb3_ws/install/olympic_interfaces/share/olympic_interfaces/cmake/olympic_interfaces__rosidl_typesupport_introspection_cExport-noconfig.cmake
[0.926s] -- Up-to-date: /home/pau24113/Documents/GitHub/IR2117/tb3_ws/install/olympic_interfaces/share/olympic_interfaces/cmake/olympic_interfaces__rosidl_typesupport_cExport.cmake
[0.926s] -- Installing: /home/pau24113/Documents/GitHub/IR2117/tb3_ws/install/olympic_interfaces/share/olympic_interfaces/cmake/olympic_interfaces__rosidl_typesupport_cExport-noconfig.cmake
[0.926s] -- Up-to-date: /home/pau24113/Documents/GitHub/IR2117/tb3_ws/install/olympic_interfaces/share/olympic_interfaces/cmake/olympic_interfaces__rosidl_generator_cppExport.cmake
[0.926s] -- Up-to-date: /home/pau24113/Documents/GitHub/IR2117/tb3_ws/install/olympic_interfaces/share/olympic_interfaces/cmake/olympic_interfaces__rosidl_typesupport_introspection_cppExport.cmake
[0.926s] -- Installing: /home/pau24113/Documents/GitHub/IR2117/tb3_ws/install/olympic_interfaces/share/olympic_interfaces/cmake/olympic_interfaces__rosidl_typesupport_introspection_cppExport-noconfig.cmake
[0.926s] -- Up-to-date: /home/pau24113/Documents/GitHub/IR2117/tb3_ws/install/olympic_interfaces/share/olympic_interfaces/cmake/olympic_interfaces__rosidl_typesupport_cppExport.cmake
[0.927s] -- Installing: /home/pau24113/Documents/GitHub/IR2117/tb3_ws/install/olympic_interfaces/share/olympic_interfaces/cmake/olympic_interfaces__rosidl_typesupport_cppExport-noconfig.cmake
[0.927s] -- Up-to-date: /home/pau24113/Documents/GitHub/IR2117/tb3_ws/install/olympic_interfaces/share/olympic_interfaces/cmake/rosidl_cmake-extras.cmake
[0.927s] -- Up-to-date: /home/pau24113/Documents/GitHub/IR2117/tb3_ws/install/olympic_interfaces/share/olympic_interfaces/cmake/ament_cmake_export_dependencies-extras.cmake
[0.927s] -- Up-to-date: /home/pau24113/Documents/GitHub/IR2117/tb3_ws/install/olympic_interfaces/share/olympic_interfaces/cmake/ament_cmake_export_libraries-extras.cmake
[0.927s] -- Up-to-date: /home/pau24113/Documents/GitHub/IR2117/tb3_ws/install/olympic_interfaces/share/olympic_interfaces/cmake/ament_cmake_export_targets-extras.cmake
[0.927s] -- Up-to-date: /home/pau24113/Documents/GitHub/IR2117/tb3_ws/install/olympic_interfaces/share/olympic_interfaces/cmake/ament_cmake_export_include_directories-extras.cmake
[0.927s] -- Up-to-date: /home/pau24113/Documents/GitHub/IR2117/tb3_ws/install/olympic_interfaces/share/olympic_interfaces/cmake/rosidl_cmake_export_typesupport_libraries-extras.cmake
[0.927s] -- Up-to-date: /home/pau24113/Documents/GitHub/IR2117/tb3_ws/install/olympic_interfaces/share/olympic_interfaces/cmake/rosidl_cmake_export_typesupport_targets-extras.cmake
[0.927s] -- Up-to-date: /home/pau24113/Documents/GitHub/IR2117/tb3_ws/install/olympic_interfaces/share/olympic_interfaces/cmake/olympic_interfacesConfig.cmake
[0.927s] -- Up-to-date: /home/pau24113/Documents/GitHub/IR2117/tb3_ws/install/olympic_interfaces/share/olympic_interfaces/cmake/olympic_interfacesConfig-version.cmake
[0.927s] -- Installing: /home/pau24113/Documents/GitHub/IR2117/tb3_ws/install/olympic_interfaces/share/olympic_interfaces/package.xml
[0.929s] Invoked command in '/home/pau24113/Documents/GitHub/IR2117/tb3_ws/build/olympic_interfaces' returned '0': CMAKE_PREFIX_PATH=${CMAKE_PREFIX_PATH}:/opt/ros/foxy /usr/bin/cmake --install /home/pau24113/Documents/GitHub/IR2117/tb3_ws/build/olympic_interfaces
