[0.021s] Invoking command in '/home/pau24113/Documents/GitHub/IR2117/tb3_ws/build/obstacles': CMAKE_PREFIX_PATH=${CMAKE_PREFIX_PATH}:/opt/ros/foxy /usr/bin/cmake --build /home/pau24113/Documents/GitHub/IR2117/tb3_ws/build/obstacles -- -j16 -l16
[0.095s] [35m[1mScanning dependencies of target avoidance[0m
[0.113s] [ 25%] [32mBuilding CXX object CMakeFiles/avoidance.dir/src/avoidance.cpp.o[0m
[0.115s] [ 75%] Built target detector
[1.064s] [01m[K/home/pau24113/Documents/GitHub/IR2117/tb3_ws/src/obstacles/src/avoidance.cpp:[m[K In function ‘[01m[Kvoid callback_front(example_interfaces::msg::Bool_<std::allocator<void> >::SharedPtr)[m[K’:
[1.064s] [01m[K/home/pau24113/Documents/GitHub/IR2117/tb3_ws/src/obstacles/src/avoidance.cpp:22:10:[m[K [01;31m[Kerror: [m[K‘[01m[Kconst SharedPtr[m[K’ {aka ‘[01m[Kconst class std::shared_ptr<example_interfaces::msg::Bool_<std::allocator<void> > >[m[K’} has no member named ‘[01m[Kdata[m[K’
[1.064s]    22 |  if (msg.[01;31m[Kdata[m[K == true) front_obstacle = true;
[1.064s]       |          [01;31m[K^~~~[m[K
[1.064s] [01m[K/home/pau24113/Documents/GitHub/IR2117/tb3_ws/src/obstacles/src/avoidance.cpp:[m[K In function ‘[01m[Kvoid callback_left(example_interfaces::msg::Bool_<std::allocator<void> >::SharedPtr)[m[K’:
[1.064s] [01m[K/home/pau24113/Documents/GitHub/IR2117/tb3_ws/src/obstacles/src/avoidance.cpp:27:10:[m[K [01;31m[Kerror: [m[K‘[01m[Kconst SharedPtr[m[K’ {aka ‘[01m[Kconst class std::shared_ptr<example_interfaces::msg::Bool_<std::allocator<void> > >[m[K’} has no member named ‘[01m[Kdata[m[K’
[1.064s]    27 |  if (msg.[01;31m[Kdata[m[K == true) left_obstacle = true;
[1.064s]       |          [01;31m[K^~~~[m[K
[1.064s] [01m[K/home/pau24113/Documents/GitHub/IR2117/tb3_ws/src/obstacles/src/avoidance.cpp:[m[K In function ‘[01m[Kvoid callback_right(example_interfaces::msg::Bool_<std::allocator<void> >::SharedPtr)[m[K’:
[1.064s] [01m[K/home/pau24113/Documents/GitHub/IR2117/tb3_ws/src/obstacles/src/avoidance.cpp:31:10:[m[K [01;31m[Kerror: [m[K‘[01m[Kconst SharedPtr[m[K’ {aka ‘[01m[Kconst class std::shared_ptr<example_interfaces::msg::Bool_<std::allocator<void> > >[m[K’} has no member named ‘[01m[Kdata[m[K’
[1.064s]    31 |  if (msg.[01;31m[Kdata[m[K == true) right_obstacle = true;
[1.064s]       |          [01;31m[K^~~~[m[K
[1.074s] [01m[K/home/pau24113/Documents/GitHub/IR2117/tb3_ws/src/obstacles/src/avoidance.cpp:[m[K In function ‘[01m[Kint main(int, char**)[m[K’:
[1.074s] [01m[K/home/pau24113/Documents/GitHub/IR2117/tb3_ws/src/obstacles/src/avoidance.cpp:59:18:[m[K [01;35m[Kwarning: [m[Kinit-statement in selection statements only available with ‘[01m[K-std=c++17[m[K’ or ‘[01m[K-std=gnu++17[m[K’
[1.074s]    59 |       } else if ([01;35m[Kfront_obstacle[m[K and !(right_obstacle or left_obstacle) {
[1.074s]       |                  [01;35m[K^~~~~~~~~~~~~~[m[K
[1.074s] [01m[K/home/pau24113/Documents/GitHub/IR2117/tb3_ws/src/obstacles/src/avoidance.cpp:59:71:[m[K [01;31m[Kerror: [m[Kexpected ‘[01m[K;[m[K’ before ‘[01m[K{[m[K’ token
[1.074s]    59 |       } else if (front_obstacle and !(right_obstacle or left_obstacle)[01;31m[K [m[K[32m[K{[m[K
[1.074s]       |                                                                       [01;31m[K^[m[K[32m[K~[m[K
[1.074s]       |                                                                       [32m[K;[m[K
[1.074s] [01m[K/home/pau24113/Documents/GitHub/IR2117/tb3_ws/src/obstacles/src/avoidance.cpp:59:33:[m[K [01;35m[Kwarning: [m[Kstatement has no effect [[01;35m[K-Wunused-value[m[K]
[1.074s]    59 |       } else if ([01;35m[Kfront_obstacle and !(right_obstacle or left_obstacle)[m[K {
[1.074s]       |                  [01;35m[K~~~~~~~~~~~~~~~^~~~~~~~~~~~~~~~~~~~~~~~~~~~~~~~~~~~~~[m[K
[1.074s] [01m[K/home/pau24113/Documents/GitHub/IR2117/tb3_ws/src/obstacles/src/avoidance.cpp:62:7:[m[K [01;31m[Kerror: [m[Kexpected primary-expression before ‘[01m[Kbreak[m[K’
[1.074s]    62 |       [01;31m[Kbreak[m[K;
[1.074s]       |       [01;31m[K^~~~~[m[K
[1.074s] [01m[K/home/pau24113/Documents/GitHub/IR2117/tb3_ws/src/obstacles/src/avoidance.cpp:61:8:[m[K [01;31m[Kerror: [m[Kexpected ‘[01m[K)[m[K’ before ‘[01m[Kbreak[m[K’
[1.075s]    61 |       }
[1.075s]       |        [01;31m[K^[m[K
[1.075s]       |        [32m[K)[m[K
[1.075s]    62 |       [32m[Kbreak[m[K;
[1.075s]       |       [32m[K~~~~~[m[K
[1.075s] [01m[K/home/pau24113/Documents/GitHub/IR2117/tb3_ws/src/obstacles/src/avoidance.cpp:59:17:[m[K [01;36m[Knote: [m[Kto match this ‘[01m[K([m[K’
[1.075s]    59 |       } else if [01;36m[K([m[Kfront_obstacle and !(right_obstacle or left_obstacle) {
[1.075s]       |                 [01;36m[K^[m[K
[1.075s] [01m[K/home/pau24113/Documents/GitHub/IR2117/tb3_ws/src/obstacles/src/avoidance.cpp:62:12:[m[K [01;35m[Kwarning: [m[Ksuggest braces around empty body in an ‘[01m[Kif[m[K’ statement [[01;35m[K-Wempty-body[m[K]
[1.075s]    62 |       break[01;35m[K;[m[K
[1.075s]       |            [01;35m[K^[m[K
[1.075s] [01m[K/home/pau24113/Documents/GitHub/IR2117/tb3_ws/src/obstacles/src/avoidance.cpp:50:9:[m[K [01;35m[Kwarning: [m[Kenumeration value ‘[01m[KS3[m[K’ not handled in switch [[01;35m[K-Wswitch[m[K]
[1.075s]    50 |  switch [01;35m[K([m[Kstate) {
[1.075s]       |         [01;35m[K^[m[K
[2.081s] make[2]: *** [CMakeFiles/avoidance.dir/build.make:63: CMakeFiles/avoidance.dir/src/avoidance.cpp.o] Error 1
[2.081s] make[1]: *** [CMakeFiles/Makefile2:107: CMakeFiles/avoidance.dir/all] Error 2
[2.081s] make: *** [Makefile:141: all] Error 2
[2.084s] Invoked command in '/home/pau24113/Documents/GitHub/IR2117/tb3_ws/build/obstacles' returned '2': CMAKE_PREFIX_PATH=${CMAKE_PREFIX_PATH}:/opt/ros/foxy /usr/bin/cmake --build /home/pau24113/Documents/GitHub/IR2117/tb3_ws/build/obstacles -- -j16 -l16
