[0.024s] Invoking command in '/home/pau24113/Documents/GitHub/IR2117/tb3_ws/build/cpp_srvcli': CMAKE_PREFIX_PATH=${CMAKE_PREFIX_PATH}:/opt/ros/foxy /usr/bin/cmake /home/pau24113/Documents/GitHub/IR2117/tb3_ws/src/olympic -DCMAKE_INSTALL_PREFIX=/home/pau24113/Documents/GitHub/IR2117/tb3_ws/install/cpp_srvcli
[0.166s] -- The C compiler identification is GNU 9.4.0
[0.219s] -- The CXX compiler identification is GNU 9.4.0
[0.225s] -- Check for working C compiler: /usr/bin/cc
[0.269s] -- Check for working C compiler: /usr/bin/cc -- works
[0.270s] -- Detecting C compiler ABI info
[0.313s] -- Detecting C compiler ABI info - done
[0.322s] -- Detecting C compile features
[0.322s] -- Detecting C compile features - done
[0.325s] -- Check for working CXX compiler: /usr/bin/c++
[0.375s] -- Check for working CXX compiler: /usr/bin/c++ -- works
[0.376s] -- Detecting CXX compiler ABI info
[0.426s] -- Detecting CXX compiler ABI info - done
[0.434s] -- Detecting CXX compile features
[0.435s] -- Detecting CXX compile features - done
[0.438s] -- Found ament_cmake: 0.9.11 (/opt/ros/foxy/share/ament_cmake/cmake)
[0.455s] -- Found PythonInterp: /usr/bin/python3 (found suitable version "3.8.10", minimum required is "3") 
[0.455s] -- Using PYTHON_EXECUTABLE: /usr/bin/python3
[0.607s] -- Found rclcpp: 2.4.2 (/opt/ros/foxy/share/rclcpp/cmake)
[0.646s] -- Using all available rosidl_typesupport_c: rosidl_typesupport_fastrtps_c;rosidl_typesupport_introspection_c
[0.653s] -- Found rosidl_adapter: 1.3.0 (/opt/ros/foxy/share/rosidl_adapter/cmake)
[0.710s] -- Found OpenSSL: /usr/lib/x86_64-linux-gnu/libcrypto.so (found version "1.1.1f")  
[0.731s] -- Found FastRTPS: /opt/ros/foxy/include  
[0.792s] -- Using all available rosidl_typesupport_cpp: rosidl_typesupport_fastrtps_cpp;rosidl_typesupport_introspection_cpp
[0.841s] -- Found rmw_implementation_cmake: 1.0.4 (/opt/ros/foxy/share/rmw_implementation_cmake/cmake)
[0.842s] -- Using RMW implementation 'rmw_fastrtps_cpp' as default
[0.843s] -- Looking for pthread.h
[0.890s] -- Looking for pthread.h - found
[0.890s] -- Performing Test CMAKE_HAVE_LIBC_PTHREAD
[0.939s] -- Performing Test CMAKE_HAVE_LIBC_PTHREAD - Failed
[0.939s] -- Looking for pthread_create in pthreads
[0.978s] -- Looking for pthread_create in pthreads - not found
[0.978s] -- Looking for pthread_create in pthread
[1.023s] -- Looking for pthread_create in pthread - found
[1.024s] -- Found Threads: TRUE  
[1.147s] -- Found geometry_msgs: 2.0.5 (/opt/ros/foxy/share/geometry_msgs/cmake)
[1.175s] -- Found example_interfaces: 0.9.1 (/opt/ros/foxy/share/example_interfaces/cmake)
[1.262s] CMake Error at /opt/ros/foxy/share/ament_cmake_target_dependencies/cmake/ament_target_dependencies.cmake:42 (message):
[1.262s]   ament_target_dependencies() the first argument must be a valid target name
[1.262s] Call Stack (most recent call first):
[1.262s]   CMakeLists.txt:26 (ament_target_dependencies)
[1.262s] 
[1.262s] 
[1.263s] -- Configuring incomplete, errors occurred!
[1.263s] See also "/home/pau24113/Documents/GitHub/IR2117/tb3_ws/build/cpp_srvcli/CMakeFiles/CMakeOutput.log".
[1.263s] See also "/home/pau24113/Documents/GitHub/IR2117/tb3_ws/build/cpp_srvcli/CMakeFiles/CMakeError.log".
[1.268s] Invoked command in '/home/pau24113/Documents/GitHub/IR2117/tb3_ws/build/cpp_srvcli' returned '1': CMAKE_PREFIX_PATH=${CMAKE_PREFIX_PATH}:/opt/ros/foxy /usr/bin/cmake /home/pau24113/Documents/GitHub/IR2117/tb3_ws/src/olympic -DCMAKE_INSTALL_PREFIX=/home/pau24113/Documents/GitHub/IR2117/tb3_ws/install/cpp_srvcli
