[0.011s] Invoking command in '/home/pau24113/Documents/GitHub/IR2117/tb3_ws/build/olympic': CMAKE_PREFIX_PATH=/home/pau24113/Documents/GitHub/IR2117/tb3_ws/install/olympic_interfaces:/home/pau24113/Documents/GitHub/IR2117/tb3_ws/install/robot_trajectory:/home/pau24113/Documents/GitHub/IR2117/tb3_ws/install/olympic:/home/pau24113/Documents/GitHub/IR2117/tb3_ws/install/obstacles:/home/pau24113/Documents/GitHub/IR2117/tb3_ws/src/install/robot_trajectory:/home/pau24113/Documents/GitHub/IR2117/tb3_ws/src/install/olympic_interfaces:/home/pau24113/Documents/GitHub/IR2117/tb3_ws/src/install/obstacles:/opt/ros/foxy /usr/bin/cmake --build /home/pau24113/Documents/GitHub/IR2117/tb3_ws/build/olympic -- -j16 -l16
[0.039s] [35m[1mScanning dependencies of target action_server[0m
[0.039s] [35m[1mScanning dependencies of target action_client[0m
[0.054s] [ 33%] Built target rings
[0.061s] [ 50%] [32mBuilding CXX object CMakeFiles/action_server.dir/src/rings_action_server.cpp.o[0m
[0.061s] [ 66%] [32mBuilding CXX object CMakeFiles/action_client.dir/src/rings_action_server.cpp.o[0m
[2.202s] [ 83%] [32m[1mLinking CXX executable action_client[0m
[2.251s] [100%] [32m[1mLinking CXX executable action_server[0m
[2.319s] [100%] Built target action_client
[2.362s] [100%] Built target action_server
[2.370s] Invoked command in '/home/pau24113/Documents/GitHub/IR2117/tb3_ws/build/olympic' returned '0': CMAKE_PREFIX_PATH=/home/pau24113/Documents/GitHub/IR2117/tb3_ws/install/olympic_interfaces:/home/pau24113/Documents/GitHub/IR2117/tb3_ws/install/robot_trajectory:/home/pau24113/Documents/GitHub/IR2117/tb3_ws/install/olympic:/home/pau24113/Documents/GitHub/IR2117/tb3_ws/install/obstacles:/home/pau24113/Documents/GitHub/IR2117/tb3_ws/src/install/robot_trajectory:/home/pau24113/Documents/GitHub/IR2117/tb3_ws/src/install/olympic_interfaces:/home/pau24113/Documents/GitHub/IR2117/tb3_ws/src/install/obstacles:/opt/ros/foxy /usr/bin/cmake --build /home/pau24113/Documents/GitHub/IR2117/tb3_ws/build/olympic -- -j16 -l16
[2.387s] Invoking command in '/home/pau24113/Documents/GitHub/IR2117/tb3_ws/build/olympic': CMAKE_PREFIX_PATH=/home/pau24113/Documents/GitHub/IR2117/tb3_ws/install/olympic_interfaces:/home/pau24113/Documents/GitHub/IR2117/tb3_ws/install/robot_trajectory:/home/pau24113/Documents/GitHub/IR2117/tb3_ws/install/olympic:/home/pau24113/Documents/GitHub/IR2117/tb3_ws/install/obstacles:/home/pau24113/Documents/GitHub/IR2117/tb3_ws/src/install/robot_trajectory:/home/pau24113/Documents/GitHub/IR2117/tb3_ws/src/install/olympic_interfaces:/home/pau24113/Documents/GitHub/IR2117/tb3_ws/src/install/obstacles:/opt/ros/foxy /usr/bin/cmake --install /home/pau24113/Documents/GitHub/IR2117/tb3_ws/build/olympic
[2.393s] -- Install configuration: ""
[2.394s] -- Installing: /home/pau24113/Documents/GitHub/IR2117/tb3_ws/install/olympic/lib/olympic/rings
[2.395s] -- Set runtime path of "/home/pau24113/Documents/GitHub/IR2117/tb3_ws/install/olympic/lib/olympic/rings" to ""
[2.396s] -- Installing: /home/pau24113/Documents/GitHub/IR2117/tb3_ws/install/olympic/lib/olympic/action_server
[2.396s] -- Set runtime path of "/home/pau24113/Documents/GitHub/IR2117/tb3_ws/install/olympic/lib/olympic/action_server" to ""
[2.396s] -- Installing: /home/pau24113/Documents/GitHub/IR2117/tb3_ws/install/olympic/lib/olympic/action_client
[2.397s] -- Set runtime path of "/home/pau24113/Documents/GitHub/IR2117/tb3_ws/install/olympic/lib/olympic/action_client" to ""
[2.400s] Invoked command in '/home/pau24113/Documents/GitHub/IR2117/tb3_ws/build/olympic' returned '0': CMAKE_PREFIX_PATH=/home/pau24113/Documents/GitHub/IR2117/tb3_ws/install/olympic_interfaces:/home/pau24113/Documents/GitHub/IR2117/tb3_ws/install/robot_trajectory:/home/pau24113/Documents/GitHub/IR2117/tb3_ws/install/olympic:/home/pau24113/Documents/GitHub/IR2117/tb3_ws/install/obstacles:/home/pau24113/Documents/GitHub/IR2117/tb3_ws/src/install/robot_trajectory:/home/pau24113/Documents/GitHub/IR2117/tb3_ws/src/install/olympic_interfaces:/home/pau24113/Documents/GitHub/IR2117/tb3_ws/src/install/obstacles:/opt/ros/foxy /usr/bin/cmake --install /home/pau24113/Documents/GitHub/IR2117/tb3_ws/build/olympic
