[0.013s] Invoking command in '/home/pau24113/Documents/GitHub/IR2117/tb3_ws/build/olympic': CMAKE_PREFIX_PATH=${CMAKE_PREFIX_PATH}:/opt/ros/foxy /usr/bin/cmake --build /home/pau24113/Documents/GitHub/IR2117/tb3_ws/build/olympic -- -j16 -l16
[0.042s] [35m[1mScanning dependencies of target rings[0m
[0.059s] [ 50%] [32mBuilding CXX object CMakeFiles/rings.dir/src/rings.cpp.o[0m
[0.929s] [01m[K/home/pau24113/Documents/GitHub/IR2117/tb3_ws/src/olympic/src/rings.cpp:10:23:[m[K [01;31m[Kerror: [m[K‘[01m[Kturtlesim::srv::set_pen[m[K’ has not been declared
[0.929s]    10 | using turtlesim::srv::[01;31m[Kset_pen[m[K;
[0.929s]       |                       [01;31m[K^~~~~~~[m[K
[0.931s] [01m[K/home/pau24113/Documents/GitHub/IR2117/tb3_ws/src/olympic/src/rings.cpp:12:26:[m[K [01;31m[Kerror: [m[K‘[01m[Kset_pen[m[K’ was not declared in this scope
[0.931s]    12 | void add(std::shared_ptr<[01;31m[Kset_pen[m[K::Request> request)
[0.931s]       |                          [01;31m[K^~~~~~~[m[K
[0.931s] [01m[K/home/pau24113/Documents/GitHub/IR2117/tb3_ws/src/olympic/src/rings.cpp:12:42:[m[K [01;31m[Kerror: [m[Ktemplate argument 1 is invalid
[0.931s]    12 | void add(std::shared_ptr<set_pen::Request[01;31m[K>[m[K request)
[0.931s]       |                                          [01;31m[K^[m[K
[0.931s] [01m[K/home/pau24113/Documents/GitHub/IR2117/tb3_ws/src/olympic/src/rings.cpp:12:26:[m[K [01;31m[Kerror: [m[K‘[01m[Kset_pen[m[K’ was not declared in this scope
[0.931s]    12 | void add(std::shared_ptr<[01;31m[Kset_pen[m[K::Request> request)
[0.931s]       |                          [01;31m[K^~~~~~~[m[K
[0.932s] [01m[K/home/pau24113/Documents/GitHub/IR2117/tb3_ws/src/olympic/src/rings.cpp:12:42:[m[K [01;31m[Kerror: [m[Ktemplate argument 1 is invalid
[0.932s]    12 | void add(std::shared_ptr<set_pen::Request[01;31m[K>[m[K request)
[0.932s]       |                                          [01;31m[K^[m[K
[0.932s] [01m[K/home/pau24113/Documents/GitHub/IR2117/tb3_ws/src/olympic/src/rings.cpp:12:26:[m[K [01;31m[Kerror: [m[K‘[01m[Kset_pen[m[K’ was not declared in this scope
[0.932s]    12 | void add(std::shared_ptr<[01;31m[Kset_pen[m[K::Request> request)
[0.932s]       |                          [01;31m[K^~~~~~~[m[K
[0.932s] [01m[K/home/pau24113/Documents/GitHub/IR2117/tb3_ws/src/olympic/src/rings.cpp:12:42:[m[K [01;31m[Kerror: [m[Ktemplate argument 1 is invalid
[0.932s]    12 | void add(std::shared_ptr<set_pen::Request[01;31m[K>[m[K request)
[0.932s]       |                                          [01;31m[K^[m[K
[0.932s] [01m[K/home/pau24113/Documents/GitHub/IR2117/tb3_ws/src/olympic/src/rings.cpp:12:15:[m[K [01;31m[Kerror: [m[Kvariable or field ‘[01m[Kadd[m[K’ declared void
[0.932s]    12 | void add(std::[01;31m[Kshared_ptr[m[K<set_pen::Request> request)
[0.932s]       |               [01;31m[K^~~~~~~~~~[m[K
[0.933s] [01m[K/home/pau24113/Documents/GitHub/IR2117/tb3_ws/src/olympic/src/rings.cpp:12:26:[m[K [01;31m[Kerror: [m[K‘[01m[Kset_pen[m[K’ was not declared in this scope
[0.933s]    12 | void add(std::shared_ptr<[01;31m[Kset_pen[m[K::Request> request)
[0.933s]       |                          [01;31m[K^~~~~~~[m[K
[0.933s] [01m[K/home/pau24113/Documents/GitHub/IR2117/tb3_ws/src/olympic/src/rings.cpp:12:42:[m[K [01;31m[Kerror: [m[Ktemplate argument 1 is invalid
[0.933s]    12 | void add(std::shared_ptr<set_pen::Request[01;31m[K>[m[K request)
[0.933s]       |                                          [01;31m[K^[m[K
[0.950s] [01m[K/home/pau24113/Documents/GitHub/IR2117/tb3_ws/src/olympic/src/rings.cpp:[m[K In function ‘[01m[Kint main(int, char**)[m[K’:
[0.950s] [01m[K/home/pau24113/Documents/GitHub/IR2117/tb3_ws/src/olympic/src/rings.cpp:48:54:[m[K [01;31m[Kerror: [m[K‘[01m[Kset_pen[m[K’ was not declared in this scope
[0.950s]    48 |   auto service = set_pen_server_node->create_service<[01;31m[Kset_pen[m[K>("set_pen", &add);
[0.951s]       |                                                      [01;31m[K^~~~~~~[m[K
[0.951s] [01m[K/home/pau24113/Documents/GitHub/IR2117/tb3_ws/src/olympic/src/rings.cpp:48:75:[m[K [01;31m[Kerror: [m[K‘[01m[Kadd[m[K’ was not declared in this scope; did you mean ‘[01m[Kfadd[m[K’?
[0.951s]    48 | e = set_pen_server_node->create_service<set_pen>("set_pen", &[01;31m[Kadd[m[K);
[0.951s]       |                                                              [01;31m[K^~~[m[K
[0.951s]       |                                                              [32m[Kfadd[m[K
[0.952s] [01m[K/home/pau24113/Documents/GitHub/IR2117/tb3_ws/src/olympic/src/rings.cpp:61:70:[m[K [01;31m[Kerror: [m[Kno matching function for call to ‘[01m[Krclcpp::Node::create_client<set_pen>(const char [8])[m[K’
[0.952s]    61 |   auto client = set_pen_client_node->create_client<set_pen>("set_pen"[01;31m[K)[m[K;
[0.952s]       |                                                                      [01;31m[K^[m[K
[0.952s] In file included from [01m[K/opt/ros/foxy/include/rclcpp/executors/single_threaded_executor.hpp:28[m[K,
[0.952s]                  from [01m[K/opt/ros/foxy/include/rclcpp/executors.hpp:22[m[K,
[0.952s]                  from [01m[K/opt/ros/foxy/include/rclcpp/rclcpp.hpp:146[m[K,
[0.952s]                  from [01m[K/home/pau24113/Documents/GitHub/IR2117/tb3_ws/src/olympic/src/rings.cpp:5[m[K:
[0.952s] [01m[K/opt/ros/foxy/include/rclcpp/node.hpp:246:3:[m[K [01;36m[Knote: [m[Kcandidate: ‘[01m[Ktemplate<class ServiceT> typename rclcpp::Client<ServiceT>::SharedPtr rclcpp::Node::create_client(const string&, const rmw_qos_profile_t&, rclcpp::CallbackGroup::SharedPtr)[m[K’
[0.952s]   246 |   [01;36m[Kcreate_client[m[K(
[0.952s]       |   [01;36m[K^~~~~~~~~~~~~[m[K
[0.952s] [01m[K/opt/ros/foxy/include/rclcpp/node.hpp:246:3:[m[K [01;36m[Knote: [m[K  template argument deduction/substitution failed:
[0.952s] [01m[K/home/pau24113/Documents/GitHub/IR2117/tb3_ws/src/olympic/src/rings.cpp:63:23:[m[K [01;31m[Kerror: [m[Kparse error in template argument list
[0.953s]    63 |   auto request = std::[01;31m[Kmake_shared<set_pen::Request>[m[K();
[0.953s]       |                       [01;31m[K^~~~~~~~~~~~~~~~~~~~~~~~~~~~~[m[K
[0.953s] [01m[K/home/pau24113/Documents/GitHub/IR2117/tb3_ws/src/olympic/src/rings.cpp:63:53:[m[K [01;31m[Kerror: [m[Kno matching function for call to ‘[01m[Kmake_shared<set_pen>()[m[K’
[0.953s]    63 |   auto request = std::make_shared<set_pen::Request>([01;31m[K)[m[K;
[0.953s]       |                                                     [01;31m[K^[m[K
[0.953s] In file included from [01m[K/usr/include/c++/9/memory:81[m[K,
[0.953s]                  from [01m[K/home/pau24113/Documents/GitHub/IR2117/tb3_ws/src/olympic/src/rings.cpp:3[m[K:
[0.953s] [01m[K/usr/include/c++/9/bits/shared_ptr.h:714:5:[m[K [01;36m[Knote: [m[Kcandidate: ‘[01m[Ktemplate<class _Tp, class ... _Args> std::shared_ptr<_Tp> std::make_shared(_Args&& ...)[m[K’
[0.953s]   714 |     [01;36m[Kmake_shared[m[K(_Args&&... __args)
[0.953s]       |     [01;36m[K^~~~~~~~~~~[m[K
[0.953s] [01m[K/usr/include/c++/9/bits/shared_ptr.h:714:5:[m[K [01;36m[Knote: [m[K  template argument deduction/substitution failed:
[1.523s] make[2]: *** [CMakeFiles/rings.dir/build.make:63: CMakeFiles/rings.dir/src/rings.cpp.o] Error 1
[1.523s] make[1]: *** [CMakeFiles/Makefile2:78: CMakeFiles/rings.dir/all] Error 2
[1.523s] make: *** [Makefile:141: all] Error 2
[1.525s] Invoked command in '/home/pau24113/Documents/GitHub/IR2117/tb3_ws/build/olympic' returned '2': CMAKE_PREFIX_PATH=${CMAKE_PREFIX_PATH}:/opt/ros/foxy /usr/bin/cmake --build /home/pau24113/Documents/GitHub/IR2117/tb3_ws/build/olympic -- -j16 -l16
