[0.018s] Invoking command in '/home/pau24113/Documents/GitHub/IR2117/ros2_ws/build/examples_sum': CMAKE_PREFIX_PATH=${CMAKE_PREFIX_PATH}:/opt/ros/foxy /usr/bin/cmake --build /home/pau24113/Documents/GitHub/IR2117/ros2_ws/build/examples_sum -- -j16 -l16
[0.067s] -- Found ament_cmake: 0.9.11 (/opt/ros/foxy/share/ament_cmake/cmake)
[0.086s] -- Using PYTHON_EXECUTABLE: /usr/bin/python3
[0.231s] -- Found rclcpp: 2.4.2 (/opt/ros/foxy/share/rclcpp/cmake)
[0.264s] -- Using all available rosidl_typesupport_c: rosidl_typesupport_fastrtps_c;rosidl_typesupport_introspection_c
[0.267s] -- Found rosidl_adapter: 1.3.0 (/opt/ros/foxy/share/rosidl_adapter/cmake)
[0.364s] -- Using all available rosidl_typesupport_cpp: rosidl_typesupport_fastrtps_cpp;rosidl_typesupport_introspection_cpp
[0.408s] -- Found rmw_implementation_cmake: 1.0.4 (/opt/ros/foxy/share/rmw_implementation_cmake/cmake)
[0.409s] -- Using RMW implementation 'rmw_fastrtps_cpp' as default
[0.572s] -- Configuring done
[0.579s] -- Generating done
[0.580s] -- Build files have been written to: /home/pau24113/Documents/GitHub/IR2117/ros2_ws/build/examples_sum
[0.607s] [35m[1mScanning dependencies of target sum[0m
[0.648s] [ 50%] [32mBuilding CXX object CMakeFiles/sum.dir/sum.cpp.o[0m
[4.289s] [100%] [32m[1mLinking CXX executable sum[0m
[4.428s] [100%] Built target sum
[4.437s] Invoked command in '/home/pau24113/Documents/GitHub/IR2117/ros2_ws/build/examples_sum' returned '0': CMAKE_PREFIX_PATH=${CMAKE_PREFIX_PATH}:/opt/ros/foxy /usr/bin/cmake --build /home/pau24113/Documents/GitHub/IR2117/ros2_ws/build/examples_sum -- -j16 -l16
[4.449s] Invoking command in '/home/pau24113/Documents/GitHub/IR2117/ros2_ws/build/examples_sum': CMAKE_PREFIX_PATH=${CMAKE_PREFIX_PATH}:/opt/ros/foxy /usr/bin/cmake --install /home/pau24113/Documents/GitHub/IR2117/ros2_ws/build/examples_sum
[4.455s] -- Install configuration: ""
[4.456s] -- Installing: /home/pau24113/Documents/GitHub/IR2117/ros2_ws/install/examples_sum/lib/examples_sum/sum
[4.458s] -- Set runtime path of "/home/pau24113/Documents/GitHub/IR2117/ros2_ws/install/examples_sum/lib/examples_sum/sum" to ""
[4.458s] -- Up-to-date: /home/pau24113/Documents/GitHub/IR2117/ros2_ws/install/examples_sum/share/ament_index/resource_index/package_run_dependencies/examples_sum
[4.458s] -- Installing: /home/pau24113/Documents/GitHub/IR2117/ros2_ws/install/examples_sum/share/ament_index/resource_index/parent_prefix_path/examples_sum
[4.458s] -- Up-to-date: /home/pau24113/Documents/GitHub/IR2117/ros2_ws/install/examples_sum/share/examples_sum/environment/ament_prefix_path.sh
[4.458s] -- Installing: /home/pau24113/Documents/GitHub/IR2117/ros2_ws/install/examples_sum/share/examples_sum/environment/ament_prefix_path.dsv
[4.458s] -- Up-to-date: /home/pau24113/Documents/GitHub/IR2117/ros2_ws/install/examples_sum/share/examples_sum/environment/path.sh
[4.458s] -- Installing: /home/pau24113/Documents/GitHub/IR2117/ros2_ws/install/examples_sum/share/examples_sum/environment/path.dsv
[4.458s] -- Up-to-date: /home/pau24113/Documents/GitHub/IR2117/ros2_ws/install/examples_sum/share/examples_sum/local_setup.bash
[4.458s] -- Up-to-date: /home/pau24113/Documents/GitHub/IR2117/ros2_ws/install/examples_sum/share/examples_sum/local_setup.sh
[4.459s] -- Up-to-date: /home/pau24113/Documents/GitHub/IR2117/ros2_ws/install/examples_sum/share/examples_sum/local_setup.zsh
[4.459s] -- Installing: /home/pau24113/Documents/GitHub/IR2117/ros2_ws/install/examples_sum/share/examples_sum/local_setup.dsv
[4.459s] -- Installing: /home/pau24113/Documents/GitHub/IR2117/ros2_ws/install/examples_sum/share/examples_sum/package.dsv
[4.459s] -- Up-to-date: /home/pau24113/Documents/GitHub/IR2117/ros2_ws/install/examples_sum/share/ament_index/resource_index/packages/examples_sum
[4.459s] -- Up-to-date: /home/pau24113/Documents/GitHub/IR2117/ros2_ws/install/examples_sum/share/examples_sum/cmake/examples_sumConfig.cmake
[4.459s] -- Up-to-date: /home/pau24113/Documents/GitHub/IR2117/ros2_ws/install/examples_sum/share/examples_sum/cmake/examples_sumConfig-version.cmake
[4.459s] -- Up-to-date: /home/pau24113/Documents/GitHub/IR2117/ros2_ws/install/examples_sum/share/examples_sum/package.xml
[4.462s] Invoked command in '/home/pau24113/Documents/GitHub/IR2117/ros2_ws/build/examples_sum' returned '0': CMAKE_PREFIX_PATH=${CMAKE_PREFIX_PATH}:/opt/ros/foxy /usr/bin/cmake --install /home/pau24113/Documents/GitHub/IR2117/ros2_ws/build/examples_sum
