[0.013s] Invoking command in '/home/pau24113/Documents/GitHub/IR2117/tb3_ws/build/olympic_interfaces': CMAKE_PREFIX_PATH=${CMAKE_PREFIX_PATH}:/opt/ros/foxy /usr/bin/cmake /home/pau24113/Documents/GitHub/IR2117/tb3_ws/src/olympic_interfaces -DCMAKE_INSTALL_PREFIX=/home/pau24113/Documents/GitHub/IR2117/tb3_ws/install/olympic_interfaces
[0.052s] -- The C compiler identification is GNU 9.4.0
[0.092s] -- The CXX compiler identification is GNU 9.4.0
[0.096s] -- Check for working C compiler: /usr/bin/cc
[0.143s] -- Check for working C compiler: /usr/bin/cc -- works
[0.144s] -- Detecting C compiler ABI info
[0.195s] -- Detecting C compiler ABI info - done
[0.208s] -- Detecting C compile features
[0.208s] -- Detecting C compile features - done
[0.211s] -- Check for working CXX compiler: /usr/bin/c++
[0.279s] -- Check for working CXX compiler: /usr/bin/c++ -- works
[0.279s] -- Detecting CXX compiler ABI info
[0.341s] -- Detecting CXX compiler ABI info - done
[0.353s] -- Detecting CXX compile features
[0.353s] -- Detecting CXX compile features - done
[0.356s] -- Found ament_cmake: 0.9.11 (/opt/ros/foxy/share/ament_cmake/cmake)
[0.378s] -- Found PythonInterp: /usr/bin/python3 (found suitable version "3.8.10", minimum required is "3") 
[0.378s] -- Using PYTHON_EXECUTABLE: /usr/bin/python3
[0.559s] -- Found ament_lint_auto: 0.9.8 (/opt/ros/foxy/share/ament_lint_auto/cmake)
[0.620s] -- Added test 'copyright' to check source files copyright and LICENSE
[0.622s] -- Added test 'lint_cmake' to check CMake code style
[0.622s] -- Added test 'xmllint' to check XML markup files
[0.624s] -- Configuring done
[0.625s] -- Generating done
[0.626s] -- Build files have been written to: /home/pau24113/Documents/GitHub/IR2117/tb3_ws/build/olympic_interfaces
[0.629s] Invoked command in '/home/pau24113/Documents/GitHub/IR2117/tb3_ws/build/olympic_interfaces' returned '0': CMAKE_PREFIX_PATH=${CMAKE_PREFIX_PATH}:/opt/ros/foxy /usr/bin/cmake /home/pau24113/Documents/GitHub/IR2117/tb3_ws/src/olympic_interfaces -DCMAKE_INSTALL_PREFIX=/home/pau24113/Documents/GitHub/IR2117/tb3_ws/install/olympic_interfaces
[0.631s] Invoking command in '/home/pau24113/Documents/GitHub/IR2117/tb3_ws/build/olympic_interfaces': CMAKE_PREFIX_PATH=${CMAKE_PREFIX_PATH}:/opt/ros/foxy /usr/bin/cmake --build /home/pau24113/Documents/GitHub/IR2117/tb3_ws/build/olympic_interfaces -- -j16 -l16
[0.661s] Invoked command in '/home/pau24113/Documents/GitHub/IR2117/tb3_ws/build/olympic_interfaces' returned '0': CMAKE_PREFIX_PATH=${CMAKE_PREFIX_PATH}:/opt/ros/foxy /usr/bin/cmake --build /home/pau24113/Documents/GitHub/IR2117/tb3_ws/build/olympic_interfaces -- -j16 -l16
[0.683s] Invoking command in '/home/pau24113/Documents/GitHub/IR2117/tb3_ws/build/olympic_interfaces': CMAKE_PREFIX_PATH=${CMAKE_PREFIX_PATH}:/opt/ros/foxy /usr/bin/cmake --install /home/pau24113/Documents/GitHub/IR2117/tb3_ws/build/olympic_interfaces
[0.688s] -- Install configuration: ""
[0.688s] -- Installing: /home/pau24113/Documents/GitHub/IR2117/tb3_ws/install/olympic_interfaces/share/ament_index/resource_index/package_run_dependencies/olympic_interfaces
[0.688s] -- Installing: /home/pau24113/Documents/GitHub/IR2117/tb3_ws/install/olympic_interfaces/share/ament_index/resource_index/parent_prefix_path/olympic_interfaces
[0.688s] -- Installing: /home/pau24113/Documents/GitHub/IR2117/tb3_ws/install/olympic_interfaces/share/olympic_interfaces/environment/ament_prefix_path.sh
[0.688s] -- Installing: /home/pau24113/Documents/GitHub/IR2117/tb3_ws/install/olympic_interfaces/share/olympic_interfaces/environment/ament_prefix_path.dsv
[0.689s] -- Installing: /home/pau24113/Documents/GitHub/IR2117/tb3_ws/install/olympic_interfaces/share/olympic_interfaces/environment/path.sh
[0.689s] -- Installing: /home/pau24113/Documents/GitHub/IR2117/tb3_ws/install/olympic_interfaces/share/olympic_interfaces/environment/path.dsv
[0.689s] -- Installing: /home/pau24113/Documents/GitHub/IR2117/tb3_ws/install/olympic_interfaces/share/olympic_interfaces/local_setup.bash
[0.689s] -- Installing: /home/pau24113/Documents/GitHub/IR2117/tb3_ws/install/olympic_interfaces/share/olympic_interfaces/local_setup.sh
[0.689s] -- Installing: /home/pau24113/Documents/GitHub/IR2117/tb3_ws/install/olympic_interfaces/share/olympic_interfaces/local_setup.zsh
[0.689s] -- Installing: /home/pau24113/Documents/GitHub/IR2117/tb3_ws/install/olympic_interfaces/share/olympic_interfaces/local_setup.dsv
[0.689s] -- Installing: /home/pau24113/Documents/GitHub/IR2117/tb3_ws/install/olympic_interfaces/share/olympic_interfaces/package.dsv
[0.689s] -- Installing: /home/pau24113/Documents/GitHub/IR2117/tb3_ws/install/olympic_interfaces/share/ament_index/resource_index/packages/olympic_interfaces
[0.689s] -- Installing: /home/pau24113/Documents/GitHub/IR2117/tb3_ws/install/olympic_interfaces/share/olympic_interfaces/cmake/olympic_interfacesConfig.cmake
[0.689s] -- Installing: /home/pau24113/Documents/GitHub/IR2117/tb3_ws/install/olympic_interfaces/share/olympic_interfaces/cmake/olympic_interfacesConfig-version.cmake
[0.690s] -- Installing: /home/pau24113/Documents/GitHub/IR2117/tb3_ws/install/olympic_interfaces/share/olympic_interfaces/package.xml
[0.692s] Invoked command in '/home/pau24113/Documents/GitHub/IR2117/tb3_ws/build/olympic_interfaces' returned '0': CMAKE_PREFIX_PATH=${CMAKE_PREFIX_PATH}:/opt/ros/foxy /usr/bin/cmake --install /home/pau24113/Documents/GitHub/IR2117/tb3_ws/build/olympic_interfaces
